
================================================================================
*                        UTILIZATION DESIGN INFORMATION
*
* Vivado v2023.2 (64-bit)
* Design: dma_top
* Device: xc7k325tffg900-2
*
================================================================================

1. Slice Logic
--------------

+----------------------------+------+-------+-----------+-------+
| Site Type                  | Used | Fixed | Available | Util% |
+----------------------------+------+-------+-----------+-------+
| Slice Registers            | 6234 |     0 |     407600|  1.53 |
|   as Flip Flops            | 6234 |     0 |     407600|  1.53 |
|   as Latches               |    0 |     0 |     407600|  0.00 |
|   as Distributed RAM       |    0 |     0 |     407600|  0.00 |
+----------------------------+------+-------+-----------+-------+
| Slice LUTs                 | 8901 |     0 |     203800|  4.37 |
|   as Logic                 | 8901 |     0 |     203800|  4.37 |
|   as Memory                |    0 |     0 |     50950 |  0.00 |
|   as SRL                   |    0 |     0 |     50950 |  0.00 |
+----------------------------+------+-------+-----------+-------+
| LUT as Logic only          | 8901 |     0 |     203800|  4.37 |
| LUT as Memory only         |    0 |     0 |     50950 |  0.00 |
+----------------------------+------+-------+-----------+-------+

2. Slice Logic Distribution
---------------------------

+------------------------------------------+------+-------+-----------+-------+
| Slice                                    | Used | Fixed | Available | Util% |
+------------------------------------------+------+-------+-----------+-------+
| Number of LUT Slices                     | 5234 |     0 |     101900 |  5.13 |
| Number of Occupied Slices                | 6123 |     0 |     101900 |  6.01 |
| Number of MUXes                          |   89 |     0 |     203800 |  0.04 |
| Number of Shift Registers                |    0 |     0 |     50950 |  0.00 |
+------------------------------------------+------+-------+-----------+-------+

3. Memory
---------

+----------------------------+------+-------+-----------+-------+
| Site Type                  | Used | Fixed | Available | Util% |
+----------------------------+------+-------+-----------+-------+
| Block RAM                  |   16 |     0 |       450 |  3.56 |
| FIFO18/FIFO36              |    0 |     0 |       450 |  0.00 |
+----------------------------+------+-------+-----------+-------+
| RAMB18                     |   16 |     0 |       450 |  3.56 |
| RAMB36                     |    0 |     0 |       450 |  0.00 |
+----------------------------+------+-------+-----------+-------+

4. Primitives
--------------

+----------------------------+------+-------+-----------+-------+
| Primitives                 | Used | Fixed | Available | Util% |
+----------------------------+------+-------+-----------+-------+
| FDRE                       | 6234 |     0 |     407600|  1.53 |
| LUT6                       | 5234 |     0 |     203800|  2.57 |
| LUT5                       | 2145 |     0 |     203800|  1.05 |
| LUT4                       | 1234 |     0 |     203800|  0.61 |
| LUT3                       |  234 |     0 |     203800|  0.11 |
| LUT2                       |   54 |     0 |     203800|  0.03 |
| CARRY4                     |  456 |     0 |     50950 |  0.89 |
| DSP48E1                    |    4 |     0 |       840 |  0.48 |
| MMCM                       |    2 |     0 |        20 | 10.00 |
| BUFGCTRL                   |    3 |     0 |        64 |  4.69 |
+----------------------------+------+-------+-----------+-------+

5. DSP Blocks
--------------

+----------------------------+------+-------+-----------+-------+
| Site Type                  | Used | Fixed | Available | Util% |
+----------------------------+------+-------+-----------+-------+
| DSP48E1                    |    4 |     0 |       840 |  0.48 |
+----------------------------+------+-------+-----------+-------+

6. Clock Buffers
---------------

+----------------------------+------+-------+-----------+-------+
| Clock Buffer               | Used | Fixed | Available | Util% |
+----------------------------+------+-------+-----------+-------+
| BUFGCTRL                   |    3 |     0 |        64 |  4.69 |
| BUFIO                      |    0 |     0 |        32 |  0.00 |
+----------------------------+------+-------+-----------+-------+

7. Bonded I/O
--------------

+----------------------------+------+-------+-----------+-------+
| I/O Type                   | Used | Fixed | Available | Util% |
+----------------------------+------+-------+-----------+-------+
| LVCMOS18                   |    2 |     0 |       520 |  0.38 |
| LVCMOS33                   |    1 |     0 |       100 |  1.00 |
+----------------------------+------+-------+-----------+-------+

End of UTILIZATION REPORT
