Info: *******************************************************************
Info: Running Quartus Prime Shell
    Info: Version 25.3.0 Build 109 09/24/2025 SC Pro Edition
    Info: Copyright (C) 2025  Altera Corporation. All rights reserved.
    Info: Your use of Altera Corporation's design tools, logic functions 
    Info: and other software and tools, and any partner logic 
    Info: functions, and any output files from any of the foregoing 
    Info: (including device programming or simulation files), and any 
    Info: associated documentation or information are expressly subject 
    Info: to the terms and conditions of the Altera Program License 
    Info: Subscription Agreement, the Altera Quartus Prime License Agreement,
    Info: the Altera IP License Agreement, or other applicable license
    Info: agreement, including, without limitation, that your use is for
    Info: the sole purpose of programming logic devices manufactured by
    Info: Altera and sold by Altera or its authorized distributors.  Please
    Info: refer to the Altera Software License Subscription Agreements 
    Info: on the Quartus Prime software download page.
    Info: Processing started: Fri Apr 24 13:20:19 2026
    Info: System process ID: 25872
Info: Command: quartus_sh -t run_flow.tcl
Info: *******************************************************************
Info: Running Quartus Prime Synthesis
    Info: Version 25.3.0 Build 109 09/24/2025 SC Pro Edition
    Info: Processing started: Fri Apr 24 13:20:20 2026
    Info: System process ID: 28004
Info: Command: quartus_syn --read_settings_files=on --write_settings_files=off ethernet_mac -c ethernet_mac --dni
Info: qis_default_flow_script.tcl version: #2
Info: Initializing Synthesis...
Info: Project = "ethernet_mac"
Info: Revision = "ethernet_mac"
Info (21958): Initialized Quartus Message Database
Info: Analyzing source files
Info: Elaborating from top-level entity "eth_top"
Warning (13469): Verilog HDL assignment warning at mac_tx.v(50): truncated value with size 3 to match size of target (1) File: C:/Users/tcove/OneDrive/Desktop/Projects/CovertEDA-Examples/quartus/ethernet_mac/.build/mac_tx.v Line: 50
Warning (13469): Verilog HDL assignment warning at mac_tx.v(52): truncated value with size 17 to match size of target (16) File: C:/Users/tcove/OneDrive/Desktop/Projects/CovertEDA-Examples/quartus/ethernet_mac/.build/mac_tx.v Line: 52
Warning (13469): Verilog HDL assignment warning at mac_tx.v(55): truncated value with size 4 to match size of target (1) File: C:/Users/tcove/OneDrive/Desktop/Projects/CovertEDA-Examples/quartus/ethernet_mac/.build/mac_tx.v Line: 55
Warning (13469): Verilog HDL assignment warning at mac_tx.v(60): truncated value with size 17 to match size of target (16) File: C:/Users/tcove/OneDrive/Desktop/Projects/CovertEDA-Examples/quartus/ethernet_mac/.build/mac_tx.v Line: 60
Warning (13469): Verilog HDL assignment warning at mac_tx.v(64): truncated value with size 4 to match size of target (1) File: C:/Users/tcove/OneDrive/Desktop/Projects/CovertEDA-Examples/quartus/ethernet_mac/.build/mac_tx.v Line: 64
Warning (13469): Verilog HDL assignment warning at mac_tx.v(66): truncated value with size 17 to match size of target (16) File: C:/Users/tcove/OneDrive/Desktop/Projects/CovertEDA-Examples/quartus/ethernet_mac/.build/mac_tx.v Line: 66
Warning (13469): Verilog HDL assignment warning at mac_tx.v(70): truncated value with size 4 to match size of target (1) File: C:/Users/tcove/OneDrive/Desktop/Projects/CovertEDA-Examples/quartus/ethernet_mac/.build/mac_tx.v Line: 70
Warning (13469): Verilog HDL assignment warning at mac_tx.v(73): truncated value with size 17 to match size of target (16) File: C:/Users/tcove/OneDrive/Desktop/Projects/CovertEDA-Examples/quartus/ethernet_mac/.build/mac_tx.v Line: 73
Warning (13469): Verilog HDL assignment warning at mac_tx.v(77): truncated value with size 17 to match size of target (16) File: C:/Users/tcove/OneDrive/Desktop/Projects/CovertEDA-Examples/quartus/ethernet_mac/.build/mac_tx.v Line: 77
Warning (13469): Verilog HDL assignment warning at mac_rx.v(48): truncated value with size 2 to match size of target (1) File: C:/Users/tcove/OneDrive/Desktop/Projects/CovertEDA-Examples/quartus/ethernet_mac/.build/mac_rx.v Line: 48
Warning (13469): Verilog HDL assignment warning at mac_rx.v(54): truncated value with size 2 to match size of target (1) File: C:/Users/tcove/OneDrive/Desktop/Projects/CovertEDA-Examples/quartus/ethernet_mac/.build/mac_rx.v Line: 54
Warning (16788): Net "is_last_byte" does not have a driver at mac_rx.v(27) File: C:/Users/tcove/OneDrive/Desktop/Projects/CovertEDA-Examples/quartus/ethernet_mac/.build/mac_rx.v Line: 27
Warning (13469): Verilog HDL assignment warning at mii_intf.v(17): truncated value with size 4 to match size of target (3) File: C:/Users/tcove/OneDrive/Desktop/Projects/CovertEDA-Examples/quartus/ethernet_mac/.build/mii_intf.v Line: 17
Info: Found 5 design entities
Info: There are 4 partitions after elaboration.
Info: DA report generation in native DNI mode
Info (21615): Running Design Assistant Rules for snapshot 'partitioned'
Info: No waiver waived any violations
Info (22360): Design Assistant Results: 3 of 3 enabled rules passed, and 0 rules was disabled, in snapshot 'partitioned'
Info (21622): Design Assistant Results: 0 of 3 Low severity rules issued violations in snapshot 'partitioned'
Warning (23762): Hierarchies were optimized away during sweep. For details, refer to " Hierarchies Optimized Away During Sweep " report.
Info: Synthesizing partition "root_partition"
Warning (13024): Output pins are stuck at VCC or GND
    Warning (13410): Pin "mii_tx_er" is stuck at GND File: C:/Users/tcove/OneDrive/Desktop/Projects/CovertEDA-Examples/quartus/ethernet_mac/.build/eth_top.v Line: 11
    Warning (13410): Pin "mii_txd[0..2]" is stuck at GND File: C:/Users/tcove/OneDrive/Desktop/Projects/CovertEDA-Examples/quartus/ethernet_mac/.build/eth_top.v Line: 9
    Warning (13410): Pin "rx_data[0..7]" is stuck at GND File: C:/Users/tcove/OneDrive/Desktop/Projects/CovertEDA-Examples/quartus/ethernet_mac/.build/eth_top.v Line: 29
    Warning (13410): Pin "rx_last" is stuck at GND File: C:/Users/tcove/OneDrive/Desktop/Projects/CovertEDA-Examples/quartus/ethernet_mac/.build/eth_top.v Line: 31
    Warning (13410): Pin "rx_valid" is stuck at GND File: C:/Users/tcove/OneDrive/Desktop/Projects/CovertEDA-Examples/quartus/ethernet_mac/.build/eth_top.v Line: 30
Info (17049): 11 registers lost all their fanouts during netlist optimizations.
Info (21057): Implemented 141 device resources after synthesis - the final resource count might be different
    Info (21058): Implemented 84 input pins
    Info (21059): Implemented 17 output pins
    Info (21061): Implemented 40 logic cells
Info: Successfully synthesized partition
Info: Saving post-synthesis snapshots for 1 partition(s)
Info: Quartus Prime Synthesis was successful. 0 errors, 6 warnings
    Info: Peak virtual memory: 800 megabytes
    Info: Processing ended: Fri Apr 24 13:20:29 2026
    Info: Elapsed time: 00:00:09
    Info: System process ID: 28004
Info (23030): Evaluation of Tcl script run_flow.tcl was successful
Info: Quartus Prime Shell was successful. 0 errors, 20 warnings
    Info: Peak virtual memory: 451 megabytes
    Info: Processing ended: Fri Apr 24 13:20:30 2026
    Info: Elapsed time: 00:00:11
    Info: System process ID: 25872

--- STDERR ---
