Synthesis Analysis & Elaboration Stage Report for ethernet_mac
Thu Apr 23 21:25:14 2026
Quartus Prime Version 25.3.0 Build 109 09/24/2025 SC Pro Edition


---------------------
; Table of Contents ;
---------------------
  1. Legal Notice
  2. Hierarchies Optimized Away During Sweep
  3. Top Causes of Logic Optimized Away During Sweep
  4. Analysis & Elaboration Messages



----------------
; Legal Notice ;
----------------
Copyright (C) 2025  Altera Corporation. All rights reserved.
Your use of Altera Corporation's design tools, logic functions 
and other software and tools, and any partner logic 
functions, and any output files from any of the foregoing 
(including device programming or simulation files), and any 
associated documentation or information are expressly subject 
to the terms and conditions of the Altera Program License 
Subscription Agreement, the Altera Quartus Prime License Agreement,
the Altera IP License Agreement, or other applicable license
agreement, including, without limitation, that your use is for
the sole purpose of programming logic devices manufactured by
Altera and sold by Altera or its authorized distributors.  Please
refer to the Altera Software License Subscription Agreements 
on the Quartus Prime software download page.



Hierarchies have been optimized away during sweep. For more details and filtering options, ensure that you have compiled with the "Enable RTL Analysis Debug Mode " setting turned on under Assignments->Settings->Compiler Settings, then use the " Sweep Hints Viewer " tool in the " RTL Analyzer ".
+-----------------------------------------------------------------------------------------+
; Hierarchies Optimized Away During Sweep                                                 ;
+-------------+--------------------+------------------------------+-----------------------+
; Entity Name ; Number of Instance ; Number of Gates before Sweep ; Sample Hierarchy Name ;
+-------------+--------------------+------------------------------+-----------------------+
; mii_intf    ; 1                  ; 4                            ; mii_inst              ;
+-------------+--------------------+------------------------------+-----------------------+


Top root causes of logic optimization that have been identified during sweep. For more details and filtering options, ensure that you have compiled with the "Enable RTL Analysis Debug Mode " setting turned on under Assignments->Settings->Compiler Settings, then go to the " Root Causes Tab " in the " Sweep Hints Viewer " tool in the " RTL Analyzer ".
+-----------------------------------------------------------------------------------------------------+
; Top Causes of Logic Optimized Away During Sweep                                                     ;
+----------------------+------------------+-------------------------------------+---------------------+
; Root Object Path     ; Root Object Type ; Root Reason                         ; Swept Objects Count ;
+----------------------+------------------+-------------------------------------+---------------------+
; mii_inst|tx_clk      ; OUTPUT_INST_PORT ; lost_fanout                         ; 5                   ;
; mii_inst|rx_clk      ; OUTPUT_INST_PORT ; lost_fanout                         ; 4                   ;
; rx_inst|is_last_byte ; NET              ; undriven net set to default value 0 ; 3                   ;
; tx_inst|mii_txd[2]   ; OUTPUT_PORT      ; stuck at 0                          ; 2                   ;
; tx_inst|mii_txd[1]   ; OUTPUT_PORT      ; stuck at 0                          ; 2                   ;
; tx_inst|mii_txd[0]   ; OUTPUT_PORT      ; stuck at 0                          ; 2                   ;
; tx_inst|mii_tx_er    ; OUTPUT_PORT      ; stuck at 0                          ; 2                   ;
; tx_inst|clk          ; INPUT_PORT       ; has no fanout                       ; 1                   ;
; rx_inst|clk          ; INPUT_PORT       ; has no fanout                       ; 1                   ;
; tx_inst|mac_addr[47] ; INPUT_PORT       ; has no fanout                       ; 1                   ;
+----------------------+------------------+-------------------------------------+---------------------+
Table limited at 10 items. To change the number of top root causes reported, set the "Number of Top Root Causes Reported in Synthesis Report " option under Assignments->Settings->Compiler Settings->Advanced Settings (Synthesis)


+---------------------------------+
; Analysis & Elaboration Messages ;
+---------------------------------+
Info: *******************************************************************
Info: Running Quartus Prime Synthesis
    Info: Version 25.3.0 Build 109 09/24/2025 SC Pro Edition
    Info: Processing started: Thu Apr 23 21:25:11 2026
    Info: System process ID: 22604
Info: Command: quartus_syn --read_settings_files=on --write_settings_files=off ethernet_mac -c ethernet_mac --dni
Info: qis_default_flow_script.tcl version: #2
Info: Initializing Synthesis...
Info: Project = "ethernet_mac"
Info: Revision = "ethernet_mac"
Info (21958): Initialized Quartus Message Database
Info: Analyzing source files
Info: Elaborating from top-level entity "eth_top"
Warning (13469): Verilog HDL assignment warning at mac_tx.v(50): truncated value with size 3 to match size of target (1) File: C:/Users/tcove/OneDrive/Desktop/Projects/CovertEDA-Examples/quartus/ethernet_mac/.build/mac_tx.v Line: 50
Warning (13469): Verilog HDL assignment warning at mac_tx.v(52): truncated value with size 17 to match size of target (16) File: C:/Users/tcove/OneDrive/Desktop/Projects/CovertEDA-Examples/quartus/ethernet_mac/.build/mac_tx.v Line: 52
Warning (13469): Verilog HDL assignment warning at mac_tx.v(55): truncated value with size 4 to match size of target (1) File: C:/Users/tcove/OneDrive/Desktop/Projects/CovertEDA-Examples/quartus/ethernet_mac/.build/mac_tx.v Line: 55
Warning (13469): Verilog HDL assignment warning at mac_tx.v(60): truncated value with size 17 to match size of target (16) File: C:/Users/tcove/OneDrive/Desktop/Projects/CovertEDA-Examples/quartus/ethernet_mac/.build/mac_tx.v Line: 60
Warning (13469): Verilog HDL assignment warning at mac_tx.v(64): truncated value with size 4 to match size of target (1) File: C:/Users/tcove/OneDrive/Desktop/Projects/CovertEDA-Examples/quartus/ethernet_mac/.build/mac_tx.v Line: 64
Warning (13469): Verilog HDL assignment warning at mac_tx.v(66): truncated value with size 17 to match size of target (16) File: C:/Users/tcove/OneDrive/Desktop/Projects/CovertEDA-Examples/quartus/ethernet_mac/.build/mac_tx.v Line: 66
Warning (13469): Verilog HDL assignment warning at mac_tx.v(70): truncated value with size 4 to match size of target (1) File: C:/Users/tcove/OneDrive/Desktop/Projects/CovertEDA-Examples/quartus/ethernet_mac/.build/mac_tx.v Line: 70
Warning (13469): Verilog HDL assignment warning at mac_tx.v(73): truncated value with size 17 to match size of target (16) File: C:/Users/tcove/OneDrive/Desktop/Projects/CovertEDA-Examples/quartus/ethernet_mac/.build/mac_tx.v Line: 73
Warning (13469): Verilog HDL assignment warning at mac_tx.v(77): truncated value with size 17 to match size of target (16) File: C:/Users/tcove/OneDrive/Desktop/Projects/CovertEDA-Examples/quartus/ethernet_mac/.build/mac_tx.v Line: 77
Warning (13469): Verilog HDL assignment warning at mac_rx.v(48): truncated value with size 2 to match size of target (1) File: C:/Users/tcove/OneDrive/Desktop/Projects/CovertEDA-Examples/quartus/ethernet_mac/.build/mac_rx.v Line: 48
Warning (13469): Verilog HDL assignment warning at mac_rx.v(54): truncated value with size 2 to match size of target (1) File: C:/Users/tcove/OneDrive/Desktop/Projects/CovertEDA-Examples/quartus/ethernet_mac/.build/mac_rx.v Line: 54
Warning (16788): Net "is_last_byte" does not have a driver at mac_rx.v(27) File: C:/Users/tcove/OneDrive/Desktop/Projects/CovertEDA-Examples/quartus/ethernet_mac/.build/mac_rx.v Line: 27
Warning (13469): Verilog HDL assignment warning at mii_intf.v(17): truncated value with size 4 to match size of target (3) File: C:/Users/tcove/OneDrive/Desktop/Projects/CovertEDA-Examples/quartus/ethernet_mac/.build/mii_intf.v Line: 17
Info: Found 5 design entities
Info: There are 4 partitions after elaboration.
Info: DA report generation in native DNI mode
Info (21615): Running Design Assistant Rules for snapshot 'partitioned'
Info: No waiver waived any violations
Info (22360): Design Assistant Results: 3 of 3 enabled rules passed, and 0 rules was disabled, in snapshot 'partitioned'
Info (21622): Design Assistant Results: 0 of 3 Low severity rules issued violations in snapshot 'partitioned'
Warning (23762): Hierarchies were optimized away during sweep. For details, refer to " Hierarchies Optimized Away During Sweep " report.


