
--- STDERR ---
Info: constrained 'clk' to bel 'X12/Y31/io1'
Info: constrained 'rst_n' to bel 'X13/Y31/io1'
Info: constrained 'bit_in' to bel 'X8/Y0/io0'
Info: constrained 'bit_valid' to bel 'X9/Y0/io1'
Info: constrained 'detected' to bel 'X19/Y31/io0'
Warning: IO 'state_out[2]' is unconstrained in PCF and will be automatically placed
Warning: IO 'state_out[1]' is unconstrained in PCF and will be automatically placed
Warning: IO 'state_out[0]' is unconstrained in PCF and will be automatically placed

Info: Packing constants..
Info: Packing IOs..
Info: Packing LUT-FFs..
Info:        1 LCs used as LUT4 only
Info:        2 LCs used as LUT4 and DFF
Info: Packing non-LUT FFs..
Info:        1 LCs used as DFF only
Info: Packing carries..
Info:        0 LCs used as CARRY only
Info: Packing indirect carry+LUT pairs...
Info:        0 LUTs merged into carry LCs
Info: Packing RAMs..
Info: Placing PLLs..
Info: Packing special functions..
Info: Packing PLLs..
Info: Promoting globals..
Info: promoting clk$SB_IO_IN (fanout 3)
Info: Constraining chains...
Info:        0 LCs used to legalise carry chains.
Info: Checksum: 0x68b1bdb2

Info: Device utilisation:
Info: 	         ICESTORM_LC:       6/   5280     0%
Info: 	        ICESTORM_RAM:       0/     30     0%
Info: 	               SB_IO:       8/     39    20%
Info: 	               SB_GB:       1/      8    12%
Info: 	        ICESTORM_PLL:       0/      1     0%
Info: 	         SB_WARMBOOT:       0/      1     0%
Info: 	        ICESTORM_DSP:       0/      8     0%
Info: 	      ICESTORM_HFOSC:       0/      1     0%
Info: 	      ICESTORM_LFOSC:       0/      1     0%
Info: 	              SB_I2C:       0/      2     0%
Info: 	              SB_SPI:       0/      2     0%
Info: 	              IO_I3C:       0/      2     0%
Info: 	         SB_LEDDA_IP:       0/      1     0%
Info: 	         SB_RGBA_DRV:       0/      1     0%
Info: 	      ICESTORM_SPRAM:       0/      4     0%

Info: Placed 5 cells based on constraints.
Info: Creating initial analytic placement for 6 cells, random placement wirelen = 294.
Info:     at initial placer iter 0, wirelen = 83
Info:     at initial placer iter 1, wirelen = 81
Info:     at initial placer iter 2, wirelen = 83
Info:     at initial placer iter 3, wirelen = 81
Info: Running main analytical placer, max placement attempts per cell = 10000.
Info:     at iteration #1, type SB_GB: wirelen solved = 81, spread = 81, legal = 81; time = 0.00s
Info:     at iteration #1, type ICESTORM_LC: wirelen solved = 83, spread = 87, legal = 94; time = 0.00s
Info:     at iteration #1, type ALL: wirelen solved = 83, spread = 87, legal = 91; time = 0.00s
Info: HeAP Placer Time: 0.00s
Info:   of which solving equations: 0.00s
Info:   of which spreading cells: 0.00s
Info:   of which strict legalisation: 0.00s

Info: Running simulated annealing placer for refinement.
Info:   at iteration #1: temp = 0.000000, timing cost = 3, wirelen = 91
Info:   at iteration #3: temp = 0.000000, timing cost = 5, wirelen = 85 
Info: SA placement time 0.00s

Info: Max frequency for clock 'clk$SB_IO_IN_$glb_clk': 232.23 MHz (PASS at 12.00 MHz)

Info: Max delay <async>                       -> posedge clk$SB_IO_IN_$glb_clk: 9.67 ns
Info: Max delay posedge clk$SB_IO_IN_$glb_clk -> <async>                      : 8.35 ns

Info: Slack histogram:
Info:  legend: * represents 1 endpoint(s)
Info:          + represents [1,1) endpoint(s)
Info: [ 79027,  79051) |* 
Info: [ 79051,  79075) | 
Info: [ 79075,  79099) | 
Info: [ 79099,  79123) | 
Info: [ 79123,  79147) | 
Info: [ 79147,  79171) |* 
Info: [ 79171,  79195) | 
Info: [ 79195,  79219) | 
Info: [ 79219,  79243) | 
Info: [ 79243,  79267) | 
Info: [ 79267,  79291) | 
Info: [ 79291,  79315) | 
Info: [ 79315,  79339) | 
Info: [ 79339,  79363) |* 
Info: [ 79363,  79387) | 
Info: [ 79387,  79411) | 
Info: [ 79411,  79435) | 
Info: [ 79435,  79459) | 
Info: [ 79459,  79483) | 
Info: [ 79483,  79507) |* 
Info: Checksum: 0x4db82554

Info: Routing..
Info: Setting up routing queue.
Info: Routing 19 arcs.
Info:            |   (re-)routed arcs  |   delta    | remaining|       time spent     |
Info:    IterCnt |  w/ripup   wo/ripup |  w/r  wo/r |      arcs| batch(sec) total(sec)|
Info:         19 |        0         19 |    0    19 |         0|       0.01       0.01|
Info: Routing complete.
Info: Router1 time 0.01s
Info: Checksum: 0x09927253

Info: Critical path report for clock 'clk$SB_IO_IN_$glb_clk' (posedge -> posedge):
Info:       type curr  total name
Info:   clk-to-q  1.39  1.39 Source state_out_SB_DFFER_Q_DFFLC.O
Info:    routing  1.76  3.15 Net state[0] (13,1) -> (13,1)
Info:                          Sink bit_in_SB_LUT4_I1_LC.I2
Info:                          Defined in:
Info:                               sequence_detector.v:11.18-11.27
Info:      setup  1.15  4.31 Source bit_in_SB_LUT4_I1_LC.I2
Info: 2.55 ns logic, 1.76 ns routing

Info: Critical path report for cross-domain path '<async>' -> 'posedge clk$SB_IO_IN_$glb_clk':
Info:       type curr  total name
Info:     source  0.00  0.00 Source rst_n$sb_io.D_IN_0
Info:    routing  3.15  3.15 Net rst_n$SB_IO_IN (13,31) -> (13,26)
Info:                          Sink rst_n_SB_LUT4_I3_LC.I3
Info:                          Defined in:
Info:                               sequence_detector.v:7.16-7.21
Info:      logic  0.87  4.02 Source rst_n_SB_LUT4_I3_LC.O
Info:    routing  6.27  10.29 Net rst_n_SB_LUT4_I3_O (13,26) -> (14,1)
Info:                          Sink bit_in_SB_LUT4_I1_1_LC.SR
Info:      setup  0.10  10.39 Source bit_in_SB_LUT4_I1_1_LC.SR
Info: 0.97 ns logic, 9.42 ns routing

Info: Critical path report for cross-domain path 'posedge clk$SB_IO_IN_$glb_clk' -> '<async>':
Info:       type curr  total name
Info:   clk-to-q  1.39  1.39 Source bit_in_SB_LUT4_I1_1_LC.O
Info:    routing  7.49  8.88 Net detected$SB_IO_OUT (14,1) -> (19,31)
Info:                          Sink detected$sb_io.D_OUT_0
Info:                          Defined in:
Info:                               sequence_detector.v:15.15-15.25
Info: 1.39 ns logic, 7.49 ns routing

Info: Max frequency for clock 'clk$SB_IO_IN_$glb_clk': 232.23 MHz (PASS at 12.00 MHz)

Info: Max delay <async>                       -> posedge clk$SB_IO_IN_$glb_clk: 10.39 ns
Info: Max delay posedge clk$SB_IO_IN_$glb_clk -> <async>                      : 8.88 ns

Info: Slack histogram:
Info:  legend: * represents 1 endpoint(s)
Info:          + represents [1,1) endpoint(s)
Info: [ 79027,  79044) |** 
Info: [ 79044,  79061) | 
Info: [ 79061,  79078) | 
Info: [ 79078,  79095) | 
Info: [ 79095,  79112) | 
Info: [ 79112,  79129) | 
Info: [ 79129,  79146) | 
Info: [ 79146,  79163) | 
Info: [ 79163,  79180) | 
Info: [ 79180,  79197) | 
Info: [ 79197,  79214) | 
Info: [ 79214,  79231) | 
Info: [ 79231,  79248) | 
Info: [ 79248,  79265) | 
Info: [ 79265,  79282) | 
Info: [ 79282,  79299) | 
Info: [ 79299,  79316) | 
Info: [ 79316,  79333) | 
Info: [ 79333,  79350) | 
Info: [ 79350,  79367) |** 
3 warnings, 0 errors

Info: Program finished normally.
