=== sequence_detector ===

        +----------Local Count, excluding submodules.
        | 
       11 wires
       16 wire bits
       11 public wires
       16 public wire bits
        6 ports
        8 port bits
        6 submodules
        2   SB_DFFER
        1   SB_DFFR
        3   SB_LUT4

=== design hierarchy ===

        +----------Count including submodules.
        | 
        - sequence_detector

        +----------Count including submodules.
        | 
       11 wires
       16 wire bits
       11 public wires
       16 public wire bits
        6 ports
        8 port bits
        - memories
        - memory bits
        - processes
        - cells
        6 submodules
        2   SB_DFFER
        1   SB_DFFR
        3   SB_LUT4

3.49. Executing CHECK pass (checking for obvious problems).
Checking module sequence_detector...
Found and reported 0 problems.

3.50. Executing JSON backend.


=== sequence_detector ===

        +----------Local Count, excluding submodules.
        | 
       11 wires
       16 wire bits
       11 public wires
       16 public wire bits
        6 ports
        8 port bits
        6 cells
        2   SB_DFFER
        1   SB_DFFR
        3   SB_LUT4