================================================================================
                      Lattice Radiant Utilization Report
                          spi_flash Project
================================================================================

Design: spi_top
Device: LIFCL-40-9BG400C
Date: 2026-03-21 14:37:38

================================================================================
                         DESIGN SUMMARY
================================================================================

Resource Type          | Used | Total | Util%  | Status
-----------------------|------|-------|--------|--------
LUT4                   | 612  | 2560  | 23.9%  | ✓ OK
DFF                    | 384  | 2560  | 15.0%  | ✓ OK
EBR (18K blocks)       |   2  |  10   | 20.0%  | ✓ OK
DSP (18x18)            |   0  |  10   |  0.0%  | ✓ OK
PLL                    |   1  |   2   | 50.0%  | ✓ OK
                       |      |       |        |
IO Pads                |  14  |  160  |  8.8%  | ✓ OK

================================================================================
                      LOGIC ELEMENT BREAKDOWN
================================================================================

By Function:
  SPI Master Controller :  280 LUTs, 128 DFFs
  FIFO (256x16):         224 LUTs, 256 DFFs (2 EBR blocks)
  Control Logic:         108 LUTs, 0 DFFs

Total: 612 LUTs, 384 DFFs, 2 EBR

================================================================================
                      MEMORY ELEMENTS
================================================================================

EBR Usage:
  FIFO 0: 18Kb (used for first 128 entries)
  FIFO 1: 18Kb (used for second 128 entries)
  Total: 36 Kb of 180 Kb available (20%)

================================================================================
                      POWER ANALYSIS SUMMARY
================================================================================

Power Estimation (at 25°C):

Static Power:        19.2 mW
Dynamic Power:       12.3 mW
                    --------
Total Power:         31.5 mW

Power Breakdown by Voltage Rail:
  1.0V Core Rail:  23.8 mW (75%)
  3.3V I/O Rail:   7.7 mW (25%)

================================================================================
End of Utilization Report
================================================================================
