Synthesis Analysis & Elaboration Stage Report for stack_controller
Thu Apr 23 21:27:50 2026
Quartus Prime Version 25.3.0 Build 109 09/24/2025 SC Pro Edition


---------------------
; Table of Contents ;
---------------------
  1. Legal Notice
  2. Top Causes of Logic Optimized Away During Sweep
  3. Analysis & Elaboration Messages



----------------
; Legal Notice ;
----------------
Copyright (C) 2025  Altera Corporation. All rights reserved.
Your use of Altera Corporation's design tools, logic functions 
and other software and tools, and any partner logic 
functions, and any output files from any of the foregoing 
(including device programming or simulation files), and any 
associated documentation or information are expressly subject 
to the terms and conditions of the Altera Program License 
Subscription Agreement, the Altera Quartus Prime License Agreement,
the Altera IP License Agreement, or other applicable license
agreement, including, without limitation, that your use is for
the sole purpose of programming logic devices manufactured by
Altera and sold by Altera or its authorized distributors.  Please
refer to the Altera Software License Subscription Agreements 
on the Quartus Prime software download page.



Top root causes of logic optimization that have been identified during sweep. For more details and filtering options, ensure that you have compiled with the "Enable RTL Analysis Debug Mode " setting turned on under Assignments->Settings->Compiler Settings, then go to the " Root Causes Tab " in the " Sweep Hints Viewer " tool in the " RTL Analyzer ".
+-------------------------------------------------------------------------------------------------------------+
; Top Causes of Logic Optimized Away During Sweep                                                             ;
+------------------+------------------+-------------------------------------------------+---------------------+
; Root Object Path ; Root Object Type ; Root Reason                                     ; Swept Objects Count ;
+------------------+------------------+-------------------------------------------------+---------------------+
; Select_35        ; OPER (SELECTOR)  ; wired through input data[0] due to uniform data ; 0                   ;
; Select_34        ; OPER (SELECTOR)  ; wired through input data[0] due to uniform data ; 0                   ;
; Select_33        ; OPER (SELECTOR)  ; wired through input data[0] due to uniform data ; 0                   ;
; Select_32        ; OPER (SELECTOR)  ; wired through input data[0] due to uniform data ; 0                   ;
; Select_31        ; OPER (SELECTOR)  ; wired through input data[0] due to uniform data ; 0                   ;
; Select_30        ; OPER (SELECTOR)  ; wired through input data[0] due to uniform data ; 0                   ;
; Select_29        ; OPER (SELECTOR)  ; wired through input data[0] due to uniform data ; 0                   ;
; Select_28        ; OPER (SELECTOR)  ; wired through input data[0] due to uniform data ; 0                   ;
; Select_27        ; OPER (SELECTOR)  ; wired through input data[0] due to uniform data ; 0                   ;
; Select_26        ; OPER (SELECTOR)  ; wired through input data[0] due to uniform data ; 0                   ;
+------------------+------------------+-------------------------------------------------+---------------------+
Table limited at 10 items. To change the number of top root causes reported, set the "Number of Top Root Causes Reported in Synthesis Report " option under Assignments->Settings->Compiler Settings->Advanced Settings (Synthesis)


+---------------------------------+
; Analysis & Elaboration Messages ;
+---------------------------------+
Info: *******************************************************************
Info: Running Quartus Prime Synthesis
    Info: Version 25.3.0 Build 109 09/24/2025 SC Pro Edition
    Info: Processing started: Thu Apr 23 21:27:47 2026
    Info: System process ID: 9900
Info: Command: quartus_syn --read_settings_files=on --write_settings_files=off stack_controller -c stack_controller --dni
Info: qis_default_flow_script.tcl version: #2
Info: Initializing Synthesis...
Info: Project = "stack_controller"
Info: Revision = "stack_controller"
Info (21958): Initialized Quartus Message Database
Info: Analyzing source files
Info: Elaborating from top-level entity "stack_controller"
Info (22567): Verilog HDL info at stack_controller.v(16): extracting RAM for identifier 'stack_mem' File: C:/Users/tcove/OneDrive/Desktop/Projects/CovertEDA-Examples/quartus/stack_controller/.build/stack_controller.v Line: 16
Info: Found 1 design entities
Info: There are 1 partitions after elaboration.
Info: DA report generation in native DNI mode
Info (21615): Running Design Assistant Rules for snapshot 'partitioned'
Info: No waiver waived any violations
Info (22360): Design Assistant Results: 3 of 3 enabled rules passed, and 0 rules was disabled, in snapshot 'partitioned'
Info (21622): Design Assistant Results: 0 of 3 Low severity rules issued violations in snapshot 'partitioned'


