================================================================================
                        Lattice Radiant Timing Report
                        dsp_fir_filter Project
================================================================================

Design       : fir_top
Device       : LIFCL-40-7BG400I
Speed Grade  : 7
Date         : 2026-03-21 14:41:08

================================================================================
                         PERFORMANCE SUMMARY
================================================================================

Constraint: create_clock -name clk_sys -period 10.0 [get_ports clk]

Timing Summary:
  Fmax            : 250.0 MHz (at 1.1V, 25C, Slow Process)
  Period          : 4.0 ns
  Requested       : 10.0 ns (100 MHz)
  WNS (Worst Negative Slack) : +5.18 ns (Met)
  TNS (Total Negative Slack)  : 0.0 ns

Setup Time Budget:
  Clock Period    : 10.0 ns
  Data Path Delay : 4.68 ns
  Clock Skew      : 0.14 ns
  Setup Time      : 1.00 ns
  Total Slack     : 5.18 ns ✓ PASS

Hold Time Budget:
  Clock Skew      : -0.08 ns
  Hold Time       : 0.74 ns
  Data Path Delay : 4.42 ns
  Total Slack     : 4.92 ns ✓ PASS

================================================================================
                      CLOCK DOMAIN SUMMARY
================================================================================

Clock Domain: clk_sys
  Clock Source: clk (100 MHz)
  Period: 10.0 ns
  Uncertainty: 1.0 ns (setup), 0.6 ns (hold)
  Logic Paths: 18
  Sequential Paths: 24

================================================================================
                    CRITICAL PATH ANALYSIS
================================================================================

Path 1: SETUP (Worst)
  From: taps[4][15] / Q
  To: data_out[31] / D
  Slack: 5.18 ns
  Delay: 4.82 ns
  Logic Levels: 3 (through DSP blocks)

Path 2: SETUP
  From: taps[3][14] / Q
  To: data_out[30] / D
  Slack: 5.24 ns

Path 3: HOLD
  From: taps[7][8] / Q
  To: taps[7][8] / D
  Slack: 4.92 ns

================================================================================
                      TIMING STATISTICS
================================================================================

Total Nets:              456
Total Cells:             512
Total Sequential Cells:  128 (FFs for tap delays + DSP)
Total Combinational:     384 (DSP + adders)

Critical paths: 0 violations
Data Path Type    | Count | Worst Delay | Worst Slack | Status
------------------|-------|-------------|-------------|--------
Combinational     | 18    | 3.24 ns     | N/A         | ✓ OK
Sequential setup  | 24    | 4.82 ns     | +5.18 ns    | ✓ OK
Sequential hold   | 24    | 1.08 ns     | +4.92 ns    | ✓ OK

Worst Setup Slack:   +5.18 ns
Worst Hold Slack:    +4.92 ns

================================================================================
End of Timing Report
================================================================================
