================================================================================
                      Lattice Radiant Utilization Report
                         i2c_bridge Project
================================================================================

Design: i2c_top
Device: LFD2NX-40-7MG672
Date: 2026-03-21 14:39:28

================================================================================
                         DESIGN SUMMARY
================================================================================

Resource Type          | Used | Total | Util%  | Status
-----------------------|------|-------|--------|--------
LUT4                   | 245  | 2560  |  9.6%  | ✓ OK
DFF                    | 189  | 2560  |  7.4%  | ✓ OK
Adder                  |   4  |  640  |  0.6%  | ✓ OK
Comparator             |   2  |  640  |  0.3%  | ✓ OK
Multiplexer            |   8  |  1280 |  0.6%  | ✓ OK
                       |      |       |        |
EBR (18K blocks)       |   0  |  10   |  0.0%  | ✓ OK
DSP (18x18)            |   0  |  10   |  0.0%  | ✓ OK
PLL                    |   1  |   2   | 50.0%  | ✓ OK
                       |      |       |        |
IO Pads                |   6  |  160  |  3.8%  | ✓ OK

================================================================================
                      LOGIC ELEMENT BREAKDOWN
================================================================================

By Function:
  I2C Slave Module      :  128 LUTs, 96 DFFs
  Wishbone Master       :   84 LUTs, 64 DFFs
  Edge Detection Logic  :   33 LUTs, 29 DFFs

Total: 245 LUTs, 189 DFFs

================================================================================
                      MEMORY ELEMENTS
================================================================================

Distributed RAM: 0 blocks
EBR (18Kb):      0 blocks

Total Memory Used: 0 bits
Memory Utilization: 0%

================================================================================
                      POWER ANALYSIS SUMMARY
================================================================================

Power Estimation (at 25°C):

Static Power:        14.1 mW
Dynamic Power:        5.6 mW
                    --------
Total Power:         19.7 mW

Power Breakdown by Voltage Rail:
  1.0V Core Rail:  14.8 mW (75%)
  3.3V I/O Rail:   4.9 mW (25%)

================================================================================
End of Utilization Report
================================================================================
