Synthesis report
Thu Apr 23 21:26:47 2026
Quartus Prime Version 25.3.0 Build 109 09/24/2025 SC Pro Edition


---------------------
; Table of Contents ;
---------------------
  1. Legal Notice
  2. Synthesis Summary
  3. Synthesis Settings
  4. Synthesis Source Files Read
  5. Synthesis Partition Summary
---- Analysis & Elaboration Stage Reports ----
---- Logic Synthesis Stage Reports ----
       6. Partition "root_partition" Resource Utilization by Entity
       7. General Register Statistics for Partition "root_partition"
       8. Registers Packed Into Inferred Megafunctions
       9. Source Assignments for mem_rtl_0|auto_generated
      10. Parameter Settings for Inferred Entity Instance: mem_rtl_0
      11. Post-Synthesis Netlist Statistics for Partition "root_partition"
      12. Synthesis Resource Usage Summary for Partition "root_partition"
      13. Synthesis RAM Summary for Partition "root_partition"
 14. Synthesis Messages



----------------
; Legal Notice ;
----------------
Copyright (C) 2025  Altera Corporation. All rights reserved.
Your use of Altera Corporation's design tools, logic functions 
and other software and tools, and any partner logic 
functions, and any output files from any of the foregoing 
(including device programming or simulation files), and any 
associated documentation or information are expressly subject 
to the terms and conditions of the Altera Program License 
Subscription Agreement, the Altera Quartus Prime License Agreement,
the Altera IP License Agreement, or other applicable license
agreement, including, without limitation, that your use is for
the sole purpose of programming logic devices manufactured by
Altera and sold by Altera or its authorized distributors.  Please
refer to the Altera Software License Subscription Agreements 
on the Quartus Prime software download page.



+-----------------------------------------------------------------------------------+
; Synthesis Summary                                                                 ;
+--------------------------------------+--------------------------------------------+
; Synthesis Status                     ; Successful - Thu Apr 23 21:26:47 2026      ;
; Revision Name                        ; ring_buffer                                ;
; Top-level Entity Name                ; ring_buffer                                ;
; Family                               ; Cyclone 10 GX                              ;
; Quartus Prime Version                ; 25.3.0 Build 109 09/24/2025 SC Pro Edition ;
; Device                               ; 10CX085YU484E5G                            ;
; Logic utilization estimate (in ALMs) ; 26 / 31,000 ( < 1 % )                      ;
; Total registers                      ; 13                                         ;
; Estimated DSP Blocks Post-Merging    ; 0                                          ;
+--------------------------------------+--------------------------------------------+


+-------------------------------------------------------------------------------------------------------------------------------------+
; Synthesis Settings                                                                                                                  ;
+---------------------------------------------------------------------------------+-------------------------+-------------------------+
; Option                                                                          ; Setting                 ; Default Value           ;
+---------------------------------------------------------------------------------+-------------------------+-------------------------+
; Device                                                                          ; 10CX085YU484E5G         ;                         ;
; Top-level entity name                                                           ; ring_buffer             ; ring_buffer             ;
; Family name                                                                     ; Cyclone 10 GX           ; Cyclone 10 GX           ;
; Maximum processors allowed for parallel compilation                             ; 4                       ;                         ;
; Enable parallel Assembler and Timing Analyzer during compilation                ; On                      ; On                      ;
; Enable compact report table                                                     ; Off                     ; Off                     ;
; Design Assistant include IP blocks                                              ; Off                     ; Off                     ;
; High fanout net threshold for RAM inference                                     ; 15                      ; 15                      ;
; Design Assistant limit on reported violations per rule                          ; 5000                    ; 5000                    ;
; Optimization Mode                                                               ; Balanced                ; Balanced                ;
; Allow Register Merging                                                          ; On                      ; On                      ;
; Allow Register Duplication                                                      ; On                      ; On                      ;
; Allow Register Retiming                                                         ; On                      ; On                      ;
; Restructure Multiplexers                                                        ; Auto                    ; Auto                    ;
; Waive gated clock synchronizer check                                            ; On                      ; On                      ;
; MLAB Add Timing Constraints For Mixed-Port Feed-Through Mode Setting Don't Care ; Off                     ; Off                     ;
; Preserve fewer node names                                                       ; On                      ; On                      ;
; Intel FPGA IP Evaluation Mode                                                   ; Enable                  ; Enable                  ;
; Verilog Version                                                                 ; Verilog_2001            ; Verilog_2001            ;
; VHDL Version                                                                    ; VHDL_1993               ; VHDL_1993               ;
; State Machine Processing                                                        ; Auto                    ; Auto                    ;
; Safe State Machine                                                              ; Auto                    ; Auto                    ;
; Iteration limit for constant Verilog loops                                      ; 5000                    ; 5000                    ;
; Iteration limit for non-constant Verilog loops                                  ; 250                     ; 250                     ;
; Infer RAMs from Raw Logic                                                       ; On                      ; On                      ;
; DSP Action on miss                                                              ; Ignore                  ; Ignore                  ;
; DSP Block Balancing                                                             ; Auto                    ; Auto                    ;
; NOT Gate Push-Back                                                              ; On                      ; On                      ;
; Power-Up Don't Care                                                             ; On                      ; On                      ;
; Remove Redundant Logic Cells                                                    ; Off                     ; Off                     ;
; Remove Duplicate Registers                                                      ; On                      ; On                      ;
; Ignore GLOBAL Buffers                                                           ; Off                     ; Off                     ;
; Ignore LCELL Buffers                                                            ; Off                     ; Off                     ;
; Ignore SOFT Buffers                                                             ; On                      ; On                      ;
; Optimization Technique                                                          ; Balanced                ; Balanced                ;
; Auto Open-Drain Pins                                                            ; On                      ; On                      ;
; Perform WYSIWYG Primitive Resynthesis                                           ; Off                     ; Off                     ;
; Auto ROM Replacement                                                            ; On                      ; On                      ;
; Auto RAM Replacement                                                            ; On                      ; On                      ;
; Auto DSP Block Replacement                                                      ; On                      ; On                      ;
; Auto Shift Register Replacement                                                 ; Auto                    ; Auto                    ;
; Allow Shift Register Merging across Hierarchies                                 ; Auto                    ; Auto                    ;
; Auto Clock Enable Replacement                                                   ; On                      ; On                      ;
; Strict RAM Replacement                                                          ; Off                     ; Off                     ;
; Allow Synchronous Control Signals                                               ; On                      ; On                      ;
; Force Use of Synchronous Clear Signals                                          ; Off                     ; Off                     ;
; Auto Resource Sharing                                                           ; Off                     ; Off                     ;
; Allow Any RAM Size For Recognition                                              ; Off                     ; Off                     ;
; Allow Any Shift Register Size For Recognition                                   ; Off                     ; Off                     ;
; Ignore translate_off and synthesis_off directives                               ; Off                     ; Off                     ;
; Timing-Driven Synthesis                                                         ; On                      ; On                      ;
; Report Propagation of Constraints                                               ; On                      ; On                      ;
; Ignore Maximum Fan-Out Assignments                                              ; Off                     ; Off                     ;
; Maximum Synchronizer Length Protected during Optimization                       ; 3                       ; 3                       ;
; Power Optimization During Synthesis                                             ; Normal compilation      ; Normal compilation      ;
; HDL message level                                                               ; Level2                  ; Level2                  ;
; Number of Protected Registers Reported in Synthesis Report                      ; 100                     ; 100                     ;
; Number of Removed Registers Reported in Synthesis Report                        ; 5000                    ; 5000                    ;
; Number of Optimized Away Hierarchies Reported in Synthesis Report               ; 100                     ; 100                     ;
; Number of Top Root Causes Reported in Synthesis Report                          ; 10                      ; 10                      ;
; Group Identical Hierarchies in Optimized Away Hierarchies Report                ; On                      ; On                      ;
; Number of Swept Nodes Reported in Synthesis Report                              ; 5000                    ; 5000                    ;
; Number of Inverted Registers Reported in Synthesis Report                       ; 100                     ; 100                     ;
; Clock MUX Protection                                                            ; On                      ; On                      ;
; Auto Gated Clock Conversion                                                     ; Off                     ; Off                     ;
; Block Design Naming                                                             ; Auto                    ; Auto                    ;
; SDC constraint protection                                                       ; Off                     ; Off                     ;
; Optimization and Constraint Precedence                                          ; Prioritize Optimization ; Prioritize Optimization ;
; Synthesis Effort                                                                ; Auto                    ; Auto                    ;
; Shift Register Replacement - Allow Asynchronous Clear Signal                    ; On                      ; On                      ;
; Analysis & Synthesis Message Level                                              ; Medium                  ; Medium                  ;
; Disable Register Merging Across Hierarchies                                     ; Auto                    ; Auto                    ;
; Resource Aware Inference For Block RAM                                          ; On                      ; On                      ;
; Automatic Parallel Synthesis                                                    ; On                      ; On                      ;
; Partial Reconfiguration Bitstream ID                                            ; Off                     ; Off                     ;
; Disable DSP Negate Inferencing                                                  ; Off                     ; Off                     ;
; Report Parameter Settings                                                       ; On                      ; On                      ;
; Report Parameter Settings to ASCII                                              ; On                      ; On                      ;
; Report Source Assignments                                                       ; On                      ; On                      ;
; Report Source Assignments to ASCII                                              ; On                      ; On                      ;
; Report Resource Utilization by Entity to ASCII                                  ; On                      ; On                      ;
; Size of the Latch Report                                                        ; 100                     ; 100                     ;
; Enable VHDL static assertion support                                            ; Off                     ; Off                     ;
; Enable SystemVerilog static assertion support                                   ; Off                     ; Off                     ;
; Enable State Machines Inference                                                 ; On                      ; On                      ;
; Allow RAMs Inferred In Generate-For Loop For Verilog                            ; Off                     ; Off                     ;
; Enable formal verification support during compilation                           ; Off                     ; Off                     ;
; Size of the PR Initial Conditions Report                                        ; 100                     ; 100                     ;
; Number of Registers with Ignored Power-Up Settings Reported in Synthesis Report ; 500                     ; 500                     ;
; Report PR Initial Values as Errors                                              ; Off                     ; Off                     ;
; Fractal Synthesis                                                               ; Off                     ; Off                     ;
; Synthesis Available Resource Multiplier                                         ; 1                       ; 1                       ;
; Message Level for Unconnected Output Ports                                      ; Warning                 ; Warning                 ;
; Pack Barrelshifters into Carry Chains for Better Area                           ; Auto                    ; Auto                    ;
; Initialize Verilog enums to X                                                   ; Off                     ; Off                     ;
; Enable dynamic report                                                           ; Off                     ; Off                     ;
; Show Collapsible Rows in Ascii Report for Warning Summary Reports               ; On                      ; On                      ;
; Enable RTL Analysis Debug Mode                                                  ; Off                     ; Off                     ;
; Enable preserve for debug assignments                                           ; Off                     ; Off                     ;
+---------------------------------------------------------------------------------+-------------------------+-------------------------+


+----------------------------------------------------------------------------------------------------------------------------------------------------------------------------------------------------------------------------------------------------------------------------------------------------------------------------------------------------------------------------------------------------------------------------------------------+
; Synthesis Source Files Read                                                                                                                                                                                                                                                                                                                                                                                                                  ;
+-------------------------------------------------------------------------------------------------------------------------------------------+-----------------------------------------------------------------------------+-------------------------------------------------------------------------------------------------------------------------------------------+---------+-----------+---------------+----------------------------------+
; File Name with User-Entered Path                                                                                                          ; File Type                                                                   ; File Name with Absolute Path                                                                                                              ; Library ; IP Source ; Include Files ; MD5                              ;
+-------------------------------------------------------------------------------------------------------------------------------------------+-----------------------------------------------------------------------------+-------------------------------------------------------------------------------------------------------------------------------------------+---------+-----------+---------------+----------------------------------+
; ring_buffer.v                                                                                                                             ; User-Specified Verilog HDL File                                             ; C:/Users/tcove/OneDrive/Desktop/Projects/CovertEDA-Examples/quartus/ring_buffer/.build/ring_buffer.v                                      ;         ;           ;               ; 086683d36bc03d7600b8f44036820f09 ;
; ring_buffer.sdc                                                                                                                           ; User-Specified SDC File (Read by the Timing Analyzer at each fitter stage)  ; C:/Users/tcove/OneDrive/Desktop/Projects/CovertEDA-Examples/quartus/ring_buffer/.build/ring_buffer.sdc                                    ;         ;           ;               ; 836f3ac842dfecde9c1752ab7725f82c ;
; c:/altera_pro/25.3/quartus/libraries/megafunctions/altsyncram.tdf                                                                         ; Megafunction                                                                ; c:/altera_pro/25.3/quartus/libraries/megafunctions/altsyncram.tdf                                                                         ; work    ;           ;               ;                                  ;
; stratix_ram_block.inc                                                                                                                     ; Auto-Found File                                                             ; c:/altera_pro/25.3/quartus/libraries/megafunctions/stratix_ram_block.inc                                                                  ;         ;           ;               ;                                  ;
; lpm_mux.inc                                                                                                                               ; Auto-Found File                                                             ; c:/altera_pro/25.3/quartus/libraries/megafunctions/lpm_mux.inc                                                                            ;         ;           ;               ;                                  ;
; lpm_decode.inc                                                                                                                            ; Auto-Found File                                                             ; c:/altera_pro/25.3/quartus/libraries/megafunctions/lpm_decode.inc                                                                         ;         ;           ;               ;                                  ;
; aglobal253.inc                                                                                                                            ; Auto-Found File                                                             ; c:/altera_pro/25.3/quartus/libraries/megafunctions/aglobal253.inc                                                                         ;         ;           ;               ;                                  ;
; a_rdenreg.inc                                                                                                                             ; Auto-Found File                                                             ; c:/altera_pro/25.3/quartus/libraries/megafunctions/a_rdenreg.inc                                                                          ;         ;           ;               ;                                  ;
; altrom.inc                                                                                                                                ; Auto-Found File                                                             ; c:/altera_pro/25.3/quartus/libraries/megafunctions/altrom.inc                                                                             ;         ;           ;               ;                                  ;
; altram.inc                                                                                                                                ; Auto-Found File                                                             ; c:/altera_pro/25.3/quartus/libraries/megafunctions/altram.inc                                                                             ;         ;           ;               ;                                  ;
; altdpram.inc                                                                                                                              ; Auto-Found File                                                             ; c:/altera_pro/25.3/quartus/libraries/megafunctions/altdpram.inc                                                                           ;         ;           ;               ;                                  ;
; cbx.lst                                                                                                                                   ; Auto-Found Unspecified File                                                 ; c:/altera_pro/25.3/quartus/libraries/megafunctions/cbx.lst                                                                                ;         ;           ;               ;                                  ;
; C:/Users/tcove/OneDrive/Desktop/Projects/CovertEDA-Examples/quartus/ring_buffer/.build/tmp-clearbox/ring_buffer/4484/altsyncram_4ovl1.tdf ; Auto-Generated Megafunction                                                 ; C:/Users/tcove/OneDrive/Desktop/Projects/CovertEDA-Examples/quartus/ring_buffer/.build/tmp-clearbox/ring_buffer/4484/altsyncram_4ovl1.tdf ;         ;           ;               ;                                  ;
+-------------------------------------------------------------------------------------------------------------------------------------------+-----------------------------------------------------------------------------+-------------------------------------------------------------------------------------------------------------------------------------------+---------+-----------+---------------+----------------------------------+


+--------------------------------------------------------------------------------------------+
; Synthesis Partition Summary                                                                ;
+----------------+----------------+---------+--------------+-------+-------------------------+
; Partition Name ; Hierarchy Path ; Type    ; Preservation ; Empty ; Partition Database File ;
+----------------+----------------+---------+--------------+-------+-------------------------+
; root_partition ; |              ; Default ;              ;       ;                         ;
+----------------+----------------+---------+--------------+-------+-------------------------+


+-----------------------------------------------------------------------------------------------------------------------------------------------------------------------------------------------------------------------+
; Partition "root_partition" Resource Utilization by Entity                                                                                                                                                             ;
+----------------------------+---------------------+---------------------------+-------------------+------------+------+--------------+--------+-----------+--------------------------+------------------+--------------+
; Compilation Hierarchy Node ; Combinational ALUTs ; Dedicated Logic Registers ; Block Memory Bits ; DSP Blocks ; Pins ; Virtual Pins ; IOPLLs ; Max Depth ; Full Hierarchy Name      ; Entity Name      ; Library Name ;
+----------------------------+---------------------+---------------------------+-------------------+------------+------+--------------+--------+-----------+--------------------------+------------------+--------------+
; |                          ; 19 (19)             ; 13 (13)                   ; 256               ; 0          ; 43   ; 0            ; 0 (0)  ; 2.0 (2.0) ; |                        ; ring_buffer      ; altera_work  ;
;    |mem_rtl_0|             ; 0 (0)               ; 0 (0)                     ; 256               ; 0          ; 0    ; 0            ; 0 (0)  ; 0.0 (0.0) ; mem_rtl_0                ; altsyncram       ; work         ;
;       |auto_generated|     ; 0 (0)               ; 0 (0)                     ; 256               ; 0          ; 0    ; 0            ; 0 (0)  ; 0.0 (0.0) ; mem_rtl_0|auto_generated ; altsyncram_4ovl1 ; altera_work  ;
+----------------------------+---------------------+---------------------------+-------------------+------------+------+--------------+--------+-----------+--------------------------+------------------+--------------+
Note: For table entries with two numbers listed, the numbers in parentheses indicate the number of resources of the given type used by the specific entity alone. The numbers listed outside of parentheses indicate the total resources of the given type used by the specific entity and all of its sub-entities in the hierarchy.


+------------------------------------------------------------+
; General Register Statistics for Partition "root_partition" ;
+----------------------------------------------+-------------+
; Statistic                                    ; Value       ;
+----------------------------------------------+-------------+
; Total registers                              ; 13          ;
; Number of registers using Synchronous Clear  ; 0           ;
; Number of registers using Synchronous Load   ; 0           ;
; Number of registers using Asynchronous Clear ; 13          ;
; Number of registers using Asynchronous Load  ; 0           ;
; Number of registers using Clock Enable       ; 0           ;
; Number of registers using Preset             ; 0           ;
+----------------------------------------------+-------------+


+----------------------------------------------+
; Registers Packed Into Inferred Megafunctions ;
+-----------------+--------------+-------------+
; Register Name   ; Megafunction ; Type        ;
+-----------------+--------------+-------------+
; dout_reg[0..15] ; mem_rtl_0    ; RAM         ;
+-----------------+--------------+-------------+


+-------------------------------------------------------------------------------------------------------------------------+
; Source Assignments for mem_rtl_0|auto_generated                                                                         ;
+---------------------------------+--------------------+------+----+------------------------------------------------------+
; Assignment                      ; Value              ; From ; To ; Source Location                                      ;
+---------------------------------+--------------------+------+----+------------------------------------------------------+
; OPTIMIZE_POWER_DURING_SYNTHESIS ; NORMAL_COMPILATION ; -    ; -  ; tmp-clearbox/ring_buffer/4484/altsyncram_4ovl1.tdf:0 ;
+---------------------------------+--------------------+------+----+------------------------------------------------------+


+--------------------------------------------------------------------------+
; Parameter Settings for Inferred Entity Instance: mem_rtl_0               ;
+------------------------------------+----------------------+--------------+
; Parameter Name                     ; Value                ; Type         ;
+------------------------------------+----------------------+--------------+
; BYTE_SIZE_BLOCK                    ; 8                    ; Untyped      ;
; AUTO_CARRY_CHAINS                  ; ON                   ; Untyped      ;
; IGNORE_CARRY_BUFFERS               ; OFF                  ; Untyped      ;
; AUTO_CASCADE_CHAINS                ; ON                   ; AUTO_CASCADE ;
; IGNORE_CASCADE_BUFFERS             ; OFF                  ; Untyped      ;
; WIDTH_BYTEENA                      ; 1                    ; Untyped      ;
; OPERATION_MODE                     ; DUAL_PORT            ; Untyped      ;
; WIDTH_A                            ; 16                   ; Untyped      ;
; WIDTHAD_A                          ; 4                    ; Untyped      ;
; NUMWORDS_A                         ; 16                   ; Untyped      ;
; OUTDATA_REG_A                      ; UNREGISTERED         ; Untyped      ;
; ADDRESS_ACLR_A                     ; NONE                 ; Untyped      ;
; OUTDATA_ACLR_A                     ; NONE                 ; Untyped      ;
; WRCONTROL_ACLR_A                   ; NONE                 ; Untyped      ;
; INDATA_ACLR_A                      ; NONE                 ; Untyped      ;
; BYTEENA_ACLR_A                     ; NONE                 ; Untyped      ;
; WIDTH_B                            ; 16                   ; Untyped      ;
; WIDTHAD_B                          ; 4                    ; Untyped      ;
; NUMWORDS_B                         ; 16                   ; Untyped      ;
; INDATA_REG_B                       ; CLOCK1               ; Untyped      ;
; WRCONTROL_WRADDRESS_REG_B          ; CLOCK1               ; Untyped      ;
; RDCONTROL_REG_B                    ; CLOCK0               ; Untyped      ;
; ADDRESS_REG_B                      ; CLOCK0               ; Untyped      ;
; OUTDATA_REG_B                      ; UNREGISTERED         ; Untyped      ;
; BYTEENA_REG_B                      ; CLOCK1               ; Untyped      ;
; INDATA_ACLR_B                      ; NONE                 ; Untyped      ;
; WRCONTROL_ACLR_B                   ; NONE                 ; Untyped      ;
; ADDRESS_ACLR_B                     ; NONE                 ; Untyped      ;
; OUTDATA_ACLR_B                     ; CLEAR1               ; Untyped      ;
; RDCONTROL_ACLR_B                   ; NONE                 ; Untyped      ;
; BYTEENA_ACLR_B                     ; NONE                 ; Untyped      ;
; WIDTH_BYTEENA_A                    ; 1                    ; Untyped      ;
; WIDTH_BYTEENA_B                    ; 1                    ; Untyped      ;
; RAM_BLOCK_TYPE                     ; AUTO                 ; Untyped      ;
; BYTE_SIZE                          ; 8                    ; Untyped      ;
; READ_DURING_WRITE_MODE_MIXED_PORTS ; OLD_DATA             ; Untyped      ;
; READ_DURING_WRITE_MODE_PORT_A      ; NEW_DATA_NO_NBE_READ ; Untyped      ;
; READ_DURING_WRITE_MODE_PORT_B      ; NEW_DATA_NO_NBE_READ ; Untyped      ;
; INIT_FILE                          ; UNUSED               ; Untyped      ;
; INIT_FILE_LAYOUT                   ; PORT_A               ; Untyped      ;
; MAXIMUM_DEPTH                      ; 0                    ; Untyped      ;
; CLOCK_ENABLE_INPUT_A               ; NORMAL               ; Untyped      ;
; CLOCK_ENABLE_INPUT_B               ; NORMAL               ; Untyped      ;
; CLOCK_ENABLE_OUTPUT_A              ; NORMAL               ; Untyped      ;
; CLOCK_ENABLE_OUTPUT_B              ; NORMAL               ; Untyped      ;
; CLOCK_ENABLE_CORE_A                ; USE_INPUT_CLKEN      ; Untyped      ;
; CLOCK_ENABLE_CORE_B                ; USE_INPUT_CLKEN      ; Untyped      ;
; ENABLE_ECC                         ; FALSE                ; Untyped      ;
; ECC_PIPELINE_STAGE_ENABLED         ; FALSE                ; Untyped      ;
; WIDTH_ECCSTATUS                    ; 3                    ; Untyped      ;
; DEVICE_FAMILY                      ; Cyclone 10 GX        ; Untyped      ;
; CBXI_PARAMETER                     ; altsyncram_4ovl1     ; Untyped      ;
+------------------------------------+----------------------+--------------+


+------------------------------------------------------------------+
; Post-Synthesis Netlist Statistics for Partition "root_partition" ;
+------------------------+-----------------------------------------+
; Type                   ; Count                                   ;
+------------------------+-----------------------------------------+
; boundary_port          ; 43                                      ;
; cyclone10gx_ff         ; 13                                      ;
;     CLR                ; 13                                      ;
; cyclone10gx_lcell_comb ; 19                                      ;
;     normal             ; 19                                      ;
;         3 data inputs  ; 3                                       ;
;         4 data inputs  ; 3                                       ;
;         5 data inputs  ; 6                                       ;
;         6 data inputs  ; 7                                       ;
; cyclone10gx_ram_block  ; 16                                      ;
;                        ;                                         ;
; Number of carry chains ; 0                                       ;
; Max carry chain length ; 0                                       ;
;                        ;                                         ;
; Max LUT depth          ; 2.00                                    ;
; Average LUT depth      ; 0.90                                    ;
+------------------------+-----------------------------------------+


+-----------------------------------------------------------------+
; Synthesis Resource Usage Summary for Partition "root_partition" ;
+---------------------------------------------+-------------------+
; Resource                                    ; Usage             ;
+---------------------------------------------+-------------------+
; Estimate of Logic utilization (ALMs needed) ; 26                ;
;                                             ;                   ;
; Combinational ALUT usage for logic          ; 19                ;
;     -- 7 input functions                    ; 0                 ;
;     -- 6 input functions                    ; 7                 ;
;     -- 5 input functions                    ; 6                 ;
;     -- 4 input functions                    ; 3                 ;
;     -- <=3 input functions                  ; 3                 ;
;                                             ;                   ;
; Dedicated logic registers                   ; 13                ;
;                                             ;                   ;
; I/O pins                                    ; 43                ;
; Total MLAB memory bits                      ; 0                 ;
; Total block memory bits                     ; 256               ;
;                                             ;                   ;
; Total DSP Blocks                            ; 0                 ;
;     -- [A] Total Fixed Point DSP Blocks     ; 0                 ;
;     -- [B] Total Floating Point DSP Blocks  ; 0                 ;
;                                             ;                   ;
; Maximum fan-out node                        ; rst_n             ;
; Maximum fan-out                             ; 30                ;
; Total fan-out                               ; 363               ;
; Average fan-out                             ; 3.99              ;
+---------------------------------------------+-------------------+


+-----------------------------------------------------------------------------------------------------------------------------------------------------------------------------------------------------------------------------------------------------------------------------------------------+
; Synthesis RAM Summary for Partition "root_partition"                                                                                                                                                                                                                                          ;
+-------------------------------------+------+------------------+--------------+--------------+--------------+--------------+--------------+-----------------------------+-----------------------------+-----------------------------+-----------------------------+---------------------+------+
; Name                                ; Type ; Mode             ; Port A Depth ; Port A Width ; Port B Depth ; Port B Width ; Logical Size ; Implementation Port A Depth ; Implementation Port A Width ; Implementation Port B Depth ; Implementation Port B Width ; Implementation Bits ; MIF  ;
+-------------------------------------+------+------------------+--------------+--------------+--------------+--------------+--------------+-----------------------------+-----------------------------+-----------------------------+-----------------------------+---------------------+------+
; mem_rtl_0|auto_generated|ALTSYNCRAM ; AUTO ; Simple Dual Port ; 16           ; 16           ; 16           ; 16           ; 256          ; 16                          ; 16                          ; 16                          ; 16                          ; 256                 ; None ;
+-------------------------------------+------+------------------+--------------+--------------+--------------+--------------+--------------+-----------------------------+-----------------------------+-----------------------------+-----------------------------+---------------------+------+
Note: Logical size represents the size at the time of creation, implementation bits is the size at the end of synthesis. If the number of implementation bits is smaller, some slices have optimized away because they have become redundant.


+--------------------+
; Synthesis Messages ;
+--------------------+
Info: *******************************************************************
Info: Running Quartus Prime Synthesis
    Info: Version 25.3.0 Build 109 09/24/2025 SC Pro Edition
    Info: Processing started: Thu Apr 23 21:26:38 2026
    Info: System process ID: 4484
Info: Command: quartus_syn --read_settings_files=on --write_settings_files=off ring_buffer -c ring_buffer --dni
Info: qis_default_flow_script.tcl version: #2
Info: Initializing Synthesis...
Info: Project = "ring_buffer"
Info: Revision = "ring_buffer"
Info (21958): Initialized Quartus Message Database
Info: Analyzing source files
Info: Elaborating from top-level entity "ring_buffer"
Info (22567): Verilog HDL info at ring_buffer.v(16): extracting RAM for identifier 'mem' File: C:/Users/tcove/OneDrive/Desktop/Projects/CovertEDA-Examples/quartus/ring_buffer/.build/ring_buffer.v Line: 16
Info: Found 1 design entities
Info: There are 1 partitions after elaboration.
Info: DA report generation in native DNI mode
Info (21615): Running Design Assistant Rules for snapshot 'partitioned'
Info: No waiver waived any violations
Info (22360): Design Assistant Results: 3 of 3 enabled rules passed, and 0 rules was disabled, in snapshot 'partitioned'
Info (21622): Design Assistant Results: 0 of 3 Low severity rules issued violations in snapshot 'partitioned'
Info: Synthesizing partition "root_partition"
Info (19000): Inferred 1 megafunctions from design logic
    Info (276029): Inferred altsyncram megafunction from the following design logic: "mem_rtl_0"  File: C:/Users/tcove/OneDrive/Desktop/Projects/CovertEDA-Examples/quartus/ring_buffer/.build/ring_buffer.v Line: 16
        Info (286033): Parameter OPERATION_MODE set to DUAL_PORT
        Info (286033): Parameter WIDTH_A set to 16
        Info (286033): Parameter WIDTHAD_A set to 4
        Info (286033): Parameter NUMWORDS_A set to 16
        Info (286033): Parameter WIDTH_B set to 16
        Info (286033): Parameter WIDTHAD_B set to 4
        Info (286033): Parameter NUMWORDS_B set to 16
        Info (286033): Parameter ADDRESS_ACLR_A set to NONE
        Info (286033): Parameter OUTDATA_REG_B set to UNREGISTERED
        Info (286033): Parameter ADDRESS_ACLR_B set to NONE
        Info (286033): Parameter OUTDATA_ACLR_B set to CLEAR1
        Info (286033): Parameter ADDRESS_REG_B set to CLOCK0
        Info (286033): Parameter INDATA_ACLR_A set to NONE
        Info (286033): Parameter WRCONTROL_ACLR_A set to NONE
        Info (286033): Parameter READ_DURING_WRITE_MODE_MIXED_PORTS set to OLD_DATA
        Info (286033): Parameter RDCONTROL_REG_B set to CLOCK0
Info (21057): Implemented 78 device resources after synthesis - the final resource count might be different
    Info (21058): Implemented 20 input pins
    Info (21059): Implemented 23 output pins
    Info (21061): Implemented 19 logic cells
    Info (21064): Implemented 16 RAM segments
Info: Successfully synthesized partition
Info: Saving post-synthesis snapshots for 1 partition(s)
Info: Quartus Prime Synthesis was successful. 0 errors, 0 warnings
    Info: Peak virtual memory: 804 megabytes
    Info: Processing ended: Thu Apr 23 21:26:47 2026
    Info: Elapsed time: 00:00:09
    Info: System process ID: 4484


