
--- STDERR ---
Info: constrained 'clk' to bel 'X12/Y31/io1'
Info: constrained 'rst_n' to bel 'X13/Y31/io1'
Info: constrained 'pwm0' to bel 'X19/Y31/io0'
Info: constrained 'pwm1' to bel 'X19/Y31/io1'
Info: constrained 'pwm2' to bel 'X18/Y31/io0'
Info: constrained 'pwm3' to bel 'X18/Y31/io1'
Warning: IO 'duty3[7]' is unconstrained in PCF and will be automatically placed
Warning: IO 'duty3[6]' is unconstrained in PCF and will be automatically placed
Warning: IO 'duty3[5]' is unconstrained in PCF and will be automatically placed
Warning: IO 'duty3[4]' is unconstrained in PCF and will be automatically placed
Warning: IO 'duty3[3]' is unconstrained in PCF and will be automatically placed
Warning: IO 'duty3[2]' is unconstrained in PCF and will be automatically placed
Warning: IO 'duty3[1]' is unconstrained in PCF and will be automatically placed
Warning: IO 'duty3[0]' is unconstrained in PCF and will be automatically placed
Warning: IO 'duty2[7]' is unconstrained in PCF and will be automatically placed
Warning: IO 'duty2[6]' is unconstrained in PCF and will be automatically placed
Warning: IO 'duty2[5]' is unconstrained in PCF and will be automatically placed
Warning: IO 'duty2[4]' is unconstrained in PCF and will be automatically placed
Warning: IO 'duty2[3]' is unconstrained in PCF and will be automatically placed
Warning: IO 'duty2[2]' is unconstrained in PCF and will be automatically placed
Warning: IO 'duty2[1]' is unconstrained in PCF and will be automatically placed
Warning: IO 'duty2[0]' is unconstrained in PCF and will be automatically placed
Warning: IO 'duty1[7]' is unconstrained in PCF and will be automatically placed
Warning: IO 'duty1[6]' is unconstrained in PCF and will be automatically placed
Warning: IO 'duty1[5]' is unconstrained in PCF and will be automatically placed
Warning: IO 'duty1[4]' is unconstrained in PCF and will be automatically placed
Warning: IO 'duty1[3]' is unconstrained in PCF and will be automatically placed
Warning: IO 'duty1[2]' is unconstrained in PCF and will be automatically placed
Warning: IO 'duty1[1]' is unconstrained in PCF and will be automatically placed
Warning: IO 'duty1[0]' is unconstrained in PCF and will be automatically placed
Warning: IO 'duty0[7]' is unconstrained in PCF and will be automatically placed
Warning: IO 'duty0[6]' is unconstrained in PCF and will be automatically placed
Warning: IO 'duty0[5]' is unconstrained in PCF and will be automatically placed
Warning: IO 'duty0[4]' is unconstrained in PCF and will be automatically placed
Warning: IO 'duty0[3]' is unconstrained in PCF and will be automatically placed
Warning: IO 'duty0[2]' is unconstrained in PCF and will be automatically placed
Warning: IO 'duty0[1]' is unconstrained in PCF and will be automatically placed
Warning: IO 'duty0[0]' is unconstrained in PCF and will be automatically placed

Info: Packing constants..
Info: Packing IOs..
Info: Packing LUT-FFs..
Info:       37 LCs used as LUT4 only
Info:        8 LCs used as LUT4 and DFF
Info: Packing non-LUT FFs..
Info:        0 LCs used as DFF only
Info: Packing carries..
Info:       33 LCs used as CARRY only
Info: Packing indirect carry+LUT pairs...
Info:       32 LUTs merged into carry LCs
Info: Packing RAMs..
Info: Placing PLLs..
Info: Packing special functions..
Info: Packing PLLs..
Info: Promoting globals..
Info: promoting clk$SB_IO_IN (fanout 8)
Info: Constraining chains...
Info:        1 LCs used to legalise carry chains.
Info: Checksum: 0xac06c3e4

Info: Device utilisation:
Info: 	         ICESTORM_LC:      49/   5280     0%
Info: 	        ICESTORM_RAM:       0/     30     0%
Info: 	               SB_IO:      38/     39    97%
Info: 	               SB_GB:       1/      8    12%
Info: 	        ICESTORM_PLL:       0/      1     0%
Info: 	         SB_WARMBOOT:       0/      1     0%
Info: 	        ICESTORM_DSP:       0/      8     0%
Info: 	      ICESTORM_HFOSC:       0/      1     0%
Info: 	      ICESTORM_LFOSC:       0/      1     0%
Info: 	              SB_I2C:       0/      2     0%
Info: 	              SB_SPI:       0/      2     0%
Info: 	              IO_I3C:       0/      2     0%
Info: 	         SB_LEDDA_IP:       0/      1     0%
Info: 	         SB_RGBA_DRV:       0/      1     0%
Info: 	      ICESTORM_SPRAM:       0/      4     0%

Info: Placed 6 cells based on constraints.
Info: Creating initial analytic placement for 9 cells, random placement wirelen = 1125.
Info:     at initial placer iter 0, wirelen = 892
Info:     at initial placer iter 1, wirelen = 837
Info:     at initial placer iter 2, wirelen = 793
Info:     at initial placer iter 3, wirelen = 759
Info: Running main analytical placer, max placement attempts per cell = 10000.
Info:     at iteration #1, type ICESTORM_LC: wirelen solved = 745, spread = 753, legal = 753; time = 0.00s
Info:     at iteration #1, type SB_GB: wirelen solved = 753, spread = 753, legal = 753; time = 0.00s
Info:     at iteration #1, type ALL: wirelen solved = 735, spread = 756, legal = 758; time = 0.00s
Info: HeAP Placer Time: 0.00s
Info:   of which solving equations: 0.00s
Info:   of which spreading cells: 0.00s
Info:   of which strict legalisation: 0.00s

Info: Running simulated annealing placer for refinement.
Info:   at iteration #1: temp = 0.000000, timing cost = 5, wirelen = 758
Info:   at iteration #5: temp = 0.000000, timing cost = 5, wirelen = 737
Info:   at iteration #10: temp = 0.000000, timing cost = 5, wirelen = 705
Info:   at iteration #13: temp = 0.000000, timing cost = 5, wirelen = 693 
Info: SA placement time 0.01s

Info: Max frequency for clock 'clk$SB_IO_IN_$glb_clk': 155.06 MHz (PASS at 12.00 MHz)

Info: Max delay <async>                       -> <async>                      : 19.57 ns
Info: Max delay <async>                       -> posedge clk$SB_IO_IN_$glb_clk: 9.54 ns
Info: Max delay posedge clk$SB_IO_IN_$glb_clk -> <async>                      : 15.26 ns

Info: Slack histogram:
Info:  legend: * represents 1 endpoint(s)
Info:          + represents [1,1) endpoint(s)
Info: [ 76884,  77008) |* 
Info: [ 77008,  77132) | 
Info: [ 77132,  77256) |* 
Info: [ 77256,  77380) | 
Info: [ 77380,  77504) |* 
Info: [ 77504,  77628) | 
Info: [ 77628,  77752) |** 
Info: [ 77752,  77876) | 
Info: [ 77876,  78000) |** 
Info: [ 78000,  78124) | 
Info: [ 78124,  78248) |* 
Info: [ 78248,  78372) |* 
Info: [ 78372,  78496) |* 
Info: [ 78496,  78620) | 
Info: [ 78620,  78744) | 
Info: [ 78744,  78868) |* 
Info: [ 78868,  78992) | 
Info: [ 78992,  79116) |*** 
Info: [ 79116,  79240) | 
Info: [ 79240,  79364) |* 
Info: Checksum: 0x41178256

Info: Routing..
Info: Setting up routing queue.
Info: Routing 163 arcs.
Info:            |   (re-)routed arcs  |   delta    | remaining|       time spent     |
Info:    IterCnt |  w/ripup   wo/ripup |  w/r  wo/r |      arcs| batch(sec) total(sec)|
Info:        178 |       14        130 |   14   130 |         0|       0.04       0.04|
Info: Routing complete.
Info: Router1 time 0.04s
Info: Checksum: 0x76943e75

Info: Critical path report for clock 'clk$SB_IO_IN_$glb_clk' (posedge -> posedge):
Info:       type curr  total name
Info:   clk-to-q  1.39  1.39 Source pwm2_SB_LUT4_O_I3_SB_CARRY_CO_CI_SB_CARRY_CO_CI_SB_CARRY_CO_CI_SB_CARRY_CO_CI_SB_CARRY_CO_CI_SB_CARRY_CO_CI_SB_CARRY_CO_CI_SB_CARRY_CO_I0_SB_LUT4_I3_LC.O
Info:    routing  1.76  3.15 Net pwm2_SB_LUT4_O_I3_SB_CARRY_CO_CI_SB_CARRY_CO_CI_SB_CARRY_CO_CI_SB_CARRY_CO_CI_SB_CARRY_CO_CI_SB_CARRY_CO_CI_SB_CARRY_CO_CI_SB_CARRY_CO_I0 (13,2) -> (12,2)
Info:                          Sink $nextpnr_ICESTORM_LC_0.I1
Info:                          Defined in:
Info:                               pwm_multi.v:24.24-24.38
Info:                               C:\OSS-CA~1\OSS-CA~1\bin\../share/yosys/ice40/arith_map.v:62.5-70.4
Info:                               C:\OSS-CA~1\OSS-CA~1\bin\../share/yosys/ice40/cells_map.v:6.21-6.22
Info:      logic  0.68  3.83 Source $nextpnr_ICESTORM_LC_0.COUT
Info:    routing  0.00  3.83 Net $nextpnr_ICESTORM_LC_0$O (12,2) -> (12,2)
Info:                          Sink pwm2_SB_LUT4_O_I3_SB_CARRY_CO_CI_SB_CARRY_CO_CI_SB_CARRY_CO_CI_SB_CARRY_CO_CI_SB_CARRY_CO_CI_SB_CARRY_CO_I0_SB_CARRY_CO$CARRY.CIN
Info:      logic  0.28  4.10 Source pwm2_SB_LUT4_O_I3_SB_CARRY_CO_CI_SB_CARRY_CO_CI_SB_CARRY_CO_CI_SB_CARRY_CO_CI_SB_CARRY_CO_CI_SB_CARRY_CO_I0_SB_CARRY_CO$CARRY.COUT
Info:    routing  0.00  4.10 Net pwm2_SB_LUT4_O_I3_SB_CARRY_CO_CI_SB_CARRY_CO_CI_SB_CARRY_CO_CI_SB_CARRY_CO_CI_SB_CARRY_CO_CI_SB_CARRY_CO_I0[3] (12,2) -> (12,2)
Info:                          Sink pwm2_SB_LUT4_O_I3_SB_CARRY_CO_CI_SB_CARRY_CO_CI_SB_CARRY_CO_CI_SB_CARRY_CO_CI_SB_CARRY_CO_CI_SB_CARRY_CO_I0_SB_LUT4_I3_LC.CIN
Info:                          Defined in:
Info:                               pwm_multi.v:24.24-24.38
Info:                               C:\OSS-CA~1\OSS-CA~1\bin\../share/yosys/ice40/arith_map.v:62.5-70.4
Info:                               C:\OSS-CA~1\OSS-CA~1\bin\../share/yosys/ice40/cells_map.v:6.21-6.22
Info:      logic  0.28  4.38 Source pwm2_SB_LUT4_O_I3_SB_CARRY_CO_CI_SB_CARRY_CO_CI_SB_CARRY_CO_CI_SB_CARRY_CO_CI_SB_CARRY_CO_CI_SB_CARRY_CO_I0_SB_LUT4_I3_LC.COUT
Info:    routing  0.00  4.38 Net pwm2_SB_LUT4_O_I3_SB_CARRY_CO_CI_SB_CARRY_CO_CI_SB_CARRY_CO_CI_SB_CARRY_CO_CI_SB_CARRY_CO_I0[3] (12,2) -> (12,2)
Info:                          Sink pwm2_SB_LUT4_O_I3_SB_CARRY_CO_CI_SB_CARRY_CO_CI_SB_CARRY_CO_CI_SB_CARRY_CO_CI_SB_CARRY_CO_I0_SB_LUT4_I3_LC.CIN
Info:                          Defined in:
Info:                               pwm_multi.v:24.24-24.38
Info:                               C:\OSS-CA~1\OSS-CA~1\bin\../share/yosys/ice40/arith_map.v:62.5-70.4
Info:                               C:\OSS-CA~1\OSS-CA~1\bin\../share/yosys/ice40/cells_map.v:6.21-6.22
Info:      logic  0.28  4.66 Source pwm2_SB_LUT4_O_I3_SB_CARRY_CO_CI_SB_CARRY_CO_CI_SB_CARRY_CO_CI_SB_CARRY_CO_CI_SB_CARRY_CO_I0_SB_LUT4_I3_LC.COUT
Info:    routing  0.00  4.66 Net pwm3_SB_LUT4_O_I3_SB_CARRY_CO_CI_SB_CARRY_CO_CI_SB_CARRY_CO_CI_SB_CARRY_CO_I0[3] (12,2) -> (12,2)
Info:                          Sink pwm3_SB_LUT4_O_I3_SB_CARRY_CO_CI_SB_CARRY_CO_CI_SB_CARRY_CO_CI_SB_CARRY_CO_I0_SB_LUT4_I3_LC.CIN
Info:                          Defined in:
Info:                               pwm_multi.v:24.24-24.38
Info:                               C:\OSS-CA~1\OSS-CA~1\bin\../share/yosys/ice40/arith_map.v:62.5-70.4
Info:                               C:\OSS-CA~1\OSS-CA~1\bin\../share/yosys/ice40/cells_map.v:6.21-6.22
Info:      logic  0.28  4.94 Source pwm3_SB_LUT4_O_I3_SB_CARRY_CO_CI_SB_CARRY_CO_CI_SB_CARRY_CO_CI_SB_CARRY_CO_I0_SB_LUT4_I3_LC.COUT
Info:    routing  0.00  4.94 Net pwm1_SB_LUT4_O_I3_SB_CARRY_CO_CI_SB_CARRY_CO_CI_SB_CARRY_CO_I0[3] (12,2) -> (12,2)
Info:                          Sink pwm1_SB_LUT4_O_I3_SB_CARRY_CO_CI_SB_CARRY_CO_CI_SB_CARRY_CO_I0_SB_LUT4_I3_LC.CIN
Info:                          Defined in:
Info:                               pwm_multi.v:24.24-24.38
Info:                               C:\OSS-CA~1\OSS-CA~1\bin\../share/yosys/ice40/arith_map.v:62.5-70.4
Info:                               C:\OSS-CA~1\OSS-CA~1\bin\../share/yosys/ice40/cells_map.v:6.21-6.22
Info:      logic  0.28  5.22 Source pwm1_SB_LUT4_O_I3_SB_CARRY_CO_CI_SB_CARRY_CO_CI_SB_CARRY_CO_I0_SB_LUT4_I3_LC.COUT
Info:    routing  0.00  5.22 Net pwm1_SB_LUT4_O_I3_SB_CARRY_CO_CI_SB_CARRY_CO_CI_SB_CARRY_CO_I0_SB_CARRY_CI_CO (12,2) -> (12,2)
Info:                          Sink pwm2_SB_LUT4_O_I3_SB_CARRY_CO_CI_SB_CARRY_CO_I0_SB_LUT4_I2_LC.CIN
Info:                          Defined in:
Info:                               pwm_multi.v:24.24-24.38
Info:                               C:\OSS-CA~1\OSS-CA~1\bin\../share/yosys/ice40/arith_map.v:62.5-70.4
Info:                               C:\OSS-CA~1\OSS-CA~1\bin\../share/yosys/ice40/cells_map.v:6.21-6.22
Info:      logic  0.28  5.49 Source pwm2_SB_LUT4_O_I3_SB_CARRY_CO_CI_SB_CARRY_CO_I0_SB_LUT4_I2_LC.COUT
Info:    routing  0.66  6.16 Net pwm0_SB_LUT4_O_I3_SB_CARRY_CO_I0[3] (12,2) -> (12,2)
Info:                          Sink pwm0_SB_LUT4_O_I3_SB_CARRY_CO_I0_SB_LUT4_I2_LC.I3
Info:                          Defined in:
Info:                               pwm_multi.v:24.24-24.38
Info:                               C:\OSS-CA~1\OSS-CA~1\bin\../share/yosys/ice40/arith_map.v:62.5-70.4
Info:                               C:\OSS-CA~1\OSS-CA~1\bin\../share/yosys/ice40/abc9_model.v:4.9-4.11
Info:      setup  0.82  6.98 Source pwm0_SB_LUT4_O_I3_SB_CARRY_CO_I0_SB_LUT4_I2_LC.I3
Info: 4.56 ns logic, 2.42 ns routing

Info: Critical path report for cross-domain path '<async>' -> '<async>':
Info:       type curr  total name
Info:     source  0.00  0.00 Source duty0[0]$sb_io.D_IN_0
Info:    routing  6.26  6.26 Net duty0[0]$SB_IO_IN (9,31) -> (11,3)
Info:                          Sink pwm0_SB_LUT4_O_I3_SB_CARRY_CO_CI_SB_CARRY_CO_CI_SB_CARRY_CO_CI_SB_CARRY_CO_CI_SB_CARRY_CO_CI_SB_CARRY_CO_CI_SB_CARRY_CO_CI_SB_CARRY_CO$CARRY.I3
Info:                          Defined in:
Info:                               pwm_multi.v:8.18-8.23
Info:      logic  0.87  7.14 Source pwm0_SB_LUT4_O_I3_SB_CARRY_CO_CI_SB_CARRY_CO_CI_SB_CARRY_CO_CI_SB_CARRY_CO_CI_SB_CARRY_CO_CI_SB_CARRY_CO_CI_SB_CARRY_CO_CI_SB_CARRY_CO$CARRY.O
Info:    routing  1.76  8.90 Net pwm0_SB_LUT4_O_I3_SB_CARRY_CO_CI_SB_CARRY_CO_CI_SB_CARRY_CO_CI_SB_CARRY_CO_CI_SB_CARRY_CO_CI_SB_CARRY_CO_CI_SB_CARRY_CO_CI_SB_CARRY_CO_I1 (11,3) -> (11,3)
Info:                          Sink pwm0_SB_LUT4_O_I3_SB_CARRY_CO_CI_SB_CARRY_CO_CI_SB_CARRY_CO_CI_SB_CARRY_CO_CI_SB_CARRY_CO_CI_SB_CARRY_CO_CI_SB_CARRY_CO_CI_SB_CARRY_CO$CARRY.I2
Info:      logic  0.61  9.51 Source pwm0_SB_LUT4_O_I3_SB_CARRY_CO_CI_SB_CARRY_CO_CI_SB_CARRY_CO_CI_SB_CARRY_CO_CI_SB_CARRY_CO_CI_SB_CARRY_CO_CI_SB_CARRY_CO_CI_SB_CARRY_CO$CARRY.COUT
Info:    routing  0.00  9.51 Net pwm0_SB_LUT4_O_I3_SB_CARRY_CO_CI_SB_CARRY_CO_CI_SB_CARRY_CO_CI_SB_CARRY_CO_CI_SB_CARRY_CO_CI_SB_CARRY_CO_CI_SB_CARRY_CO_CI (11,3) -> (11,3)
Info:                          Sink pwm0_SB_LUT4_O_I3_SB_CARRY_CO_CI_SB_CARRY_CO_CI_SB_CARRY_CO_CI_SB_CARRY_CO_CI_SB_CARRY_CO_CI_SB_CARRY_CO_CI_SB_CARRY_CO$CARRY.CIN
Info:                          Defined in:
Info:                               pwm_multi.v:27.20-27.35
Info:                               C:\OSS-CA~1\OSS-CA~1\bin\../share/yosys/ice40/arith_map.v:62.5-70.4
Info:                               C:\OSS-CA~1\OSS-CA~1\bin\../share/yosys/ice40/abc9_model.v:4.9-4.11
Info:      logic  0.28  9.78 Source pwm0_SB_LUT4_O_I3_SB_CARRY_CO_CI_SB_CARRY_CO_CI_SB_CARRY_CO_CI_SB_CARRY_CO_CI_SB_CARRY_CO_CI_SB_CARRY_CO_CI_SB_CARRY_CO$CARRY.COUT
Info:    routing  0.00  9.78 Net pwm0_SB_LUT4_O_I3_SB_CARRY_CO_CI_SB_CARRY_CO_CI_SB_CARRY_CO_CI_SB_CARRY_CO_CI_SB_CARRY_CO_CI_SB_CARRY_CO_CI (11,3) -> (11,3)
Info:                          Sink pwm0_SB_LUT4_O_I3_SB_CARRY_CO_CI_SB_CARRY_CO_CI_SB_CARRY_CO_CI_SB_CARRY_CO_CI_SB_CARRY_CO_CI_SB_CARRY_CO$CARRY.CIN
Info:                          Defined in:
Info:                               pwm_multi.v:27.20-27.35
Info:                               C:\OSS-CA~1\OSS-CA~1\bin\../share/yosys/ice40/arith_map.v:62.5-70.4
Info:                               C:\OSS-CA~1\OSS-CA~1\bin\../share/yosys/ice40/abc9_model.v:4.9-4.11
Info:      logic  0.28  10.06 Source pwm0_SB_LUT4_O_I3_SB_CARRY_CO_CI_SB_CARRY_CO_CI_SB_CARRY_CO_CI_SB_CARRY_CO_CI_SB_CARRY_CO_CI_SB_CARRY_CO$CARRY.COUT
Info:    routing  0.00  10.06 Net pwm0_SB_LUT4_O_I3_SB_CARRY_CO_CI_SB_CARRY_CO_CI_SB_CARRY_CO_CI_SB_CARRY_CO_CI_SB_CARRY_CO_CI (11,3) -> (11,3)
Info:                          Sink pwm0_SB_LUT4_O_I3_SB_CARRY_CO_CI_SB_CARRY_CO_CI_SB_CARRY_CO_CI_SB_CARRY_CO_CI_SB_CARRY_CO$CARRY.CIN
Info:                          Defined in:
Info:                               pwm_multi.v:27.20-27.35
Info:                               C:\OSS-CA~1\OSS-CA~1\bin\../share/yosys/ice40/arith_map.v:62.5-70.4
Info:                               C:\OSS-CA~1\OSS-CA~1\bin\../share/yosys/ice40/abc9_model.v:4.9-4.11
Info:      logic  0.28  10.34 Source pwm0_SB_LUT4_O_I3_SB_CARRY_CO_CI_SB_CARRY_CO_CI_SB_CARRY_CO_CI_SB_CARRY_CO_CI_SB_CARRY_CO$CARRY.COUT
Info:    routing  0.00  10.34 Net pwm0_SB_LUT4_O_I3_SB_CARRY_CO_CI_SB_CARRY_CO_CI_SB_CARRY_CO_CI_SB_CARRY_CO_CI (11,3) -> (11,3)
Info:                          Sink pwm0_SB_LUT4_O_I3_SB_CARRY_CO_CI_SB_CARRY_CO_CI_SB_CARRY_CO_CI_SB_CARRY_CO$CARRY.CIN
Info:                          Defined in:
Info:                               pwm_multi.v:27.20-27.35
Info:                               C:\OSS-CA~1\OSS-CA~1\bin\../share/yosys/ice40/arith_map.v:62.5-70.4
Info:                               C:\OSS-CA~1\OSS-CA~1\bin\../share/yosys/ice40/abc9_model.v:4.9-4.11
Info:      logic  0.28  10.62 Source pwm0_SB_LUT4_O_I3_SB_CARRY_CO_CI_SB_CARRY_CO_CI_SB_CARRY_CO_CI_SB_CARRY_CO$CARRY.COUT
Info:    routing  0.00  10.62 Net pwm0_SB_LUT4_O_I3_SB_CARRY_CO_CI_SB_CARRY_CO_CI_SB_CARRY_CO_CI (11,3) -> (11,3)
Info:                          Sink pwm0_SB_LUT4_O_I3_SB_CARRY_CO_CI_SB_CARRY_CO_CI_SB_CARRY_CO$CARRY.CIN
Info:                          Defined in:
Info:                               pwm_multi.v:27.20-27.35
Info:                               C:\OSS-CA~1\OSS-CA~1\bin\../share/yosys/ice40/arith_map.v:62.5-70.4
Info:                               C:\OSS-CA~1\OSS-CA~1\bin\../share/yosys/ice40/abc9_model.v:4.9-4.11
Info:      logic  0.28  10.90 Source pwm0_SB_LUT4_O_I3_SB_CARRY_CO_CI_SB_CARRY_CO_CI_SB_CARRY_CO$CARRY.COUT
Info:    routing  0.00  10.90 Net pwm0_SB_LUT4_O_I3_SB_CARRY_CO_CI_SB_CARRY_CO_CI (11,3) -> (11,3)
Info:                          Sink pwm0_SB_LUT4_O_I3_SB_CARRY_CO_CI_SB_CARRY_CO$CARRY.CIN
Info:                          Defined in:
Info:                               pwm_multi.v:27.20-27.35
Info:                               C:\OSS-CA~1\OSS-CA~1\bin\../share/yosys/ice40/arith_map.v:62.5-70.4
Info:                               C:\OSS-CA~1\OSS-CA~1\bin\../share/yosys/ice40/abc9_model.v:4.9-4.11
Info:      logic  0.28  11.17 Source pwm0_SB_LUT4_O_I3_SB_CARRY_CO_CI_SB_CARRY_CO$CARRY.COUT
Info:    routing  0.00  11.17 Net pwm0_SB_LUT4_O_I3_SB_CARRY_CO_CI (11,3) -> (11,3)
Info:                          Sink pwm0_SB_LUT4_O_I3_SB_CARRY_CO$CARRY.CIN
Info:                          Defined in:
Info:                               pwm_multi.v:27.20-27.35
Info:                               C:\OSS-CA~1\OSS-CA~1\bin\../share/yosys/ice40/arith_map.v:62.5-70.4
Info:                               C:\OSS-CA~1\OSS-CA~1\bin\../share/yosys/ice40/abc9_model.v:4.9-4.11
Info:      logic  0.28  11.45 Source pwm0_SB_LUT4_O_I3_SB_CARRY_CO$CARRY.COUT
Info:    routing  1.22  12.67 Net pwm0_SB_LUT4_O_I3 (11,3) -> (11,4)
Info:                          Sink pwm0_SB_LUT4_O_LC.I3
Info:                          Defined in:
Info:                               C:\OSS-CA~1\OSS-CA~1\bin\../share/yosys/ice40/cells_map.v:6.21-6.22
Info:      logic  0.87  13.54 Source pwm0_SB_LUT4_O_LC.O
Info:    routing  7.38  20.93 Net pwm0$SB_IO_OUT (11,4) -> (19,31)
Info:                          Sink pwm0$sb_io.D_OUT_0
Info:                          Defined in:
Info:                               pwm_multi.v:12.18-12.22
Info: 4.30 ns logic, 16.62 ns routing

Info: Critical path report for cross-domain path '<async>' -> 'posedge clk$SB_IO_IN_$glb_clk':
Info:       type curr  total name
Info:     source  0.00  0.00 Source rst_n$sb_io.D_IN_0
Info:    routing  2.99  2.99 Net rst_n$SB_IO_IN (13,31) -> (13,24)
Info:                          Sink rst_n_SB_LUT4_I3_LC.I3
Info:                          Defined in:
Info:                               pwm_multi.v:7.18-7.23
Info:      logic  0.87  3.87 Source rst_n_SB_LUT4_I3_LC.O
Info:    routing  5.62  9.49 Net rst_n_SB_LUT4_I3_O (13,24) -> (12,3)
Info:                          Sink pwm2_SB_LUT4_O_I3_SB_CARRY_CO_CI_SB_CARRY_CO_CI_SB_CARRY_CO_CI_SB_CARRY_CO_CI_SB_CARRY_CO_CI_SB_CARRY_CO_CI_SB_CARRY_CO_I0_SB_LUT4_I2_LC.SR
Info:      setup  0.10  9.59 Source pwm2_SB_LUT4_O_I3_SB_CARRY_CO_CI_SB_CARRY_CO_CI_SB_CARRY_CO_CI_SB_CARRY_CO_CI_SB_CARRY_CO_CI_SB_CARRY_CO_CI_SB_CARRY_CO_I0_SB_LUT4_I2_LC.SR
Info: 0.97 ns logic, 8.61 ns routing

Info: Critical path report for cross-domain path 'posedge clk$SB_IO_IN_$glb_clk' -> '<async>':
Info:       type curr  total name
Info:   clk-to-q  1.39  1.39 Source pwm2_SB_LUT4_O_I3_SB_CARRY_CO_CI_SB_CARRY_CO_CI_SB_CARRY_CO_CI_SB_CARRY_CO_CI_SB_CARRY_CO_CI_SB_CARRY_CO_CI_SB_CARRY_CO_CI_SB_CARRY_CO_I0_SB_LUT4_I3_LC.O
Info:    routing  2.95  4.34 Net pwm2_SB_LUT4_O_I3_SB_CARRY_CO_CI_SB_CARRY_CO_CI_SB_CARRY_CO_CI_SB_CARRY_CO_CI_SB_CARRY_CO_CI_SB_CARRY_CO_CI_SB_CARRY_CO_CI_SB_CARRY_CO_I0 (13,2) -> (9,3)
Info:                          Sink pwm2_SB_LUT4_O_I3_SB_CARRY_CO_CI_SB_CARRY_CO_CI_SB_CARRY_CO_CI_SB_CARRY_CO_CI_SB_CARRY_CO_CI_SB_CARRY_CO_CI_SB_CARRY_CO_CI_SB_CARRY_CO$CARRY.I1
Info:                          Defined in:
Info:                               pwm_multi.v:24.24-24.38
Info:                               C:\OSS-CA~1\OSS-CA~1\bin\../share/yosys/ice40/arith_map.v:62.5-70.4
Info:                               C:\OSS-CA~1\OSS-CA~1\bin\../share/yosys/ice40/cells_map.v:6.21-6.22
Info:      logic  0.68  5.02 Source pwm2_SB_LUT4_O_I3_SB_CARRY_CO_CI_SB_CARRY_CO_CI_SB_CARRY_CO_CI_SB_CARRY_CO_CI_SB_CARRY_CO_CI_SB_CARRY_CO_CI_SB_CARRY_CO_CI_SB_CARRY_CO$CARRY.COUT
Info:    routing  0.00  5.02 Net pwm2_SB_LUT4_O_I3_SB_CARRY_CO_CI_SB_CARRY_CO_CI_SB_CARRY_CO_CI_SB_CARRY_CO_CI_SB_CARRY_CO_CI_SB_CARRY_CO_CI_SB_CARRY_CO_CI (9,3) -> (9,3)
Info:                          Sink pwm2_SB_LUT4_O_I3_SB_CARRY_CO_CI_SB_CARRY_CO_CI_SB_CARRY_CO_CI_SB_CARRY_CO_CI_SB_CARRY_CO_CI_SB_CARRY_CO_CI_SB_CARRY_CO$CARRY.CIN
Info:                          Defined in:
Info:                               pwm_multi.v:29.20-29.35
Info:                               C:\OSS-CA~1\OSS-CA~1\bin\../share/yosys/ice40/arith_map.v:62.5-70.4
Info:                               C:\OSS-CA~1\OSS-CA~1\bin\../share/yosys/ice40/abc9_model.v:4.9-4.11
Info:      logic  0.28  5.30 Source pwm2_SB_LUT4_O_I3_SB_CARRY_CO_CI_SB_CARRY_CO_CI_SB_CARRY_CO_CI_SB_CARRY_CO_CI_SB_CARRY_CO_CI_SB_CARRY_CO_CI_SB_CARRY_CO$CARRY.COUT
Info:    routing  0.00  5.30 Net pwm2_SB_LUT4_O_I3_SB_CARRY_CO_CI_SB_CARRY_CO_CI_SB_CARRY_CO_CI_SB_CARRY_CO_CI_SB_CARRY_CO_CI_SB_CARRY_CO_CI (9,3) -> (9,3)
Info:                          Sink pwm2_SB_LUT4_O_I3_SB_CARRY_CO_CI_SB_CARRY_CO_CI_SB_CARRY_CO_CI_SB_CARRY_CO_CI_SB_CARRY_CO_CI_SB_CARRY_CO$CARRY.CIN
Info:                          Defined in:
Info:                               pwm_multi.v:29.20-29.35
Info:                               C:\OSS-CA~1\OSS-CA~1\bin\../share/yosys/ice40/arith_map.v:62.5-70.4
Info:                               C:\OSS-CA~1\OSS-CA~1\bin\../share/yosys/ice40/abc9_model.v:4.9-4.11
Info:      logic  0.28  5.57 Source pwm2_SB_LUT4_O_I3_SB_CARRY_CO_CI_SB_CARRY_CO_CI_SB_CARRY_CO_CI_SB_CARRY_CO_CI_SB_CARRY_CO_CI_SB_CARRY_CO$CARRY.COUT
Info:    routing  0.00  5.57 Net pwm2_SB_LUT4_O_I3_SB_CARRY_CO_CI_SB_CARRY_CO_CI_SB_CARRY_CO_CI_SB_CARRY_CO_CI_SB_CARRY_CO_CI (9,3) -> (9,3)
Info:                          Sink pwm2_SB_LUT4_O_I3_SB_CARRY_CO_CI_SB_CARRY_CO_CI_SB_CARRY_CO_CI_SB_CARRY_CO_CI_SB_CARRY_CO$CARRY.CIN
Info:                          Defined in:
Info:                               pwm_multi.v:29.20-29.35
Info:                               C:\OSS-CA~1\OSS-CA~1\bin\../share/yosys/ice40/arith_map.v:62.5-70.4
Info:                               C:\OSS-CA~1\OSS-CA~1\bin\../share/yosys/ice40/abc9_model.v:4.9-4.11
Info:      logic  0.28  5.85 Source pwm2_SB_LUT4_O_I3_SB_CARRY_CO_CI_SB_CARRY_CO_CI_SB_CARRY_CO_CI_SB_CARRY_CO_CI_SB_CARRY_CO$CARRY.COUT
Info:    routing  0.00  5.85 Net pwm2_SB_LUT4_O_I3_SB_CARRY_CO_CI_SB_CARRY_CO_CI_SB_CARRY_CO_CI_SB_CARRY_CO_CI (9,3) -> (9,3)
Info:                          Sink pwm2_SB_LUT4_O_I3_SB_CARRY_CO_CI_SB_CARRY_CO_CI_SB_CARRY_CO_CI_SB_CARRY_CO$CARRY.CIN
Info:                          Defined in:
Info:                               pwm_multi.v:29.20-29.35
Info:                               C:\OSS-CA~1\OSS-CA~1\bin\../share/yosys/ice40/arith_map.v:62.5-70.4
Info:                               C:\OSS-CA~1\OSS-CA~1\bin\../share/yosys/ice40/abc9_model.v:4.9-4.11
Info:      logic  0.28  6.13 Source pwm2_SB_LUT4_O_I3_SB_CARRY_CO_CI_SB_CARRY_CO_CI_SB_CARRY_CO_CI_SB_CARRY_CO$CARRY.COUT
Info:    routing  0.00  6.13 Net pwm2_SB_LUT4_O_I3_SB_CARRY_CO_CI_SB_CARRY_CO_CI_SB_CARRY_CO_CI (9,3) -> (9,3)
Info:                          Sink pwm2_SB_LUT4_O_I3_SB_CARRY_CO_CI_SB_CARRY_CO_CI_SB_CARRY_CO$CARRY.CIN
Info:                          Defined in:
Info:                               pwm_multi.v:29.20-29.35
Info:                               C:\OSS-CA~1\OSS-CA~1\bin\../share/yosys/ice40/arith_map.v:62.5-70.4
Info:                               C:\OSS-CA~1\OSS-CA~1\bin\../share/yosys/ice40/abc9_model.v:4.9-4.11
Info:      logic  0.28  6.41 Source pwm2_SB_LUT4_O_I3_SB_CARRY_CO_CI_SB_CARRY_CO_CI_SB_CARRY_CO$CARRY.COUT
Info:    routing  0.00  6.41 Net pwm2_SB_LUT4_O_I3_SB_CARRY_CO_CI_SB_CARRY_CO_CI (9,3) -> (9,3)
Info:                          Sink pwm2_SB_LUT4_O_I3_SB_CARRY_CO_CI_SB_CARRY_CO$CARRY.CIN
Info:                          Defined in:
Info:                               pwm_multi.v:29.20-29.35
Info:                               C:\OSS-CA~1\OSS-CA~1\bin\../share/yosys/ice40/arith_map.v:62.5-70.4
Info:                               C:\OSS-CA~1\OSS-CA~1\bin\../share/yosys/ice40/abc9_model.v:4.9-4.11
Info:      logic  0.28  6.68 Source pwm2_SB_LUT4_O_I3_SB_CARRY_CO_CI_SB_CARRY_CO$CARRY.COUT
Info:    routing  0.00  6.68 Net pwm2_SB_LUT4_O_I3_SB_CARRY_CO_CI (9,3) -> (9,3)
Info:                          Sink pwm2_SB_LUT4_O_I3_SB_CARRY_CO$CARRY.CIN
Info:                          Defined in:
Info:                               pwm_multi.v:29.20-29.35
Info:                               C:\OSS-CA~1\OSS-CA~1\bin\../share/yosys/ice40/arith_map.v:62.5-70.4
Info:                               C:\OSS-CA~1\OSS-CA~1\bin\../share/yosys/ice40/abc9_model.v:4.9-4.11
Info:      logic  0.28  6.96 Source pwm2_SB_LUT4_O_I3_SB_CARRY_CO$CARRY.COUT
Info:    routing  1.22  8.18 Net pwm2_SB_LUT4_O_I3 (9,3) -> (9,4)
Info:                          Sink pwm2_SB_LUT4_O_LC.I3
Info:                          Defined in:
Info:                               C:\OSS-CA~1\OSS-CA~1\bin\../share/yosys/ice40/cells_map.v:6.21-6.22
Info:      logic  0.87  9.06 Source pwm2_SB_LUT4_O_LC.O
Info:    routing  7.60  16.65 Net pwm2$SB_IO_OUT (9,4) -> (18,31)
Info:                          Sink pwm2$sb_io.D_OUT_0
Info:                          Defined in:
Info:                               pwm_multi.v:14.18-14.22
Info: 4.89 ns logic, 11.77 ns routing

Info: Max frequency for clock 'clk$SB_IO_IN_$glb_clk': 143.27 MHz (PASS at 12.00 MHz)

Info: Max delay <async>                       -> <async>                      : 20.93 ns
Info: Max delay <async>                       -> posedge clk$SB_IO_IN_$glb_clk: 9.59 ns
Info: Max delay posedge clk$SB_IO_IN_$glb_clk -> <async>                      : 16.65 ns

Info: Slack histogram:
Info:  legend: * represents 1 endpoint(s)
Info:          + represents [1,1) endpoint(s)
Info: [ 76353,  76504) |* 
Info: [ 76504,  76655) |* 
Info: [ 76655,  76806) | 
Info: [ 76806,  76957) |* 
Info: [ 76957,  77108) |* 
Info: [ 77108,  77259) |** 
Info: [ 77259,  77410) | 
Info: [ 77410,  77561) |** 
Info: [ 77561,  77712) | 
Info: [ 77712,  77863) |** 
Info: [ 77863,  78014) | 
Info: [ 78014,  78165) |* 
Info: [ 78165,  78316) | 
Info: [ 78316,  78467) | 
Info: [ 78467,  78618) | 
Info: [ 78618,  78769) | 
Info: [ 78769,  78920) | 
Info: [ 78920,  79071) |** 
Info: [ 79071,  79222) | 
Info: [ 79222,  79373) |** 
32 warnings, 0 errors

Info: Program finished normally.
