
--- STDERR ---
Info: constrained 'clk' to bel 'X12/Y31/io1'
Info: constrained 'rst_n' to bel 'X13/Y31/io1'
Info: constrained 'led_r' to bel 'X4/Y31/io0'
Info: constrained 'led_g' to bel 'X5/Y31/io0'
Info: constrained 'led_b' to bel 'X6/Y31/io0'
Warning: IO 'red[7]' is unconstrained in PCF and will be automatically placed
Warning: IO 'red[6]' is unconstrained in PCF and will be automatically placed
Warning: IO 'red[5]' is unconstrained in PCF and will be automatically placed
Warning: IO 'red[4]' is unconstrained in PCF and will be automatically placed
Warning: IO 'red[3]' is unconstrained in PCF and will be automatically placed
Warning: IO 'red[2]' is unconstrained in PCF and will be automatically placed
Warning: IO 'red[1]' is unconstrained in PCF and will be automatically placed
Warning: IO 'red[0]' is unconstrained in PCF and will be automatically placed
Warning: IO 'green[7]' is unconstrained in PCF and will be automatically placed
Warning: IO 'green[6]' is unconstrained in PCF and will be automatically placed
Warning: IO 'green[5]' is unconstrained in PCF and will be automatically placed
Warning: IO 'green[4]' is unconstrained in PCF and will be automatically placed
Warning: IO 'green[3]' is unconstrained in PCF and will be automatically placed
Warning: IO 'green[2]' is unconstrained in PCF and will be automatically placed
Warning: IO 'green[1]' is unconstrained in PCF and will be automatically placed
Warning: IO 'green[0]' is unconstrained in PCF and will be automatically placed
Warning: IO 'breathe_en' is unconstrained in PCF and will be automatically placed
Warning: IO 'blue[7]' is unconstrained in PCF and will be automatically placed
Warning: IO 'blue[6]' is unconstrained in PCF and will be automatically placed
Warning: IO 'blue[5]' is unconstrained in PCF and will be automatically placed
Warning: IO 'blue[4]' is unconstrained in PCF and will be automatically placed
Warning: IO 'blue[3]' is unconstrained in PCF and will be automatically placed
Warning: IO 'blue[2]' is unconstrained in PCF and will be automatically placed
Warning: IO 'blue[1]' is unconstrained in PCF and will be automatically placed
Warning: IO 'blue[0]' is unconstrained in PCF and will be automatically placed

Info: Packing constants..
Info: Packing IOs..
Info: Packing LUT-FFs..
Info:      486 LCs used as LUT4 only
Info:       33 LCs used as LUT4 and DFF
Info: Packing non-LUT FFs..
Info:        0 LCs used as DFF only
Info: Packing carries..
Info:       42 LCs used as CARRY only
Info: Packing indirect carry+LUT pairs...
Info:        7 LUTs merged into carry LCs
Info: Packing RAMs..
Info: Placing PLLs..
Info: Packing special functions..
Info: Packing PLLs..
Info: Promoting globals..
Info: promoting clk$SB_IO_IN (fanout 33)
Info: promoting rst_n_SB_LUT4_I3_O [reset] (fanout 33)
Info: Constraining chains...
Info:        4 LCs used to legalise carry chains.
Info: Checksum: 0xd0e637e2

Info: Device utilisation:
Info: 	         ICESTORM_LC:     560/   5280    10%
Info: 	        ICESTORM_RAM:       0/     30     0%
Info: 	               SB_IO:      30/     39    76%
Info: 	               SB_GB:       2/      8    25%
Info: 	        ICESTORM_PLL:       0/      1     0%
Info: 	         SB_WARMBOOT:       0/      1     0%
Info: 	        ICESTORM_DSP:       0/      8     0%
Info: 	      ICESTORM_HFOSC:       0/      1     0%
Info: 	      ICESTORM_LFOSC:       0/      1     0%
Info: 	              SB_I2C:       0/      2     0%
Info: 	              SB_SPI:       0/      2     0%
Info: 	              IO_I3C:       0/      2     0%
Info: 	         SB_LEDDA_IP:       0/      1     0%
Info: 	         SB_RGBA_DRV:       0/      1     0%
Info: 	      ICESTORM_SPRAM:       0/      4     0%

Info: Placed 5 cells based on constraints.
Info: Creating initial analytic placement for 465 cells, random placement wirelen = 13573.
Info:     at initial placer iter 0, wirelen = 743
Info:     at initial placer iter 1, wirelen = 714
Info:     at initial placer iter 2, wirelen = 693
Info:     at initial placer iter 3, wirelen = 726
Info: Running main analytical placer, max placement attempts per cell = 43808.
Info:     at iteration #1, type ALL: wirelen solved = 694, spread = 2405, legal = 2489; time = 0.01s
Info:     at iteration #2, type ALL: wirelen solved = 840, spread = 1837, legal = 1897; time = 0.01s
Info:     at iteration #3, type ALL: wirelen solved = 927, spread = 1792, legal = 1900; time = 0.01s
Info:     at iteration #4, type ALL: wirelen solved = 1004, spread = 1825, legal = 1892; time = 0.01s
Info:     at iteration #5, type ALL: wirelen solved = 1085, spread = 1630, legal = 1764; time = 0.01s
Info:     at iteration #6, type ALL: wirelen solved = 1152, spread = 1682, legal = 1827; time = 0.01s
Info:     at iteration #7, type ALL: wirelen solved = 1193, spread = 1684, legal = 1811; time = 0.01s
Info:     at iteration #8, type ALL: wirelen solved = 1255, spread = 1716, legal = 1809; time = 0.01s
Info:     at iteration #9, type ALL: wirelen solved = 1287, spread = 1773, legal = 1871; time = 0.01s
Info:     at iteration #10, type ALL: wirelen solved = 1338, spread = 1689, legal = 1781; time = 0.01s
Info: HeAP Placer Time: 0.10s
Info:   of which solving equations: 0.07s
Info:   of which spreading cells: 0.01s
Info:   of which strict legalisation: 0.00s

Info: Running simulated annealing placer for refinement.
Info:   at iteration #1: temp = 0.000000, timing cost = 52, wirelen = 1764
Info:   at iteration #5: temp = 0.000000, timing cost = 46, wirelen = 1547
Info:   at iteration #10: temp = 0.000000, timing cost = 45, wirelen = 1474
Info:   at iteration #15: temp = 0.000000, timing cost = 44, wirelen = 1425
Info:   at iteration #20: temp = 0.000000, timing cost = 44, wirelen = 1414
Info:   at iteration #20: temp = 0.000000, timing cost = 44, wirelen = 1414 
Info: SA placement time 0.17s

Info: Max frequency for clock 'clk$SB_IO_IN_$glb_clk': 70.42 MHz (PASS at 12.00 MHz)

Info: Max delay <async>                       -> <async>                      : 40.24 ns
Info: Max delay <async>                       -> posedge clk$SB_IO_IN_$glb_clk: 11.87 ns
Info: Max delay posedge clk$SB_IO_IN_$glb_clk -> <async>                      : 38.71 ns

Info: Slack histogram:
Info:  legend: * represents 1 endpoint(s)
Info:          + represents [1,1) endpoint(s)
Info: [ 69132,  69644) |******** 
Info: [ 69644,  70156) | 
Info: [ 70156,  70668) | 
Info: [ 70668,  71180) |* 
Info: [ 71180,  71692) | 
Info: [ 71692,  72204) | 
Info: [ 72204,  72716) | 
Info: [ 72716,  73228) |* 
Info: [ 73228,  73740) | 
Info: [ 73740,  74252) |** 
Info: [ 74252,  74764) |***** 
Info: [ 74764,  75276) |******* 
Info: [ 75276,  75788) |******* 
Info: [ 75788,  76300) |**** 
Info: [ 76300,  76812) |* 
Info: [ 76812,  77324) |****** 
Info: [ 77324,  77836) |******** 
Info: [ 77836,  78348) |******** 
Info: [ 78348,  78860) |***** 
Info: [ 78860,  79372) |****************** 
Info: Checksum: 0x0a3dec98

Info: Routing..
Info: Setting up routing queue.
Info: Routing 1839 arcs.
Info:            |   (re-)routed arcs  |   delta    | remaining|       time spent     |
Info:    IterCnt |  w/ripup   wo/ripup |  w/r  wo/r |      arcs| batch(sec) total(sec)|
Info:       1000 |       17        920 |   17   920 |       859|       0.15       0.15|
Info:       2000 |      122       1795 |  105   875 |         1|       0.17       0.31|
Info:       2001 |      123       1796 |    1     1 |         0|       0.00       0.32|
Info: Routing complete.
Info: Router1 time 0.32s
Info: Checksum: 0x497dc641

Info: Critical path report for clock 'clk$SB_IO_IN_$glb_clk' (posedge -> posedge):
Info:       type curr  total name
Info:   clk-to-q  1.39  1.39 Source clk_SB_DFFES_C_Q_SB_LUT4_O_I3_SB_CARRY_CO_CI_SB_CARRY_CO_CI_SB_LUT4_I3_O_SB_LUT4_I3_LC.O
Info:    routing  1.76  3.15 Net clk_SB_DFFER_C_2_Q[1] (9,9) -> (9,8)
Info:                          Sink clk_SB_DFFES_C_D_SB_LUT4_O_I3_SB_LUT4_O_I3_SB_LUT4_O_I3_SB_LUT4_O_LC.I0
Info:                          Defined in:
Info:                               C:\OSS-CA~1\OSS-CA~1\bin\../share/yosys/ice40/cells_map.v:6.21-6.22
Info:      logic  1.28  4.43 Source clk_SB_DFFES_C_D_SB_LUT4_O_I3_SB_LUT4_O_I3_SB_LUT4_O_I3_SB_LUT4_O_LC.O
Info:    routing  1.76  6.20 Net clk_SB_DFFES_C_D_SB_LUT4_O_I3_SB_LUT4_O_I3_SB_LUT4_O_I3[3] (9,8) -> (9,8)
Info:                          Sink clk_SB_DFFES_C_D_SB_LUT4_O_I3_SB_LUT4_O_I3_SB_LUT4_O_LC.I3
Info:                          Defined in:
Info:                               C:\OSS-CA~1\OSS-CA~1\bin\../share/yosys/ice40/cells_map.v:6.21-6.22
Info:      logic  0.87  7.07 Source clk_SB_DFFES_C_D_SB_LUT4_O_I3_SB_LUT4_O_I3_SB_LUT4_O_LC.O
Info:    routing  1.76  8.83 Net clk_SB_DFFES_C_D_SB_LUT4_O_I3_SB_LUT4_O_I3[2] (9,8) -> (9,8)
Info:                          Sink clk_SB_DFFES_C_D_SB_LUT4_O_I3_SB_LUT4_O_LC.I3
Info:                          Defined in:
Info:                               C:\OSS-CA~1\OSS-CA~1\bin\../share/yosys/ice40/cells_map.v:6.21-6.22
Info:      logic  0.87  9.70 Source clk_SB_DFFES_C_D_SB_LUT4_O_I3_SB_LUT4_O_LC.O
Info:    routing  1.76  11.47 Net clk_SB_DFFES_C_D_SB_LUT4_O_I3[2] (9,8) -> (9,8)
Info:                          Sink clk_SB_DFFES_C_E_SB_LUT4_I2_LC.I3
Info:                          Defined in:
Info:                               C:\OSS-CA~1\OSS-CA~1\bin\../share/yosys/ice40/cells_map.v:6.21-6.22
Info:      logic  0.87  12.34 Source clk_SB_DFFES_C_E_SB_LUT4_I2_LC.O
Info:    routing  2.99  15.33 Net clk_SB_DFFES_C_E_SB_LUT4_I2_O (9,8) -> (9,9)
Info:                          Sink clk_SB_DFFER_C_7_D_SB_LUT4_O_LC.CEN
Info:                          Defined in:
Info:                               rgb_led_driver.v:23.5-44.8
Info:                               C:\OSS-CA~1\OSS-CA~1\bin\../share/yosys/ice40/ff_map.v:14.63-14.116
Info:                               C:\OSS-CA~1\OSS-CA~1\bin\../share/yosys/ice40/cells_sim.v:656.8-656.9
Info:      setup  0.10  15.43 Source clk_SB_DFFER_C_7_D_SB_LUT4_O_LC.CEN
Info: 5.40 ns logic, 10.03 ns routing

Info: Critical path report for cross-domain path '<async>' -> '<async>':
Info:       type curr  total name
Info:     source  0.00  0.00 Source green[2]$sb_io.D_IN_0
Info:    routing  6.26  6.26 Net clk_SB_DFFER_C_Q[0] (18,31) -> (13,8)
Info:                          Sink led_g_SB_LUT4_O_I3_SB_CARRY_CO_CI_SB_CARRY_CO_CI_SB_CARRY_CO_CI_SB_CARRY_CO_CI_SB_CARRY_CO_CI_SB_CARRY_CO_CI_SB_CARRY_CO_CI_SB_CARRY_CO_I1_SB_LUT4_O_I3_SB_LUT4_O_I3_SB_CARRY_CO_I1_SB_LUT4_O_I3_SB_LUT4_O_I2_SB_LUT4_O_I2_SB_LUT4_O_LC.I2
Info:                          Defined in:
Info:                               C:\OSS-CA~1\OSS-CA~1\bin\../share/yosys/ice40/cells_map.v:6.21-6.22
Info:      logic  1.21  7.47 Source led_g_SB_LUT4_O_I3_SB_CARRY_CO_CI_SB_CARRY_CO_CI_SB_CARRY_CO_CI_SB_CARRY_CO_CI_SB_CARRY_CO_CI_SB_CARRY_CO_CI_SB_CARRY_CO_CI_SB_CARRY_CO_I1_SB_LUT4_O_I3_SB_LUT4_O_I3_SB_CARRY_CO_I1_SB_LUT4_O_I3_SB_LUT4_O_I2_SB_LUT4_O_I2_SB_LUT4_O_LC.O
Info:    routing  1.76  9.23 Net led_g_SB_LUT4_O_I3_SB_CARRY_CO_CI_SB_CARRY_CO_CI_SB_CARRY_CO_CI_SB_CARRY_CO_CI_SB_CARRY_CO_CI_SB_CARRY_CO_CI_SB_CARRY_CO_CI_SB_CARRY_CO_I1_SB_LUT4_O_I3_SB_LUT4_O_I3_SB_CARRY_CO_I1_SB_LUT4_O_I3_SB_LUT4_O_I2_SB_LUT4_O_I2[2] (13,8) -> (13,8)
Info:                          Sink led_g_SB_LUT4_O_I3_SB_CARRY_CO_CI_SB_CARRY_CO_CI_SB_CARRY_CO_CI_SB_CARRY_CO_CI_SB_CARRY_CO_CI_SB_CARRY_CO_CI_SB_CARRY_CO_CI_SB_CARRY_CO_I1_SB_LUT4_O_I3_SB_LUT4_O_I3_SB_CARRY_CO_I1_SB_LUT4_O_I3_SB_LUT4_O_I2_SB_LUT4_O_I2_SB_LUT4_I3_LC.I3
Info:                          Defined in:
Info:                               C:\OSS-CA~1\OSS-CA~1\bin\../share/yosys/ice40/cells_map.v:6.21-6.22
Info:      logic  0.87  10.10 Source led_g_SB_LUT4_O_I3_SB_CARRY_CO_CI_SB_CARRY_CO_CI_SB_CARRY_CO_CI_SB_CARRY_CO_CI_SB_CARRY_CO_CI_SB_CARRY_CO_CI_SB_CARRY_CO_CI_SB_CARRY_CO_I1_SB_LUT4_O_I3_SB_LUT4_O_I3_SB_CARRY_CO_I1_SB_LUT4_O_I3_SB_LUT4_O_I2_SB_LUT4_O_I2_SB_LUT4_I3_LC.O
Info:    routing  1.76  11.86 Net led_g_SB_LUT4_O_I3_SB_CARRY_CO_CI_SB_CARRY_CO_CI_SB_CARRY_CO_CI_SB_CARRY_CO_CI_SB_CARRY_CO_CI_SB_CARRY_CO_CI_SB_CARRY_CO_CI_SB_CARRY_CO_I1_SB_LUT4_O_I3_SB_LUT4_O_I3_SB_CARRY_CO_I1_SB_LUT4_O_I3_SB_LUT4_O_I2_SB_LUT4_O_I2_SB_LUT4_I3_O[3] (13,8) -> (13,8)
Info:                          Sink led_g_SB_LUT4_O_I3_SB_CARRY_CO_CI_SB_CARRY_CO_CI_SB_CARRY_CO_CI_SB_CARRY_CO_CI_SB_CARRY_CO_CI_SB_CARRY_CO_CI_SB_CARRY_CO_I1_SB_LUT4_O_I3_SB_LUT4_O_I2_SB_LUT4_O_I3_SB_LUT4_O_2_I3_SB_LUT4_O_LC.I3
Info:                          Defined in:
Info:                               C:\OSS-CA~1\OSS-CA~1\bin\../share/yosys/ice40/cells_map.v:6.21-6.22
Info:      logic  0.87  12.74 Source led_g_SB_LUT4_O_I3_SB_CARRY_CO_CI_SB_CARRY_CO_CI_SB_CARRY_CO_CI_SB_CARRY_CO_CI_SB_CARRY_CO_CI_SB_CARRY_CO_CI_SB_CARRY_CO_I1_SB_LUT4_O_I3_SB_LUT4_O_I2_SB_LUT4_O_I3_SB_LUT4_O_2_I3_SB_LUT4_O_LC.O
Info:    routing  1.76  14.50 Net led_g_SB_LUT4_O_I3_SB_CARRY_CO_CI_SB_CARRY_CO_CI_SB_CARRY_CO_CI_SB_CARRY_CO_CI_SB_CARRY_CO_CI_SB_CARRY_CO_CI_SB_CARRY_CO_I1_SB_LUT4_O_I3_SB_LUT4_O_I2_SB_LUT4_O_I3_SB_LUT4_O_2_I3[3] (13,8) -> (12,8)
Info:                          Sink led_g_SB_LUT4_O_I3_SB_CARRY_CO_CI_SB_CARRY_CO_CI_SB_CARRY_CO_CI_SB_CARRY_CO_CI_SB_CARRY_CO_CI_SB_CARRY_CO_CI_SB_CARRY_CO_I1_SB_LUT4_O_I3_SB_LUT4_O_I2_SB_LUT4_O_I3_SB_LUT4_O_2_I3_SB_LUT4_I3_LC.I3
Info:                          Defined in:
Info:                               C:\OSS-CA~1\OSS-CA~1\bin\../share/yosys/ice40/cells_map.v:6.21-6.22
Info:      logic  0.87  15.37 Source led_g_SB_LUT4_O_I3_SB_CARRY_CO_CI_SB_CARRY_CO_CI_SB_CARRY_CO_CI_SB_CARRY_CO_CI_SB_CARRY_CO_CI_SB_CARRY_CO_CI_SB_CARRY_CO_I1_SB_LUT4_O_I3_SB_LUT4_O_I2_SB_LUT4_O_I3_SB_LUT4_O_2_I3_SB_LUT4_I3_LC.O
Info:    routing  2.41  17.78 Net led_g_SB_LUT4_O_I3_SB_CARRY_CO_CI_SB_CARRY_CO_CI_SB_CARRY_CO_CI_SB_CARRY_CO_CI_SB_CARRY_CO_CI_SB_CARRY_CO_CI_SB_CARRY_CO_I1_SB_LUT4_O_I3_SB_LUT4_O_I2_SB_LUT4_O_I3_SB_LUT4_O_2_I3_SB_LUT4_I3_O[2] (12,8) -> (12,10)
Info:                          Sink led_g_SB_LUT4_O_I3_SB_CARRY_CO_CI_SB_CARRY_CO_CI_SB_CARRY_CO_CI_SB_CARRY_CO_CI_SB_CARRY_CO_CI_SB_CARRY_CO_CI_SB_CARRY_CO_CI_SB_CARRY_CO_I1_SB_LUT4_O_I3_SB_LUT4_O_I2_SB_LUT4_O_I3_SB_LUT4_O_2_LC.I3
Info:                          Defined in:
Info:                               C:\OSS-CA~1\OSS-CA~1\bin\../share/yosys/ice40/cells_map.v:6.21-6.22
Info:      logic  0.87  18.65 Source led_g_SB_LUT4_O_I3_SB_CARRY_CO_CI_SB_CARRY_CO_CI_SB_CARRY_CO_CI_SB_CARRY_CO_CI_SB_CARRY_CO_CI_SB_CARRY_CO_CI_SB_CARRY_CO_CI_SB_CARRY_CO_I1_SB_LUT4_O_I3_SB_LUT4_O_I2_SB_LUT4_O_I3_SB_LUT4_O_2_LC.O
Info:    routing  1.76  20.42 Net led_g_SB_LUT4_O_I3_SB_CARRY_CO_CI_SB_CARRY_CO_CI_SB_CARRY_CO_CI_SB_CARRY_CO_CI_SB_CARRY_CO_CI_SB_CARRY_CO_CI_SB_CARRY_CO_CI_SB_CARRY_CO_I1_SB_LUT4_O_I3_SB_LUT4_O_I2_SB_LUT4_O_I3[2] (12,10) -> (11,10)
Info:                          Sink led_g_SB_LUT4_O_I3_SB_CARRY_CO_CI_SB_CARRY_CO_CI_SB_CARRY_CO_CI_SB_CARRY_CO_CI_SB_CARRY_CO_CI_SB_CARRY_CO_CI_SB_CARRY_CO_CI_SB_CARRY_CO_I1_SB_LUT4_O_I3_SB_LUT4_O_I3_SB_CARRY_CO_I0_SB_LUT4_O_LC.I3
Info:                          Defined in:
Info:                               C:\OSS-CA~1\OSS-CA~1\bin\../share/yosys/ice40/cells_map.v:6.21-6.22
Info:      logic  0.87  21.29 Source led_g_SB_LUT4_O_I3_SB_CARRY_CO_CI_SB_CARRY_CO_CI_SB_CARRY_CO_CI_SB_CARRY_CO_CI_SB_CARRY_CO_CI_SB_CARRY_CO_CI_SB_CARRY_CO_CI_SB_CARRY_CO_I1_SB_LUT4_O_I3_SB_LUT4_O_I3_SB_CARRY_CO_I0_SB_LUT4_O_LC.O
Info:    routing  2.41  23.70 Net led_g_SB_LUT4_O_I3_SB_CARRY_CO_CI_SB_CARRY_CO_CI_SB_CARRY_CO_CI_SB_CARRY_CO_CI_SB_CARRY_CO_CI_SB_CARRY_CO_CI_SB_CARRY_CO_CI_SB_CARRY_CO_I1_SB_LUT4_O_I3_SB_LUT4_O_I3_SB_CARRY_CO_I0 (11,10) -> (11,12)
Info:                          Sink led_g_SB_LUT4_O_I3_SB_CARRY_CO_CI_SB_CARRY_CO_CI_SB_CARRY_CO_CI_SB_CARRY_CO_CI_SB_CARRY_CO_CI_SB_CARRY_CO_CI_SB_CARRY_CO_CI_SB_CARRY_CO_I1_SB_LUT4_O_I3_SB_LUT4_O_I3_SB_CARRY_CO$CARRY.I1
Info:      logic  0.68  24.37 Source led_g_SB_LUT4_O_I3_SB_CARRY_CO_CI_SB_CARRY_CO_CI_SB_CARRY_CO_CI_SB_CARRY_CO_CI_SB_CARRY_CO_CI_SB_CARRY_CO_CI_SB_CARRY_CO_CI_SB_CARRY_CO_I1_SB_LUT4_O_I3_SB_LUT4_O_I3_SB_CARRY_CO$CARRY.COUT
Info:    routing  0.00  24.37 Net led_g_SB_LUT4_O_I3_SB_CARRY_CO_CI_SB_CARRY_CO_CI_SB_CARRY_CO_CI_SB_CARRY_CO_CI_SB_CARRY_CO_CI_SB_CARRY_CO_CI_SB_CARRY_CO_CI_SB_CARRY_CO_I1_SB_LUT4_O_I3_SB_LUT4_O_I2[3] (11,12) -> (11,12)
Info:                          Sink led_g_SB_LUT4_O_I3_SB_CARRY_CO_CI_SB_CARRY_CO_CI_SB_CARRY_CO_CI_SB_CARRY_CO_CI_SB_CARRY_CO_CI_SB_CARRY_CO_CI_SB_CARRY_CO_CI_SB_CARRY_CO_I1_SB_LUT4_O_I3_SB_LUT4_O_LC.CIN
Info:                          Defined in:
Info:                               C:\OSS-CA~1\OSS-CA~1\bin\../share/yosys/ice40/arith_map.v:62.5-70.4
Info:                               C:\OSS-CA~1\OSS-CA~1\bin\../share/yosys/ice40/abc9_model.v:4.9-4.11
Info:      logic  0.28  24.65 Source led_g_SB_LUT4_O_I3_SB_CARRY_CO_CI_SB_CARRY_CO_CI_SB_CARRY_CO_CI_SB_CARRY_CO_CI_SB_CARRY_CO_CI_SB_CARRY_CO_CI_SB_CARRY_CO_CI_SB_CARRY_CO_I1_SB_LUT4_O_I3_SB_LUT4_O_LC.COUT
Info:    routing  0.00  24.65 Net led_g_SB_LUT4_O_I3_SB_CARRY_CO_CI_SB_CARRY_CO_CI_SB_CARRY_CO_CI_SB_CARRY_CO_CI_SB_CARRY_CO_CI_SB_CARRY_CO_CI_SB_CARRY_CO_I1_SB_LUT4_O_I3_SB_LUT4_O_I2[3] (11,12) -> (11,12)
Info:                          Sink led_g_SB_LUT4_O_I3_SB_CARRY_CO_CI_SB_CARRY_CO_CI_SB_CARRY_CO_CI_SB_CARRY_CO_CI_SB_CARRY_CO_CI_SB_CARRY_CO_CI_SB_CARRY_CO_I1_SB_LUT4_O_I3_SB_LUT4_O_LC.CIN
Info:                          Defined in:
Info:                               C:\OSS-CA~1\OSS-CA~1\bin\../share/yosys/ice40/arith_map.v:62.5-70.4
Info:                               C:\OSS-CA~1\OSS-CA~1\bin\../share/yosys/ice40/abc9_model.v:4.9-4.11
Info:      logic  0.28  24.93 Source led_g_SB_LUT4_O_I3_SB_CARRY_CO_CI_SB_CARRY_CO_CI_SB_CARRY_CO_CI_SB_CARRY_CO_CI_SB_CARRY_CO_CI_SB_CARRY_CO_CI_SB_CARRY_CO_I1_SB_LUT4_O_I3_SB_LUT4_O_LC.COUT
Info:    routing  0.00  24.93 Net led_g_SB_LUT4_O_I3_SB_CARRY_CO_CI_SB_CARRY_CO_I1_SB_LUT4_O_I3_SB_LUT4_O_I3_SB_CARRY_CO_CI_SB_CARRY_CO_CI_SB_CARRY_CO_CI_SB_CARRY_CO_CI (11,12) -> (11,12)
Info:                          Sink led_g_SB_LUT4_O_I3_SB_CARRY_CO_CI_SB_CARRY_CO_CI_SB_CARRY_CO_CI_SB_CARRY_CO_CI_SB_CARRY_CO_CI_SB_CARRY_CO_I1_SB_LUT4_O_I3_SB_LUT4_O_LC.CIN
Info:                          Defined in:
Info:                               C:\OSS-CA~1\OSS-CA~1\bin\../share/yosys/ice40/arith_map.v:62.5-70.4
Info:                               C:\OSS-CA~1\OSS-CA~1\bin\../share/yosys/ice40/cells_map.v:6.21-6.22
Info:      logic  0.28  25.21 Source led_g_SB_LUT4_O_I3_SB_CARRY_CO_CI_SB_CARRY_CO_CI_SB_CARRY_CO_CI_SB_CARRY_CO_CI_SB_CARRY_CO_CI_SB_CARRY_CO_I1_SB_LUT4_O_I3_SB_LUT4_O_LC.COUT
Info:    routing  0.56  25.76 Net led_g_SB_LUT4_O_I3_SB_CARRY_CO_CI_SB_CARRY_CO_I1_SB_LUT4_O_I3_SB_LUT4_O_I3_SB_CARRY_CO_CI_SB_CARRY_CO_CI_SB_CARRY_CO_CI (11,12) -> (11,13)
Info:                          Sink led_g_SB_LUT4_O_I3_SB_CARRY_CO_CI_SB_CARRY_CO_CI_SB_CARRY_CO_CI_SB_CARRY_CO_CI_SB_CARRY_CO_I1_SB_LUT4_O_I3_SB_LUT4_O_LC.CIN
Info:                          Defined in:
Info:                               C:\OSS-CA~1\OSS-CA~1\bin\../share/yosys/ice40/arith_map.v:62.5-70.4
Info:                               C:\OSS-CA~1\OSS-CA~1\bin\../share/yosys/ice40/cells_map.v:6.21-6.22
Info:      logic  0.28  26.04 Source led_g_SB_LUT4_O_I3_SB_CARRY_CO_CI_SB_CARRY_CO_CI_SB_CARRY_CO_CI_SB_CARRY_CO_CI_SB_CARRY_CO_I1_SB_LUT4_O_I3_SB_LUT4_O_LC.COUT
Info:    routing  0.00  26.04 Net led_g_SB_LUT4_O_I3_SB_CARRY_CO_CI_SB_CARRY_CO_I1_SB_LUT4_O_I3_SB_LUT4_O_I3_SB_CARRY_CO_CI_SB_CARRY_CO_CI (11,13) -> (11,13)
Info:                          Sink led_g_SB_LUT4_O_I3_SB_CARRY_CO_CI_SB_CARRY_CO_CI_SB_CARRY_CO_CI_SB_CARRY_CO_I1_SB_LUT4_O_I3_SB_LUT4_O_LC.CIN
Info:                          Defined in:
Info:                               C:\OSS-CA~1\OSS-CA~1\bin\../share/yosys/ice40/arith_map.v:62.5-70.4
Info:                               C:\OSS-CA~1\OSS-CA~1\bin\../share/yosys/ice40/cells_map.v:6.21-6.22
Info:      logic  0.28  26.32 Source led_g_SB_LUT4_O_I3_SB_CARRY_CO_CI_SB_CARRY_CO_CI_SB_CARRY_CO_CI_SB_CARRY_CO_I1_SB_LUT4_O_I3_SB_LUT4_O_LC.COUT
Info:    routing  0.66  26.98 Net led_g_SB_LUT4_O_I3_SB_CARRY_CO_CI_SB_CARRY_CO_I1_SB_LUT4_O_I3_SB_LUT4_O_I3_SB_CARRY_CO_CI (11,13) -> (11,13)
Info:                          Sink led_g_SB_LUT4_O_I3_SB_CARRY_CO_CI_SB_CARRY_CO_CI_SB_CARRY_CO_I1_SB_LUT4_O_I3_SB_LUT4_O_LC.I3
Info:                          Defined in:
Info:                               C:\OSS-CA~1\OSS-CA~1\bin\../share/yosys/ice40/arith_map.v:62.5-70.4
Info:                               C:\OSS-CA~1\OSS-CA~1\bin\../share/yosys/ice40/cells_map.v:6.21-6.22
Info:      logic  0.87  27.85 Source led_g_SB_LUT4_O_I3_SB_CARRY_CO_CI_SB_CARRY_CO_CI_SB_CARRY_CO_I1_SB_LUT4_O_I3_SB_LUT4_O_LC.O
Info:    routing  1.76  29.62 Net led_g_SB_LUT4_O_I3_SB_CARRY_CO_CI_SB_CARRY_CO_CI_SB_CARRY_CO_I1_SB_LUT4_O_I3[2] (11,13) -> (12,13)
Info:                          Sink led_g_SB_LUT4_O_I3_SB_CARRY_CO_CI_SB_CARRY_CO_CI_SB_CARRY_CO_I1_SB_LUT4_O_LC.I3
Info:                          Defined in:
Info:                               C:\OSS-CA~1\OSS-CA~1\bin\../share/yosys/ice40/cells_map.v:6.21-6.22
Info:      logic  0.87  30.49 Source led_g_SB_LUT4_O_I3_SB_CARRY_CO_CI_SB_CARRY_CO_CI_SB_CARRY_CO_I1_SB_LUT4_O_LC.O
Info:    routing  2.95  33.44 Net led_g_SB_LUT4_O_I3_SB_CARRY_CO_CI_SB_CARRY_CO_CI_SB_CARRY_CO_I1 (12,13) -> (10,12)
Info:                          Sink led_g_SB_LUT4_O_I3_SB_CARRY_CO_CI_SB_CARRY_CO_CI_SB_CARRY_CO$CARRY.I2
Info:      logic  0.61  34.05 Source led_g_SB_LUT4_O_I3_SB_CARRY_CO_CI_SB_CARRY_CO_CI_SB_CARRY_CO$CARRY.COUT
Info:    routing  0.00  34.05 Net led_g_SB_LUT4_O_I3_SB_CARRY_CO_CI_SB_CARRY_CO_CI (10,12) -> (10,12)
Info:                          Sink led_g_SB_LUT4_O_I3_SB_CARRY_CO_CI_SB_CARRY_CO$CARRY.CIN
Info:                          Defined in:
Info:                               rgb_led_driver.v:60.21-60.42
Info:                               C:\OSS-CA~1\OSS-CA~1\bin\../share/yosys/ice40/arith_map.v:62.5-70.4
Info:                               C:\OSS-CA~1\OSS-CA~1\bin\../share/yosys/ice40/abc9_model.v:4.9-4.11
Info:      logic  0.28  34.33 Source led_g_SB_LUT4_O_I3_SB_CARRY_CO_CI_SB_CARRY_CO$CARRY.COUT
Info:    routing  0.00  34.33 Net led_g_SB_LUT4_O_I3_SB_CARRY_CO_CI (10,12) -> (10,12)
Info:                          Sink led_g_SB_LUT4_O_I3_SB_CARRY_CO$CARRY.CIN
Info:                          Defined in:
Info:                               rgb_led_driver.v:60.21-60.42
Info:                               C:\OSS-CA~1\OSS-CA~1\bin\../share/yosys/ice40/arith_map.v:62.5-70.4
Info:                               C:\OSS-CA~1\OSS-CA~1\bin\../share/yosys/ice40/abc9_model.v:4.9-4.11
Info:      logic  0.28  34.61 Source led_g_SB_LUT4_O_I3_SB_CARRY_CO$CARRY.COUT
Info:    routing  1.22  35.83 Net led_g_SB_LUT4_O_I3 (10,12) -> (10,13)
Info:                          Sink led_g_SB_LUT4_O_LC.I3
Info:                          Defined in:
Info:                               C:\OSS-CA~1\OSS-CA~1\bin\../share/yosys/ice40/cells_map.v:6.21-6.22
Info:      logic  0.87  36.70 Source led_g_SB_LUT4_O_LC.O
Info:    routing  6.09  42.79 Net led_g$SB_IO_OUT (10,13) -> (5,31)
Info:                          Sink led_g$sb_io.D_OUT_0
Info:                          Defined in:
Info:                               rgb_led_driver.v:13.19-13.24
Info: 11.43 ns logic, 31.36 ns routing

Info: Critical path report for cross-domain path '<async>' -> 'posedge clk$SB_IO_IN_$glb_clk':
Info:       type curr  total name
Info:     source  0.00  0.00 Source rst_n$sb_io.D_IN_0
Info:    routing  1.76  1.76 Net rst_n$SB_IO_IN (13,31) -> (12,30)
Info:                          Sink rst_n_SB_LUT4_I3_LC.I3
Info:                          Defined in:
Info:                               rgb_led_driver.v:7.19-7.24
Info:      logic  0.87  2.63 Source rst_n_SB_LUT4_I3_LC.O
Info:    routing  1.10  3.73 Net rst_n_SB_LUT4_I3_O (12,30) -> (12,31)
Info:                          Sink $gbuf_rst_n_SB_LUT4_I3_O_$glb_sr.USER_SIGNAL_TO_GLOBAL_BUFFER
Info:      logic  1.59  5.32 Source $gbuf_rst_n_SB_LUT4_I3_O_$glb_sr.GLOBAL_BUFFER_OUTPUT
Info:    routing  0.63  5.96 Net rst_n_SB_LUT4_I3_O_$glb_sr (12,31) -> (9,9)
Info:                          Sink clk_SB_DFFER_C_7_D_SB_LUT4_O_LC.SR
Info:      setup  0.10  6.06 Source clk_SB_DFFER_C_7_D_SB_LUT4_O_LC.SR
Info: 2.56 ns logic, 3.49 ns routing

Info: Critical path report for cross-domain path 'posedge clk$SB_IO_IN_$glb_clk' -> '<async>':
Info:       type curr  total name
Info:   clk-to-q  1.39  1.39 Source clk_SB_DFFES_C_Q_SB_LUT4_O_I3_SB_CARRY_CO_CI_SB_LUT4_I3_O_SB_LUT4_I3_O_SB_LUT4_O_1_LC.O
Info:    routing  3.06  4.45 Net clk_SB_DFFER_C_4_Q[2] (9,9) -> (10,13)
Info:                          Sink led_b_SB_LUT4_O_I3_SB_CARRY_CO_CI_SB_CARRY_CO_CI_SB_CARRY_CO_CI_SB_CARRY_CO_CI_SB_CARRY_CO_CI_SB_CARRY_CO_CI_SB_CARRY_CO_CI_SB_CARRY_CO_I1_SB_LUT4_O_I3_SB_LUT4_O_I3_SB_CARRY_CO_I1_SB_LUT4_O_I3_SB_LUT4_O_I2_SB_LUT4_O_I3_SB_LUT4_O_LC.I3
Info:                          Defined in:
Info:                               C:\OSS-CA~1\OSS-CA~1\bin\../share/yosys/ice40/cells_map.v:6.21-6.22
Info:      logic  0.87  5.32 Source led_b_SB_LUT4_O_I3_SB_CARRY_CO_CI_SB_CARRY_CO_CI_SB_CARRY_CO_CI_SB_CARRY_CO_CI_SB_CARRY_CO_CI_SB_CARRY_CO_CI_SB_CARRY_CO_CI_SB_CARRY_CO_I1_SB_LUT4_O_I3_SB_LUT4_O_I3_SB_CARRY_CO_I1_SB_LUT4_O_I3_SB_LUT4_O_I2_SB_LUT4_O_I3_SB_LUT4_O_LC.O
Info:    routing  1.76  7.08 Net led_b_SB_LUT4_O_I3_SB_CARRY_CO_CI_SB_CARRY_CO_CI_SB_CARRY_CO_CI_SB_CARRY_CO_CI_SB_CARRY_CO_CI_SB_CARRY_CO_CI_SB_CARRY_CO_CI_SB_CARRY_CO_I1_SB_LUT4_O_I3_SB_LUT4_O_I3_SB_CARRY_CO_I1_SB_LUT4_O_I3_SB_LUT4_O_I2_SB_LUT4_O_I3[3] (10,13) -> (10,13)
Info:                          Sink led_b_SB_LUT4_O_I3_SB_CARRY_CO_CI_SB_CARRY_CO_CI_SB_CARRY_CO_CI_SB_CARRY_CO_CI_SB_CARRY_CO_CI_SB_CARRY_CO_CI_SB_CARRY_CO_CI_SB_CARRY_CO_I1_SB_LUT4_O_I3_SB_LUT4_O_I3_SB_CARRY_CO_I1_SB_LUT4_O_I3_SB_LUT4_O_I2_SB_LUT4_O_I3_SB_LUT4_I3_LC.I3
Info:                          Defined in:
Info:                               C:\OSS-CA~1\OSS-CA~1\bin\../share/yosys/ice40/cells_map.v:6.21-6.22
Info:      logic  0.87  7.96 Source led_b_SB_LUT4_O_I3_SB_CARRY_CO_CI_SB_CARRY_CO_CI_SB_CARRY_CO_CI_SB_CARRY_CO_CI_SB_CARRY_CO_CI_SB_CARRY_CO_CI_SB_CARRY_CO_CI_SB_CARRY_CO_I1_SB_LUT4_O_I3_SB_LUT4_O_I3_SB_CARRY_CO_I1_SB_LUT4_O_I3_SB_LUT4_O_I2_SB_LUT4_O_I3_SB_LUT4_I3_LC.O
Info:    routing  1.76  9.72 Net led_b_SB_LUT4_O_I3_SB_CARRY_CO_CI_SB_CARRY_CO_CI_SB_CARRY_CO_CI_SB_CARRY_CO_CI_SB_CARRY_CO_CI_SB_CARRY_CO_CI_SB_CARRY_CO_CI_SB_CARRY_CO_I1_SB_LUT4_O_I3_SB_LUT4_O_I3_SB_CARRY_CO_CI_SB_CARRY_CO_I1_SB_LUT4_O_I3_SB_LUT4_O_2_I3_SB_LUT4_I3_O_SB_LUT4_I2_I3[3] (10,13) -> (9,12)
Info:                          Sink led_b_SB_LUT4_O_I3_SB_CARRY_CO_CI_SB_CARRY_CO_CI_SB_CARRY_CO_CI_SB_CARRY_CO_CI_SB_CARRY_CO_CI_SB_CARRY_CO_CI_SB_CARRY_CO_CI_SB_CARRY_CO_I1_SB_LUT4_O_I3_SB_LUT4_O_I3_SB_CARRY_CO_CI_SB_CARRY_CO_I1_SB_LUT4_O_I3_SB_LUT4_O_2_I3_SB_LUT4_I3_O_SB_LUT4_I2_LC.I3
Info:                          Defined in:
Info:                               C:\OSS-CA~1\OSS-CA~1\bin\../share/yosys/ice40/cells_map.v:6.21-6.22
Info:      logic  0.87  10.59 Source led_b_SB_LUT4_O_I3_SB_CARRY_CO_CI_SB_CARRY_CO_CI_SB_CARRY_CO_CI_SB_CARRY_CO_CI_SB_CARRY_CO_CI_SB_CARRY_CO_CI_SB_CARRY_CO_CI_SB_CARRY_CO_I1_SB_LUT4_O_I3_SB_LUT4_O_I3_SB_CARRY_CO_CI_SB_CARRY_CO_I1_SB_LUT4_O_I3_SB_LUT4_O_2_I3_SB_LUT4_I3_O_SB_LUT4_I2_LC.O
Info:    routing  1.76  12.35 Net led_b_SB_LUT4_O_I3_SB_CARRY_CO_CI_SB_CARRY_CO_CI_SB_CARRY_CO_CI_SB_CARRY_CO_CI_SB_CARRY_CO_CI_SB_CARRY_CO_CI_SB_CARRY_CO_CI_SB_CARRY_CO_I1_SB_LUT4_O_I3_SB_LUT4_O_I3_SB_CARRY_CO_I1_SB_LUT4_O_I3_SB_LUT4_O_2_I3[3] (9,12) -> (9,12)
Info:                          Sink led_b_SB_LUT4_O_I3_SB_CARRY_CO_CI_SB_CARRY_CO_CI_SB_CARRY_CO_CI_SB_CARRY_CO_CI_SB_CARRY_CO_CI_SB_CARRY_CO_CI_SB_CARRY_CO_CI_SB_CARRY_CO_I1_SB_LUT4_O_I3_SB_LUT4_O_I3_SB_CARRY_CO_I1_SB_LUT4_O_I3_SB_LUT4_O_I3_SB_LUT4_O_LC.I3
Info:                          Defined in:
Info:                               C:\OSS-CA~1\OSS-CA~1\bin\../share/yosys/ice40/cells_map.v:6.21-6.22
Info:      logic  0.87  13.23 Source led_b_SB_LUT4_O_I3_SB_CARRY_CO_CI_SB_CARRY_CO_CI_SB_CARRY_CO_CI_SB_CARRY_CO_CI_SB_CARRY_CO_CI_SB_CARRY_CO_CI_SB_CARRY_CO_CI_SB_CARRY_CO_I1_SB_LUT4_O_I3_SB_LUT4_O_I3_SB_CARRY_CO_I1_SB_LUT4_O_I3_SB_LUT4_O_I3_SB_LUT4_O_LC.O
Info:    routing  1.76  14.99 Net led_b_SB_LUT4_O_I3_SB_CARRY_CO_CI_SB_CARRY_CO_CI_SB_CARRY_CO_CI_SB_CARRY_CO_CI_SB_CARRY_CO_CI_SB_CARRY_CO_CI_SB_CARRY_CO_CI_SB_CARRY_CO_I1_SB_LUT4_O_I3_SB_LUT4_O_I3_SB_CARRY_CO_I1_SB_LUT4_O_I3_SB_LUT4_O_I3[3] (9,12) -> (9,13)
Info:                          Sink led_b_SB_LUT4_O_I3_SB_CARRY_CO_CI_SB_CARRY_CO_CI_SB_CARRY_CO_CI_SB_CARRY_CO_CI_SB_CARRY_CO_CI_SB_CARRY_CO_CI_SB_CARRY_CO_CI_SB_CARRY_CO_I1_SB_LUT4_O_I3_SB_LUT4_O_I3_SB_CARRY_CO_CI_SB_CARRY_CO_I1_SB_LUT4_O_I3_SB_LUT4_O_LC.I3
Info:                          Defined in:
Info:                               C:\OSS-CA~1\OSS-CA~1\bin\../share/yosys/ice40/cells_map.v:6.21-6.22
Info:      logic  0.87  15.86 Source led_b_SB_LUT4_O_I3_SB_CARRY_CO_CI_SB_CARRY_CO_CI_SB_CARRY_CO_CI_SB_CARRY_CO_CI_SB_CARRY_CO_CI_SB_CARRY_CO_CI_SB_CARRY_CO_CI_SB_CARRY_CO_I1_SB_LUT4_O_I3_SB_LUT4_O_I3_SB_CARRY_CO_CI_SB_CARRY_CO_I1_SB_LUT4_O_I3_SB_LUT4_O_LC.O
Info:    routing  2.30  18.17 Net led_b_SB_LUT4_O_I3_SB_CARRY_CO_CI_SB_CARRY_CO_CI_SB_CARRY_CO_CI_SB_CARRY_CO_CI_SB_CARRY_CO_CI_SB_CARRY_CO_CI_SB_CARRY_CO_CI_SB_CARRY_CO_I1_SB_LUT4_O_I3_SB_LUT4_O_I3_SB_CARRY_CO_CI_SB_CARRY_CO_I1_SB_LUT4_O_I3[2] (9,13) -> (7,13)
Info:                          Sink led_b_SB_LUT4_O_I3_SB_CARRY_CO_CI_SB_CARRY_CO_CI_SB_CARRY_CO_CI_SB_CARRY_CO_CI_SB_CARRY_CO_CI_SB_CARRY_CO_CI_SB_CARRY_CO_CI_SB_CARRY_CO_I1_SB_LUT4_O_I3_SB_LUT4_O_I3_SB_CARRY_CO_CI_SB_CARRY_CO_CI_SB_CARRY_CO_I0_SB_LUT4_O_LC.I3
Info:                          Defined in:
Info:                               C:\OSS-CA~1\OSS-CA~1\bin\../share/yosys/ice40/cells_map.v:6.21-6.22
Info:      logic  0.87  19.04 Source led_b_SB_LUT4_O_I3_SB_CARRY_CO_CI_SB_CARRY_CO_CI_SB_CARRY_CO_CI_SB_CARRY_CO_CI_SB_CARRY_CO_CI_SB_CARRY_CO_CI_SB_CARRY_CO_CI_SB_CARRY_CO_I1_SB_LUT4_O_I3_SB_LUT4_O_I3_SB_CARRY_CO_CI_SB_CARRY_CO_CI_SB_CARRY_CO_I0_SB_LUT4_O_LC.O
Info:    routing  2.30  21.34 Net led_b_SB_LUT4_O_I3_SB_CARRY_CO_CI_SB_CARRY_CO_CI_SB_CARRY_CO_CI_SB_CARRY_CO_CI_SB_CARRY_CO_CI_SB_CARRY_CO_CI_SB_CARRY_CO_CI_SB_CARRY_CO_I1_SB_LUT4_O_I3_SB_LUT4_O_I3_SB_CARRY_CO_CI_SB_CARRY_CO_CI_SB_CARRY_CO_I0 (7,13) -> (5,13)
Info:                          Sink led_b_SB_LUT4_O_I3_SB_CARRY_CO_CI_SB_CARRY_CO_CI_SB_CARRY_CO_CI_SB_CARRY_CO_CI_SB_CARRY_CO_CI_SB_CARRY_CO_CI_SB_CARRY_CO_CI_SB_CARRY_CO_I1_SB_LUT4_O_I3_SB_LUT4_O_I3_SB_CARRY_CO_CI_SB_CARRY_CO_CI_SB_CARRY_CO$CARRY.I1
Info:      logic  0.68  22.02 Source led_b_SB_LUT4_O_I3_SB_CARRY_CO_CI_SB_CARRY_CO_CI_SB_CARRY_CO_CI_SB_CARRY_CO_CI_SB_CARRY_CO_CI_SB_CARRY_CO_CI_SB_CARRY_CO_CI_SB_CARRY_CO_I1_SB_LUT4_O_I3_SB_LUT4_O_I3_SB_CARRY_CO_CI_SB_CARRY_CO_CI_SB_CARRY_CO$CARRY.COUT
Info:    routing  0.00  22.02 Net led_b_SB_LUT4_O_I3_SB_CARRY_CO_CI_SB_CARRY_CO_CI_SB_CARRY_CO_CI_SB_CARRY_CO_CI_SB_CARRY_CO_CI_SB_CARRY_CO_CI_SB_CARRY_CO_CI_SB_CARRY_CO_I1_SB_LUT4_O_I3_SB_LUT4_O_I3_SB_CARRY_CO_CI_SB_CARRY_CO_CI (5,13) -> (5,13)
Info:                          Sink led_b_SB_LUT4_O_I3_SB_CARRY_CO_CI_SB_CARRY_CO_CI_SB_CARRY_CO_CI_SB_CARRY_CO_CI_SB_CARRY_CO_CI_SB_CARRY_CO_CI_SB_CARRY_CO_CI_SB_CARRY_CO_I1_SB_LUT4_O_I3_SB_LUT4_O_I3_SB_CARRY_CO_CI_SB_CARRY_CO$CARRY.CIN
Info:                          Defined in:
Info:                               C:\OSS-CA~1\OSS-CA~1\bin\../share/yosys/ice40/arith_map.v:62.5-70.4
Info:                               C:\OSS-CA~1\OSS-CA~1\bin\../share/yosys/ice40/abc9_model.v:4.9-4.11
Info:      logic  0.28  22.30 Source led_b_SB_LUT4_O_I3_SB_CARRY_CO_CI_SB_CARRY_CO_CI_SB_CARRY_CO_CI_SB_CARRY_CO_CI_SB_CARRY_CO_CI_SB_CARRY_CO_CI_SB_CARRY_CO_CI_SB_CARRY_CO_I1_SB_LUT4_O_I3_SB_LUT4_O_I3_SB_CARRY_CO_CI_SB_CARRY_CO$CARRY.COUT
Info:    routing  0.00  22.30 Net led_b_SB_LUT4_O_I3_SB_CARRY_CO_CI_SB_CARRY_CO_CI_SB_CARRY_CO_CI_SB_CARRY_CO_CI_SB_CARRY_CO_CI_SB_CARRY_CO_CI_SB_CARRY_CO_CI_SB_CARRY_CO_I1_SB_LUT4_O_I3_SB_LUT4_O_I3_SB_CARRY_CO_CI (5,13) -> (5,13)
Info:                          Sink led_b_SB_LUT4_O_I3_SB_CARRY_CO_CI_SB_CARRY_CO_CI_SB_CARRY_CO_CI_SB_CARRY_CO_CI_SB_CARRY_CO_CI_SB_CARRY_CO_CI_SB_CARRY_CO_CI_SB_CARRY_CO_I1_SB_LUT4_O_I3_SB_LUT4_O_I3_SB_CARRY_CO$CARRY.CIN
Info:                          Defined in:
Info:                               C:\OSS-CA~1\OSS-CA~1\bin\../share/yosys/ice40/arith_map.v:62.5-70.4
Info:                               C:\OSS-CA~1\OSS-CA~1\bin\../share/yosys/ice40/abc9_model.v:4.9-4.11
Info:      logic  0.28  22.57 Source led_b_SB_LUT4_O_I3_SB_CARRY_CO_CI_SB_CARRY_CO_CI_SB_CARRY_CO_CI_SB_CARRY_CO_CI_SB_CARRY_CO_CI_SB_CARRY_CO_CI_SB_CARRY_CO_CI_SB_CARRY_CO_I1_SB_LUT4_O_I3_SB_LUT4_O_I3_SB_CARRY_CO$CARRY.COUT
Info:    routing  0.00  22.57 Net led_b_SB_LUT4_O_I3_SB_CARRY_CO_CI_SB_CARRY_CO_CI_SB_CARRY_CO_CI_SB_CARRY_CO_CI_SB_CARRY_CO_CI_SB_CARRY_CO_CI_SB_CARRY_CO_CI_SB_CARRY_CO_I1_SB_LUT4_O_I3_SB_LUT4_O_I2[3] (5,13) -> (5,13)
Info:                          Sink led_b_SB_LUT4_O_I3_SB_CARRY_CO_CI_SB_CARRY_CO_CI_SB_CARRY_CO_CI_SB_CARRY_CO_CI_SB_CARRY_CO_CI_SB_CARRY_CO_CI_SB_CARRY_CO_CI_SB_CARRY_CO_I1_SB_LUT4_O_I3_SB_LUT4_O_LC.CIN
Info:                          Defined in:
Info:                               C:\OSS-CA~1\OSS-CA~1\bin\../share/yosys/ice40/arith_map.v:62.5-70.4
Info:                               C:\OSS-CA~1\OSS-CA~1\bin\../share/yosys/ice40/abc9_model.v:4.9-4.11
Info:      logic  0.28  22.85 Source led_b_SB_LUT4_O_I3_SB_CARRY_CO_CI_SB_CARRY_CO_CI_SB_CARRY_CO_CI_SB_CARRY_CO_CI_SB_CARRY_CO_CI_SB_CARRY_CO_CI_SB_CARRY_CO_CI_SB_CARRY_CO_I1_SB_LUT4_O_I3_SB_LUT4_O_LC.COUT
Info:    routing  0.00  22.85 Net led_b_SB_LUT4_O_I3_SB_CARRY_CO_CI_SB_CARRY_CO_CI_SB_CARRY_CO_CI_SB_CARRY_CO_CI_SB_CARRY_CO_I1_SB_LUT4_O_I3_SB_LUT4_O_I3_SB_CARRY_CO_CI_SB_CARRY_CO_CI (5,13) -> (5,13)
Info:                          Sink led_b_SB_LUT4_O_I3_SB_CARRY_CO_CI_SB_CARRY_CO_CI_SB_CARRY_CO_CI_SB_CARRY_CO_CI_SB_CARRY_CO_CI_SB_CARRY_CO_CI_SB_CARRY_CO_I1_SB_LUT4_O_I3_SB_LUT4_O_LC.CIN
Info:                          Defined in:
Info:                               C:\OSS-CA~1\OSS-CA~1\bin\../share/yosys/ice40/arith_map.v:62.5-70.4
Info:                               C:\OSS-CA~1\OSS-CA~1\bin\../share/yosys/ice40/cells_map.v:6.21-6.22
Info:      logic  0.28  23.13 Source led_b_SB_LUT4_O_I3_SB_CARRY_CO_CI_SB_CARRY_CO_CI_SB_CARRY_CO_CI_SB_CARRY_CO_CI_SB_CARRY_CO_CI_SB_CARRY_CO_CI_SB_CARRY_CO_I1_SB_LUT4_O_I3_SB_LUT4_O_LC.COUT
Info:    routing  0.66  23.79 Net led_b_SB_LUT4_O_I3_SB_CARRY_CO_CI_SB_CARRY_CO_CI_SB_CARRY_CO_CI_SB_CARRY_CO_CI_SB_CARRY_CO_I1_SB_LUT4_O_I3_SB_LUT4_O_I3_SB_CARRY_CO_CI (5,13) -> (5,13)
Info:                          Sink led_b_SB_LUT4_O_I3_SB_CARRY_CO_CI_SB_CARRY_CO_CI_SB_CARRY_CO_CI_SB_CARRY_CO_CI_SB_CARRY_CO_CI_SB_CARRY_CO_I1_SB_LUT4_O_I3_SB_LUT4_O_LC.I3
Info:                          Defined in:
Info:                               C:\OSS-CA~1\OSS-CA~1\bin\../share/yosys/ice40/arith_map.v:62.5-70.4
Info:                               C:\OSS-CA~1\OSS-CA~1\bin\../share/yosys/ice40/cells_map.v:6.21-6.22
Info:      logic  0.87  24.67 Source led_b_SB_LUT4_O_I3_SB_CARRY_CO_CI_SB_CARRY_CO_CI_SB_CARRY_CO_CI_SB_CARRY_CO_CI_SB_CARRY_CO_CI_SB_CARRY_CO_I1_SB_LUT4_O_I3_SB_LUT4_O_LC.O
Info:    routing  2.95  27.62 Net led_b_SB_LUT4_O_I3_SB_CARRY_CO_CI_SB_CARRY_CO_CI_SB_CARRY_CO_CI_SB_CARRY_CO_CI_SB_CARRY_CO_CI_SB_CARRY_CO_I1_SB_LUT4_O_I3[2] (5,13) -> (7,14)
Info:                          Sink led_b_SB_LUT4_O_I3_SB_CARRY_CO_CI_SB_CARRY_CO_CI_SB_CARRY_CO_CI_SB_CARRY_CO_CI_SB_CARRY_CO_CI_SB_CARRY_CO_I1_SB_LUT4_O_LC.I3
Info:                          Defined in:
Info:                               C:\OSS-CA~1\OSS-CA~1\bin\../share/yosys/ice40/cells_map.v:6.21-6.22
Info:      logic  0.87  28.49 Source led_b_SB_LUT4_O_I3_SB_CARRY_CO_CI_SB_CARRY_CO_CI_SB_CARRY_CO_CI_SB_CARRY_CO_CI_SB_CARRY_CO_CI_SB_CARRY_CO_I1_SB_LUT4_O_LC.O
Info:    routing  2.95  31.44 Net led_b_SB_LUT4_O_I3_SB_CARRY_CO_CI_SB_CARRY_CO_CI_SB_CARRY_CO_CI_SB_CARRY_CO_CI_SB_CARRY_CO_CI_SB_CARRY_CO_I1 (7,14) -> (5,15)
Info:                          Sink led_b_SB_LUT4_O_I3_SB_CARRY_CO_CI_SB_CARRY_CO_CI_SB_CARRY_CO_CI_SB_CARRY_CO_CI_SB_CARRY_CO_CI_SB_CARRY_CO$CARRY.I2
Info:      logic  0.61  32.05 Source led_b_SB_LUT4_O_I3_SB_CARRY_CO_CI_SB_CARRY_CO_CI_SB_CARRY_CO_CI_SB_CARRY_CO_CI_SB_CARRY_CO_CI_SB_CARRY_CO$CARRY.COUT
Info:    routing  0.00  32.05 Net led_b_SB_LUT4_O_I3_SB_CARRY_CO_CI_SB_CARRY_CO_CI_SB_CARRY_CO_CI_SB_CARRY_CO_CI_SB_CARRY_CO_CI (5,15) -> (5,15)
Info:                          Sink led_b_SB_LUT4_O_I3_SB_CARRY_CO_CI_SB_CARRY_CO_CI_SB_CARRY_CO_CI_SB_CARRY_CO_CI_SB_CARRY_CO$CARRY.CIN
Info:                          Defined in:
Info:                               rgb_led_driver.v:61.21-61.42
Info:                               C:\OSS-CA~1\OSS-CA~1\bin\../share/yosys/ice40/arith_map.v:62.5-70.4
Info:                               C:\OSS-CA~1\OSS-CA~1\bin\../share/yosys/ice40/abc9_model.v:4.9-4.11
Info:      logic  0.28  32.33 Source led_b_SB_LUT4_O_I3_SB_CARRY_CO_CI_SB_CARRY_CO_CI_SB_CARRY_CO_CI_SB_CARRY_CO_CI_SB_CARRY_CO$CARRY.COUT
Info:    routing  0.00  32.33 Net led_b_SB_LUT4_O_I3_SB_CARRY_CO_CI_SB_CARRY_CO_CI_SB_CARRY_CO_CI_SB_CARRY_CO_CI (5,15) -> (5,15)
Info:                          Sink led_b_SB_LUT4_O_I3_SB_CARRY_CO_CI_SB_CARRY_CO_CI_SB_CARRY_CO_CI_SB_CARRY_CO$CARRY.CIN
Info:                          Defined in:
Info:                               rgb_led_driver.v:61.21-61.42
Info:                               C:\OSS-CA~1\OSS-CA~1\bin\../share/yosys/ice40/arith_map.v:62.5-70.4
Info:                               C:\OSS-CA~1\OSS-CA~1\bin\../share/yosys/ice40/abc9_model.v:4.9-4.11
Info:      logic  0.28  32.61 Source led_b_SB_LUT4_O_I3_SB_CARRY_CO_CI_SB_CARRY_CO_CI_SB_CARRY_CO_CI_SB_CARRY_CO$CARRY.COUT
Info:    routing  0.00  32.61 Net led_b_SB_LUT4_O_I3_SB_CARRY_CO_CI_SB_CARRY_CO_CI_SB_CARRY_CO_CI (5,15) -> (5,15)
Info:                          Sink led_b_SB_LUT4_O_I3_SB_CARRY_CO_CI_SB_CARRY_CO_CI_SB_CARRY_CO$CARRY.CIN
Info:                          Defined in:
Info:                               rgb_led_driver.v:61.21-61.42
Info:                               C:\OSS-CA~1\OSS-CA~1\bin\../share/yosys/ice40/arith_map.v:62.5-70.4
Info:                               C:\OSS-CA~1\OSS-CA~1\bin\../share/yosys/ice40/abc9_model.v:4.9-4.11
Info:      logic  0.28  32.89 Source led_b_SB_LUT4_O_I3_SB_CARRY_CO_CI_SB_CARRY_CO_CI_SB_CARRY_CO$CARRY.COUT
Info:    routing  0.00  32.89 Net led_b_SB_LUT4_O_I3_SB_CARRY_CO_CI_SB_CARRY_CO_CI (5,15) -> (5,15)
Info:                          Sink led_b_SB_LUT4_O_I3_SB_CARRY_CO_CI_SB_CARRY_CO$CARRY.CIN
Info:                          Defined in:
Info:                               rgb_led_driver.v:61.21-61.42
Info:                               C:\OSS-CA~1\OSS-CA~1\bin\../share/yosys/ice40/arith_map.v:62.5-70.4
Info:                               C:\OSS-CA~1\OSS-CA~1\bin\../share/yosys/ice40/abc9_model.v:4.9-4.11
Info:      logic  0.28  33.17 Source led_b_SB_LUT4_O_I3_SB_CARRY_CO_CI_SB_CARRY_CO$CARRY.COUT
Info:    routing  0.00  33.17 Net led_b_SB_LUT4_O_I3_SB_CARRY_CO_CI (5,15) -> (5,15)
Info:                          Sink led_b_SB_LUT4_O_I3_SB_CARRY_CO$CARRY.CIN
Info:                          Defined in:
Info:                               rgb_led_driver.v:61.21-61.42
Info:                               C:\OSS-CA~1\OSS-CA~1\bin\../share/yosys/ice40/arith_map.v:62.5-70.4
Info:                               C:\OSS-CA~1\OSS-CA~1\bin\../share/yosys/ice40/abc9_model.v:4.9-4.11
Info:      logic  0.28  33.44 Source led_b_SB_LUT4_O_I3_SB_CARRY_CO$CARRY.COUT
Info:    routing  1.22  34.66 Net led_b_SB_LUT4_O_I3 (5,15) -> (5,16)
Info:                          Sink led_b_SB_LUT4_O_LC.I3
Info:                          Defined in:
Info:                               C:\OSS-CA~1\OSS-CA~1\bin\../share/yosys/ice40/cells_map.v:6.21-6.22
Info:      logic  0.87  35.53 Source led_b_SB_LUT4_O_LC.O
Info:    routing  5.00  40.54 Net led_b$SB_IO_OUT (5,16) -> (6,31)
Info:                          Sink led_b$sb_io.D_OUT_0
Info:                          Defined in:
Info:                               rgb_led_driver.v:14.19-14.24
Info: 13.04 ns logic, 27.49 ns routing

Info: Max frequency for clock 'clk$SB_IO_IN_$glb_clk': 64.80 MHz (PASS at 12.00 MHz)

Info: Max delay <async>                       -> <async>                      : 42.79 ns
Info: Max delay <async>                       -> posedge clk$SB_IO_IN_$glb_clk: 6.06 ns
Info: Max delay posedge clk$SB_IO_IN_$glb_clk -> <async>                      : 40.54 ns

Info: Slack histogram:
Info:  legend: * represents 1 endpoint(s)
Info:          + represents [1,1) endpoint(s)
Info: [ 67902,  68475) |******** 
Info: [ 68475,  69048) | 
Info: [ 69048,  69621) | 
Info: [ 69621,  70194) | 
Info: [ 70194,  70767) | 
Info: [ 70767,  71340) |* 
Info: [ 71340,  71913) | 
Info: [ 71913,  72486) |* 
Info: [ 72486,  73059) |* 
Info: [ 73059,  73632) |** 
Info: [ 73632,  74205) |****** 
Info: [ 74205,  74778) |********* 
Info: [ 74778,  75351) |****** 
Info: [ 75351,  75924) |** 
Info: [ 75924,  76497) |**** 
Info: [ 76497,  77070) |******** 
Info: [ 77070,  77643) |******** 
Info: [ 77643,  78216) |****** 
Info: [ 78216,  78789) | 
Info: [ 78789,  79362) |******************* 
25 warnings, 0 errors

Info: Program finished normally.
