Copyright 1986-2022 Xilinx, Inc. All Rights Reserved. Copyright 2022-2025 Advanced Micro Devices, Inc. All Rights Reserved.
---------------------------------------------------------------------------------------------------------------------------------------------
| Tool Version : Vivado v.2025.2 (win64) Build 6299465 Fri Nov 14 19:35:11 GMT 2025
| Date         : Sun Apr 19 13:29:35 2026
| Host         : tcovert running 64-bit major release  (build 9200)
| Command      : report_timing_summary -file C:/Users/tcove/OneDrive/Desktop/Projects/CovertEDA-Examples/vivado_reports/dpram_timing.rpt
| Design       : dpram
| Device       : 7a35ti-csg324
| Speed File   : -1L  PRODUCTION 1.23 2018-06-13
| Design State : Synthesized
---------------------------------------------------------------------------------------------------------------------------------------------

Timing Summary Report

------------------------------------------------------------------------------------------------
| Timer Settings
| --------------
------------------------------------------------------------------------------------------------

  Enable Multi Corner Analysis               :  Yes
  Enable Pessimism Removal                   :  Yes
  Pessimism Removal Resolution               :  Nearest Common Node
  Enable Input Delay Default Clock           :  No
  Enable Preset / Clear Arcs                 :  No
  Disable Flight Delays                      :  No
  Ignore I/O Paths                           :  No
  Timing Early Launch at Borrowing Latches   :  No
  Borrow Time for Max Delay Exceptions       :  Yes
  Merge Timing Exceptions                    :  Yes
  Inter-SLR Compensation                     :  Conservative

  Corner  Analyze    Analyze    
  Name    Max Paths  Min Paths  
  ------  ---------  ---------  
  Slow    Yes        Yes        
  Fast    Yes        Yes        


------------------------------------------------------------------------------------------------
| Report Methodology
| ------------------
------------------------------------------------------------------------------------------------

No report available as report_methodology has not been run prior. Run report_methodology on the current design for the summary of methodology violations.



check_timing report

Table of Contents
-----------------
1. checking no_clock (0)
2. checking constant_clock (0)
3. checking pulse_width_clock (0)
4. checking unconstrained_internal_endpoints (0)
5. checking no_input_delay (0)
6. checking no_output_delay (0)
7. checking multiple_clock (0)
8. checking generated_clocks (0)
9. checking loops (0)
10. checking partial_input_delay (0)
11. checking partial_output_delay (0)
12. checking latch_loops (0)

1. checking no_clock (0)
------------------------
 There are 0 register/latch pins with no clock.


2. checking constant_clock (0)
------------------------------
 There are 0 register/latch pins with constant_clock.


3. checking pulse_width_clock (0)
---------------------------------
 There are 0 register/latch pins which need pulse_width check


4. checking unconstrained_internal_endpoints (0)
------------------------------------------------
 There are 0 pins that are not constrained for maximum delay.

 There are 0 pins that are not constrained for maximum delay due to constant clock.


5. checking no_input_delay (0)
------------------------------
 There are 0 input ports with no input delay specified.

 There are 0 input ports with no input delay but user has a false path constraint.


6. checking no_output_delay (0)
-------------------------------
 There are 0 ports with no output delay specified.

 There are 0 ports with no output delay but user has a false path constraint

 There are 0 ports with no output delay but with a timing clock defined on it or propagating through it


7. checking multiple_clock (0)
------------------------------
 There are 0 register/latch pins with multiple clocks.


8. checking generated_clocks (0)
--------------------------------
 There are 0 generated clocks that are not connected to a clock source.


9. checking loops (0)
---------------------
 There are 0 combinational loops in the design.


10. checking partial_input_delay (0)
------------------------------------
 There are 0 input ports with partial input delay specified.


11. checking partial_output_delay (0)
-------------------------------------
 There are 0 ports with partial output delay specified.


12. checking latch_loops (0)
----------------------------
 There are 0 combinational latch loops in the design through latch input



------------------------------------------------------------------------------------------------
| Design Timing Summary
| ---------------------
------------------------------------------------------------------------------------------------

    WNS(ns)      TNS(ns)  TNS Failing Endpoints  TNS Total Endpoints      WHS(ns)      THS(ns)  THS Failing Endpoints  THS Total Endpoints     WPWS(ns)     TPWS(ns)  TPWS Failing Endpoints  TPWS Total Endpoints  
    -------      -------  ---------------------  -------------------      -------      -------  ---------------------  -------------------     --------     --------  ----------------------  --------------------  
     -0.894      -56.872                     64                  154       -1.810     -159.671                     90                  154        7.056        0.000                       0                     4  


Timing constraints are not met.


------------------------------------------------------------------------------------------------
| Clock Summary
| -------------
------------------------------------------------------------------------------------------------

Clock  Waveform(ns)       Period(ns)      Frequency(MHz)
-----  ------------       ----------      --------------
clk_a  {0.000 5.000}      10.000          100.000         
clk_b  {0.000 5.000}      10.000          100.000         


------------------------------------------------------------------------------------------------
| Intra Clock Table
| -----------------
------------------------------------------------------------------------------------------------

Clock             WNS(ns)      TNS(ns)  TNS Failing Endpoints  TNS Total Endpoints      WHS(ns)      THS(ns)  THS Failing Endpoints  THS Total Endpoints     WPWS(ns)     TPWS(ns)  TPWS Failing Endpoints  TPWS Total Endpoints  
-----             -------      -------  ---------------------  -------------------      -------      -------  ---------------------  -------------------     --------     --------  ----------------------  --------------------  
clk_a              -0.894      -28.599                     32                   77       -1.810      -80.066                     45                   77        7.056        0.000                       0                     2  
clk_b              -0.884      -28.272                     32                   77       -1.799      -79.605                     45                   77        7.056        0.000                       0                     2  


------------------------------------------------------------------------------------------------
| Inter Clock Table
| -----------------
------------------------------------------------------------------------------------------------

From Clock    To Clock          WNS(ns)      TNS(ns)  TNS Failing Endpoints  TNS Total Endpoints      WHS(ns)      THS(ns)  THS Failing Endpoints  THS Total Endpoints  
----------    --------          -------      -------  ---------------------  -------------------      -------      -------  ---------------------  -------------------  


------------------------------------------------------------------------------------------------
| Other Path Groups Table
| -----------------------
------------------------------------------------------------------------------------------------

Path Group    From Clock    To Clock          WNS(ns)      TNS(ns)  TNS Failing Endpoints  TNS Total Endpoints      WHS(ns)      THS(ns)  THS Failing Endpoints  THS Total Endpoints  
----------    ----------    --------          -------      -------  ---------------------  -------------------      -------      -------  ---------------------  -------------------  


------------------------------------------------------------------------------------------------
| Timing Details
| --------------
------------------------------------------------------------------------------------------------


---------------------------------------------------------------------------------------------------
From Clock:  clk_a
  To Clock:  clk_a

Setup :           32  Failing Endpoints,  Worst Slack       -0.894ns,  Total Violation      -28.599ns
Hold  :           45  Failing Endpoints,  Worst Slack       -1.810ns,  Total Violation      -80.066ns
PW    :            0  Failing Endpoints,  Worst Slack        7.056ns,  Total Violation        0.000ns
---------------------------------------------------------------------------------------------------


Max Delay Paths
--------------------------------------------------------------------------------------
Slack (VIOLATED) :        -0.894ns  (required time - arrival time)
  Source:                 mem_reg/CLKBWRCLK
                            (rising edge-triggered cell RAMB36E1 clocked by clk_a  {rise@0.000ns fall@5.000ns period=10.000ns})
  Destination:            dout_a[0]
                            (output port clocked by clk_a  {rise@0.000ns fall@5.000ns period=10.000ns})
  Path Group:             clk_a
  Path Type:              Max at Slow Process Corner
  Requirement:            10.000ns  (clk_a rise@10.000ns - clk_a rise@0.000ns)
  Data Path Delay:        5.890ns  (logic 5.090ns (86.422%)  route 0.800ns (13.578%))
  Logic Levels:           1  (OBUF=1)
  Output Delay:           2.000ns
  Clock Path Skew:        -2.969ns (DCD - SCD + CPR)
    Destination Clock Delay (DCD):    0.000ns = ( 10.000 - 10.000 ) 
    Source Clock Delay      (SCD):    2.969ns
    Clock Pessimism Removal (CPR):    0.000ns
  Clock Uncertainty:      0.035ns  ((TSJ^2 + TIJ^2)^1/2 + DJ) / 2 + PE
    Total System Jitter     (TSJ):    0.071ns
    Total Input Jitter      (TIJ):    0.000ns
    Discrete Jitter          (DJ):    0.000ns
    Phase Error              (PE):    0.000ns

    Location             Delay type                Incr(ns)  Path(ns)    Netlist Resource(s)
  -------------------------------------------------------------------    -------------------
                         (clock clk_a rise edge)      0.000     0.000 r  
    E3                                                0.000     0.000 r  clk_a (IN)
                         net (fo=0)                   0.000     0.000    clk_a
    E3                   IBUF (Prop_ibuf_I_O)         1.489     1.489 r  clk_a_IBUF_inst/O
                         net (fo=1, unplaced)         0.800     2.289    clk_a_IBUF
                         BUFG (Prop_bufg_I_O)         0.096     2.385 r  clk_a_IBUF_BUFG_inst/O
                         net (fo=1, unplaced)         0.584     2.969    clk_a_IBUF_BUFG
                         RAMB36E1                                     r  mem_reg/CLKBWRCLK
  -------------------------------------------------------------------    -------------------
                         RAMB36E1 (Prop_ramb36e1_CLKBWRCLK_DOBDO[0])
                                                      2.454     5.423 r  mem_reg/DOBDO[0]
                         net (fo=1, unplaced)         0.800     6.222    dout_a_OBUF[0]
                         OBUF (Prop_obuf_I_O)         2.636     8.858 r  dout_a_OBUF[0]_inst/O
                         net (fo=0)                   0.000     8.858    dout_a[0]
                                                                      r  dout_a[0] (OUT)
  -------------------------------------------------------------------    -------------------

                         (clock clk_a rise edge)     10.000    10.000 r  
                         clock pessimism              0.000    10.000    
                         clock uncertainty           -0.035     9.965    
                         output delay                -2.000     7.965    
  -------------------------------------------------------------------
                         required time                          7.965    
                         arrival time                          -8.858    
  -------------------------------------------------------------------
                         slack                                 -0.894    





Min Delay Paths
--------------------------------------------------------------------------------------
Slack (VIOLATED) :        -1.810ns  (arrival time - required time)
  Source:                 din_a[0]
                            (input port clocked by clk_a  {rise@0.000ns fall@5.000ns period=10.000ns})
  Destination:            mem_reg/DIBDI[0]
                            (rising edge-triggered cell RAMB36E1 clocked by clk_a  {rise@0.000ns fall@5.000ns period=10.000ns})
  Path Group:             clk_a
  Path Type:              Hold (Min at Slow Process Corner)
  Requirement:            0.000ns  (clk_a rise@0.000ns - clk_a rise@0.000ns)
  Data Path Delay:        1.599ns  (logic 0.840ns (52.497%)  route 0.760ns (47.503%))
  Logic Levels:           1  (IBUF=1)
  Input Delay:            0.000ns
  Clock Path Skew:        2.969ns (DCD - SCD - CPR)
    Destination Clock Delay (DCD):    2.969ns
    Source Clock Delay      (SCD):    0.000ns
    Clock Pessimism Removal (CPR):    -0.000ns
  Clock Uncertainty:      0.035ns  ((TSJ^2 + TIJ^2)^1/2 + DJ) / 2 + PE
    Total System Jitter     (TSJ):    0.071ns
    Total Input Jitter      (TIJ):    0.000ns
    Discrete Jitter          (DJ):    0.000ns
    Phase Error              (PE):    0.000ns

    Location             Delay type                Incr(ns)  Path(ns)    Netlist Resource(s)
  -------------------------------------------------------------------    -------------------
                         (clock clk_a rise edge)      0.000     0.000 r  
                         input delay                  0.000     0.000    
                                                      0.000     0.000 r  din_a[0] (IN)
                         net (fo=0)                   0.000     0.000    din_a[0]
                         IBUF (Prop_ibuf_I_O)         0.840     0.840 r  din_a_IBUF[0]_inst/O
                         net (fo=1, unplaced)         0.760     1.599    din_a_IBUF[0]
                         RAMB36E1                                     r  mem_reg/DIBDI[0]
  -------------------------------------------------------------------    -------------------

                         (clock clk_a rise edge)      0.000     0.000 r  
    E3                                                0.000     0.000 r  clk_a (IN)
                         net (fo=0)                   0.000     0.000    clk_a
    E3                   IBUF (Prop_ibuf_I_O)         1.489     1.489 r  clk_a_IBUF_inst/O
                         net (fo=1, unplaced)         0.800     2.289    clk_a_IBUF
                         BUFG (Prop_bufg_I_O)         0.096     2.385 r  clk_a_IBUF_BUFG_inst/O
                         net (fo=1, unplaced)         0.584     2.969    clk_a_IBUF_BUFG
                         RAMB36E1                                     r  mem_reg/CLKBWRCLK
                         clock pessimism              0.000     2.969    
                         clock uncertainty            0.035     3.004    
                         RAMB36E1 (Hold_ramb36e1_CLKBWRCLK_DIBDI[0])
                                                      0.405     3.409    mem_reg
  -------------------------------------------------------------------
                         required time                         -3.409    
                         arrival time                           1.599    
  -------------------------------------------------------------------
                         slack                                 -1.810    





Pulse Width Checks
--------------------------------------------------------------------------------------
Clock Name:         clk_a
Waveform(ns):       { 0.000 5.000 }
Period(ns):         10.000
Sources:            { clk_a }

Check Type  Corner  Lib Pin             Reference Pin  Required(ns)  Actual(ns)  Slack(ns)  Location  Pin
Min Period  n/a     RAMB36E1/CLKBWRCLK  n/a            2.944         10.000      7.056                mem_reg/CLKBWRCLK



---------------------------------------------------------------------------------------------------
From Clock:  clk_b
  To Clock:  clk_b

Setup :           32  Failing Endpoints,  Worst Slack       -0.884ns,  Total Violation      -28.272ns
Hold  :           45  Failing Endpoints,  Worst Slack       -1.799ns,  Total Violation      -79.605ns
PW    :            0  Failing Endpoints,  Worst Slack        7.056ns,  Total Violation        0.000ns
---------------------------------------------------------------------------------------------------


Max Delay Paths
--------------------------------------------------------------------------------------
Slack (VIOLATED) :        -0.884ns  (required time - arrival time)
  Source:                 mem_reg/CLKARDCLK
                            (rising edge-triggered cell RAMB36E1 clocked by clk_b  {rise@0.000ns fall@5.000ns period=10.000ns})
  Destination:            dout_b[0]
                            (output port clocked by clk_b  {rise@0.000ns fall@5.000ns period=10.000ns})
  Path Group:             clk_b
  Path Type:              Max at Slow Process Corner
  Requirement:            10.000ns  (clk_b rise@10.000ns - clk_b rise@0.000ns)
  Data Path Delay:        5.890ns  (logic 5.090ns (86.422%)  route 0.800ns (13.578%))
  Logic Levels:           1  (OBUF=1)
  Output Delay:           2.000ns
  Clock Path Skew:        -2.958ns (DCD - SCD + CPR)
    Destination Clock Delay (DCD):    0.000ns = ( 10.000 - 10.000 ) 
    Source Clock Delay      (SCD):    2.958ns
    Clock Pessimism Removal (CPR):    0.000ns
  Clock Uncertainty:      0.035ns  ((TSJ^2 + TIJ^2)^1/2 + DJ) / 2 + PE
    Total System Jitter     (TSJ):    0.071ns
    Total Input Jitter      (TIJ):    0.000ns
    Discrete Jitter          (DJ):    0.000ns
    Phase Error              (PE):    0.000ns

    Location             Delay type                Incr(ns)  Path(ns)    Netlist Resource(s)
  -------------------------------------------------------------------    -------------------
                         (clock clk_b rise edge)      0.000     0.000 r  
    H16                                               0.000     0.000 r  clk_b (IN)
                         net (fo=0)                   0.000     0.000    clk_b
    H16                  IBUF (Prop_ibuf_I_O)         1.479     1.479 r  clk_b_IBUF_inst/O
                         net (fo=1, unplaced)         0.800     2.278    clk_b_IBUF
                         BUFG (Prop_bufg_I_O)         0.096     2.374 r  clk_b_IBUF_BUFG_inst/O
                         net (fo=1, unplaced)         0.584     2.958    clk_b_IBUF_BUFG
                         RAMB36E1                                     r  mem_reg/CLKARDCLK
  -------------------------------------------------------------------    -------------------
                         RAMB36E1 (Prop_ramb36e1_CLKARDCLK_DOADO[0])
                                                      2.454     5.412 r  mem_reg/DOADO[0]
                         net (fo=1, unplaced)         0.800     6.212    dout_b_OBUF[0]
                         OBUF (Prop_obuf_I_O)         2.636     8.848 r  dout_b_OBUF[0]_inst/O
                         net (fo=0)                   0.000     8.848    dout_b[0]
                                                                      r  dout_b[0] (OUT)
  -------------------------------------------------------------------    -------------------

                         (clock clk_b rise edge)     10.000    10.000 r  
                         clock pessimism              0.000    10.000    
                         clock uncertainty           -0.035     9.965    
                         output delay                -2.000     7.965    
  -------------------------------------------------------------------
                         required time                          7.965    
                         arrival time                          -8.848    
  -------------------------------------------------------------------
                         slack                                 -0.884    





Min Delay Paths
--------------------------------------------------------------------------------------
Slack (VIOLATED) :        -1.799ns  (arrival time - required time)
  Source:                 din_b[0]
                            (input port clocked by clk_b  {rise@0.000ns fall@5.000ns period=10.000ns})
  Destination:            mem_reg/DIADI[0]
                            (rising edge-triggered cell RAMB36E1 clocked by clk_b  {rise@0.000ns fall@5.000ns period=10.000ns})
  Path Group:             clk_b
  Path Type:              Hold (Min at Slow Process Corner)
  Requirement:            0.000ns  (clk_b rise@0.000ns - clk_b rise@0.000ns)
  Data Path Delay:        1.599ns  (logic 0.840ns (52.497%)  route 0.760ns (47.503%))
  Logic Levels:           1  (IBUF=1)
  Input Delay:            0.000ns
  Clock Path Skew:        2.958ns (DCD - SCD - CPR)
    Destination Clock Delay (DCD):    2.958ns
    Source Clock Delay      (SCD):    0.000ns
    Clock Pessimism Removal (CPR):    -0.000ns
  Clock Uncertainty:      0.035ns  ((TSJ^2 + TIJ^2)^1/2 + DJ) / 2 + PE
    Total System Jitter     (TSJ):    0.071ns
    Total Input Jitter      (TIJ):    0.000ns
    Discrete Jitter          (DJ):    0.000ns
    Phase Error              (PE):    0.000ns

    Location             Delay type                Incr(ns)  Path(ns)    Netlist Resource(s)
  -------------------------------------------------------------------    -------------------
                         (clock clk_b rise edge)      0.000     0.000 r  
                         input delay                  0.000     0.000    
                                                      0.000     0.000 r  din_b[0] (IN)
                         net (fo=0)                   0.000     0.000    din_b[0]
                         IBUF (Prop_ibuf_I_O)         0.840     0.840 r  din_b_IBUF[0]_inst/O
                         net (fo=1, unplaced)         0.760     1.599    din_b_IBUF[0]
                         RAMB36E1                                     r  mem_reg/DIADI[0]
  -------------------------------------------------------------------    -------------------

                         (clock clk_b rise edge)      0.000     0.000 r  
    H16                                               0.000     0.000 r  clk_b (IN)
                         net (fo=0)                   0.000     0.000    clk_b
    H16                  IBUF (Prop_ibuf_I_O)         1.479     1.479 r  clk_b_IBUF_inst/O
                         net (fo=1, unplaced)         0.800     2.278    clk_b_IBUF
                         BUFG (Prop_bufg_I_O)         0.096     2.374 r  clk_b_IBUF_BUFG_inst/O
                         net (fo=1, unplaced)         0.584     2.958    clk_b_IBUF_BUFG
                         RAMB36E1                                     r  mem_reg/CLKARDCLK
                         clock pessimism              0.000     2.958    
                         clock uncertainty            0.035     2.994    
                         RAMB36E1 (Hold_ramb36e1_CLKARDCLK_DIADI[0])
                                                      0.405     3.399    mem_reg
  -------------------------------------------------------------------
                         required time                         -3.399    
                         arrival time                           1.599    
  -------------------------------------------------------------------
                         slack                                 -1.799    





Pulse Width Checks
--------------------------------------------------------------------------------------
Clock Name:         clk_b
Waveform(ns):       { 0.000 5.000 }
Period(ns):         10.000
Sources:            { clk_b }

Check Type  Corner  Lib Pin             Reference Pin  Required(ns)  Actual(ns)  Slack(ns)  Location  Pin
Min Period  n/a     RAMB36E1/CLKARDCLK  n/a            2.944         10.000      7.056                mem_reg/CLKARDCLK



