Info: *******************************************************************
Info: Running Quartus Prime Shell
    Info: Version 25.3.0 Build 109 09/24/2025 SC Pro Edition
    Info: Copyright (C) 2025  Altera Corporation. All rights reserved.
    Info: Your use of Altera Corporation's design tools, logic functions 
    Info: and other software and tools, and any partner logic 
    Info: functions, and any output files from any of the foregoing 
    Info: (including device programming or simulation files), and any 
    Info: associated documentation or information are expressly subject 
    Info: to the terms and conditions of the Altera Program License 
    Info: Subscription Agreement, the Altera Quartus Prime License Agreement,
    Info: the Altera IP License Agreement, or other applicable license
    Info: agreement, including, without limitation, that your use is for
    Info: the sole purpose of programming logic devices manufactured by
    Info: Altera and sold by Altera or its authorized distributors.  Please
    Info: refer to the Altera Software License Subscription Agreements 
    Info: on the Quartus Prime software download page.
    Info: Processing started: Fri Apr 24 13:22:32 2026
    Info: System process ID: 29104
Info: Command: quartus_sh -t run_flow.tcl
Info: *******************************************************************
Info: Running Quartus Prime Synthesis
    Info: Version 25.3.0 Build 109 09/24/2025 SC Pro Edition
    Info: Processing started: Fri Apr 24 13:22:33 2026
    Info: System process ID: 25908
Info: Command: quartus_syn --read_settings_files=on --write_settings_files=off signal_proc -c signal_proc --dni
Info: qis_default_flow_script.tcl version: #2
Info: Initializing Synthesis...
Info: Project = "signal_proc"
Info: Revision = "signal_proc"
Info (21958): Initialized Quartus Message Database
Info: Analyzing source files
Info: Elaborating from top-level entity "ddc_top"
Warning (13469): Verilog HDL assignment warning at cic_filter.v(63): truncated value with size 17 to match size of target (16) File: C:/Users/tcove/OneDrive/Desktop/Projects/CovertEDA-Examples/quartus/signal_proc/.build/cic_filter.v Line: 63
Warning (16788): Net "mix_i[31]" does not have a driver at ddc_top.v(27) File: C:/Users/tcove/OneDrive/Desktop/Projects/CovertEDA-Examples/quartus/signal_proc/.build/ddc_top.v Line: 27
Warning (16788): Net "mix_q[31]" does not have a driver at ddc_top.v(28) File: C:/Users/tcove/OneDrive/Desktop/Projects/CovertEDA-Examples/quartus/signal_proc/.build/ddc_top.v Line: 28
Warning (16788): Net "mix_valid" does not have a driver at ddc_top.v(29) File: C:/Users/tcove/OneDrive/Desktop/Projects/CovertEDA-Examples/quartus/signal_proc/.build/ddc_top.v Line: 29
Info: Found 5 design entities
Info: There are 5 partitions after elaboration.
Info: DA report generation in native DNI mode
Info (21615): Running Design Assistant Rules for snapshot 'partitioned'
Info: No waiver waived any violations
Info (22360): Design Assistant Results: 3 of 3 enabled rules passed, and 0 rules was disabled, in snapshot 'partitioned'
Info (21622): Design Assistant Results: 0 of 3 Low severity rules issued violations in snapshot 'partitioned'
Warning (23762): Hierarchies were optimized away during sweep. For details, refer to " Hierarchies Optimized Away During Sweep " report.
Info: Synthesizing partition "root_partition"
Warning (13024): Output pins are stuck at VCC or GND
    Warning (13410): Pin "i_data[0..31]" is stuck at GND File: C:/Users/tcove/OneDrive/Desktop/Projects/CovertEDA-Examples/quartus/signal_proc/.build/ddc_top.v Line: 17
    Warning (13410): Pin "output_valid" is stuck at GND File: C:/Users/tcove/OneDrive/Desktop/Projects/CovertEDA-Examples/quartus/signal_proc/.build/ddc_top.v Line: 19
    Warning (13410): Pin "q_data[0..31]" is stuck at GND File: C:/Users/tcove/OneDrive/Desktop/Projects/CovertEDA-Examples/quartus/signal_proc/.build/ddc_top.v Line: 18
Info (21057): Implemented 133 device resources after synthesis - the final resource count might be different
    Info (21058): Implemented 67 input pins
    Info (21059): Implemented 65 output pins
    Info (21061): Implemented 1 logic cells
Info: Successfully synthesized partition
Info: Saving post-synthesis snapshots for 1 partition(s)
Info: Quartus Prime Synthesis was successful. 0 errors, 4 warnings
    Info: Peak virtual memory: 814 megabytes
    Info: Processing ended: Fri Apr 24 13:22:42 2026
    Info: Elapsed time: 00:00:09
    Info: System process ID: 25908
Info (23030): Evaluation of Tcl script run_flow.tcl was successful
Info: Quartus Prime Shell was successful. 0 errors, 9 warnings
    Info: Peak virtual memory: 451 megabytes
    Info: Processing ended: Fri Apr 24 13:22:43 2026
    Info: Elapsed time: 00:00:11
    Info: System process ID: 29104

--- STDERR ---
