Synthesis Analysis & Elaboration Stage Report for signal_proc
Fri Apr 24 13:22:37 2026
Quartus Prime Version 25.3.0 Build 109 09/24/2025 SC Pro Edition


---------------------
; Table of Contents ;
---------------------
  1. Legal Notice
  2. Parameter Settings for User Entity cic_filter Instance: cic_inst
  3. Hierarchies Optimized Away During Sweep
  4. Top Causes of Logic Optimized Away During Sweep
  5. Analysis & Elaboration Messages



----------------
; Legal Notice ;
----------------
Copyright (C) 2025  Altera Corporation. All rights reserved.
Your use of Altera Corporation's design tools, logic functions 
and other software and tools, and any partner logic 
functions, and any output files from any of the foregoing 
(including device programming or simulation files), and any 
associated documentation or information are expressly subject 
to the terms and conditions of the Altera Program License 
Subscription Agreement, the Altera Quartus Prime License Agreement,
the Altera IP License Agreement, or other applicable license
agreement, including, without limitation, that your use is for
the sole purpose of programming logic devices manufactured by
Altera and sold by Altera or its authorized distributors.  Please
refer to the Altera Software License Subscription Agreements 
on the Quartus Prime software download page.



+------------------------------------------------------------------+
; Parameter Settings for User Entity cic_filter Instance: cic_inst ;
+----------------+-------+-----------------------------------------+
; Parameter Name ; Value ; Type                                    ;
+----------------+-------+-----------------------------------------+
; N              ; 5     ; Signed Integer                          ;
; R              ; 16    ; Signed Integer                          ;
+----------------+-------+-----------------------------------------+
All Instances:
cic_inst



Hierarchies have been optimized away during sweep. For more details and filtering options, ensure that you have compiled with the "Enable RTL Analysis Debug Mode " setting turned on under Assignments->Settings->Compiler Settings, then use the " Sweep Hints Viewer " tool in the " RTL Analyzer ".
+------------------------------------------------------------------------------------------+
; Hierarchies Optimized Away During Sweep                                                  ;
+--------------+--------------------+------------------------------+-----------------------+
; Entity Name  ; Number of Instance ; Number of Gates before Sweep ; Sample Hierarchy Name ;
+--------------+--------------------+------------------------------+-----------------------+
; cic_filter   ; 1                  ; 1512                         ; cic_inst              ;
; fir_decimate ; 1                  ; 1137                         ; fir_inst              ;
; nco          ; 1                  ; 99                           ; nco_inst              ;
+--------------+--------------------+------------------------------+-----------------------+


Top root causes of logic optimization that have been identified during sweep. For more details and filtering options, ensure that you have compiled with the "Enable RTL Analysis Debug Mode " setting turned on under Assignments->Settings->Compiler Settings, then go to the " Root Causes Tab " in the " Sweep Hints Viewer " tool in the " RTL Analyzer ".
+---------------------------------------------------------------------------------------------------+
; Top Causes of Logic Optimized Away During Sweep                                                   ;
+--------------------+------------------+-------------------------------------+---------------------+
; Root Object Path   ; Root Object Type ; Root Reason                         ; Swept Objects Count ;
+--------------------+------------------+-------------------------------------+---------------------+
; mix_valid          ; NET              ; undriven net set to default value 0 ; 2910                ;
; nco_inst|i_out[15] ; OUTPUT_INST_PORT ; lost_fanout                         ; 71                  ;
; nco_inst|q_out[15] ; OUTPUT_INST_PORT ; lost_fanout                         ; 71                  ;
; nco_inst|i_out[14] ; OUTPUT_INST_PORT ; lost_fanout                         ; 2                   ;
; nco_inst|i_out[13] ; OUTPUT_INST_PORT ; lost_fanout                         ; 2                   ;
; nco_inst|i_out[12] ; OUTPUT_INST_PORT ; lost_fanout                         ; 2                   ;
; nco_inst|i_out[11] ; OUTPUT_INST_PORT ; lost_fanout                         ; 2                   ;
; nco_inst|i_out[10] ; OUTPUT_INST_PORT ; lost_fanout                         ; 2                   ;
; nco_inst|i_out[9]  ; OUTPUT_INST_PORT ; lost_fanout                         ; 2                   ;
; nco_inst|i_out[8]  ; OUTPUT_INST_PORT ; lost_fanout                         ; 2                   ;
+--------------------+------------------+-------------------------------------+---------------------+
Table limited at 10 items. To change the number of top root causes reported, set the "Number of Top Root Causes Reported in Synthesis Report " option under Assignments->Settings->Compiler Settings->Advanced Settings (Synthesis)


+---------------------------------+
; Analysis & Elaboration Messages ;
+---------------------------------+
Info: *******************************************************************
Info: Running Quartus Prime Synthesis
    Info: Version 25.3.0 Build 109 09/24/2025 SC Pro Edition
    Info: Processing started: Fri Apr 24 13:22:33 2026
    Info: System process ID: 25908
Info: Command: quartus_syn --read_settings_files=on --write_settings_files=off signal_proc -c signal_proc --dni
Info: qis_default_flow_script.tcl version: #2
Info: Initializing Synthesis...
Info: Project = "signal_proc"
Info: Revision = "signal_proc"
Info (21958): Initialized Quartus Message Database
Info: Analyzing source files
Info: Elaborating from top-level entity "ddc_top"
Warning (13469): Verilog HDL assignment warning at cic_filter.v(63): truncated value with size 17 to match size of target (16) File: C:/Users/tcove/OneDrive/Desktop/Projects/CovertEDA-Examples/quartus/signal_proc/.build/cic_filter.v Line: 63
Warning (16788): Net "mix_i[31]" does not have a driver at ddc_top.v(27) File: C:/Users/tcove/OneDrive/Desktop/Projects/CovertEDA-Examples/quartus/signal_proc/.build/ddc_top.v Line: 27
Warning (16788): Net "mix_q[31]" does not have a driver at ddc_top.v(28) File: C:/Users/tcove/OneDrive/Desktop/Projects/CovertEDA-Examples/quartus/signal_proc/.build/ddc_top.v Line: 28
Warning (16788): Net "mix_valid" does not have a driver at ddc_top.v(29) File: C:/Users/tcove/OneDrive/Desktop/Projects/CovertEDA-Examples/quartus/signal_proc/.build/ddc_top.v Line: 29
Info: Found 5 design entities
Info: There are 5 partitions after elaboration.
Info: DA report generation in native DNI mode
Info (21615): Running Design Assistant Rules for snapshot 'partitioned'
Info: No waiver waived any violations
Info (22360): Design Assistant Results: 3 of 3 enabled rules passed, and 0 rules was disabled, in snapshot 'partitioned'
Info (21622): Design Assistant Results: 0 of 3 Low severity rules issued violations in snapshot 'partitioned'
Warning (23762): Hierarchies were optimized away during sweep. For details, refer to " Hierarchies Optimized Away During Sweep " report.


