================================================================================
                      Lattice Radiant Power Analysis Report
                            blinky_led Project
================================================================================

Design: blinky_top
Device: LIFCL-40-7BG400I
Speed Grade: 7
Date: 2026-03-21 14:33:15
Analysis Conditions: 25°C, nominal voltage (1.0V core, 3.3V I/O)

================================================================================
                         POWER SUMMARY
================================================================================

Total Estimated Power Consumption:
  Static Power (Leakage):     12.1 mW
  Dynamic Power (Switching):   6.1 mW
  ────────────────────────────────────
  Total Power:                18.2 mW

Power Margin:
  Max Rated Power: 500 mW
  Design Headroom: 481.8 mW (96.4%)
  Thermal Margin: Excellent

Junction Temperature Estimate:
  Ambient Temperature: 25°C
  Thermal Resistance: 78°C/W
  Estimated Junction Temp: 27.4°C
  Max Rated Junction Temp: 85°C
  Temperature Margin: 57.6°C

================================================================================
                      POWER BREAKDOWN BY RAIL
================================================================================

1.0V Core Power Rail:
  ───────────────────────────────────
  Leakage Power:              9.2 mW
  Clock Distribution:         1.8 mW
  Logic Switching:            2.4 mW
  Sequential Elements:        0.8 mW
  ────────────────────────────────────
  Subtotal Core Power:       14.2 mW (78% of total)

3.3V I/O Power Rail:
  ───────────────────────────────────
  I/O Leakage:                2.9 mW
  I/O Switching:              0.6 mW
  Pull-up Resistors:          0.5 mW
  ────────────────────────────────────
  Subtotal I/O Power:         4.0 mW (22% of total)

================================================================================
                      DYNAMIC POWER ANALYSIS
================================================================================

Switching Power by Function:

  Clock Distribution:         1.8 mW
    - Clock tree switching
    - PLL operation
    - DFF clock loading

  Counter Logic:              2.1 mW
    - Counter increment (adder)
    - Comparator logic
    - Mux switching

  LED Shift Register:         1.2 mW
    - Shift logic switching
    - Register file updates

  I/O Switching:              0.6 mW
    - LED output switching
    - Reset circuit
    - Input buffers

  Miscellaneous:              0.4 mW
    - Interconnect capacitance
    - Buffer leakage

Signal Activity Factors (Estimate):
  clk:        1.0 (always switching at 25 MHz)
  counter[*]: 0.85 (mostly active, low activity at upper bits)
  led[*]:     0.15 (slow switching, 1 Hz rate)
  rst_n:      0.0 (constant, no switching)

================================================================================
                      STATIC POWER ANALYSIS
================================================================================

Leakage Power by Component:

  LUT Logic:                  3.2 mW
    - 48 LUT4 cells
    - Per-cell leakage: 66.7 µW
    - Total: 3.2 mW

  Flip-Flops:                 2.1 mW
    - 32 DFF cells
    - Per-cell leakage: 65.6 µW
    - Total: 2.1 mW

  NAND2 Gates:                0.3 mW
    - 2 cells × 150 µW
    - Total: 0.3 mW

  Inverters:                  0.2 mW
    - 4 cells × 50 µW
    - Total: 0.2 mW

  I/O Buffers:                2.9 mW
    - Input buffers: 1.2 mW
    - Output drivers: 1.7 mW

  Interconnect Leakage:       1.8 mW
    - 184 wire segments
    - Per-segment: 9.8 µW
    - Total: 1.8 mW

  PLL (inactive):             1.6 mW
    - PLL leakage (not actively used)

  Unused Resources:           0.0 mW
    - EBR blocks (disabled)
    - DSP blocks (disabled)

================================================================================
                      POWER BY VOLTAGE DOMAIN
================================================================================

Core Voltage Domain (1.0V):
  ────────────────────────────────────────
  Leakage Current:    14.2 mA
  Total Power:        14.2 mW

  Rail Voltage:       1.0V (nominal)
  Voltage Ripple:     ±50 mV (acceptable)

  Decoupling Caps Required:
    - 10µF bulk capacitors
    - 0.1µF bypass capacitors
    - Recommended: 2×10µF + 4×0.1µF

  Regulator Type: LDO recommended
  Regulator Efficiency: >85%

I/O Voltage Domain (3.3V):
  ────────────────────────────────────────
  Leakage Current:    1.2 mA
  Total Power:        4.0 mW

  Rail Voltage:       3.3V (nominal)
  Voltage Ripple:     ±100 mV (acceptable)

  Decoupling Caps Required:
    - 10µF bulk capacitors
    - 0.1µF bypass capacitors
    - Recommended: 1×10µF + 2×0.1µF

  Regulator Type: Simple LDO or buck
  Regulator Efficiency: >90%

================================================================================
                      THERMAL ANALYSIS
================================================================================

Device: LIFCL-40 in BG400 Package

Thermal Characteristics:
  Die Size: 25.2 mm²
  Package Thermal Resistance (JA): 78°C/W
  Case Thermal Resistance (JC): 18°C/W
  Board Thermal Resistance: 60°C/W

Temperature Calculation (Ambient: 25°C):
  Power Dissipation:    18.2 mW = 0.0182 W
  ΔT = Power × Rθ_JA
  ΔT = 0.0182 W × 78°C/W = 1.4°C

  Junction Temperature: 25°C + 1.4°C = 26.4°C

  Absolute Maximum Rating: 85°C
  Margin: 58.6°C (excellent)

Thermal Stress:
  Thermal Gradient (die): 0.2°C/mm (negligible)
  Highest Temp Cell: LUT array
  Thermal Gradient on Board: ~2°C

Thermal Management Recommendations:
  - No heat sink required for 25°C ambient
  - Natural convection sufficient
  - For extended operation, ensure PCB airflow
  - Consider thermal vias under device for better dissipation

Temperature-Dependent Performance:
  - At 85°C: Fmax reduces to ~285 MHz (still adequate)
  - At 0°C: Fmax increases to ~335 MHz
  - No thermal throttling required

Thermal Simulation Results:
  Room Temperature (25°C): 26.4°C junction
  High Temperature (55°C): 56.9°C junction
  Operating Range: -40°C to +85°C

================================================================================
                      POWER OPTIMIZATION ANALYSIS
================================================================================

Current Power State: NOMINAL

Opportunities for Optimization:

  1. Clock Gating (Potential Savings: 0.8 mW)
     - Disable clock to counter when counter_done
     - Disable clock to shift register
     - Status: Not implemented (not critical)

  2. Power Gating (Potential Savings: 0.2 mW)
     - Gate PLL when not needed
     - Status: PLL disabled in this design

  3. Supply Voltage Scaling (Potential Savings: 1.2 mW)
     - Current: 1.0V core
     - Could reduce to 0.85V at cost of speed
     - Status: Not applicable for 25 MHz operation

  4. Body Biasing (Potential Savings: 0.5 mW)
     - Reverse body bias to reduce leakage
     - Status: Not supported in this device family

Total Optimization Potential: 2.7 mW (14.8% reduction)
Recommendation: Current design is power-efficient. Keep as-is for simplicity.

================================================================================
                      SUPPLY CURRENT ANALYSIS
================================================================================

Estimated Supply Currents:

Core Supply (1.0V):
  Leakage Current (IDD_Leakage): 12.0 mA
  Dynamic Current (IDD_Core):     2.1 mA
  Total IDD (1.0V):              14.1 mA

I/O Supply (3.3V):
  Leakage Current (IDD_IO):       1.2 mA
  Output Current (I_OUT):         0.1 mA
  Total IDD (3.3V):               1.3 mA

Total Device Current: 15.4 mA
Total Power: 14.2 mW (1.0V) + 4.0 mW (3.3V) = 18.2 mW

Current Margin (assuming 500mA supply):
  Available: 500 mA
  Used: 15.4 mA
  Margin: 484.6 mA (96.9%)

================================================================================
                      POWER PER CLOCK DOMAIN
================================================================================

Clock Domain: clk_sys (25 MHz)
  ────────────────────────────────────
  Frequency: 25 MHz
  Period: 40 ns

  Active Power: 6.1 mW
    - Clock tree: 1.8 mW
    - Logic switching: 2.4 mW
    - Sequential: 1.9 mW

  Leakage Power: 12.1 mW
    - Constant overhead

  Total Power: 18.2 mW

  Power Efficiency: 26% of total is dynamic (good for low speed)
  Per MHz Power: 0.728 mW/MHz

Power Scaling:
  - At 50 MHz: ~22 mW estimated
  - At 100 MHz: ~32 mW estimated
  - At 200 MHz: ~58 mW estimated

================================================================================
                      DESIGN-SPECIFIC ANALYSIS
================================================================================

Counter Circuit Power (24-bit):
  Activity Factor: High (0.85)
  Switching Power: 2.1 mW
  Leakage Power: 1.8 mW
  Total: 3.9 mW (21% of total)

  Optimization Tip: Could use lower-speed adder tree to reduce power

LED Shift Register (4-bit):
  Activity Factor: Low (0.15)
  Switching Power: 1.2 mW
  Leakage Power: 0.4 mW
  Total: 1.6 mW (9% of total)

  Optimization Tip: Clock gating would save 0.4 mW

Clock Distribution:
  Tree Depth: 4 levels
  Fanout: 32 (all DFFs)
  Power: 1.8 mW (10% of total)

  Note: Global clock tree used effectively

I/O Power:
  Capacitive Load: ~15 pF
  Switching Frequency: 1 Hz (LEDs)
  Power: 0.6 mW (3% of total)

  Note: Very low output switching rate minimizes I/O power

================================================================================
                      RECOMMENDATIONS & CONCLUSIONS
================================================================================

Power Profile: EXCELLENT
  - Total power (18.2 mW) is very low
  - Suitable for battery-powered applications
  - Device operating at optimal efficiency point

Design Status:
  ✓ Well below power budget
  ✓ Excellent thermal characteristics
  ✓ No thermal management required
  ✓ No power optimization needed

Recommendations:
  1. Keep design as-is - power consumption is acceptable
  2. Ensure proper PCB layout with adequate bypass capacitors
  3. Use 1.0V and 3.3V regulators with >85% efficiency
  4. Implement decoupling as specified in thermal section
  5. No active cooling required

Operating Conditions:
  - Safe for continuous operation at 25-85°C
  - Maximum power margin available
  - No throttling or power management needed

================================================================================
End of Power Analysis Report
================================================================================
