================================================================================
                      Lattice Radiant Utilization Report
                            blinky_led Project
================================================================================

Design: blinky_top
Device: LIFCL-40-7BG400I
Speed Grade: 7
Date: 2026-03-21 14:32:42
Report Generated: Radiant 3.2 Build 1

================================================================================
                         DESIGN SUMMARY
================================================================================

Device LIFCL-40 (BG400 Package)
Resource Type          | Used | Total | Util%  | Status
-----------------------|------|-------|--------|--------
LUT4                   |  48  | 2560  |  1.9%  | ✓ OK
DFF                    |  32  |  2560 |  1.3%  | ✓ OK
NAND2                  |   2  |  1280 |  0.2%  | ✓ OK
INV                    |   4  |  640  |  0.6%  | ✓ OK
PFUMX                  |   1  |  1280 |  0.1%  | ✓ OK
MUX2                   |   3  |  1280 |  0.2%  | ✓ OK
Distributed RAM        |   0  |  2560 |  0.0%  | ✓ OK
Adder                  |   1  |  640  |  0.2%  | ✓ OK
Comparator             |   1  |  640  |  0.2%  | ✓ OK
                       |      |       |        |
EBR (18K blocks)       |   0  |  10   |  0.0%  | ✓ OK
DSP (18x18)            |   0  |  10   |  0.0%  | ✓ OK
PLL                    |   1  |   2   | 50.0%  | ✓ OK (for I/O clocking)
                       |      |       |        |
LRAM                   |   0  |  64   |  0.0%  | ✓ OK
Wires                  | 184  |   ∞   |        | ✓ OK
IO Pads                |   6  |  160  |  3.8%  | ✓ OK

================================================================================
                      LOGIC ELEMENT BREAKDOWN
================================================================================

By Function:
  Adders/Subtractors    :  4 LUTs (24-bit counter)
  Comparators           :  2 LUTs (counter == COUNT_MAX)
  Multiplexers          :  8 LUTs (LED shift mux, output mux)
  Shift Registers       : 12 LUTs (LED rotation logic)
  Flip-Flops            : 32 DFFs (counter[23:0], led_shift[3:0])
  Misc Logic            : 22 LUTs (clock distribution, control)
  Unused                : 0

================================================================================
                      MEMORY ELEMENTS
================================================================================

Distributed RAM: 0 blocks
EBR (18Kb):      0 blocks
LRAM:            0 blocks

Total Memory Used: 0 bits
Available Memory: 180 Kb
Memory Utilization: 0%

Memories can be used for:
  - Register files
  - Data buffers
  - Lookup tables
  - Cache structures

================================================================================
                      DEDICATED HARDWARE BLOCKS
================================================================================

PLL (Phase-Locked Loops):
  In Use: 1
  Available: 2
  Reserved for I/O clocking

DSP Blocks (18x18 Multipliers):
  In Use: 0
  Available: 10
  Note: DSP blocks not required for this design

Arithmetic Units:
  Adders: 1 (24-bit incrementer)
  Multipliers: 0
  Dividers: 0

================================================================================
                      I/O SUMMARY
================================================================================

Input Ports:
  clk       : 1-bit, Primary Clock, Bank 1
  rst_n     : 1-bit, Active Low Reset, Bank 1

Output Ports:
  led[3:0]  : 4-bit, Open Drain, Bank 3

Total I/O: 6 pads
Available I/O: 160 pads
I/O Utilization: 3.8%

I/O Standards Used:
  LVCMOS33: 6 (all I/O using 3.3V standard)

================================================================================
                      POWER ANALYSIS SUMMARY
================================================================================

Power Estimation (at 25°C, nominal voltage):

Clock Distribution Power:   2.1 mW
Logic Switching Power:      3.8 mW
I/O Power:                  1.2 mW
Leakage Power:             12.1 mW
                           --------
Total Static Power:        12.1 mW
Total Dynamic Power:        6.1 mW
Total Estimated Power:     18.2 mW

Power Breakdown by Voltage Rail:
  1.0V Core Rail:  14.2 mW (78%)
  3.3V I/O Rail:   4.0 mW (22%)

Thermal Dissipation:
  Max Junction Temperature: 65°C (at 25°C ambient)
  Estimated Power Margin: Excellent

================================================================================
                      ROUTING STATISTICS
================================================================================

Total Wiring Segments: 184
  Local Wiring: 142 (77%)
  Global Wires: 24 (13%)
  Long Lines: 18 (10%)

Interconnect Utilization:
  General Routing:     12% of available
  Clock Distribution: 5% of available
  I/O Routing:        4% of available

Congestion Analysis: No congestion detected

================================================================================
                      PLACEMENT SUMMARY
================================================================================

CLB Distribution:
  Utilized CLBs: 18
  Available CLBs: 640
  Utilization: 2.8%

Placement Quality:
  Bounding Box Utilization: Very Low
  Critical Cell Packing: Optimized

Clock Domain Placement:
  Primary Clock Domain (clk_sys): Well distributed across device

================================================================================
                      REGISTER FILE ANALYSIS
================================================================================

Sequential Elements: 32
  Flip-Flops (DFF): 32
    Set/Reset Pins: 32 (all use rst_n)
    Clock Edge: Positive (all use clk)
    Reset Type: Asynchronous (low)

State Machine Detection: None

Latch Detection: None

================================================================================
                      TIMING PATH ANALYSIS
================================================================================

Critical Path Slack: 4.32 ns
Setup Margin: 10.8% of clock period
Hold Margin: 9.7% of clock period

Worst Path Type: Sequential (counter increment)
Worst Path Logic Levels: 2

Path Statistics:
  Combinational Paths: 3
  Sequential Paths: 4
  Paths > 90% clock period: 0
  Paths > 80% clock period: 0
  Timing Violations: 0

================================================================================
                      CLOCK NETWORK ANALYSIS
================================================================================

Primary Clock: clk
  Frequency: 25 MHz
  Fanout: 32 (all FFs)
  Skew: 0.12 ns (acceptable)
  Delay: 1.2 ns (clock tree)

Clock Distribution Efficiency: Excellent
Clock Tree Routing Utilization: 5%

================================================================================
                      DESIGN STATISTICS
================================================================================

Lines of Code: 85 (Verilog)
Number of Modules: 1 (blinky_top)
Instantiated Blocks: 0

Design Compilation Time: 0.8 seconds
Device Generation Time: 1.2 seconds
Placement Time: 0.4 seconds
Routing Time: 0.6 seconds

Total Build Time: 3.0 seconds

================================================================================
End of Utilization Report
================================================================================
