
--- STDERR ---
Info: constrained 'clk' to bel 'X12/Y31/io1'
Info: constrained 'rst_n' to bel 'X13/Y31/io1'
Info: constrained 'ow_in' to bel 'X8/Y0/io0'
Info: constrained 'ow_out' to bel 'X9/Y0/io1'
Info: constrained 'ow_oe' to bel 'X9/Y0/io0'
Warning: IO 'write_bit' is unconstrained in PCF and will be automatically placed
Warning: IO 'read_bit' is unconstrained in PCF and will be automatically placed
Warning: IO 'presence' is unconstrained in PCF and will be automatically placed
Warning: IO 'cmd_valid' is unconstrained in PCF and will be automatically placed
Warning: IO 'cmd[1]' is unconstrained in PCF and will be automatically placed
Warning: IO 'cmd[0]' is unconstrained in PCF and will be automatically placed
Warning: IO 'busy' is unconstrained in PCF and will be automatically placed

Info: Packing constants..
Info: Packing IOs..
Info: Packing LUT-FFs..
Info:       39 LCs used as LUT4 only
Info:       21 LCs used as LUT4 and DFF
Info: Packing non-LUT FFs..
Info:        2 LCs used as DFF only
Info: Packing carries..
Info:       31 LCs used as CARRY only
Info: Packing indirect carry+LUT pairs...
Info:        1 LUTs merged into carry LCs
Info: Packing RAMs..
Info: Placing PLLs..
Info: Packing special functions..
Info: Packing PLLs..
Info: Promoting globals..
Info: promoting clk$SB_IO_IN (fanout 23)
Info: promoting rst_n_SB_LUT4_I3_O [reset] (fanout 23)
Info: promoting busy_SB_LUT4_I3_O [cen] (fanout 16)
Info: Constraining chains...
Info:        7 LCs used to legalise carry chains.
Info: Checksum: 0x98d855b1

Info: Device utilisation:
Info: 	         ICESTORM_LC:     101/   5280     1%
Info: 	        ICESTORM_RAM:       0/     30     0%
Info: 	               SB_IO:      12/     39    30%
Info: 	               SB_GB:       3/      8    37%
Info: 	        ICESTORM_PLL:       0/      1     0%
Info: 	         SB_WARMBOOT:       0/      1     0%
Info: 	        ICESTORM_DSP:       0/      8     0%
Info: 	      ICESTORM_HFOSC:       0/      1     0%
Info: 	      ICESTORM_LFOSC:       0/      1     0%
Info: 	              SB_I2C:       0/      2     0%
Info: 	              SB_SPI:       0/      2     0%
Info: 	              IO_I3C:       0/      2     0%
Info: 	         SB_LEDDA_IP:       0/      1     0%
Info: 	         SB_RGBA_DRV:       0/      1     0%
Info: 	      ICESTORM_SPRAM:       0/      4     0%

Info: Placed 5 cells based on constraints.
Info: Creating initial analytic placement for 51 cells, random placement wirelen = 1997.
Info:     at initial placer iter 0, wirelen = 192
Info:     at initial placer iter 1, wirelen = 189
Info:     at initial placer iter 2, wirelen = 191
Info:     at initial placer iter 3, wirelen = 189
Info: Running main analytical placer, max placement attempts per cell = 10000.
Info:     at iteration #1, type ICESTORM_LC: wirelen solved = 190, spread = 322, legal = 332; time = 0.00s
Info:     at iteration #1, type SB_GB: wirelen solved = 327, spread = 327, legal = 336; time = 0.00s
Info:     at iteration #1, type ALL: wirelen solved = 193, spread = 336, legal = 355; time = 0.00s
Info:     at iteration #2, type ICESTORM_LC: wirelen solved = 197, spread = 349, legal = 356; time = 0.00s
Info:     at iteration #2, type SB_GB: wirelen solved = 350, spread = 351, legal = 356; time = 0.00s
Info:     at iteration #2, type ALL: wirelen solved = 180, spread = 324, legal = 371; time = 0.00s
Info:     at iteration #3, type ICESTORM_LC: wirelen solved = 181, spread = 349, legal = 354; time = 0.00s
Info:     at iteration #3, type SB_GB: wirelen solved = 348, spread = 349, legal = 354; time = 0.00s
Info:     at iteration #3, type ALL: wirelen solved = 170, spread = 315, legal = 331; time = 0.00s
Info:     at iteration #4, type ICESTORM_LC: wirelen solved = 178, spread = 357, legal = 363; time = 0.00s
Info:     at iteration #4, type SB_GB: wirelen solved = 358, spread = 359, legal = 363; time = 0.00s
Info:     at iteration #4, type ALL: wirelen solved = 189, spread = 330, legal = 352; time = 0.00s
Info:     at iteration #5, type ICESTORM_LC: wirelen solved = 179, spread = 329, legal = 339; time = 0.00s
Info:     at iteration #5, type SB_GB: wirelen solved = 334, spread = 335, legal = 339; time = 0.00s
Info:     at iteration #5, type ALL: wirelen solved = 179, spread = 335, legal = 366; time = 0.00s
Info:     at iteration #6, type ICESTORM_LC: wirelen solved = 195, spread = 354, legal = 372; time = 0.00s
Info:     at iteration #6, type SB_GB: wirelen solved = 366, spread = 367, legal = 372; time = 0.00s
Info:     at iteration #6, type ALL: wirelen solved = 200, spread = 335, legal = 340; time = 0.00s
Info:     at iteration #7, type ICESTORM_LC: wirelen solved = 191, spread = 340, legal = 357; time = 0.00s
Info:     at iteration #7, type SB_GB: wirelen solved = 355, spread = 356, legal = 357; time = 0.00s
Info:     at iteration #7, type ALL: wirelen solved = 201, spread = 323, legal = 345; time = 0.00s
Info:     at iteration #8, type ICESTORM_LC: wirelen solved = 205, spread = 329, legal = 342; time = 0.00s
Info:     at iteration #8, type SB_GB: wirelen solved = 338, spread = 339, legal = 342; time = 0.00s
Info:     at iteration #8, type ALL: wirelen solved = 197, spread = 311, legal = 321; time = 0.00s
Info:     at iteration #9, type ICESTORM_LC: wirelen solved = 195, spread = 346, legal = 352; time = 0.00s
Info:     at iteration #9, type SB_GB: wirelen solved = 350, spread = 351, legal = 352; time = 0.00s
Info:     at iteration #9, type ALL: wirelen solved = 203, spread = 351, legal = 371; time = 0.00s
Info:     at iteration #10, type ICESTORM_LC: wirelen solved = 220, spread = 314, legal = 332; time = 0.00s
Info:     at iteration #10, type SB_GB: wirelen solved = 328, spread = 329, legal = 332; time = 0.00s
Info:     at iteration #10, type ALL: wirelen solved = 209, spread = 317, legal = 361; time = 0.00s
Info:     at iteration #11, type ICESTORM_LC: wirelen solved = 213, spread = 366, legal = 367; time = 0.00s
Info:     at iteration #11, type SB_GB: wirelen solved = 364, spread = 365, legal = 367; time = 0.00s
Info:     at iteration #11, type ALL: wirelen solved = 217, spread = 343, legal = 346; time = 0.00s
Info:     at iteration #12, type ICESTORM_LC: wirelen solved = 223, spread = 329, legal = 332; time = 0.00s
Info:     at iteration #12, type SB_GB: wirelen solved = 327, spread = 328, legal = 332; time = 0.00s
Info:     at iteration #12, type ALL: wirelen solved = 206, spread = 308, legal = 347; time = 0.00s
Info:     at iteration #13, type ICESTORM_LC: wirelen solved = 226, spread = 325, legal = 335; time = 0.00s
Info:     at iteration #13, type SB_GB: wirelen solved = 329, spread = 330, legal = 335; time = 0.00s
Info:     at iteration #13, type ALL: wirelen solved = 227, spread = 316, legal = 334; time = 0.00s
Info: HeAP Placer Time: 0.03s
Info:   of which solving equations: 0.02s
Info:   of which spreading cells: 0.00s
Info:   of which strict legalisation: 0.00s

Info: Running simulated annealing placer for refinement.
Info:   at iteration #1: temp = 0.000000, timing cost = 58, wirelen = 321
Info:   at iteration #5: temp = 0.000000, timing cost = 80, wirelen = 301
Info:   at iteration #5: temp = 0.000000, timing cost = 79, wirelen = 295 
Info: SA placement time 0.01s

Info: Max frequency for clock 'clk$SB_IO_IN_$glb_clk': 50.48 MHz (PASS at 12.00 MHz)

Info: Max delay <async>                       -> posedge clk$SB_IO_IN_$glb_clk: 18.00 ns
Info: Max delay posedge clk$SB_IO_IN_$glb_clk -> <async>                      : 10.82 ns

Info: Slack histogram:
Info:  legend: * represents 1 endpoint(s)
Info:          + represents [1,1) endpoint(s)
Info: [ 63524,  64310) |******* 
Info: [ 64310,  65096) | 
Info: [ 65096,  65882) |*** 
Info: [ 65882,  66668) | 
Info: [ 66668,  67454) |** 
Info: [ 67454,  68240) |**** 
Info: [ 68240,  69026) |******** 
Info: [ 69026,  69812) |*********** 
Info: [ 69812,  70598) |*** 
Info: [ 70598,  71384) |* 
Info: [ 71384,  72170) |**** 
Info: [ 72170,  72956) |*** 
Info: [ 72956,  73742) |**** 
Info: [ 73742,  74528) |* 
Info: [ 74528,  75314) |***** 
Info: [ 75314,  76100) |******* 
Info: [ 76100,  76886) |**** 
Info: [ 76886,  77672) |** 
Info: [ 77672,  78458) |*********** 
Info: [ 78458,  79244) |***** 
Info: Checksum: 0x1c4c03bd

Info: Routing..
Info: Setting up routing queue.
Info: Routing 343 arcs.
Info:            |   (re-)routed arcs  |   delta    | remaining|       time spent     |
Info:    IterCnt |  w/ripup   wo/ripup |  w/r  wo/r |      arcs| batch(sec) total(sec)|
Info:        403 |       49        310 |   49   310 |         0|       0.04       0.04|
Info: Routing complete.
Info: Router1 time 0.04s
Info: Checksum: 0xe90531ae

Info: Critical path report for clock 'clk$SB_IO_IN_$glb_clk' (posedge -> posedge):
Info:       type curr  total name
Info:   clk-to-q  1.39  1.39 Source ow_out_SB_LUT4_I0_I2_SB_LUT4_I2_O_SB_LUT4_I0_2_LC.O
Info:    routing  1.76  3.15 Net presence_SB_DFFER_Q_E_SB_LUT4_O_I2_SB_LUT4_O_1_I2 (9,1) -> (10,1)
Info:                          Sink $nextpnr_ICESTORM_LC_0.I1
Info:                          Defined in:
Info:                               onewire_master.v:96.25-96.41
Info:                               C:\OSS-CA~1\OSS-CA~1\bin\../share/yosys/ice40/arith_map.v:62.5-70.4
Info:                               C:\OSS-CA~1\OSS-CA~1\bin\../share/yosys/ice40/abc9_model.v:8.8-8.10
Info:      logic  0.68  3.83 Source $nextpnr_ICESTORM_LC_0.COUT
Info:    routing  0.00  3.83 Net $nextpnr_ICESTORM_LC_0$O (10,1) -> (10,1)
Info:                          Sink busy_SB_LUT4_I3_1_O_SB_LUT4_O_I3_SB_CARRY_CO_CI_SB_CARRY_CO_CI_SB_CARRY_CO_CI_SB_CARRY_CO_CI_SB_CARRY_CO_CI_SB_CARRY_CO_CI_SB_CARRY_CO_CI_SB_CARRY_CO$CARRY.CIN
Info:      logic  0.28  4.10 Source busy_SB_LUT4_I3_1_O_SB_LUT4_O_I3_SB_CARRY_CO_CI_SB_CARRY_CO_CI_SB_CARRY_CO_CI_SB_CARRY_CO_CI_SB_CARRY_CO_CI_SB_CARRY_CO_CI_SB_CARRY_CO_CI_SB_CARRY_CO$CARRY.COUT
Info:    routing  0.00  4.10 Net busy_SB_LUT4_I3_1_O_SB_LUT4_O_I3_SB_CARRY_CO_CI_SB_CARRY_CO_CI_SB_CARRY_CO_CI_SB_CARRY_CO_CI_SB_CARRY_CO_CI_SB_CARRY_CO_CI_SB_CARRY_CO_CI (10,1) -> (10,1)
Info:                          Sink busy_SB_LUT4_I3_1_O_SB_LUT4_O_I3_SB_CARRY_CO_CI_SB_CARRY_CO_CI_SB_CARRY_CO_CI_SB_CARRY_CO_CI_SB_CARRY_CO_CI_SB_CARRY_CO_CI_SB_CARRY_CO$CARRY.CIN
Info:                          Defined in:
Info:                               onewire_master.v:96.25-96.41
Info:                               C:\OSS-CA~1\OSS-CA~1\bin\../share/yosys/ice40/arith_map.v:62.5-70.4
Info:                               C:\OSS-CA~1\OSS-CA~1\bin\../share/yosys/ice40/abc9_model.v:4.9-4.11
Info:      logic  0.28  4.38 Source busy_SB_LUT4_I3_1_O_SB_LUT4_O_I3_SB_CARRY_CO_CI_SB_CARRY_CO_CI_SB_CARRY_CO_CI_SB_CARRY_CO_CI_SB_CARRY_CO_CI_SB_CARRY_CO_CI_SB_CARRY_CO$CARRY.COUT
Info:    routing  0.00  4.38 Net busy_SB_LUT4_I3_1_O_SB_LUT4_O_I3_SB_CARRY_CO_CI_SB_CARRY_CO_CI_SB_CARRY_CO_CI_SB_CARRY_CO_CI_SB_CARRY_CO_CI_SB_CARRY_CO_CI (10,1) -> (10,1)
Info:                          Sink busy_SB_LUT4_I3_1_O_SB_LUT4_O_I3_SB_CARRY_CO_CI_SB_CARRY_CO_CI_SB_CARRY_CO_CI_SB_CARRY_CO_CI_SB_CARRY_CO_CI_SB_CARRY_CO$CARRY.CIN
Info:                          Defined in:
Info:                               onewire_master.v:96.25-96.41
Info:                               C:\OSS-CA~1\OSS-CA~1\bin\../share/yosys/ice40/arith_map.v:62.5-70.4
Info:                               C:\OSS-CA~1\OSS-CA~1\bin\../share/yosys/ice40/abc9_model.v:4.9-4.11
Info:      logic  0.28  4.66 Source busy_SB_LUT4_I3_1_O_SB_LUT4_O_I3_SB_CARRY_CO_CI_SB_CARRY_CO_CI_SB_CARRY_CO_CI_SB_CARRY_CO_CI_SB_CARRY_CO_CI_SB_CARRY_CO$CARRY.COUT
Info:    routing  0.00  4.66 Net busy_SB_LUT4_I3_1_O_SB_LUT4_O_I3_SB_CARRY_CO_CI_SB_CARRY_CO_CI_SB_CARRY_CO_CI_SB_CARRY_CO_CI_SB_CARRY_CO_CI (10,1) -> (10,1)
Info:                          Sink busy_SB_LUT4_I3_1_O_SB_LUT4_O_I3_SB_CARRY_CO_CI_SB_CARRY_CO_CI_SB_CARRY_CO_CI_SB_CARRY_CO_CI_SB_CARRY_CO$CARRY.CIN
Info:                          Defined in:
Info:                               onewire_master.v:96.25-96.41
Info:                               C:\OSS-CA~1\OSS-CA~1\bin\../share/yosys/ice40/arith_map.v:62.5-70.4
Info:                               C:\OSS-CA~1\OSS-CA~1\bin\../share/yosys/ice40/abc9_model.v:4.9-4.11
Info:      logic  0.28  4.94 Source busy_SB_LUT4_I3_1_O_SB_LUT4_O_I3_SB_CARRY_CO_CI_SB_CARRY_CO_CI_SB_CARRY_CO_CI_SB_CARRY_CO_CI_SB_CARRY_CO$CARRY.COUT
Info:    routing  0.00  4.94 Net busy_SB_LUT4_I3_1_O_SB_LUT4_O_I3_SB_CARRY_CO_CI_SB_CARRY_CO_CI_SB_CARRY_CO_CI_SB_CARRY_CO_CI (10,1) -> (10,1)
Info:                          Sink busy_SB_LUT4_I3_1_O_SB_LUT4_O_I3_SB_CARRY_CO_CI_SB_CARRY_CO_CI_SB_CARRY_CO_CI_SB_CARRY_CO$CARRY.CIN
Info:                          Defined in:
Info:                               onewire_master.v:96.25-96.41
Info:                               C:\OSS-CA~1\OSS-CA~1\bin\../share/yosys/ice40/arith_map.v:62.5-70.4
Info:                               C:\OSS-CA~1\OSS-CA~1\bin\../share/yosys/ice40/abc9_model.v:4.9-4.11
Info:      logic  0.28  5.22 Source busy_SB_LUT4_I3_1_O_SB_LUT4_O_I3_SB_CARRY_CO_CI_SB_CARRY_CO_CI_SB_CARRY_CO_CI_SB_CARRY_CO$CARRY.COUT
Info:    routing  0.00  5.22 Net busy_SB_LUT4_I3_1_O_SB_LUT4_O_I3_SB_CARRY_CO_CI_SB_CARRY_CO_CI_SB_CARRY_CO_CI (10,1) -> (10,1)
Info:                          Sink busy_SB_LUT4_I3_1_O_SB_LUT4_O_I3_SB_CARRY_CO_CI_SB_CARRY_CO_CI_SB_CARRY_CO$CARRY.CIN
Info:                          Defined in:
Info:                               onewire_master.v:96.25-96.41
Info:                               C:\OSS-CA~1\OSS-CA~1\bin\../share/yosys/ice40/arith_map.v:62.5-70.4
Info:                               C:\OSS-CA~1\OSS-CA~1\bin\../share/yosys/ice40/abc9_model.v:4.9-4.11
Info:      logic  0.28  5.49 Source busy_SB_LUT4_I3_1_O_SB_LUT4_O_I3_SB_CARRY_CO_CI_SB_CARRY_CO_CI_SB_CARRY_CO$CARRY.COUT
Info:    routing  0.00  5.49 Net busy_SB_LUT4_I3_1_O_SB_LUT4_O_I3_SB_CARRY_CO_CI_SB_CARRY_CO_CI (10,1) -> (10,1)
Info:                          Sink busy_SB_LUT4_I3_1_O_SB_LUT4_O_I3_SB_CARRY_CO_CI_SB_CARRY_CO$CARRY.CIN
Info:                          Defined in:
Info:                               onewire_master.v:96.25-96.41
Info:                               C:\OSS-CA~1\OSS-CA~1\bin\../share/yosys/ice40/arith_map.v:62.5-70.4
Info:                               C:\OSS-CA~1\OSS-CA~1\bin\../share/yosys/ice40/abc9_model.v:4.9-4.11
Info:      logic  0.28  5.77 Source busy_SB_LUT4_I3_1_O_SB_LUT4_O_I3_SB_CARRY_CO_CI_SB_CARRY_CO$CARRY.COUT
Info:    routing  0.56  6.33 Net busy_SB_LUT4_I3_1_O_SB_LUT4_O_I3_SB_CARRY_CO_CI (10,1) -> (10,2)
Info:                          Sink busy_SB_LUT4_I3_1_O_SB_LUT4_O_I3_SB_CARRY_CO$CARRY.CIN
Info:                          Defined in:
Info:                               onewire_master.v:96.25-96.41
Info:                               C:\OSS-CA~1\OSS-CA~1\bin\../share/yosys/ice40/arith_map.v:62.5-70.4
Info:                               C:\OSS-CA~1\OSS-CA~1\bin\../share/yosys/ice40/abc9_model.v:4.9-4.11
Info:      logic  0.28  6.61 Source busy_SB_LUT4_I3_1_O_SB_LUT4_O_I3_SB_CARRY_CO$CARRY.COUT
Info:    routing  0.66  7.27 Net $nextpnr_ICESTORM_LC_1$I3 (10,2) -> (10,2)
Info:                          Sink $nextpnr_ICESTORM_LC_1.I3
Info:      logic  0.87  8.14 Source $nextpnr_ICESTORM_LC_1.O
Info:    routing  1.76  9.90 Net busy_SB_LUT4_I3_1_O_SB_LUT4_O_I3 (10,2) -> (11,2)
Info:                          Sink write_bit_SB_LUT4_I1_O_SB_LUT4_I2_O_SB_LUT4_O_LC.I3
Info:                          Defined in:
Info:                               C:\OSS-CA~1\OSS-CA~1\bin\../share/yosys/ice40/cells_map.v:6.21-6.22
Info:      logic  0.87  10.78 Source write_bit_SB_LUT4_I1_O_SB_LUT4_I2_O_SB_LUT4_O_LC.O
Info:    routing  1.76  12.54 Net ow_out_SB_LUT4_I0_I2_SB_CARRY_CO_CI_SB_CARRY_CO_CI_SB_CARRY_CO_CI_SB_CARRY_CO_CI_SB_CARRY_CO_CI_SB_CARRY_CO_I0[0] (11,2) -> (10,2)
Info:                          Sink ow_out_SB_LUT4_I0_I2_SB_LUT4_I2_O_SB_LUT4_O_LC.I2
Info:                          Defined in:
Info:                               C:\OSS-CA~1\OSS-CA~1\bin\../share/yosys/ice40/cells_map.v:6.21-6.22
Info:      logic  1.21  13.74 Source ow_out_SB_LUT4_I0_I2_SB_LUT4_I2_O_SB_LUT4_O_LC.O
Info:    routing  2.95  16.69 Net ow_out_SB_LUT4_I0_I2_SB_LUT4_I2_O[0] (10,2) -> (8,1)
Info:                          Sink ow_out_SB_LUT4_I0_I2_SB_LUT4_I2_O_SB_LUT4_I3_LC.I2
Info:                          Defined in:
Info:                               onewire_master.v:136.30-136.42
Info:                               C:\OSS-CA~1\OSS-CA~1\bin\../share/yosys/ice40/arith_map.v:62.5-70.4
Info:                               C:\OSS-CA~1\OSS-CA~1\bin\../share/yosys/ice40/cells_map.v:6.21-6.22
Info:      logic  1.21  17.90 Source ow_out_SB_LUT4_I0_I2_SB_LUT4_I2_O_SB_LUT4_I3_LC.O
Info:    routing  1.76  19.66 Net ow_out_SB_LUT4_I0_I2_SB_LUT4_I2_O_SB_LUT4_I0_O_SB_LUT4_O_6_I2[0] (8,1) -> (9,1)
Info:                          Sink ow_out_SB_LUT4_I0_I2_SB_LUT4_I2_O_SB_LUT4_I0_O_SB_LUT4_O_LC.I0
Info:                          Defined in:
Info:                               onewire_master.v:136.30-136.42
Info:                               C:\OSS-CA~1\OSS-CA~1\bin\../share/yosys/ice40/arith_map.v:62.5-70.4
Info:                               C:\OSS-CA~1\OSS-CA~1\bin\../share/yosys/ice40/cells_map.v:6.21-6.22
Info:      setup  1.23  20.90 Source ow_out_SB_LUT4_I0_I2_SB_LUT4_I2_O_SB_LUT4_I0_O_SB_LUT4_O_LC.I0
Info: 9.68 ns logic, 11.21 ns routing

Info: Critical path report for cross-domain path '<async>' -> 'posedge clk$SB_IO_IN_$glb_clk':
Info:       type curr  total name
Info:     source  0.00  0.00 Source write_bit$sb_io.D_IN_0
Info:    routing  3.15  3.15 Net write_bit$SB_IO_IN (7,0) -> (11,3)
Info:                          Sink write_bit_SB_LUT4_I1_LC.I1
Info:                          Defined in:
Info:                               C:\OSS-CA~1\OSS-CA~1\bin\../share/yosys/ice40/cells_map.v:6.21-6.22
Info:      logic  1.23  4.38 Source write_bit_SB_LUT4_I1_LC.O
Info:    routing  1.76  6.14 Net cmd_valid_SB_LUT4_I0_O[2] (11,3) -> (10,4)
Info:                          Sink write_bit_SB_LUT4_I1_O_SB_LUT4_I2_LC.I2
Info:                          Defined in:
Info:                               C:\OSS-CA~1\OSS-CA~1\bin\../share/yosys/ice40/cells_map.v:6.21-6.22
Info:      logic  1.21  7.35 Source write_bit_SB_LUT4_I1_O_SB_LUT4_I2_LC.O
Info:    routing  2.41  9.76 Net write_bit_SB_LUT4_I1_O_SB_LUT4_I2_I3_SB_LUT4_I3_O[1] (10,4) -> (10,2)
Info:                          Sink ow_out_SB_LUT4_I0_I2_SB_LUT4_I2_O_SB_LUT4_O_LC.I3
Info:                          Defined in:
Info:                               C:\OSS-CA~1\OSS-CA~1\bin\../share/yosys/ice40/cells_map.v:6.21-6.22
Info:      logic  0.87  10.63 Source ow_out_SB_LUT4_I0_I2_SB_LUT4_I2_O_SB_LUT4_O_LC.O
Info:    routing  2.95  13.58 Net ow_out_SB_LUT4_I0_I2_SB_LUT4_I2_O[0] (10,2) -> (8,1)
Info:                          Sink ow_out_SB_LUT4_I0_I2_SB_LUT4_I2_O_SB_LUT4_I3_LC.I2
Info:                          Defined in:
Info:                               onewire_master.v:136.30-136.42
Info:                               C:\OSS-CA~1\OSS-CA~1\bin\../share/yosys/ice40/arith_map.v:62.5-70.4
Info:                               C:\OSS-CA~1\OSS-CA~1\bin\../share/yosys/ice40/cells_map.v:6.21-6.22
Info:      logic  1.21  14.79 Source ow_out_SB_LUT4_I0_I2_SB_LUT4_I2_O_SB_LUT4_I3_LC.O
Info:    routing  1.76  16.55 Net ow_out_SB_LUT4_I0_I2_SB_LUT4_I2_O_SB_LUT4_I0_O_SB_LUT4_O_6_I2[0] (8,1) -> (9,1)
Info:                          Sink ow_out_SB_LUT4_I0_I2_SB_LUT4_I2_O_SB_LUT4_I0_O_SB_LUT4_O_LC.I0
Info:                          Defined in:
Info:                               onewire_master.v:136.30-136.42
Info:                               C:\OSS-CA~1\OSS-CA~1\bin\../share/yosys/ice40/arith_map.v:62.5-70.4
Info:                               C:\OSS-CA~1\OSS-CA~1\bin\../share/yosys/ice40/cells_map.v:6.21-6.22
Info:      setup  1.23  17.78 Source ow_out_SB_LUT4_I0_I2_SB_LUT4_I2_O_SB_LUT4_I0_O_SB_LUT4_O_LC.I0
Info: 5.75 ns logic, 12.03 ns routing

Info: Critical path report for cross-domain path 'posedge clk$SB_IO_IN_$glb_clk' -> '<async>':
Info:       type curr  total name
Info:   clk-to-q  1.39  1.39 Source write_bit_SB_LUT4_I0_O_SB_LUT4_I2_LC.O
Info:    routing  1.76  3.15 Net ow_out_SB_LUT4_I0_I2_SB_LUT4_I2_O_SB_LUT4_I0_O_SB_LUT4_O_5_I3[0] (11,3) -> (12,4)
Info:                          Sink busy_SB_LUT4_O_LC.I1
Info:                          Defined in:
Info:                               C:\OSS-CA~1\OSS-CA~1\bin\../share/yosys/ice40/cells_map.v:6.21-6.22
Info:      logic  1.23  4.38 Source busy_SB_LUT4_O_LC.O
Info:    routing  6.84  11.22 Net busy$SB_IO_OUT (12,4) -> (16,31)
Info:                          Sink busy$sb_io.D_OUT_0
Info:                          Defined in:
Info:                               onewire_master.v:12.18-12.22
Info: 2.62 ns logic, 8.60 ns routing

Info: Max frequency for clock 'clk$SB_IO_IN_$glb_clk': 47.86 MHz (PASS at 12.00 MHz)

Info: Max delay <async>                       -> posedge clk$SB_IO_IN_$glb_clk: 17.78 ns
Info: Max delay posedge clk$SB_IO_IN_$glb_clk -> <async>                      : 11.22 ns

Info: Slack histogram:
Info:  legend: * represents 1 endpoint(s)
Info:          + represents [1,1) endpoint(s)
Info: [ 62438,  63285) |******* 
Info: [ 63285,  64132) |*** 
Info: [ 64132,  64979) | 
Info: [ 64979,  65826) | 
Info: [ 65826,  66673) |*** 
Info: [ 66673,  67520) |* 
Info: [ 67520,  68367) |** 
Info: [ 68367,  69214) |**** 
Info: [ 69214,  70061) |* 
Info: [ 70061,  70908) |* 
Info: [ 70908,  71755) |****** 
Info: [ 71755,  72602) |******************* 
Info: [ 72602,  73449) |*** 
Info: [ 73449,  74296) |** 
Info: [ 74296,  75143) |****** 
Info: [ 75143,  75990) |***** 
Info: [ 75990,  76837) |***** 
Info: [ 76837,  77684) |*** 
Info: [ 77684,  78531) |********* 
Info: [ 78531,  79378) |***** 
7 warnings, 0 errors

Info: Program finished normally.
