
 /----------------------------------------------------------------------------\
 |  yosys -- Yosys Open SYnthesis Suite                                       |
 |  Copyright (C) 2012 - 2026  Claire Xenia Wolf <claire@yosyshq.com>         |
 |  Distributed under an ISC-like license, type "license" to see terms        |
 \----------------------------------------------------------------------------/
 Yosys 0.64+68 (git sha1 413169663-dirty, x86_64-w64-mingw32-g++ 13.2.1 -O3)

-- Executing script file `build.ys' --

1. Executing Verilog-2005 frontend: onewire_master.v
Parsing Verilog input from `onewire_master.v' to AST representation.
Generating RTLIL representation for module `\onewire_master'.
Successfully finished Verilog frontend.

2. Executing HIERARCHY pass (managing design hierarchy).

2.1. Analyzing design hierarchy..
Top module:  \onewire_master

2.2. Analyzing design hierarchy..
Top module:  \onewire_master
Removed 0 unused modules.

3. Executing SYNTH_ICE40 pass.

3.1. Executing Verilog-2005 frontend: C:\OSS-CA~1\OSS-CA~1\bin\../share/yosys/ice40/cells_sim.v
Parsing Verilog input from `C:\OSS-CA~1\OSS-CA~1\bin\../share/yosys/ice40/cells_sim.v' to AST representation.
Generating RTLIL representation for module `\SB_IO'.
Generating RTLIL representation for module `\SB_GB_IO'.
Generating RTLIL representation for module `\SB_GB'.
Generating RTLIL representation for module `\SB_LUT4'.
Generating RTLIL representation for module `\SB_CARRY'.
Generating RTLIL representation for module `\SB_DFF'.
Generating RTLIL representation for module `\SB_DFFE'.
Generating RTLIL representation for module `\SB_DFFSR'.
Generating RTLIL representation for module `\SB_DFFR'.
Generating RTLIL representation for module `\SB_DFFSS'.
Generating RTLIL representation for module `\SB_DFFS'.
Generating RTLIL representation for module `\SB_DFFESR'.
Generating RTLIL representation for module `\SB_DFFER'.
Generating RTLIL representation for module `\SB_DFFESS'.
Generating RTLIL representation for module `\SB_DFFES'.
Generating RTLIL representation for module `\SB_DFFN'.
Generating RTLIL representation for module `\SB_DFFNE'.
Generating RTLIL representation for module `\SB_DFFNSR'.
Generating RTLIL representation for module `\SB_DFFNR'.
Generating RTLIL representation for module `\SB_DFFNSS'.
Generating RTLIL representation for module `\SB_DFFNS'.
Generating RTLIL representation for module `\SB_DFFNESR'.
Generating RTLIL representation for module `\SB_DFFNER'.
Generating RTLIL representation for module `\SB_DFFNESS'.
Generating RTLIL representation for module `\SB_DFFNES'.
Generating RTLIL representation for module `\SB_RAM40_4K'.
Generating RTLIL representation for module `\SB_RAM40_4KNR'.
Generating RTLIL representation for module `\SB_RAM40_4KNW'.
Generating RTLIL representation for module `\SB_RAM40_4KNRNW'.
Generating RTLIL representation for module `\ICESTORM_LC'.
Generating RTLIL representation for module `\SB_PLL40_CORE'.
Generating RTLIL representation for module `\SB_PLL40_PAD'.
Generating RTLIL representation for module `\SB_PLL40_2_PAD'.
Generating RTLIL representation for module `\SB_PLL40_2F_CORE'.
Generating RTLIL representation for module `\SB_PLL40_2F_PAD'.
Generating RTLIL representation for module `\SB_WARMBOOT'.
Generating RTLIL representation for module `\SB_SPRAM256KA'.
Generating RTLIL representation for module `\SB_HFOSC'.
Generating RTLIL representation for module `\SB_LFOSC'.
Generating RTLIL representation for module `\SB_RGBA_DRV'.
Generating RTLIL representation for module `\SB_LED_DRV_CUR'.
Generating RTLIL representation for module `\SB_RGB_DRV'.
Generating RTLIL representation for module `\SB_I2C'.
Generating RTLIL representation for module `\SB_SPI'.
Generating RTLIL representation for module `\SB_LEDDA_IP'.
Generating RTLIL representation for module `\SB_FILTER_50NS'.
Generating RTLIL representation for module `\SB_IO_I3C'.
Generating RTLIL representation for module `\SB_IO_OD'.
Generating RTLIL representation for module `\SB_MAC16'.
Generating RTLIL representation for module `\ICESTORM_RAM'.
Successfully finished Verilog frontend.

3.2. Executing HIERARCHY pass (managing design hierarchy).
Attribute `top' found on module `onewire_master'. Setting top module to onewire_master.

3.2.1. Analyzing design hierarchy..
Top module:  \onewire_master

3.2.2. Analyzing design hierarchy..
Top module:  \onewire_master
Removed 0 unused modules.

3.3. Executing PROC pass (convert processes to netlists).

3.3.1. Executing PROC_CLEAN pass (remove empty switches from decision trees).
Cleaned up 0 empty switches.

3.3.2. Executing PROC_RMDEAD pass (remove dead branches from decision trees).
Marked 2 switch rules as full_case in process $proc$onewire_master.v:48$2 in module onewire_master.
Removed a total of 0 dead cases.

3.3.3. Executing PROC_PRUNE pass (remove redundant assignments in processes).
Removed 0 redundant assignments.
Promoted 0 assignments to connections.

3.3.4. Executing PROC_INIT pass (extract init attributes).

3.3.5. Executing PROC_ARST pass (detect async resets in processes).
Found async reset \rst_n in `\onewire_master.$proc$onewire_master.v:48$2'.

3.3.6. Executing PROC_ROM pass (convert switches to ROMs).
Converted 0 switches.
<suppressed ~13 debug messages>

3.3.7. Executing PROC_MUX pass (convert decision trees to multiplexers).
Creating decoders for process `\onewire_master.$proc$onewire_master.v:48$2'.
     1/6: $0\ow_oe_r[0:0]
     2/6: $0\ow_out_r[0:0]
     3/6: $0\presence_r[0:0]
     4/6: $0\read_bit_r[0:0]
     5/6: $0\timer[15:0]
     6/6: $0\state[2:0]

3.3.8. Executing PROC_DLATCH pass (convert process syncs to latches).

3.3.9. Executing PROC_DFF pass (convert process syncs to FFs).
Creating register for signal `\onewire_master.\state' using process `\onewire_master.$proc$onewire_master.v:48$2'.
  created $adff cell `$procdff$514' with positive edge clock and positive level reset.
Creating register for signal `\onewire_master.\timer' using process `\onewire_master.$proc$onewire_master.v:48$2'.
  created $adff cell `$procdff$519' with positive edge clock and positive level reset.
Creating register for signal `\onewire_master.\read_bit_r' using process `\onewire_master.$proc$onewire_master.v:48$2'.
  created $adff cell `$procdff$524' with positive edge clock and positive level reset.
Creating register for signal `\onewire_master.\presence_r' using process `\onewire_master.$proc$onewire_master.v:48$2'.
  created $adff cell `$procdff$529' with positive edge clock and positive level reset.
Creating register for signal `\onewire_master.\ow_out_r' using process `\onewire_master.$proc$onewire_master.v:48$2'.
  created $adff cell `$procdff$534' with positive edge clock and positive level reset.
Creating register for signal `\onewire_master.\ow_oe_r' using process `\onewire_master.$proc$onewire_master.v:48$2'.
  created $adff cell `$procdff$539' with positive edge clock and positive level reset.

3.3.10. Executing PROC_MEMWR pass (convert process memory writes to cells).

3.3.11. Executing PROC_CLEAN pass (remove empty switches from decision trees).
Found and cleaned up 13 empty switches in `\onewire_master.$proc$onewire_master.v:48$2'.
Removing empty process `onewire_master.$proc$onewire_master.v:48$2'.
Cleaned up 13 empty switches.

3.3.12. Executing OPT_EXPR pass (perform const folding).
Optimizing module onewire_master.
<suppressed ~17 debug messages>

3.4. Executing FLATTEN pass (flatten design).

3.5. Executing TRIBUF pass.

3.6. Executing DEMINOUT pass (demote inout ports to input or output).

3.7. Executing OPT_EXPR pass (perform const folding).
Optimizing module onewire_master.

3.8. Executing OPT_CLEAN pass (remove unused cells and wires).
Finding unused cells or wires in module \onewire_master..
Removed 7 unused cells and 49 unused wires.
<suppressed ~8 debug messages>

3.9. Executing CHECK pass (checking for obvious problems).
Checking module onewire_master...
Found and reported 0 problems.

3.10. Executing OPT pass (performing simple optimizations).

3.10.1. Executing OPT_EXPR pass (perform const folding).
Optimizing module onewire_master.

3.10.2. Executing OPT_MERGE pass (detect identical cells).
Finding identical cells in module `\onewire_master'.
Computing hashes of 94 cells of `\onewire_master'.
Finding duplicate cells in `\onewire_master'.
Computing hashes of 62 cells of `\onewire_master'.
Finding duplicate cells in `\onewire_master'.
<suppressed ~96 debug messages>
Removed a total of 32 cells.

3.10.3. Executing OPT_MUXTREE pass (detect dead branches in mux trees).
Running muxtree optimizer on module \onewire_master..
  Creating internal representation of mux trees.
  Evaluating internal representation of mux trees.
  Analyzing evaluation results.
Removed 0 multiplexer ports.
<suppressed ~44 debug messages>

3.10.4. Executing OPT_REDUCE pass (consolidate $*mux and $reduce_* inputs).
  Optimizing cells in module \onewire_master.
    New ctrl vector for $pmux cell $procmux$458: { $procmux$509_CMP $procmux$502_CMP $procmux$496_CMP $procmux$485_CMP $auto$opt_reduce.cc:137:opt_pmux$541 }
    New ctrl vector for $pmux cell $procmux$439: $auto$opt_reduce.cc:137:opt_pmux$543
    New ctrl vector for $pmux cell $procmux$416: $auto$opt_reduce.cc:137:opt_pmux$545
  Optimizing cells in module \onewire_master.
Performed a total of 3 changes.

3.10.5. Executing OPT_MERGE pass (detect identical cells).
Finding identical cells in module `\onewire_master'.
Computing hashes of 65 cells of `\onewire_master'.
Finding duplicate cells in `\onewire_master'.
Computing hashes of 61 cells of `\onewire_master'.
Finding duplicate cells in `\onewire_master'.
<suppressed ~12 debug messages>
Removed a total of 4 cells.

3.10.6. Executing OPT_DFF pass (perform DFF optimizations).

3.10.7. Executing OPT_CLEAN pass (remove unused cells and wires).
Finding unused cells or wires in module \onewire_master..
Removed 0 unused cells and 36 unused wires.
<suppressed ~1 debug messages>

3.10.8. Executing OPT_EXPR pass (perform const folding).
Optimizing module onewire_master.

3.10.9. Rerunning OPT passes. (Maybe there is more to do..)

3.10.10. Executing OPT_MUXTREE pass (detect dead branches in mux trees).
Running muxtree optimizer on module \onewire_master..
  Creating internal representation of mux trees.
  Evaluating internal representation of mux trees.
  Analyzing evaluation results.
Removed 0 multiplexer ports.
<suppressed ~50 debug messages>

3.10.11. Executing OPT_REDUCE pass (consolidate $*mux and $reduce_* inputs).
  Optimizing cells in module \onewire_master.
Performed a total of 0 changes.

3.10.12. Executing OPT_MERGE pass (detect identical cells).
Finding identical cells in module `\onewire_master'.
Computing hashes of 61 cells of `\onewire_master'.
Finding duplicate cells in `\onewire_master'.
Removed a total of 0 cells.

3.10.13. Executing OPT_DFF pass (perform DFF optimizations).

3.10.14. Executing OPT_CLEAN pass (remove unused cells and wires).
Finding unused cells or wires in module \onewire_master..

3.10.15. Executing OPT_EXPR pass (perform const folding).
Optimizing module onewire_master.

3.10.16. Finished fast OPT passes. (There is nothing left to do.)

3.11. Executing FSM pass (extract and optimize FSM).

3.11.1. Executing FSM_DETECT pass (finding FSMs in design).
Not marking onewire_master.state as FSM state register:
    Users of register don't seem to benefit from recoding.

3.11.2. Executing FSM_EXTRACT pass (extracting FSM from design).

3.11.3. Executing FSM_OPT pass (simple optimizations of FSMs).

3.11.4. Executing OPT_CLEAN pass (remove unused cells and wires).
Finding unused cells or wires in module \onewire_master..

3.11.5. Executing FSM_OPT pass (simple optimizations of FSMs).

3.11.6. Executing FSM_RECODE pass (re-assigning FSM state encoding).

3.11.7. Executing FSM_INFO pass (dumping all available information on FSM cells).

3.11.8. Executing FSM_MAP pass (mapping FSMs to basic logic).

3.12. Executing OPT pass (performing simple optimizations).

3.12.1. Executing OPT_EXPR pass (perform const folding).
Optimizing module onewire_master.

3.12.2. Executing OPT_MERGE pass (detect identical cells).
Finding identical cells in module `\onewire_master'.
Computing hashes of 61 cells of `\onewire_master'.
Finding duplicate cells in `\onewire_master'.
Removed a total of 0 cells.

3.12.3. Executing OPT_MUXTREE pass (detect dead branches in mux trees).
Running muxtree optimizer on module \onewire_master..
  Creating internal representation of mux trees.
  Evaluating internal representation of mux trees.
  Analyzing evaluation results.
Removed 0 multiplexer ports.
<suppressed ~50 debug messages>

3.12.4. Executing OPT_REDUCE pass (consolidate $*mux and $reduce_* inputs).
  Optimizing cells in module \onewire_master.
Performed a total of 0 changes.

3.12.5. Executing OPT_MERGE pass (detect identical cells).
Finding identical cells in module `\onewire_master'.
Computing hashes of 61 cells of `\onewire_master'.
Finding duplicate cells in `\onewire_master'.
Removed a total of 0 cells.

3.12.6. Executing OPT_DFF pass (perform DFF optimizations).
Adding EN signal on $procdff$519 ($adff) from module onewire_master (D = $0\timer[15:0], Q = \timer).
Adding EN signal on $procdff$529 ($adff) from module onewire_master (D = $not$onewire_master.v:95$8_Y, Q = \presence_r).
Adding EN signal on $procdff$514 ($adff) from module onewire_master (D = $0\state[2:0], Q = \state).
Adding EN signal on $procdff$534 ($adff) from module onewire_master (D = $0\ow_out_r[0:0], Q = \ow_out_r).
Adding EN signal on $procdff$539 ($adff) from module onewire_master (D = $0\ow_oe_r[0:0], Q = \ow_oe_r).
Adding EN signal on $procdff$524 ($adff) from module onewire_master (D = \ow_in, Q = \read_bit_r).

3.12.7. Executing OPT_CLEAN pass (remove unused cells and wires).
Finding unused cells or wires in module \onewire_master..
Removed 4 unused cells and 4 unused wires.
<suppressed ~5 debug messages>

3.12.8. Executing OPT_EXPR pass (perform const folding).
Optimizing module onewire_master.
<suppressed ~4 debug messages>

3.12.9. Rerunning OPT passes. (Maybe there is more to do..)

3.12.10. Executing OPT_MUXTREE pass (detect dead branches in mux trees).
Running muxtree optimizer on module \onewire_master..
  Creating internal representation of mux trees.
  Evaluating internal representation of mux trees.
  Analyzing evaluation results.
Removed 0 multiplexer ports.
<suppressed ~44 debug messages>

3.12.11. Executing OPT_REDUCE pass (consolidate $*mux and $reduce_* inputs).
  Optimizing cells in module \onewire_master.
Performed a total of 0 changes.

3.12.12. Executing OPT_MERGE pass (detect identical cells).
Finding identical cells in module `\onewire_master'.
Computing hashes of 81 cells of `\onewire_master'.
Finding duplicate cells in `\onewire_master'.
Computing hashes of 75 cells of `\onewire_master'.
Finding duplicate cells in `\onewire_master'.
Computing hashes of 74 cells of `\onewire_master'.
Finding duplicate cells in `\onewire_master'.
<suppressed ~21 debug messages>
Removed a total of 7 cells.

3.12.13. Executing OPT_DFF pass (perform DFF optimizations).

3.12.14. Executing OPT_CLEAN pass (remove unused cells and wires).
Finding unused cells or wires in module \onewire_master..
Removed 0 unused cells and 7 unused wires.
<suppressed ~1 debug messages>

3.12.15. Executing OPT_EXPR pass (perform const folding).
Optimizing module onewire_master.

3.12.16. Rerunning OPT passes. (Maybe there is more to do..)

3.12.17. Executing OPT_MUXTREE pass (detect dead branches in mux trees).
Running muxtree optimizer on module \onewire_master..
  Creating internal representation of mux trees.
  Evaluating internal representation of mux trees.
  Analyzing evaluation results.
Removed 0 multiplexer ports.
<suppressed ~44 debug messages>

3.12.18. Executing OPT_REDUCE pass (consolidate $*mux and $reduce_* inputs).
  Optimizing cells in module \onewire_master.
Performed a total of 0 changes.

3.12.19. Executing OPT_MERGE pass (detect identical cells).
Finding identical cells in module `\onewire_master'.
Computing hashes of 74 cells of `\onewire_master'.
Finding duplicate cells in `\onewire_master'.
Removed a total of 0 cells.

3.12.20. Executing OPT_DFF pass (perform DFF optimizations).

3.12.21. Executing OPT_CLEAN pass (remove unused cells and wires).
Finding unused cells or wires in module \onewire_master..

3.12.22. Executing OPT_EXPR pass (perform const folding).
Optimizing module onewire_master.

3.12.23. Finished fast OPT passes. (There is nothing left to do.)

3.13. Executing WREDUCE pass (reducing word size of cells).
Removed top 6 bits (of 16) from port B of cell onewire_master.$eq$onewire_master.v:94$7 ($eq).
Removed top 3 bits (of 16) from port B of cell onewire_master.$ge$onewire_master.v:96$9 ($ge).
Removed top 9 bits (of 16) from port B of cell onewire_master.$ge$onewire_master.v:128$16 ($ge).
Removed top 9 bits (of 16) from port B of cell onewire_master.$eq$onewire_master.v:137$18 ($eq).
Removed top 6 bits (of 16) from port B of cell onewire_master.$ge$onewire_master.v:139$19 ($ge).
Removed top 1 bits (of 3) from port B of cell onewire_master.$procmux$496_CMP0 ($eq).
Removed top 1 bits (of 3) from port B of cell onewire_master.$procmux$499_CMP0 ($eq).
Removed top 2 bits (of 3) from port B of cell onewire_master.$procmux$502_CMP0 ($eq).
Removed top 1 bits (of 2) from port B of cell onewire_master.$procmux$506_CMP0 ($eq).

3.14. Executing PEEPOPT pass (run peephole optimizers).

3.15. Executing OPT_CLEAN pass (remove unused cells and wires).
Finding unused cells or wires in module \onewire_master..

3.16. Executing SHARE pass (SAT-based resource sharing).

3.17. Executing TECHMAP pass (map to technology primitives).

3.17.1. Executing Verilog-2005 frontend: C:\OSS-CA~1\OSS-CA~1\bin\../share/yosys/cmp2lut.v
Parsing Verilog input from `C:\OSS-CA~1\OSS-CA~1\bin\../share/yosys/cmp2lut.v' to AST representation.
Generating RTLIL representation for module `\_90_lut_cmp_'.
Successfully finished Verilog frontend.

3.17.2. Continuing TECHMAP pass.
No more expansions possible.
<suppressed ~88 debug messages>

3.18. Executing OPT_EXPR pass (perform const folding).
Optimizing module onewire_master.

3.19. Executing OPT_CLEAN pass (remove unused cells and wires).
Finding unused cells or wires in module \onewire_master..

3.20. Executing ALUMACC pass (create $alu and $macc cells).
Extracting $alu and $macc cells in module onewire_master:
  creating $macc model for $add$onewire_master.v:136$17 ($add).
  creating $alu model for $macc $add$onewire_master.v:136$17.
  creating $alu model for $ge$onewire_master.v:139$19 ($ge): new $alu
  creating $alu model for $ge$onewire_master.v:128$16 ($ge): new $alu
  creating $alu model for $ge$onewire_master.v:96$9 ($ge): new $alu
  creating $alu model for $eq$onewire_master.v:94$7 ($eq): merged with $ge$onewire_master.v:139$19.
  creating $alu cell for $ge$onewire_master.v:96$9: $auto$alumacc.cc:512:replace_alu$604
  creating $alu cell for $ge$onewire_master.v:128$16: $auto$alumacc.cc:512:replace_alu$617
  creating $alu cell for $ge$onewire_master.v:139$19, $eq$onewire_master.v:94$7: $auto$alumacc.cc:512:replace_alu$630
  creating $alu cell for $add$onewire_master.v:136$17: $auto$alumacc.cc:512:replace_alu$643
  created 4 $alu and 0 $macc cells.

3.21. Executing OPT pass (performing simple optimizations).

3.21.1. Executing OPT_EXPR pass (perform const folding).
Optimizing module onewire_master.

3.21.2. Executing OPT_MERGE pass (detect identical cells).
Finding identical cells in module `\onewire_master'.
Computing hashes of 88 cells of `\onewire_master'.
Finding duplicate cells in `\onewire_master'.
Removed a total of 0 cells.

3.21.3. Executing OPT_MUXTREE pass (detect dead branches in mux trees).
Running muxtree optimizer on module \onewire_master..
  Creating internal representation of mux trees.
  Evaluating internal representation of mux trees.
  Analyzing evaluation results.
Removed 0 multiplexer ports.
<suppressed ~44 debug messages>

3.21.4. Executing OPT_REDUCE pass (consolidate $*mux and $reduce_* inputs).
  Optimizing cells in module \onewire_master.
    New input vector for $reduce_and cell $auto$opt_dff.cc:252:make_patterns_logic$555: { $procmux$453_CMP $auto$alumacc.cc:528:replace_alu$631 }
  Optimizing cells in module \onewire_master.
Performed a total of 1 changes.

3.21.5. Executing OPT_MERGE pass (detect identical cells).
Finding identical cells in module `\onewire_master'.
Computing hashes of 88 cells of `\onewire_master'.
Finding duplicate cells in `\onewire_master'.
Removed a total of 0 cells.

3.21.6. Executing OPT_DFF pass (perform DFF optimizations).

3.21.7. Executing OPT_CLEAN pass (remove unused cells and wires).
Finding unused cells or wires in module \onewire_master..
Removed 0 unused cells and 4 unused wires.
<suppressed ~1 debug messages>

3.21.8. Executing OPT_EXPR pass (perform const folding).
Optimizing module onewire_master.

3.21.9. Rerunning OPT passes. (Maybe there is more to do..)

3.21.10. Executing OPT_MUXTREE pass (detect dead branches in mux trees).
Running muxtree optimizer on module \onewire_master..
  Creating internal representation of mux trees.
  Evaluating internal representation of mux trees.
  Analyzing evaluation results.
Removed 0 multiplexer ports.
<suppressed ~44 debug messages>

3.21.11. Executing OPT_REDUCE pass (consolidate $*mux and $reduce_* inputs).
  Optimizing cells in module \onewire_master.
Performed a total of 0 changes.

3.21.12. Executing OPT_MERGE pass (detect identical cells).
Finding identical cells in module `\onewire_master'.
Computing hashes of 88 cells of `\onewire_master'.
Finding duplicate cells in `\onewire_master'.
Removed a total of 0 cells.

3.21.13. Executing OPT_DFF pass (perform DFF optimizations).

3.21.14. Executing OPT_CLEAN pass (remove unused cells and wires).
Finding unused cells or wires in module \onewire_master..

3.21.15. Executing OPT_EXPR pass (perform const folding).
Optimizing module onewire_master.

3.21.16. Finished fast OPT passes. (There is nothing left to do.)

3.22. Executing MEMORY pass.

3.22.1. Executing OPT_MEM pass (optimize memories).
Performed a total of 0 transformations.

3.22.2. Executing OPT_MEM_PRIORITY pass (removing unnecessary memory write priority relations).
Performed a total of 0 transformations.

3.22.3. Executing OPT_MEM_FEEDBACK pass (finding memory read-to-write feedback paths).

3.22.4. Executing MEMORY_BMUX2ROM pass (converting muxes to ROMs).

3.22.5. Executing MEMORY_DFF pass (merging $dff cells to $memrd).

3.22.6. Executing OPT_CLEAN pass (remove unused cells and wires).
Finding unused cells or wires in module \onewire_master..

3.22.7. Executing MEMORY_SHARE pass (consolidating $memrd/$memwr cells).

3.22.8. Executing OPT_MEM_WIDEN pass (optimize memories where all ports are wide).
Performed a total of 0 transformations.

3.22.9. Executing OPT_CLEAN pass (remove unused cells and wires).
Finding unused cells or wires in module \onewire_master..

3.22.10. Executing MEMORY_COLLECT pass (generating $mem cells).

3.23. Executing OPT_CLEAN pass (remove unused cells and wires).
Finding unused cells or wires in module \onewire_master..

3.24. Executing MEMORY_LIBMAP pass (mapping memories to cells).

3.25. Executing TECHMAP pass (map to technology primitives).

3.25.1. Executing Verilog-2005 frontend: C:\OSS-CA~1\OSS-CA~1\bin\../share/yosys/ice40/brams_map.v
Parsing Verilog input from `C:\OSS-CA~1\OSS-CA~1\bin\../share/yosys/ice40/brams_map.v' to AST representation.
Generating RTLIL representation for module `$__ICE40_RAM4K_'.
Successfully finished Verilog frontend.

3.25.2. Executing Verilog-2005 frontend: C:\OSS-CA~1\OSS-CA~1\bin\../share/yosys/ice40/spram_map.v
Parsing Verilog input from `C:\OSS-CA~1\OSS-CA~1\bin\../share/yosys/ice40/spram_map.v' to AST representation.
Generating RTLIL representation for module `$__ICE40_SPRAM_'.
Successfully finished Verilog frontend.

3.25.3. Continuing TECHMAP pass.
No more expansions possible.
<suppressed ~4 debug messages>

3.26. Executing ICE40_BRAMINIT pass.

3.27. Executing OPT pass (performing simple optimizations).

3.27.1. Executing OPT_EXPR pass (perform const folding).
Optimizing module onewire_master.
<suppressed ~23 debug messages>

3.27.2. Executing OPT_MERGE pass (detect identical cells).
Finding identical cells in module `\onewire_master'.
Computing hashes of 87 cells of `\onewire_master'.
Finding duplicate cells in `\onewire_master'.
Computing hashes of 80 cells of `\onewire_master'.
Finding duplicate cells in `\onewire_master'.
<suppressed ~21 debug messages>
Removed a total of 7 cells.

3.27.3. Executing OPT_DFF pass (perform DFF optimizations).

3.27.4. Executing OPT_CLEAN pass (remove unused cells and wires).
Finding unused cells or wires in module \onewire_master..
Removed 0 unused cells and 29 unused wires.
<suppressed ~1 debug messages>

3.27.5. Finished fast OPT passes.

3.28. Executing MEMORY_MAP pass (converting memories to logic and flip-flops).

3.29. Executing OPT pass (performing simple optimizations).

3.29.1. Executing OPT_EXPR pass (perform const folding).
Optimizing module onewire_master.

3.29.2. Executing OPT_MERGE pass (detect identical cells).
Finding identical cells in module `\onewire_master'.
Computing hashes of 80 cells of `\onewire_master'.
Finding duplicate cells in `\onewire_master'.
Removed a total of 0 cells.

3.29.3. Executing OPT_MUXTREE pass (detect dead branches in mux trees).
Running muxtree optimizer on module \onewire_master..
  Creating internal representation of mux trees.
  Evaluating internal representation of mux trees.
  Analyzing evaluation results.
Removed 0 multiplexer ports.
<suppressed ~29 debug messages>

3.29.4. Executing OPT_REDUCE pass (consolidate $*mux and $reduce_* inputs).
  Optimizing cells in module \onewire_master.
    Consolidated identical input bits for $pmux cell $procmux$503:
      Old ports: A=3'001, B=6'011101, Y=$procmux$503_Y
      New ports: A=2'00, B=4'0110, Y=$procmux$503_Y [2:1]
      New connections: $procmux$503_Y [0] = 1'1
    New ctrl vector for $pmux cell $procmux$481: { $procmux$415_CMP $procmux$412_CMP $procmux$404_CMP $auto$opt_reduce.cc:137:opt_pmux$695 }
  Optimizing cells in module \onewire_master.
Performed a total of 2 changes.

3.29.5. Executing OPT_MERGE pass (detect identical cells).
Finding identical cells in module `\onewire_master'.
Computing hashes of 81 cells of `\onewire_master'.
Finding duplicate cells in `\onewire_master'.
Computing hashes of 80 cells of `\onewire_master'.
Finding duplicate cells in `\onewire_master'.
<suppressed ~3 debug messages>
Removed a total of 1 cells.

3.29.6. Executing OPT_DFF pass (perform DFF optimizations).

3.29.7. Executing OPT_CLEAN pass (remove unused cells and wires).
Finding unused cells or wires in module \onewire_master..
Removed 0 unused cells and 1 unused wires.
<suppressed ~1 debug messages>

3.29.8. Executing OPT_EXPR pass (perform const folding).
Optimizing module onewire_master.

3.29.9. Rerunning OPT passes. (Maybe there is more to do..)

3.29.10. Executing OPT_MUXTREE pass (detect dead branches in mux trees).
Running muxtree optimizer on module \onewire_master..
  Creating internal representation of mux trees.
  Evaluating internal representation of mux trees.
  Analyzing evaluation results.
Removed 0 multiplexer ports.
<suppressed ~29 debug messages>

3.29.11. Executing OPT_REDUCE pass (consolidate $*mux and $reduce_* inputs).
  Optimizing cells in module \onewire_master.
Performed a total of 0 changes.

3.29.12. Executing OPT_MERGE pass (detect identical cells).
Finding identical cells in module `\onewire_master'.
Computing hashes of 80 cells of `\onewire_master'.
Finding duplicate cells in `\onewire_master'.
Removed a total of 0 cells.

3.29.13. Executing OPT_DFF pass (perform DFF optimizations).

3.29.14. Executing OPT_CLEAN pass (remove unused cells and wires).
Finding unused cells or wires in module \onewire_master..

3.29.15. Executing OPT_EXPR pass (perform const folding).
Optimizing module onewire_master.

3.29.16. Finished fast OPT passes. (There is nothing left to do.)

3.30. Executing ICE40_WRAPCARRY pass (wrap carries).

3.31. Executing TECHMAP pass (map to technology primitives).

3.31.1. Executing Verilog-2005 frontend: C:\OSS-CA~1\OSS-CA~1\bin\../share/yosys/techmap.v
Parsing Verilog input from `C:\OSS-CA~1\OSS-CA~1\bin\../share/yosys/techmap.v' to AST representation.
Generating RTLIL representation for module `\_90_simplemap_bool_ops'.
Generating RTLIL representation for module `\_90_simplemap_reduce_ops'.
Generating RTLIL representation for module `\_90_simplemap_logic_ops'.
Generating RTLIL representation for module `\_90_simplemap_compare_ops'.
Generating RTLIL representation for module `\_90_simplemap_various'.
Generating RTLIL representation for module `\_90_simplemap_registers'.
Generating RTLIL representation for module `\_90_shift_ops_shr_shl_sshl_sshr'.
Generating RTLIL representation for module `\_90_shift_shiftx'.
Generating RTLIL representation for module `\_90_fa'.
Generating RTLIL representation for module `\_90_lcu_brent_kung'.
Generating RTLIL representation for module `\_90_alu'.
Generating RTLIL representation for module `\_90_macc'.
Generating RTLIL representation for module `\_90_alumacc'.
Generating RTLIL representation for module `$__div_mod_u'.
Generating RTLIL representation for module `$__div_mod_trunc'.
Generating RTLIL representation for module `\_90_div'.
Generating RTLIL representation for module `\_90_mod'.
Generating RTLIL representation for module `$__div_mod_floor'.
Generating RTLIL representation for module `\_90_divfloor'.
Generating RTLIL representation for module `\_90_modfloor'.
Generating RTLIL representation for module `\_90_pow'.
Generating RTLIL representation for module `\_90_pmux'.
Generating RTLIL representation for module `\_90_demux'.
Generating RTLIL representation for module `\_90_lut'.
Generating RTLIL representation for module `$connect'.
Generating RTLIL representation for module `$input_port'.
Successfully finished Verilog frontend.

3.31.2. Executing Verilog-2005 frontend: C:\OSS-CA~1\OSS-CA~1\bin\../share/yosys/ice40/arith_map.v
Parsing Verilog input from `C:\OSS-CA~1\OSS-CA~1\bin\../share/yosys/ice40/arith_map.v' to AST representation.
Generating RTLIL representation for module `\_80_ice40_alu'.
Successfully finished Verilog frontend.

3.31.3. Continuing TECHMAP pass.
Using extmapper simplemap for cells of type $reduce_or.
Using extmapper simplemap for cells of type $not.
Using template $paramod$2af30114e9bd4ccb04dad757b3f0a8f6bf0615b0\_80_ice40_alu for cells of type $alu.
Using extmapper simplemap for cells of type $or.
Using extmapper simplemap for cells of type $reduce_and.
Using template $paramod$d1133de188e2f4fbd544b60b6d3c982871166b8e\_80_ice40_alu for cells of type $alu.
Using template $paramod$c703ee6d780d90e162c7eed92bfd050bee00636f\_80_ice40_alu for cells of type $alu.
Using template $paramod$5d7bf89bead63599a0c4fbe7617ae2af1a7c16a5\_80_ice40_alu for cells of type $alu.
Using extmapper simplemap for cells of type $adffe.
Using extmapper simplemap for cells of type $ne.
Using extmapper simplemap for cells of type $reduce_bool.
Using extmapper simplemap for cells of type $eq.
Using template $paramod$d629d85c8826a74239b9178d1930215a43b0ceb0\_90_pmux for cells of type $pmux.
Using extmapper simplemap for cells of type $mux.
Using template $paramod$d6eefa73b09c260984bb3ab238c3c05801fa9e82\_90_pmux for cells of type $pmux.
Using template $paramod$521ce43182eecb9f60c72393a788160d2c356bf5\_90_pmux for cells of type $pmux.
Using template $paramod$d31bf4d7d72e59528d18fbd4f322e9d608532043\_90_pmux for cells of type $pmux.
Using extmapper simplemap for cells of type $logic_not.
Using extmapper simplemap for cells of type $xor.
Using extmapper simplemap for cells of type $pos.
Using extmapper simplemap for cells of type $and.
No more expansions possible.
<suppressed ~354 debug messages>

3.32. Executing OPT pass (performing simple optimizations).

3.32.1. Executing OPT_EXPR pass (perform const folding).
Optimizing module onewire_master.
<suppressed ~233 debug messages>

3.32.2. Executing OPT_MERGE pass (detect identical cells).
Finding identical cells in module `\onewire_master'.
Computing hashes of 527 cells of `\onewire_master'.
Finding duplicate cells in `\onewire_master'.
Computing hashes of 459 cells of `\onewire_master'.
Finding duplicate cells in `\onewire_master'.
Computing hashes of 444 cells of `\onewire_master'.
Finding duplicate cells in `\onewire_master'.
Computing hashes of 442 cells of `\onewire_master'.
Finding duplicate cells in `\onewire_master'.
Computing hashes of 441 cells of `\onewire_master'.
Finding duplicate cells in `\onewire_master'.
<suppressed ~258 debug messages>
Removed a total of 86 cells.

3.32.3. Executing OPT_DFF pass (perform DFF optimizations).

3.32.4. Executing OPT_CLEAN pass (remove unused cells and wires).
Finding unused cells or wires in module \onewire_master..
Removed 0 unused cells and 309 unused wires.
<suppressed ~1 debug messages>

3.32.5. Finished fast OPT passes.

3.33. Executing ICE40_OPT pass (performing simple optimizations).

3.33.1. Running ICE40 specific optimizations.
Optimized $__ICE40_CARRY_WRAPPER cell back to logic (without SB_CARRY) onewire_master.$auto$alumacc.cc:512:replace_alu$604.slice[0].carry: CO=\timer [7]
Optimized $__ICE40_CARRY_WRAPPER cell back to logic (without SB_CARRY) onewire_master.$auto$alumacc.cc:512:replace_alu$617.slice[0].carry: CO=\timer [3]
Optimized $__ICE40_CARRY_WRAPPER cell back to logic (without SB_CARRY) onewire_master.$auto$alumacc.cc:512:replace_alu$630.slice[0].carry: CO=\timer [4]
Optimized $__ICE40_CARRY_WRAPPER cell back to logic (without SB_CARRY) onewire_master.$auto$alumacc.cc:512:replace_alu$643.slice[0].carry: CO=\timer [0]

3.33.2. Executing OPT_EXPR pass (perform const folding).
Optimizing module onewire_master.

3.33.3. Executing OPT_MERGE pass (detect identical cells).
Finding identical cells in module `\onewire_master'.
Computing hashes of 441 cells of `\onewire_master'.
Finding duplicate cells in `\onewire_master'.
Removed a total of 0 cells.

3.33.4. Executing OPT_DFF pass (perform DFF optimizations).

3.33.5. Executing OPT_CLEAN pass (remove unused cells and wires).
Finding unused cells or wires in module \onewire_master..
Removed 3 unused cells and 0 unused wires.
<suppressed ~3 debug messages>

3.33.6. Rerunning OPT passes. (Removed registers in this run.)

3.33.7. Running ICE40 specific optimizations.

3.33.8. Executing OPT_EXPR pass (perform const folding).
Optimizing module onewire_master.

3.33.9. Executing OPT_MERGE pass (detect identical cells).
Finding identical cells in module `\onewire_master'.
Computing hashes of 438 cells of `\onewire_master'.
Finding duplicate cells in `\onewire_master'.
Removed a total of 0 cells.

3.33.10. Executing OPT_DFF pass (perform DFF optimizations).

3.33.11. Executing OPT_CLEAN pass (remove unused cells and wires).
Finding unused cells or wires in module \onewire_master..

3.33.12. Finished OPT passes. (There is nothing left to do.)

3.34. Executing DFFLEGALIZE pass (convert FFs to types supported by the target).

3.35. Executing TECHMAP pass (map to technology primitives).

3.35.1. Executing Verilog-2005 frontend: C:\OSS-CA~1\OSS-CA~1\bin\../share/yosys/ice40/ff_map.v
Parsing Verilog input from `C:\OSS-CA~1\OSS-CA~1\bin\../share/yosys/ice40/ff_map.v' to AST representation.
Generating RTLIL representation for module `$_DFF_N_'.
Generating RTLIL representation for module `$_DFF_P_'.
Generating RTLIL representation for module `$_DFFE_NP_'.
Generating RTLIL representation for module `$_DFFE_PP_'.
Generating RTLIL representation for module `$_DFF_NP0_'.
Generating RTLIL representation for module `$_DFF_NP1_'.
Generating RTLIL representation for module `$_DFF_PP0_'.
Generating RTLIL representation for module `$_DFF_PP1_'.
Generating RTLIL representation for module `$_DFFE_NP0P_'.
Generating RTLIL representation for module `$_DFFE_NP1P_'.
Generating RTLIL representation for module `$_DFFE_PP0P_'.
Generating RTLIL representation for module `$_DFFE_PP1P_'.
Generating RTLIL representation for module `$_SDFF_NP0_'.
Generating RTLIL representation for module `$_SDFF_NP1_'.
Generating RTLIL representation for module `$_SDFF_PP0_'.
Generating RTLIL representation for module `$_SDFF_PP1_'.
Generating RTLIL representation for module `$_SDFFCE_NP0P_'.
Generating RTLIL representation for module `$_SDFFCE_NP1P_'.
Generating RTLIL representation for module `$_SDFFCE_PP0P_'.
Generating RTLIL representation for module `$_SDFFCE_PP1P_'.
Successfully finished Verilog frontend.

3.35.2. Continuing TECHMAP pass.
Using template $_DFFE_PP0P_ for cells of type $_DFFE_PP0P_.
Using template $_DFFE_PP1P_ for cells of type $_DFFE_PP1P_.
No more expansions possible.
<suppressed ~45 debug messages>

3.36. Executing OPT_EXPR pass (perform const folding).
Optimizing module onewire_master.

3.37. Executing SIMPLEMAP pass (map simple cells to gate primitives).
Mapping onewire_master.$auto$alumacc.cc:512:replace_alu$643.slice[0].carry ($lut).

3.38. Executing ICE40_OPT pass (performing simple optimizations).

3.38.1. Running ICE40 specific optimizations.

3.38.2. Executing OPT_EXPR pass (perform const folding).
Optimizing module onewire_master.
<suppressed ~35 debug messages>

3.38.3. Executing OPT_MERGE pass (detect identical cells).
Finding identical cells in module `\onewire_master'.
Computing hashes of 461 cells of `\onewire_master'.
Finding duplicate cells in `\onewire_master'.
Computing hashes of 438 cells of `\onewire_master'.
Finding duplicate cells in `\onewire_master'.
<suppressed ~69 debug messages>
Removed a total of 23 cells.

3.38.4. Executing OPT_DFF pass (perform DFF optimizations).

3.38.5. Executing OPT_CLEAN pass (remove unused cells and wires).
Finding unused cells or wires in module \onewire_master..
Removed 0 unused cells and 164 unused wires.
<suppressed ~1 debug messages>

3.38.6. Rerunning OPT passes. (Removed registers in this run.)

3.38.7. Running ICE40 specific optimizations.

3.38.8. Executing OPT_EXPR pass (perform const folding).
Optimizing module onewire_master.

3.38.9. Executing OPT_MERGE pass (detect identical cells).
Finding identical cells in module `\onewire_master'.
Computing hashes of 438 cells of `\onewire_master'.
Finding duplicate cells in `\onewire_master'.
Removed a total of 0 cells.

3.38.10. Executing OPT_DFF pass (perform DFF optimizations).

3.38.11. Executing OPT_CLEAN pass (remove unused cells and wires).
Finding unused cells or wires in module \onewire_master..

3.38.12. Finished OPT passes. (There is nothing left to do.)

3.39. Executing TECHMAP pass (map to technology primitives).

3.39.1. Executing Verilog-2005 frontend: C:\OSS-CA~1\OSS-CA~1\bin\../share/yosys/ice40/latches_map.v
Parsing Verilog input from `C:\OSS-CA~1\OSS-CA~1\bin\../share/yosys/ice40/latches_map.v' to AST representation.
Generating RTLIL representation for module `$_DLATCH_N_'.
Generating RTLIL representation for module `$_DLATCH_P_'.
Successfully finished Verilog frontend.

3.39.2. Continuing TECHMAP pass.
No more expansions possible.
<suppressed ~4 debug messages>

3.40. Executing Verilog-2005 frontend: C:\OSS-CA~1\OSS-CA~1\bin\../share/yosys/ice40/abc9_model.v
Parsing Verilog input from `C:\OSS-CA~1\OSS-CA~1\bin\../share/yosys/ice40/abc9_model.v' to AST representation.
Generating RTLIL representation for module `$__ICE40_CARRY_WRAPPER'.
Successfully finished Verilog frontend.

3.41. Executing ABC9 pass.

3.41.1. Executing ABC9_OPS pass (helper functions for ABC9).

3.41.2. Executing ABC9_OPS pass (helper functions for ABC9).

3.41.3. Executing PROC pass (convert processes to netlists).

3.41.3.1. Executing PROC_CLEAN pass (remove empty switches from decision trees).
Cleaned up 0 empty switches.

3.41.3.2. Executing PROC_RMDEAD pass (remove dead branches from decision trees).
Marked 1 switch rules as full_case in process $proc$C:\OSS-CA~1\OSS-CA~1\bin\../share/yosys/ice40/cells_sim.v:662$211 in module SB_DFFER.
Removed a total of 0 dead cases.

3.41.3.3. Executing PROC_PRUNE pass (remove redundant assignments in processes).
Removed 0 redundant assignments.
Promoted 1 assignment to connection.

3.41.3.4. Executing PROC_INIT pass (extract init attributes).
Found init rule in `\SB_DFFER.$proc$C:\OSS-CA~1\OSS-CA~1\bin\../share/yosys/ice40/cells_sim.v:660$214'.
  Set init value: \Q = 1'0

3.41.3.5. Executing PROC_ARST pass (detect async resets in processes).
Found async reset \R in `\SB_DFFER.$proc$C:\OSS-CA~1\OSS-CA~1\bin\../share/yosys/ice40/cells_sim.v:662$211'.

3.41.3.6. Executing PROC_ROM pass (convert switches to ROMs).
Converted 0 switches.
<suppressed ~1 debug messages>

3.41.3.7. Executing PROC_MUX pass (convert decision trees to multiplexers).
Creating decoders for process `\SB_DFFER.$proc$C:\OSS-CA~1\OSS-CA~1\bin\../share/yosys/ice40/cells_sim.v:660$214'.
Creating decoders for process `\SB_DFFER.$proc$C:\OSS-CA~1\OSS-CA~1\bin\../share/yosys/ice40/cells_sim.v:662$211'.
     1/1: $0\Q[0:0]

3.41.3.8. Executing PROC_DLATCH pass (convert process syncs to latches).

3.41.3.9. Executing PROC_DFF pass (convert process syncs to FFs).
Creating register for signal `\SB_DFFER.\Q' using process `\SB_DFFER.$proc$C:\OSS-CA~1\OSS-CA~1\bin\../share/yosys/ice40/cells_sim.v:662$211'.
  created $adff cell `$procdff$1899' with positive edge clock and positive level reset.

3.41.3.10. Executing PROC_MEMWR pass (convert process memory writes to cells).

3.41.3.11. Executing PROC_CLEAN pass (remove empty switches from decision trees).
Removing empty process `SB_DFFER.$proc$C:\OSS-CA~1\OSS-CA~1\bin\../share/yosys/ice40/cells_sim.v:660$214'.
Found and cleaned up 1 empty switch in `\SB_DFFER.$proc$C:\OSS-CA~1\OSS-CA~1\bin\../share/yosys/ice40/cells_sim.v:662$211'.
Removing empty process `SB_DFFER.$proc$C:\OSS-CA~1\OSS-CA~1\bin\../share/yosys/ice40/cells_sim.v:662$211'.
Cleaned up 1 empty switch.

3.41.4. Executing PROC pass (convert processes to netlists).

3.41.4.1. Executing PROC_CLEAN pass (remove empty switches from decision trees).
Cleaned up 0 empty switches.

3.41.4.2. Executing PROC_RMDEAD pass (remove dead branches from decision trees).
Marked 1 switch rules as full_case in process $proc$C:\OSS-CA~1\OSS-CA~1\bin\../share/yosys/ice40/cells_sim.v:803$222 in module SB_DFFES.
Removed a total of 0 dead cases.

3.41.4.3. Executing PROC_PRUNE pass (remove redundant assignments in processes).
Removed 0 redundant assignments.
Promoted 1 assignment to connection.

3.41.4.4. Executing PROC_INIT pass (extract init attributes).
Found init rule in `\SB_DFFES.$proc$C:\OSS-CA~1\OSS-CA~1\bin\../share/yosys/ice40/cells_sim.v:801$225'.
  Set init value: \Q = 1'0

3.41.4.5. Executing PROC_ARST pass (detect async resets in processes).
Found async reset \S in `\SB_DFFES.$proc$C:\OSS-CA~1\OSS-CA~1\bin\../share/yosys/ice40/cells_sim.v:803$222'.

3.41.4.6. Executing PROC_ROM pass (convert switches to ROMs).
Converted 0 switches.
<suppressed ~1 debug messages>

3.41.4.7. Executing PROC_MUX pass (convert decision trees to multiplexers).
Creating decoders for process `\SB_DFFES.$proc$C:\OSS-CA~1\OSS-CA~1\bin\../share/yosys/ice40/cells_sim.v:801$225'.
Creating decoders for process `\SB_DFFES.$proc$C:\OSS-CA~1\OSS-CA~1\bin\../share/yosys/ice40/cells_sim.v:803$222'.
     1/1: $0\Q[0:0]

3.41.4.8. Executing PROC_DLATCH pass (convert process syncs to latches).

3.41.4.9. Executing PROC_DFF pass (convert process syncs to FFs).
Creating register for signal `\SB_DFFES.\Q' using process `\SB_DFFES.$proc$C:\OSS-CA~1\OSS-CA~1\bin\../share/yosys/ice40/cells_sim.v:803$222'.
  created $adff cell `$procdff$1904' with positive edge clock and positive level reset.

3.41.4.10. Executing PROC_MEMWR pass (convert process memory writes to cells).

3.41.4.11. Executing PROC_CLEAN pass (remove empty switches from decision trees).
Removing empty process `SB_DFFES.$proc$C:\OSS-CA~1\OSS-CA~1\bin\../share/yosys/ice40/cells_sim.v:801$225'.
Found and cleaned up 1 empty switch in `\SB_DFFES.$proc$C:\OSS-CA~1\OSS-CA~1\bin\../share/yosys/ice40/cells_sim.v:803$222'.
Removing empty process `SB_DFFES.$proc$C:\OSS-CA~1\OSS-CA~1\bin\../share/yosys/ice40/cells_sim.v:803$222'.
Cleaned up 1 empty switch.

3.41.5. Executing SCC pass (detecting logic loops).
Found 0 SCCs in module onewire_master.
Found 0 SCCs.

3.41.6. Executing ABC9_OPS pass (helper functions for ABC9).

3.41.7. Executing TECHMAP pass (map to technology primitives).

3.41.7.1. Executing Verilog-2005 frontend: C:\OSS-CA~1\OSS-CA~1\bin\../share/yosys/techmap.v
Parsing Verilog input from `C:\OSS-CA~1\OSS-CA~1\bin\../share/yosys/techmap.v' to AST representation.
Generating RTLIL representation for module `\_90_simplemap_bool_ops'.
Generating RTLIL representation for module `\_90_simplemap_reduce_ops'.
Generating RTLIL representation for module `\_90_simplemap_logic_ops'.
Generating RTLIL representation for module `\_90_simplemap_compare_ops'.
Generating RTLIL representation for module `\_90_simplemap_various'.
Generating RTLIL representation for module `\_90_simplemap_registers'.
Generating RTLIL representation for module `\_90_shift_ops_shr_shl_sshl_sshr'.
Generating RTLIL representation for module `\_90_shift_shiftx'.
Generating RTLIL representation for module `\_90_fa'.
Generating RTLIL representation for module `\_90_lcu_brent_kung'.
Generating RTLIL representation for module `\_90_alu'.
Generating RTLIL representation for module `\_90_macc'.
Generating RTLIL representation for module `\_90_alumacc'.
Generating RTLIL representation for module `$__div_mod_u'.
Generating RTLIL representation for module `$__div_mod_trunc'.
Generating RTLIL representation for module `\_90_div'.
Generating RTLIL representation for module `\_90_mod'.
Generating RTLIL representation for module `$__div_mod_floor'.
Generating RTLIL representation for module `\_90_divfloor'.
Generating RTLIL representation for module `\_90_modfloor'.
Generating RTLIL representation for module `\_90_pow'.
Generating RTLIL representation for module `\_90_pmux'.
Generating RTLIL representation for module `\_90_demux'.
Generating RTLIL representation for module `\_90_lut'.
Generating RTLIL representation for module `$connect'.
Generating RTLIL representation for module `$input_port'.
Successfully finished Verilog frontend.

3.41.7.2. Continuing TECHMAP pass.
No more expansions possible.
<suppressed ~132 debug messages>

3.41.8. Executing OPT pass (performing simple optimizations).

3.41.8.1. Executing OPT_EXPR pass (perform const folding).
Optimizing module SB_DFFER.
Optimizing module SB_DFFES.

3.41.8.2. Executing OPT_MERGE pass (detect identical cells).
Finding identical cells in module `\SB_DFFER'.
Computing hashes of 2 cells of `\SB_DFFER'.
Finding duplicate cells in `\SB_DFFER'.
Finding identical cells in module `\SB_DFFES'.
Computing hashes of 2 cells of `\SB_DFFES'.
Finding duplicate cells in `\SB_DFFES'.
Removed a total of 0 cells.

3.41.8.3. Executing OPT_MUXTREE pass (detect dead branches in mux trees).
Running muxtree optimizer on module \SB_DFFER..
  Creating internal representation of mux trees.
  No muxes found in this module.
Running muxtree optimizer on module \SB_DFFES..
  Creating internal representation of mux trees.
  No muxes found in this module.
Removed 0 multiplexer ports.

3.41.8.4. Executing OPT_REDUCE pass (consolidate $*mux and $reduce_* inputs).
  Optimizing cells in module \SB_DFFER.
  Optimizing cells in module \SB_DFFES.
Performed a total of 0 changes.

3.41.8.5. Executing OPT_MERGE pass (detect identical cells).
Finding identical cells in module `\SB_DFFER'.
Computing hashes of 2 cells of `\SB_DFFER'.
Finding duplicate cells in `\SB_DFFER'.
Finding identical cells in module `\SB_DFFES'.
Computing hashes of 2 cells of `\SB_DFFES'.
Finding duplicate cells in `\SB_DFFES'.
Removed a total of 0 cells.

3.41.8.6. Executing OPT_DFF pass (perform DFF optimizations).

3.41.8.7. Executing OPT_CLEAN pass (remove unused cells and wires).
Finding unused cells or wires in module \SB_DFFER..
Finding unused cells or wires in module \SB_DFFES..

3.41.8.8. Executing OPT_EXPR pass (perform const folding).
Optimizing module SB_DFFER.
Optimizing module SB_DFFES.

3.41.8.9. Finished fast OPT passes. (There is nothing left to do.)

3.41.9. Executing TECHMAP pass (map to technology primitives).

3.41.9.1. Executing Verilog-2005 frontend: C:\OSS-CA~1\OSS-CA~1\bin\../share/yosys/abc9_map.v
Parsing Verilog input from `C:\OSS-CA~1\OSS-CA~1\bin\../share/yosys/abc9_map.v' to AST representation.
Successfully finished Verilog frontend.

3.41.9.2. Continuing TECHMAP pass.
Using template SB_DFFER for cells of type SB_DFFER.
Using template SB_DFFES for cells of type SB_DFFES.
No more expansions possible.
<suppressed ~27 debug messages>

3.41.10. Executing Verilog-2005 frontend: C:\OSS-CA~1\OSS-CA~1\bin\../share/yosys/abc9_model.v
Parsing Verilog input from `C:\OSS-CA~1\OSS-CA~1\bin\../share/yosys/abc9_model.v' to AST representation.
Generating RTLIL representation for module `$__ABC9_DELAY'.
Generating RTLIL representation for module `$__ABC9_SCC_BREAKER'.
Generating RTLIL representation for module `$__DFF_N__$abc9_flop'.
Generating RTLIL representation for module `$__DFF_P__$abc9_flop'.
Successfully finished Verilog frontend.

3.41.11. Executing ABC9_OPS pass (helper functions for ABC9).
<suppressed ~2 debug messages>

3.41.12. Executing ABC9_OPS pass (helper functions for ABC9).

3.41.13. Executing ABC9_OPS pass (helper functions for ABC9).
<suppressed ~2 debug messages>

3.41.14. Executing TECHMAP pass (map to technology primitives).

3.41.14.1. Executing Verilog-2005 frontend: C:\OSS-CA~1\OSS-CA~1\bin\../share/yosys/techmap.v
Parsing Verilog input from `C:\OSS-CA~1\OSS-CA~1\bin\../share/yosys/techmap.v' to AST representation.
Generating RTLIL representation for module `\_90_simplemap_bool_ops'.
Generating RTLIL representation for module `\_90_simplemap_reduce_ops'.
Generating RTLIL representation for module `\_90_simplemap_logic_ops'.
Generating RTLIL representation for module `\_90_simplemap_compare_ops'.
Generating RTLIL representation for module `\_90_simplemap_various'.
Generating RTLIL representation for module `\_90_simplemap_registers'.
Generating RTLIL representation for module `\_90_shift_ops_shr_shl_sshl_sshr'.
Generating RTLIL representation for module `\_90_shift_shiftx'.
Generating RTLIL representation for module `\_90_fa'.
Generating RTLIL representation for module `\_90_lcu_brent_kung'.
Generating RTLIL representation for module `\_90_alu'.
Generating RTLIL representation for module `\_90_macc'.
Generating RTLIL representation for module `\_90_alumacc'.
Generating RTLIL representation for module `$__div_mod_u'.
Generating RTLIL representation for module `$__div_mod_trunc'.
Generating RTLIL representation for module `\_90_div'.
Generating RTLIL representation for module `\_90_mod'.
Generating RTLIL representation for module `$__div_mod_floor'.
Generating RTLIL representation for module `\_90_divfloor'.
Generating RTLIL representation for module `\_90_modfloor'.
Generating RTLIL representation for module `\_90_pow'.
Generating RTLIL representation for module `\_90_pmux'.
Generating RTLIL representation for module `\_90_demux'.
Generating RTLIL representation for module `\_90_lut'.
Generating RTLIL representation for module `$connect'.
Generating RTLIL representation for module `$input_port'.
Successfully finished Verilog frontend.

3.41.14.2. Continuing TECHMAP pass.
Using template $paramod$__ICE40_CARRY_WRAPPER\LUT=16'0110100110010110\I3_IS_CI=1'1 for cells of type $paramod$__ICE40_CARRY_WRAPPER\LUT=16'0110100110010110\I3_IS_CI=1'1.
Using template SB_CARRY for cells of type SB_CARRY.
Using template $paramod\SB_LUT4\LUT_INIT=16'0110100110010110 for cells of type SB_LUT4.
Using extmapper simplemap for cells of type $logic_or.
Using extmapper simplemap for cells of type $logic_and.
Using extmapper simplemap for cells of type $mux.
No more expansions possible.
<suppressed ~151 debug messages>

3.41.15. Executing OPT pass (performing simple optimizations).

3.41.15.1. Executing OPT_EXPR pass (perform const folding).
Optimizing module onewire_master.
<suppressed ~4 debug messages>

3.41.15.2. Executing OPT_MERGE pass (detect identical cells).
Finding identical cells in module `\onewire_master'.
Computing hashes of 30 cells of `\onewire_master'.
Finding duplicate cells in `\onewire_master'.
Computing hashes of 20 cells of `\onewire_master'.
Finding duplicate cells in `\onewire_master'.
Computing hashes of 18 cells of `\onewire_master'.
Finding duplicate cells in `\onewire_master'.
<suppressed ~29 debug messages>
Removed a total of 12 cells.

3.41.15.3. Executing OPT_MUXTREE pass (detect dead branches in mux trees).
Running muxtree optimizer on module \onewire_master..
  Creating internal representation of mux trees.
  No muxes found in this module.
Removed 0 multiplexer ports.

3.41.15.4. Executing OPT_REDUCE pass (consolidate $*mux and $reduce_* inputs).
  Optimizing cells in module \onewire_master.
Performed a total of 0 changes.

3.41.15.5. Executing OPT_MERGE pass (detect identical cells).
Finding identical cells in module `\onewire_master'.
Computing hashes of 18 cells of `\onewire_master'.
Finding duplicate cells in `\onewire_master'.
Removed a total of 0 cells.

3.41.15.6. Executing OPT_DFF pass (perform DFF optimizations).

3.41.15.7. Executing OPT_CLEAN pass (remove unused cells and wires).
Finding unused cells or wires in module \onewire_master..
Removed 0 unused cells and 24 unused wires.
<suppressed ~1 debug messages>

3.41.15.8. Executing OPT_EXPR pass (perform const folding).
Optimizing module onewire_master.

3.41.15.9. Rerunning OPT passes. (Maybe there is more to do..)

3.41.15.10. Executing OPT_MUXTREE pass (detect dead branches in mux trees).
Running muxtree optimizer on module \onewire_master..
  Creating internal representation of mux trees.
  No muxes found in this module.
Removed 0 multiplexer ports.

3.41.15.11. Executing OPT_REDUCE pass (consolidate $*mux and $reduce_* inputs).
  Optimizing cells in module \onewire_master.
Performed a total of 0 changes.

3.41.15.12. Executing OPT_MERGE pass (detect identical cells).
Finding identical cells in module `\onewire_master'.
Computing hashes of 18 cells of `\onewire_master'.
Finding duplicate cells in `\onewire_master'.
Removed a total of 0 cells.

3.41.15.13. Executing OPT_DFF pass (perform DFF optimizations).

3.41.15.14. Executing OPT_CLEAN pass (remove unused cells and wires).
Finding unused cells or wires in module \onewire_master..

3.41.15.15. Executing OPT_EXPR pass (perform const folding).
Optimizing module onewire_master.

3.41.15.16. Finished fast OPT passes. (There is nothing left to do.)

3.41.16. Executing AIGMAP pass (map logic to AIG).
Module onewire_master: replaced 7 cells with 43 new cells, skipped 11 cells.
  replaced 2 cell types:
       5 $_MUX_
       2 $_OR_
  not replaced 3 cell types:
       2 $_AND_
       1 $_NOT_
       8 $specify2

3.41.17. Executing AIGMAP pass (map logic to AIG).
Module onewire_master: replaced 184 cells with 949 new cells, skipped 277 cells.
  replaced 2 cell types:
      71 $_MUX_
     113 $_OR_
  not replaced 7 cell types:
     142 $_AND_
      43 $_NOT_
      21 SB_DFFER
       2 SB_DFFES
       2 SB_DFFES_$abc9_byp
      21 SB_DFFER_$abc9_byp
      46 $paramod$__ICE40_CARRY_WRAPPER\LUT=16'0110100110010110\I3_IS_CI=1'1

3.41.17.1. Executing ABC9_OPS pass (helper functions for ABC9).

3.41.17.2. Executing ABC9_OPS pass (helper functions for ABC9).

3.41.17.3. Executing XAIGER backend.
<suppressed ~34 debug messages>
Extracted 468 AND gates and 1289 wires from module `onewire_master' to a netlist network with 30 inputs and 33 outputs.

3.41.17.4. Executing ABC9_EXE pass (technology mapping using ABC9).

3.41.17.5. Executing ABC9.
Running ABC command: "<yosys-exe-dir>/yosys-abc" -s -f <abc-temp-dir>/abc.script 2>&1
ABC: ======== ABC command line "source <abc-temp-dir>/abc.script"
ABC: + read_lut <abc-temp-dir>/input.lut 
ABC: + read_box <abc-temp-dir>/input.box 
ABC: + &read <abc-temp-dir>/input.xaig 
ABC: + &ps 
ABC: <abc-temp-dir>/input : i/o =     30/     33  and =     363  lev =   14 (   0.96)  mem = 0.01 MB  box = 69  bb = 23
ABC: Warning: AIG with boxes has internal fanout in 0 complex flops and 4 carries.
ABC: + &scorr 
ABC: Warning: The network is combinational.
ABC: + &sweep 
ABC: + &dc2 
ABC: + &dch -f -r 
ABC: + &ps 
ABC: <abc-temp-dir>/input : i/o =     30/     33  and =     142  lev =   10 (   0.47)  mem = 0.01 MB  ch =   14  box = 69  bb = 23
ABC: cst =       0  cls =     13  lit =      14  unused =     260  proof =     0
ABC: Warning: AIG with boxes has internal fanout in 0 complex flops and 4 carries.
ABC: + &if -W 250 -v 
ABC: K = 4. Memory (bytes): Truth =    0. Cut =   64. Obj =  144. Set =  672. CutMin = no
ABC: Node =     142.  Ch =    13.  Total mem =    0.09 MB. Peak cut mem =    0.02 MB.
ABC: P:  Del = 3376.00.  Ar =      65.0.  Edge =      209.  Cut =      728.  T =     0.00 sec
ABC: P:  Del = 3376.00.  Ar =      62.0.  Edge =      217.  Cut =      721.  T =     0.00 sec
ABC: P:  Del = 4508.00.  Ar =      59.0.  Edge =      186.  Cut =      779.  T =     0.00 sec
ABC: F:  Del = 4508.00.  Ar =      56.0.  Edge =      178.  Cut =      778.  T =     0.00 sec
ABC: A:  Del = 4508.00.  Ar =      56.0.  Edge =      174.  Cut =      791.  T =     0.00 sec
ABC: A:  Del = 4508.00.  Ar =      56.0.  Edge =      174.  Cut =      791.  T =     0.00 sec
ABC: Total time =     0.00 sec
ABC: + &write -n <abc-temp-dir>/output.aig 
ABC: + &mfs 
ABC: + &ps -l 
ABC: <abc-temp-dir>/input : i/o =     30/     33  and =     125  lev =    6 (   0.42)  mem = 0.01 MB  box = 69  bb = 23
ABC: Mapping (K=4)  :  lut =     56  edge =     172  lev =    5 (0.28)  levB =   17  mem = 0.00 MB
ABC: LUT = 56 : 2=20 35.7 %  3=12 21.4 %  4=24 42.9 %  Ave = 3.07
ABC: Warning: AIG with boxes has internal fanout in 0 complex flops and 4 carries.
ABC: + &write -n <abc-temp-dir>/output.aig 
ABC: + &verify 
ABC: Networks are equivalent.  Time =     0.01 sec
ABC: + time 
ABC: elapse: 0.03 seconds, total: 0.03 seconds

3.41.17.6. Executing AIGER frontend.
<suppressed ~137 debug messages>
Removed 140 unused cells and 614 unused wires.

3.41.17.7. Executing ABC9_OPS pass (helper functions for ABC9).
ABC RESULTS:              $lut cells:       58
ABC RESULTS:   \SB_DFFES_$abc9_byp cells:        2
ABC RESULTS:   \SB_DFFER_$abc9_byp cells:       21
ABC RESULTS:   $paramod$__ICE40_CARRY_WRAPPER\LUT=16'0110100110010110\I3_IS_CI=1'1 cells:       46
ABC RESULTS:           input signals:       29
ABC RESULTS:          output signals:       16
Removing temp directory.

3.41.18. Executing TECHMAP pass (map to technology primitives).

3.41.18.1. Executing Verilog-2005 frontend: C:\OSS-CA~1\OSS-CA~1\bin\../share/yosys/abc9_unmap.v
Parsing Verilog input from `C:\OSS-CA~1\OSS-CA~1\bin\../share/yosys/abc9_unmap.v' to AST representation.
Generating RTLIL representation for module `$__DFF_x__$abc9_flop'.
Generating RTLIL representation for module `$__ABC9_SCC_BREAKER'.
Successfully finished Verilog frontend.

3.41.18.2. Continuing TECHMAP pass.
Using template SB_DFFES_$abc9_byp for cells of type SB_DFFES_$abc9_byp.
Using template SB_DFFER_$abc9_byp for cells of type SB_DFFER_$abc9_byp.
Using template $paramod$__ICE40_CARRY_WRAPPER\LUT=16'0110100110010110\I3_IS_CI=1'1 for cells of type $paramod$__ICE40_CARRY_WRAPPER\LUT=16'0110100110010110\I3_IS_CI=1'1.
No more expansions possible.
<suppressed ~77 debug messages>

3.42. Executing ICE40_WRAPCARRY pass (wrap carries).

3.43. Executing TECHMAP pass (map to technology primitives).

3.43.1. Executing Verilog-2005 frontend: C:\OSS-CA~1\OSS-CA~1\bin\../share/yosys/ice40/ff_map.v
Parsing Verilog input from `C:\OSS-CA~1\OSS-CA~1\bin\../share/yosys/ice40/ff_map.v' to AST representation.
Generating RTLIL representation for module `$_DFF_N_'.
Generating RTLIL representation for module `$_DFF_P_'.
Generating RTLIL representation for module `$_DFFE_NP_'.
Generating RTLIL representation for module `$_DFFE_PP_'.
Generating RTLIL representation for module `$_DFF_NP0_'.
Generating RTLIL representation for module `$_DFF_NP1_'.
Generating RTLIL representation for module `$_DFF_PP0_'.
Generating RTLIL representation for module `$_DFF_PP1_'.
Generating RTLIL representation for module `$_DFFE_NP0P_'.
Generating RTLIL representation for module `$_DFFE_NP1P_'.
Generating RTLIL representation for module `$_DFFE_PP0P_'.
Generating RTLIL representation for module `$_DFFE_PP1P_'.
Generating RTLIL representation for module `$_SDFF_NP0_'.
Generating RTLIL representation for module `$_SDFF_NP1_'.
Generating RTLIL representation for module `$_SDFF_PP0_'.
Generating RTLIL representation for module `$_SDFF_PP1_'.
Generating RTLIL representation for module `$_SDFFCE_NP0P_'.
Generating RTLIL representation for module `$_SDFFCE_NP1P_'.
Generating RTLIL representation for module `$_SDFFCE_PP0P_'.
Generating RTLIL representation for module `$_SDFFCE_PP1P_'.
Successfully finished Verilog frontend.

3.43.2. Continuing TECHMAP pass.
No more expansions possible.
<suppressed ~22 debug messages>
Removed 39 unused cells and 1767 unused wires.

3.44. Executing OPT_LUT pass (optimize LUTs).
Discovering LUTs.
Number of LUTs:       73
  1-LUT                2
  2-LUT               21
  3-LUT               26
  4-LUT               24
  with \SB_CARRY    (#0)   14
  with \SB_CARRY    (#1)   16

Eliminating LUTs.
Number of LUTs:       73
  1-LUT                2
  2-LUT               21
  3-LUT               26
  4-LUT               24
  with \SB_CARRY    (#0)   14
  with \SB_CARRY    (#1)   16

Combining LUTs.
Number of LUTs:       60
  1-LUT                2
  2-LUT                8
  3-LUT               14
  4-LUT               36
  with \SB_CARRY    (#0)   14
  with \SB_CARRY    (#1)   16

Eliminated 0 LUTs.
Combined 13 LUTs.
<suppressed ~518 debug messages>

3.45. Executing TECHMAP pass (map to technology primitives).

3.45.1. Executing Verilog-2005 frontend: C:\OSS-CA~1\OSS-CA~1\bin\../share/yosys/ice40/cells_map.v
Parsing Verilog input from `C:\OSS-CA~1\OSS-CA~1\bin\../share/yosys/ice40/cells_map.v' to AST representation.
Generating RTLIL representation for module `$lut'.
Successfully finished Verilog frontend.

3.45.2. Continuing TECHMAP pass.
Using template $paramod$lut\WIDTH=32'00000000000000000000000000000010\LUT=4'0100 for cells of type $lut.
Using template $paramod$30305e55a780880b9c824fe3509a4d981acb0f2b$lut for cells of type $lut.
Using template $paramod$c06bc67963cc1110063a9123da628eb26f5d0f42$lut for cells of type $lut.
Using template $paramod$lut\WIDTH=32'00000000000000000000000000000011\LUT=8'00010000 for cells of type $lut.
Using template $paramod$lut\WIDTH=32'00000000000000000000000000000010\LUT=4'0010 for cells of type $lut.
Using template $paramod$ee9bdacfeae1a1920ee378d272c1a41ef8c446df$lut for cells of type $lut.
Using template $paramod$lut\WIDTH=32'00000000000000000000000000000010\LUT=4'1000 for cells of type $lut.
Using template $paramod$a59507d273cd827eb6c46c37820d50a1b717efdf$lut for cells of type $lut.
Using template $paramod$fd904e9e35cfd343a9df248824bd3f1408724879$lut for cells of type $lut.
Using template $paramod$lut\WIDTH=32'00000000000000000000000000000011\LUT=8'11111110 for cells of type $lut.
Using template $paramod$lut\WIDTH=32'00000000000000000000000000000011\LUT=8'10000001 for cells of type $lut.
Using template $paramod$lut\WIDTH=32'00000000000000000000000000000011\LUT=8'00111010 for cells of type $lut.
Using template $paramod$lut\WIDTH=32'00000000000000000000000000000011\LUT=8'01110000 for cells of type $lut.
Using template $paramod$766f851776a2d25e13728c9147ddfe7ff70917a3$lut for cells of type $lut.
Using template $paramod$lut\WIDTH=32'00000000000000000000000000000011\LUT=8'11001110 for cells of type $lut.
Using template $paramod$32abbd1d449a67fb913b4733374e345d4c17175b$lut for cells of type $lut.
Using template $paramod$baa939b0bd5b3e0c8760492528669bd58f640542$lut for cells of type $lut.
Using template $paramod$lut\WIDTH=32'00000000000000000000000000000011\LUT=8'01100000 for cells of type $lut.
Using template $paramod$22ca34e45145bb3eb2ce78f5debe5bf61645321e$lut for cells of type $lut.
Using template $paramod$c64dec5f9cba92e7fb1a4ba3987a6ac85d9a3898$lut for cells of type $lut.
Using template $paramod$66e741791413519a466d4f44240bc83d3a191818$lut for cells of type $lut.
Using template $paramod$lut\WIDTH=32'00000000000000000000000000000001\LUT=2'01 for cells of type $lut.
Using template $paramod$lut\WIDTH=32'00000000000000000000000000000010\LUT=4'0001 for cells of type $lut.
Using template $paramod$658b9ed803f0d3d335616d3858b53e0a2522f1e8$lut for cells of type $lut.
Using template $paramod$571404c0889eaf57f492cb5e37f8acb5df5852f9$lut for cells of type $lut.
Using template $paramod$lut\WIDTH=32'00000000000000000000000000000011\LUT=8'00001000 for cells of type $lut.
Using template $paramod$lut\WIDTH=32'00000000000000000000000000000011\LUT=8'00000100 for cells of type $lut.
Using template $paramod$c5b694ec89d7629b942ccf6a9be1d39e24f8edec$lut for cells of type $lut.
Using template $paramod$lut\WIDTH=32'00000000000000000000000000000011\LUT=8'00001110 for cells of type $lut.
Using template $paramod$lut\WIDTH=32'00000000000000000000000000000011\LUT=8'00000010 for cells of type $lut.
Using template $paramod$253532b742d151c01e8e51f153c24d934b8f6185$lut for cells of type $lut.
Using template $paramod$d6ca727e39f31d51d29072e0f33aa09c65e37336$lut for cells of type $lut.
Using template $paramod$5e9374f44a27c3f8a1c38af244ec43ceb4fb8d4f$lut for cells of type $lut.
No more expansions possible.
<suppressed ~492 debug messages>
Removed 0 unused cells and 147 unused wires.

3.46. Executing AUTONAME pass.
Renamed 220 objects in module onewire_master (93 iterations).
<suppressed ~220 debug messages>

3.47. Executing HIERARCHY pass (managing design hierarchy).
Attribute `top' found on module `onewire_master'. Setting top module to onewire_master.

3.47.1. Analyzing design hierarchy..
Top module:  \onewire_master

3.47.2. Analyzing design hierarchy..
Top module:  \onewire_master
Removed 0 unused modules.

3.48. Printing statistics.

=== onewire_master ===

        +----------Local Count, excluding submodules.
        | 
      107 wires
      207 wire bits
      107 public wires
      207 public wire bits
       11 ports
       12 port bits
      128 submodules
       45   SB_CARRY
       21   SB_DFFER
        2   SB_DFFES
       60   SB_LUT4

=== design hierarchy ===

        +----------Count including submodules.
        | 
        - onewire_master

        +----------Count including submodules.
        | 
      107 wires
      207 wire bits
      107 public wires
      207 public wire bits
       11 ports
       12 port bits
        - memories
        - memory bits
        - processes
        - cells
      128 submodules
       45   SB_CARRY
       21   SB_DFFER
        2   SB_DFFES
       60   SB_LUT4

3.49. Executing CHECK pass (checking for obvious problems).
Checking module onewire_master...
Found and reported 0 problems.

3.50. Executing JSON backend.

4. Printing statistics.

=== onewire_master ===

        +----------Local Count, excluding submodules.
        | 
      107 wires
      207 wire bits
      107 public wires
      207 public wire bits
       11 ports
       12 port bits
      128 cells
       45   SB_CARRY
       21   SB_DFFER
        2   SB_DFFES
       60   SB_LUT4

End of script. Logfile hash: 227cf237d5
Yosys 0.64+68 (git sha1 413169663-dirty, x86_64-w64-mingw32-g++ 13.2.1 -O3)
Time spent: 1% 28x opt_expr (0 sec), 1% 25x opt_clean (0 sec), ...

--- STDERR ---
