
--- STDERR ---
Info: constrained 'clk' to bel 'X12/Y31/io1'
Info: constrained 'rst_n' to bel 'X13/Y31/io1'
Info: constrained 'direction' to bel 'X8/Y0/io0'
Info: constrained 'leds[0]' to bel 'X19/Y31/io0'
Info: constrained 'leds[1]' to bel 'X19/Y31/io1'
Info: constrained 'leds[2]' to bel 'X18/Y31/io0'
Info: constrained 'leds[3]' to bel 'X18/Y31/io1'
Info: constrained 'leds[4]' to bel 'X16/Y31/io1'
Info: constrained 'leds[5]' to bel 'X16/Y31/io0'
Info: constrained 'leds[6]' to bel 'X9/Y31/io1'
Info: constrained 'leds[7]' to bel 'X13/Y31/io0'
Warning: IO 'speed[7]' is unconstrained in PCF and will be automatically placed
Warning: IO 'speed[6]' is unconstrained in PCF and will be automatically placed
Warning: IO 'speed[5]' is unconstrained in PCF and will be automatically placed
Warning: IO 'speed[4]' is unconstrained in PCF and will be automatically placed
Warning: IO 'speed[3]' is unconstrained in PCF and will be automatically placed
Warning: IO 'speed[2]' is unconstrained in PCF and will be automatically placed
Warning: IO 'speed[1]' is unconstrained in PCF and will be automatically placed
Warning: IO 'speed[0]' is unconstrained in PCF and will be automatically placed

Info: Packing constants..
Info: Packing IOs..
Info: Packing LUT-FFs..
Info:       15 LCs used as LUT4 only
Info:       32 LCs used as LUT4 and DFF
Info: Packing non-LUT FFs..
Info:        0 LCs used as DFF only
Info: Packing carries..
Info:        0 LCs used as CARRY only
Info: Packing indirect carry+LUT pairs...
Info:        0 LUTs merged into carry LCs
Info: Packing RAMs..
Info: Placing PLLs..
Info: Packing special functions..
Info: Packing PLLs..
Info: Promoting globals..
Info: promoting clk$SB_IO_IN (fanout 32)
Info: promoting rst_n_SB_LUT4_I3_O [reset] (fanout 32)
Info: Constraining chains...
Info:        1 LCs used to legalise carry chains.
Info: Checksum: 0xc49ab329

Info: Device utilisation:
Info: 	         ICESTORM_LC:      50/   5280     0%
Info: 	        ICESTORM_RAM:       0/     30     0%
Info: 	               SB_IO:      19/     39    48%
Info: 	               SB_GB:       2/      8    25%
Info: 	        ICESTORM_PLL:       0/      1     0%
Info: 	         SB_WARMBOOT:       0/      1     0%
Info: 	        ICESTORM_DSP:       0/      8     0%
Info: 	      ICESTORM_HFOSC:       0/      1     0%
Info: 	      ICESTORM_LFOSC:       0/      1     0%
Info: 	              SB_I2C:       0/      2     0%
Info: 	              SB_SPI:       0/      2     0%
Info: 	              IO_I3C:       0/      2     0%
Info: 	         SB_LEDDA_IP:       0/      1     0%
Info: 	         SB_RGBA_DRV:       0/      1     0%
Info: 	      ICESTORM_SPRAM:       0/      4     0%

Info: Placed 11 cells based on constraints.
Info: Creating initial analytic placement for 27 cells, random placement wirelen = 1299.
Info:     at initial placer iter 0, wirelen = 215
Info:     at initial placer iter 1, wirelen = 210
Info:     at initial placer iter 2, wirelen = 211
Info:     at initial placer iter 3, wirelen = 210
Info: Running main analytical placer, max placement attempts per cell = 10000.
Info:     at iteration #1, type ICESTORM_LC: wirelen solved = 211, spread = 241, legal = 276; time = 0.00s
Info:     at iteration #1, type SB_GB: wirelen solved = 274, spread = 275, legal = 276; time = 0.00s
Info:     at iteration #1, type ALL: wirelen solved = 213, spread = 233, legal = 265; time = 0.00s
Info: HeAP Placer Time: 0.00s
Info:   of which solving equations: 0.00s
Info:   of which spreading cells: 0.00s
Info:   of which strict legalisation: 0.00s

Info: Running simulated annealing placer for refinement.
Info:   at iteration #1: temp = 0.000000, timing cost = 94, wirelen = 265
Info:   at iteration #5: temp = 0.000000, timing cost = 82, wirelen = 226
Info:   at iteration #10: temp = 0.000000, timing cost = 85, wirelen = 218
Info:   at iteration #10: temp = 0.000000, timing cost = 85, wirelen = 218 
Info: SA placement time 0.01s

Info: Max frequency for clock 'clk$SB_IO_IN_$glb_clk': 39.17 MHz (PASS at 12.00 MHz)

Info: Max delay <async>                       -> posedge clk$SB_IO_IN_$glb_clk: 23.04 ns
Info: Max delay posedge clk$SB_IO_IN_$glb_clk -> <async>                      : 4.43 ns

Info: Slack histogram:
Info:  legend: * represents 1 endpoint(s)
Info:          + represents [1,1) endpoint(s)
Info: [ 57803,  58916) |******** 
Info: [ 58916,  60029) | 
Info: [ 60029,  61142) | 
Info: [ 61142,  62255) | 
Info: [ 62255,  63368) | 
Info: [ 63368,  64481) | 
Info: [ 64481,  65594) |******** 
Info: [ 65594,  66707) |* 
Info: [ 66707,  67820) | 
Info: [ 67820,  68933) | 
Info: [ 68933,  70046) | 
Info: [ 70046,  71159) | 
Info: [ 71159,  72272) |**** 
Info: [ 72272,  73385) |******** 
Info: [ 73385,  74498) |***** 
Info: [ 74498,  75611) |******** 
Info: [ 75611,  76724) |****** 
Info: [ 76724,  77837) |******* 
Info: [ 77837,  78950) |******** 
Info: [ 78950,  80063) |***************** 
Info: Checksum: 0x8fe73ee1

Info: Routing..
Info: Setting up routing queue.
Info: Routing 177 arcs.
Info:            |   (re-)routed arcs  |   delta    | remaining|       time spent     |
Info:    IterCnt |  w/ripup   wo/ripup |  w/r  wo/r |      arcs| batch(sec) total(sec)|
Info:        187 |        9        158 |    9   158 |         0|       0.04       0.04|
Info: Routing complete.
Info: Router1 time 0.04s
Info: Checksum: 0xb3d1041d

Info: Critical path report for clock 'clk$SB_IO_IN_$glb_clk' (posedge -> posedge):
Info:       type curr  total name
Info:   clk-to-q  1.39  1.39 Source speed_SB_LUT4_I2_O_SB_LUT4_I2_O_SB_LUT4_O_11_LC.O
Info:    routing  1.76  3.15 Net speed_SB_LUT4_I2_O_SB_LUT4_I2_O_SB_LUT4_O_9_I2[0] (13,2) -> (14,2)
Info:                          Sink speed_SB_LUT4_I0_1_I3_SB_LUT4_O_1_I3_SB_LUT4_O_LC.I0
Info:                          Defined in:
Info:                               C:\OSS-CA~1\OSS-CA~1\bin\../share/yosys/ice40/cells_map.v:6.21-6.22
Info:      logic  1.28  4.43 Source speed_SB_LUT4_I0_1_I3_SB_LUT4_O_1_I3_SB_LUT4_O_LC.O
Info:    routing  1.76  6.20 Net speed_SB_LUT4_I0_1_I3_SB_LUT4_O_1_I3[2] (14,2) -> (14,1)
Info:                          Sink speed_SB_LUT4_I0_1_I3_SB_LUT4_O_1_LC.I3
Info:                          Defined in:
Info:                               C:\OSS-CA~1\OSS-CA~1\bin\../share/yosys/ice40/cells_map.v:6.21-6.22
Info:      logic  0.87  7.07 Source speed_SB_LUT4_I0_1_I3_SB_LUT4_O_1_LC.O
Info:    routing  1.76  8.83 Net speed_SB_LUT4_I0_1_I3[3] (14,1) -> (14,1)
Info:                          Sink speed_SB_LUT4_I0_1_LC.I3
Info:                          Defined in:
Info:                               C:\OSS-CA~1\OSS-CA~1\bin\../share/yosys/ice40/cells_map.v:6.21-6.22
Info:      logic  0.87  9.70 Source speed_SB_LUT4_I0_1_LC.O
Info:    routing  1.76  11.47 Net tick_SB_LUT4_O_I3_SB_LUT4_O_1_I3[3] (14,1) -> (14,2)
Info:                          Sink tick_SB_LUT4_O_I3_SB_LUT4_O_1_LC.I3
Info:                          Defined in:
Info:                               C:\OSS-CA~1\OSS-CA~1\bin\../share/yosys/ice40/cells_map.v:6.21-6.22
Info:      logic  0.87  12.34 Source tick_SB_LUT4_O_I3_SB_LUT4_O_1_LC.O
Info:    routing  1.76  14.10 Net tick_SB_LUT4_O_I3[1] (14,2) -> (14,2)
Info:                          Sink tick_SB_LUT4_O_LC.I3
Info:                          Defined in:
Info:                               C:\OSS-CA~1\OSS-CA~1\bin\../share/yosys/ice40/cells_map.v:6.21-6.22
Info:      logic  0.87  14.98 Source tick_SB_LUT4_O_LC.O
Info:    routing  6.88  21.86 Net tick (14,2) -> (15,30)
Info:                          Sink direction_SB_LUT4_I1_LC.CEN
Info:                          Defined in:
Info:                               led_chaser.v:17.10-17.14
Info:      setup  0.10  21.96 Source direction_SB_LUT4_I1_LC.CEN
Info: 6.27 ns logic, 15.69 ns routing

Info: Critical path report for cross-domain path '<async>' -> 'posedge clk$SB_IO_IN_$glb_clk':
Info:       type curr  total name
Info:     source  0.00  0.00 Source speed[0]$sb_io.D_IN_0
Info:    routing  6.91  6.91 Net speed[0]$SB_IO_IN (9,31) -> (12,2)
Info:                          Sink speed_SB_LUT4_I2_1_LC.I2
Info:                          Defined in:
Info:                               C:\OSS-CA~1\OSS-CA~1\bin\../share/yosys/ice40/cells_map.v:6.21-6.22
Info:      logic  1.21  8.11 Source speed_SB_LUT4_I2_1_LC.O
Info:    routing  1.76  9.88 Net speed_SB_LUT4_I2_O[3] (12,2) -> (12,1)
Info:                          Sink speed_SB_LUT4_I0_LC.I3
Info:                          Defined in:
Info:                               C:\OSS-CA~1\OSS-CA~1\bin\../share/yosys/ice40/cells_map.v:6.21-6.22
Info:      logic  0.87  10.75 Source speed_SB_LUT4_I0_LC.O
Info:    routing  2.30  13.05 Net tick_SB_LUT4_O_I3_SB_LUT4_O_I3[3] (12,1) -> (14,1)
Info:                          Sink tick_SB_LUT4_O_I3_SB_LUT4_O_LC.I3
Info:                          Defined in:
Info:                               C:\OSS-CA~1\OSS-CA~1\bin\../share/yosys/ice40/cells_map.v:6.21-6.22
Info:      logic  0.87  13.93 Source tick_SB_LUT4_O_I3_SB_LUT4_O_LC.O
Info:    routing  1.76  15.69 Net tick_SB_LUT4_O_I3[0] (14,1) -> (14,2)
Info:                          Sink tick_SB_LUT4_O_LC.I2
Info:                          Defined in:
Info:                               C:\OSS-CA~1\OSS-CA~1\bin\../share/yosys/ice40/cells_map.v:6.21-6.22
Info:      logic  1.21  16.89 Source tick_SB_LUT4_O_LC.O
Info:    routing  6.88  23.78 Net tick (14,2) -> (15,30)
Info:                          Sink direction_SB_LUT4_I1_LC.CEN
Info:                          Defined in:
Info:                               led_chaser.v:17.10-17.14
Info:      setup  0.10  23.88 Source direction_SB_LUT4_I1_LC.CEN
Info: 4.26 ns logic, 19.62 ns routing

Info: Critical path report for cross-domain path 'posedge clk$SB_IO_IN_$glb_clk' -> '<async>':
Info:       type curr  total name
Info:   clk-to-q  1.39  1.39 Source direction_SB_LUT4_I1_LC.O
Info:    routing  3.60  4.99 Net led_reg[1] (15,30) -> (19,31)
Info:                          Sink leds[1]$sb_io.D_OUT_0
Info:                          Defined in:
Info:                               led_chaser.v:12.26-12.30
Info: 1.39 ns logic, 3.60 ns routing

Info: Max frequency for clock 'clk$SB_IO_IN_$glb_clk': 45.54 MHz (PASS at 12.00 MHz)

Info: Max delay <async>                       -> posedge clk$SB_IO_IN_$glb_clk: 23.88 ns
Info: Max delay posedge clk$SB_IO_IN_$glb_clk -> <async>                      : 4.99 ns

Info: Slack histogram:
Info:  legend: * represents 1 endpoint(s)
Info:          + represents [1,1) endpoint(s)
Info: [ 61375,  62275) |**** 
Info: [ 62275,  63175) |**** 
Info: [ 63175,  64075) | 
Info: [ 64075,  64975) | 
Info: [ 64975,  65875) |********* 
Info: [ 65875,  66775) | 
Info: [ 66775,  67675) | 
Info: [ 67675,  68575) | 
Info: [ 68575,  69475) | 
Info: [ 69475,  70375) | 
Info: [ 70375,  71275) |*** 
Info: [ 71275,  72175) |****** 
Info: [ 72175,  73075) |****** 
Info: [ 73075,  73975) |**** 
Info: [ 73975,  74875) |****** 
Info: [ 74875,  75775) |****** 
Info: [ 75775,  76675) |*** 
Info: [ 76675,  77575) |******* 
Info: [ 77575,  78475) |*** 
Info: [ 78475,  79375) |******************* 
8 warnings, 0 errors

Info: Program finished normally.
