
--- STDERR ---
Info: constrained 'clk' to bel 'X12/Y31/io1'
Info: constrained 'rst_n' to bel 'X13/Y31/io1'
Info: constrained 'ir_in' to bel 'X8/Y0/io0'
Warning: IO 'error' is unconstrained in PCF and will be automatically placed
Warning: IO 'data_valid' is unconstrained in PCF and will be automatically placed
Warning: IO 'command[7]' is unconstrained in PCF and will be automatically placed
Warning: IO 'command[6]' is unconstrained in PCF and will be automatically placed
Warning: IO 'command[5]' is unconstrained in PCF and will be automatically placed
Warning: IO 'command[4]' is unconstrained in PCF and will be automatically placed
Warning: IO 'command[3]' is unconstrained in PCF and will be automatically placed
Warning: IO 'command[2]' is unconstrained in PCF and will be automatically placed
Warning: IO 'command[1]' is unconstrained in PCF and will be automatically placed
Warning: IO 'command[0]' is unconstrained in PCF and will be automatically placed
Warning: IO 'address[7]' is unconstrained in PCF and will be automatically placed
Warning: IO 'address[6]' is unconstrained in PCF and will be automatically placed
Warning: IO 'address[5]' is unconstrained in PCF and will be automatically placed
Warning: IO 'address[4]' is unconstrained in PCF and will be automatically placed
Warning: IO 'address[3]' is unconstrained in PCF and will be automatically placed
Warning: IO 'address[2]' is unconstrained in PCF and will be automatically placed
Warning: IO 'address[1]' is unconstrained in PCF and will be automatically placed
Warning: IO 'address[0]' is unconstrained in PCF and will be automatically placed

Info: Packing constants..
Info: Packing IOs..
Info: Packing LUT-FFs..
Info:       34 LCs used as LUT4 only
Info:       33 LCs used as LUT4 and DFF
Info: Packing non-LUT FFs..
Info:       50 LCs used as DFF only
Info: Packing carries..
Info:       77 LCs used as CARRY only
Info: Packing indirect carry+LUT pairs...
Info:        1 LUTs merged into carry LCs
Info: Packing RAMs..
Info: Placing PLLs..
Info: Packing special functions..
Info: Packing PLLs..
Info: Promoting globals..
Info: promoting clk$SB_IO_IN (fanout 83)
Info: promoting rst_n_SB_LUT4_I3_O [reset] (fanout 83)
Info: promoting ir_in_SB_LUT4_I2_O_SB_LUT4_I3_O [cen] (fanout 32)
Info: promoting error_SB_DFFR_Q_D_SB_LUT4_I3_O_SB_LUT4_O_I1_SB_LUT4_I0_O [cen] (fanout 20)
Info: promoting error_SB_DFFR_Q_D_SB_LUT4_I3_I1[0] [cen] (fanout 16)
Info: Constraining chains...
Info:        9 LCs used to legalise carry chains.
Info: Checksum: 0x9d3db556

Info: Device utilisation:
Info: 	         ICESTORM_LC:     204/   5280     3%
Info: 	        ICESTORM_RAM:       0/     30     0%
Info: 	               SB_IO:      21/     39    53%
Info: 	               SB_GB:       5/      8    62%
Info: 	        ICESTORM_PLL:       0/      1     0%
Info: 	         SB_WARMBOOT:       0/      1     0%
Info: 	        ICESTORM_DSP:       0/      8     0%
Info: 	      ICESTORM_HFOSC:       0/      1     0%
Info: 	      ICESTORM_LFOSC:       0/      1     0%
Info: 	              SB_I2C:       0/      2     0%
Info: 	              SB_SPI:       0/      2     0%
Info: 	              IO_I3C:       0/      2     0%
Info: 	         SB_LEDDA_IP:       0/      1     0%
Info: 	         SB_RGBA_DRV:       0/      1     0%
Info: 	      ICESTORM_SPRAM:       0/      4     0%

Info: Placed 3 cells based on constraints.
Info: Creating initial analytic placement for 103 cells, random placement wirelen = 3293.
Info:     at initial placer iter 0, wirelen = 364
Info:     at initial placer iter 1, wirelen = 350
Info:     at initial placer iter 2, wirelen = 363
Info:     at initial placer iter 3, wirelen = 349
Info: Running main analytical placer, max placement attempts per cell = 10000.
Info:     at iteration #1, type ICESTORM_LC: wirelen solved = 360, spread = 637, legal = 682; time = 0.00s
Info:     at iteration #1, type SB_GB: wirelen solved = 678, spread = 780, legal = 771; time = 0.00s
Info:     at iteration #1, type ALL: wirelen solved = 356, spread = 712, legal = 737; time = 0.00s
Info:     at iteration #2, type ICESTORM_LC: wirelen solved = 424, spread = 709, legal = 704; time = 0.00s
Info:     at iteration #2, type SB_GB: wirelen solved = 657, spread = 661, legal = 676; time = 0.00s
Info:     at iteration #2, type ALL: wirelen solved = 358, spread = 710, legal = 757; time = 0.00s
Info:     at iteration #3, type ICESTORM_LC: wirelen solved = 447, spread = 676, legal = 724; time = 0.00s
Info:     at iteration #3, type SB_GB: wirelen solved = 653, spread = 666, legal = 690; time = 0.00s
Info:     at iteration #3, type ALL: wirelen solved = 362, spread = 733, legal = 743; time = 0.00s
Info:     at iteration #4, type ICESTORM_LC: wirelen solved = 458, spread = 670, legal = 695; time = 0.00s
Info:     at iteration #4, type SB_GB: wirelen solved = 624, spread = 707, legal = 695; time = 0.00s
Info:     at iteration #4, type ALL: wirelen solved = 366, spread = 717, legal = 739; time = 0.00s
Info:     at iteration #5, type ICESTORM_LC: wirelen solved = 468, spread = 670, legal = 691; time = 0.00s
Info:     at iteration #5, type SB_GB: wirelen solved = 626, spread = 641, legal = 658; time = 0.00s
Info:     at iteration #5, type ALL: wirelen solved = 380, spread = 598, legal = 669; time = 0.00s
Info:     at iteration #6, type ICESTORM_LC: wirelen solved = 435, spread = 592, legal = 654; time = 0.00s
Info:     at iteration #6, type SB_GB: wirelen solved = 610, spread = 624, legal = 654; time = 0.00s
Info:     at iteration #6, type ALL: wirelen solved = 369, spread = 690, legal = 716; time = 0.01s
Info:     at iteration #7, type ICESTORM_LC: wirelen solved = 438, spread = 631, legal = 713; time = 0.00s
Info:     at iteration #7, type SB_GB: wirelen solved = 668, spread = 680, legal = 708; time = 0.00s
Info:     at iteration #7, type ALL: wirelen solved = 406, spread = 669, legal = 702; time = 0.01s
Info:     at iteration #8, type ICESTORM_LC: wirelen solved = 456, spread = 636, legal = 688; time = 0.00s
Info:     at iteration #8, type SB_GB: wirelen solved = 627, spread = 638, legal = 681; time = 0.00s
Info:     at iteration #8, type ALL: wirelen solved = 379, spread = 633, legal = 688; time = 0.01s
Info:     at iteration #9, type ICESTORM_LC: wirelen solved = 443, spread = 634, legal = 671; time = 0.00s
Info:     at iteration #9, type SB_GB: wirelen solved = 617, spread = 689, legal = 708; time = 0.00s
Info:     at iteration #9, type ALL: wirelen solved = 401, spread = 591, legal = 663; time = 0.00s
Info:     at iteration #10, type ICESTORM_LC: wirelen solved = 451, spread = 631, legal = 674; time = 0.00s
Info:     at iteration #10, type SB_GB: wirelen solved = 629, spread = 642, legal = 674; time = 0.00s
Info:     at iteration #10, type ALL: wirelen solved = 396, spread = 621, legal = 697; time = 0.00s
Info:     at iteration #11, type ICESTORM_LC: wirelen solved = 442, spread = 615, legal = 647; time = 0.00s
Info:     at iteration #11, type SB_GB: wirelen solved = 607, spread = 620, legal = 650; time = 0.00s
Info:     at iteration #11, type ALL: wirelen solved = 422, spread = 578, legal = 658; time = 0.00s
Info:     at iteration #12, type ICESTORM_LC: wirelen solved = 454, spread = 621, legal = 681; time = 0.00s
Info:     at iteration #12, type SB_GB: wirelen solved = 641, spread = 737, legal = 715; time = 0.00s
Info:     at iteration #12, type ALL: wirelen solved = 408, spread = 577, legal = 647; time = 0.00s
Info:     at iteration #13, type ICESTORM_LC: wirelen solved = 466, spread = 623, legal = 657; time = 0.00s
Info:     at iteration #13, type SB_GB: wirelen solved = 619, spread = 637, legal = 656; time = 0.00s
Info:     at iteration #13, type ALL: wirelen solved = 409, spread = 571, legal = 656; time = 0.00s
Info:     at iteration #14, type ICESTORM_LC: wirelen solved = 460, spread = 600, legal = 641; time = 0.00s
Info:     at iteration #14, type SB_GB: wirelen solved = 604, spread = 698, legal = 677; time = 0.00s
Info:     at iteration #14, type ALL: wirelen solved = 415, spread = 569, legal = 651; time = 0.00s
Info:     at iteration #15, type ICESTORM_LC: wirelen solved = 455, spread = 603, legal = 633; time = 0.00s
Info:     at iteration #15, type SB_GB: wirelen solved = 596, spread = 688, legal = 667; time = 0.00s
Info:     at iteration #15, type ALL: wirelen solved = 421, spread = 562, legal = 645; time = 0.00s
Info:     at iteration #16, type ICESTORM_LC: wirelen solved = 458, spread = 610, legal = 642; time = 0.00s
Info:     at iteration #16, type SB_GB: wirelen solved = 606, spread = 664, legal = 642; time = 0.00s
Info:     at iteration #16, type ALL: wirelen solved = 414, spread = 567, legal = 633; time = 0.00s
Info:     at iteration #17, type ICESTORM_LC: wirelen solved = 456, spread = 607, legal = 653; time = 0.00s
Info:     at iteration #17, type SB_GB: wirelen solved = 613, spread = 626, legal = 656; time = 0.00s
Info:     at iteration #17, type ALL: wirelen solved = 422, spread = 565, legal = 653; time = 0.00s
Info:     at iteration #18, type ICESTORM_LC: wirelen solved = 457, spread = 610, legal = 638; time = 0.00s
Info:     at iteration #18, type SB_GB: wirelen solved = 596, spread = 609, legal = 641; time = 0.00s
Info:     at iteration #18, type ALL: wirelen solved = 421, spread = 567, legal = 646; time = 0.00s
Info:     at iteration #19, type ICESTORM_LC: wirelen solved = 479, spread = 609, legal = 690; time = 0.00s
Info:     at iteration #19, type SB_GB: wirelen solved = 657, spread = 744, legal = 725; time = 0.00s
Info:     at iteration #19, type ALL: wirelen solved = 435, spread = 570, legal = 691; time = 0.00s
Info:     at iteration #20, type ICESTORM_LC: wirelen solved = 470, spread = 602, legal = 670; time = 0.00s
Info:     at iteration #20, type SB_GB: wirelen solved = 636, spread = 650, legal = 670; time = 0.00s
Info:     at iteration #20, type ALL: wirelen solved = 440, spread = 587, legal = 645; time = 0.00s
Info:     at iteration #21, type ICESTORM_LC: wirelen solved = 461, spread = 609, legal = 641; time = 0.00s
Info:     at iteration #21, type SB_GB: wirelen solved = 614, spread = 695, legal = 676; time = 0.00s
Info:     at iteration #21, type ALL: wirelen solved = 421, spread = 595, legal = 658; time = 0.00s
Info: HeAP Placer Time: 0.12s
Info:   of which solving equations: 0.06s
Info:   of which spreading cells: 0.01s
Info:   of which strict legalisation: 0.04s

Info: Running simulated annealing placer for refinement.
Info:   at iteration #1: temp = 0.000000, timing cost = 173, wirelen = 633
Info:   at iteration #5: temp = 0.000000, timing cost = 110, wirelen = 569
Info:   at iteration #10: temp = 0.000000, timing cost = 110, wirelen = 547
Info:   at iteration #15: temp = 0.000000, timing cost = 109, wirelen = 536
Info:   at iteration #16: temp = 0.000000, timing cost = 109, wirelen = 535 
Info: SA placement time 0.04s

Info: Max frequency for clock 'clk$SB_IO_IN_$glb_clk': 39.97 MHz (PASS at 12.00 MHz)

Info: Max delay <async>                       -> posedge clk$SB_IO_IN_$glb_clk: 20.13 ns
Info: Max delay posedge clk$SB_IO_IN_$glb_clk -> <async>                      : 7.56 ns

Info: Slack histogram:
Info:  legend: * represents 1 endpoint(s)
Info:          + represents [1,1) endpoint(s)
Info: [ 58317,  59376) |***************** 
Info: [ 59376,  60435) |****** 
Info: [ 60435,  61494) |** 
Info: [ 61494,  62553) | 
Info: [ 62553,  63612) |* 
Info: [ 63612,  64671) |************** 
Info: [ 64671,  65730) |********* 
Info: [ 65730,  66789) |******* 
Info: [ 66789,  67848) |* 
Info: [ 67848,  68907) |** 
Info: [ 68907,  69966) |************* 
Info: [ 69966,  71025) |***************************** 
Info: [ 71025,  72084) |****** 
Info: [ 72084,  73143) |** 
Info: [ 73143,  74202) |*********** 
Info: [ 74202,  75261) |****** 
Info: [ 75261,  76320) |***** 
Info: [ 76320,  77379) |*********** 
Info: [ 77379,  78438) |**************************** 
Info: [ 78438,  79497) |***************************************************** 
Info: Checksum: 0xc0a2a7c1

Info: Routing..
Info: Setting up routing queue.
Info: Routing 642 arcs.
Info:            |   (re-)routed arcs  |   delta    | remaining|       time spent     |
Info:    IterCnt |  w/ripup   wo/ripup |  w/r  wo/r |      arcs| batch(sec) total(sec)|
Info:        659 |       17        551 |   17   551 |         0|       0.11       0.11|
Info: Routing complete.
Info: Router1 time 0.11s
Info: Checksum: 0x15fbdbb6

Info: Critical path report for clock 'clk$SB_IO_IN_$glb_clk' (posedge -> posedge):
Info:       type curr  total name
Info:   clk-to-q  1.39  1.39 Source shift_reg_SB_DFFER_Q_1_D_SB_LUT4_O_I2_SB_LUT4_O_I3_SB_LUT4_O_I1_SB_LUT4_I2_O_SB_LUT4_O_10_LC.O
Info:    routing  2.41  3.80 Net shift_reg_SB_DFFER_Q_1_D_SB_LUT4_O_I2_SB_LUT4_O_I1_SB_LUT4_O_1_I3 (11,12) -> (12,14)
Info:                          Sink $nextpnr_ICESTORM_LC_5.I1
Info:                          Defined in:
Info:                               C:\OSS-CA~1\OSS-CA~1\bin\../share/yosys/ice40/cells_map.v:6.21-6.22
Info:      logic  0.68  4.47 Source $nextpnr_ICESTORM_LC_5.COUT
Info:    routing  0.00  4.47 Net $nextpnr_ICESTORM_LC_5$O (12,14) -> (12,14)
Info:                          Sink ir_in_SB_LUT4_I2_O_SB_LUT4_O_I1_SB_CARRY_CO_CI_SB_CARRY_CO_CI_SB_CARRY_CO_CI_SB_CARRY_CO_CI_SB_CARRY_CO_CI_SB_CARRY_CO_CI_SB_CARRY_CO_CI_SB_CARRY_CO_CI_SB_CARRY_CO_CI_SB_CARRY_CO_CI_SB_CARRY_CO_CI_SB_CARRY_CO_CI_SB_CARRY_CO$CARRY.CIN
Info:      logic  0.28  4.75 Source ir_in_SB_LUT4_I2_O_SB_LUT4_O_I1_SB_CARRY_CO_CI_SB_CARRY_CO_CI_SB_CARRY_CO_CI_SB_CARRY_CO_CI_SB_CARRY_CO_CI_SB_CARRY_CO_CI_SB_CARRY_CO_CI_SB_CARRY_CO_CI_SB_CARRY_CO_CI_SB_CARRY_CO_CI_SB_CARRY_CO_CI_SB_CARRY_CO_CI_SB_CARRY_CO$CARRY.COUT
Info:    routing  0.00  4.75 Net ir_in_SB_LUT4_I2_O_SB_LUT4_O_I1_SB_CARRY_CO_CI_SB_CARRY_CO_CI_SB_CARRY_CO_CI_SB_CARRY_CO_CI_SB_CARRY_CO_CI_SB_CARRY_CO_CI_SB_CARRY_CO_CI_SB_CARRY_CO_CI_SB_CARRY_CO_CI_SB_CARRY_CO_CI_SB_CARRY_CO_CI_SB_CARRY_CO_CI (12,14) -> (12,14)
Info:                          Sink ir_in_SB_LUT4_I2_O_SB_LUT4_O_I1_SB_CARRY_CO_CI_SB_CARRY_CO_CI_SB_CARRY_CO_CI_SB_CARRY_CO_CI_SB_CARRY_CO_CI_SB_CARRY_CO_CI_SB_CARRY_CO_CI_SB_CARRY_CO_CI_SB_CARRY_CO_CI_SB_CARRY_CO_CI_SB_CARRY_CO_CI_SB_CARRY_CO$CARRY.CIN
Info:                          Defined in:
Info:                               ir_decoder.v:83.29-83.47
Info:                               C:\OSS-CA~1\OSS-CA~1\bin\../share/yosys/ice40/arith_map.v:62.5-70.4
Info:                               C:\OSS-CA~1\OSS-CA~1\bin\../share/yosys/ice40/abc9_model.v:4.9-4.11
Info:      logic  0.28  5.03 Source ir_in_SB_LUT4_I2_O_SB_LUT4_O_I1_SB_CARRY_CO_CI_SB_CARRY_CO_CI_SB_CARRY_CO_CI_SB_CARRY_CO_CI_SB_CARRY_CO_CI_SB_CARRY_CO_CI_SB_CARRY_CO_CI_SB_CARRY_CO_CI_SB_CARRY_CO_CI_SB_CARRY_CO_CI_SB_CARRY_CO_CI_SB_CARRY_CO$CARRY.COUT
Info:    routing  0.00  5.03 Net ir_in_SB_LUT4_I2_O_SB_LUT4_O_I1_SB_CARRY_CO_CI_SB_CARRY_CO_CI_SB_CARRY_CO_CI_SB_CARRY_CO_CI_SB_CARRY_CO_CI_SB_CARRY_CO_CI_SB_CARRY_CO_CI_SB_CARRY_CO_CI_SB_CARRY_CO_CI_SB_CARRY_CO_CI_SB_CARRY_CO_CI (12,14) -> (12,14)
Info:                          Sink ir_in_SB_LUT4_I2_O_SB_LUT4_O_I1_SB_CARRY_CO_CI_SB_CARRY_CO_CI_SB_CARRY_CO_CI_SB_CARRY_CO_CI_SB_CARRY_CO_CI_SB_CARRY_CO_CI_SB_CARRY_CO_CI_SB_CARRY_CO_CI_SB_CARRY_CO_CI_SB_CARRY_CO_CI_SB_CARRY_CO$CARRY.CIN
Info:                          Defined in:
Info:                               ir_decoder.v:83.29-83.47
Info:                               C:\OSS-CA~1\OSS-CA~1\bin\../share/yosys/ice40/arith_map.v:62.5-70.4
Info:                               C:\OSS-CA~1\OSS-CA~1\bin\../share/yosys/ice40/abc9_model.v:4.9-4.11
Info:      logic  0.28  5.31 Source ir_in_SB_LUT4_I2_O_SB_LUT4_O_I1_SB_CARRY_CO_CI_SB_CARRY_CO_CI_SB_CARRY_CO_CI_SB_CARRY_CO_CI_SB_CARRY_CO_CI_SB_CARRY_CO_CI_SB_CARRY_CO_CI_SB_CARRY_CO_CI_SB_CARRY_CO_CI_SB_CARRY_CO_CI_SB_CARRY_CO$CARRY.COUT
Info:    routing  0.00  5.31 Net ir_in_SB_LUT4_I2_O_SB_LUT4_O_I1_SB_CARRY_CO_CI_SB_CARRY_CO_CI_SB_CARRY_CO_CI_SB_CARRY_CO_CI_SB_CARRY_CO_CI_SB_CARRY_CO_CI_SB_CARRY_CO_CI_SB_CARRY_CO_CI_SB_CARRY_CO_CI_SB_CARRY_CO_CI (12,14) -> (12,14)
Info:                          Sink ir_in_SB_LUT4_I2_O_SB_LUT4_O_I1_SB_CARRY_CO_CI_SB_CARRY_CO_CI_SB_CARRY_CO_CI_SB_CARRY_CO_CI_SB_CARRY_CO_CI_SB_CARRY_CO_CI_SB_CARRY_CO_CI_SB_CARRY_CO_CI_SB_CARRY_CO_CI_SB_CARRY_CO$CARRY.CIN
Info:                          Defined in:
Info:                               ir_decoder.v:83.29-83.47
Info:                               C:\OSS-CA~1\OSS-CA~1\bin\../share/yosys/ice40/arith_map.v:62.5-70.4
Info:                               C:\OSS-CA~1\OSS-CA~1\bin\../share/yosys/ice40/abc9_model.v:4.9-4.11
Info:      logic  0.28  5.59 Source ir_in_SB_LUT4_I2_O_SB_LUT4_O_I1_SB_CARRY_CO_CI_SB_CARRY_CO_CI_SB_CARRY_CO_CI_SB_CARRY_CO_CI_SB_CARRY_CO_CI_SB_CARRY_CO_CI_SB_CARRY_CO_CI_SB_CARRY_CO_CI_SB_CARRY_CO_CI_SB_CARRY_CO$CARRY.COUT
Info:    routing  0.00  5.59 Net ir_in_SB_LUT4_I2_O_SB_LUT4_O_I1_SB_CARRY_CO_CI_SB_CARRY_CO_CI_SB_CARRY_CO_CI_SB_CARRY_CO_CI_SB_CARRY_CO_CI_SB_CARRY_CO_CI_SB_CARRY_CO_CI_SB_CARRY_CO_CI_SB_CARRY_CO_CI (12,14) -> (12,14)
Info:                          Sink ir_in_SB_LUT4_I2_O_SB_LUT4_O_I1_SB_CARRY_CO_CI_SB_CARRY_CO_CI_SB_CARRY_CO_CI_SB_CARRY_CO_CI_SB_CARRY_CO_CI_SB_CARRY_CO_CI_SB_CARRY_CO_CI_SB_CARRY_CO_CI_SB_CARRY_CO$CARRY.CIN
Info:                          Defined in:
Info:                               ir_decoder.v:83.29-83.47
Info:                               C:\OSS-CA~1\OSS-CA~1\bin\../share/yosys/ice40/arith_map.v:62.5-70.4
Info:                               C:\OSS-CA~1\OSS-CA~1\bin\../share/yosys/ice40/abc9_model.v:4.9-4.11
Info:      logic  0.28  5.86 Source ir_in_SB_LUT4_I2_O_SB_LUT4_O_I1_SB_CARRY_CO_CI_SB_CARRY_CO_CI_SB_CARRY_CO_CI_SB_CARRY_CO_CI_SB_CARRY_CO_CI_SB_CARRY_CO_CI_SB_CARRY_CO_CI_SB_CARRY_CO_CI_SB_CARRY_CO$CARRY.COUT
Info:    routing  0.00  5.86 Net ir_in_SB_LUT4_I2_O_SB_LUT4_O_I1_SB_CARRY_CO_CI_SB_CARRY_CO_CI_SB_CARRY_CO_CI_SB_CARRY_CO_CI_SB_CARRY_CO_CI_SB_CARRY_CO_CI_SB_CARRY_CO_CI_SB_CARRY_CO_CI (12,14) -> (12,14)
Info:                          Sink ir_in_SB_LUT4_I2_O_SB_LUT4_O_I1_SB_CARRY_CO_CI_SB_CARRY_CO_CI_SB_CARRY_CO_CI_SB_CARRY_CO_CI_SB_CARRY_CO_CI_SB_CARRY_CO_CI_SB_CARRY_CO_CI_SB_CARRY_CO$CARRY.CIN
Info:                          Defined in:
Info:                               ir_decoder.v:83.29-83.47
Info:                               C:\OSS-CA~1\OSS-CA~1\bin\../share/yosys/ice40/arith_map.v:62.5-70.4
Info:                               C:\OSS-CA~1\OSS-CA~1\bin\../share/yosys/ice40/abc9_model.v:4.9-4.11
Info:      logic  0.28  6.14 Source ir_in_SB_LUT4_I2_O_SB_LUT4_O_I1_SB_CARRY_CO_CI_SB_CARRY_CO_CI_SB_CARRY_CO_CI_SB_CARRY_CO_CI_SB_CARRY_CO_CI_SB_CARRY_CO_CI_SB_CARRY_CO_CI_SB_CARRY_CO$CARRY.COUT
Info:    routing  0.00  6.14 Net ir_in_SB_LUT4_I2_O_SB_LUT4_O_I1_SB_CARRY_CO_CI_SB_CARRY_CO_CI_SB_CARRY_CO_CI_SB_CARRY_CO_CI_SB_CARRY_CO_CI_SB_CARRY_CO_CI_SB_CARRY_CO_CI (12,14) -> (12,14)
Info:                          Sink ir_in_SB_LUT4_I2_O_SB_LUT4_O_I1_SB_CARRY_CO_CI_SB_CARRY_CO_CI_SB_CARRY_CO_CI_SB_CARRY_CO_CI_SB_CARRY_CO_CI_SB_CARRY_CO_CI_SB_CARRY_CO$CARRY.CIN
Info:                          Defined in:
Info:                               ir_decoder.v:83.29-83.47
Info:                               C:\OSS-CA~1\OSS-CA~1\bin\../share/yosys/ice40/arith_map.v:62.5-70.4
Info:                               C:\OSS-CA~1\OSS-CA~1\bin\../share/yosys/ice40/abc9_model.v:4.9-4.11
Info:      logic  0.28  6.42 Source ir_in_SB_LUT4_I2_O_SB_LUT4_O_I1_SB_CARRY_CO_CI_SB_CARRY_CO_CI_SB_CARRY_CO_CI_SB_CARRY_CO_CI_SB_CARRY_CO_CI_SB_CARRY_CO_CI_SB_CARRY_CO$CARRY.COUT
Info:    routing  0.56  6.98 Net ir_in_SB_LUT4_I2_O_SB_LUT4_O_I1_SB_CARRY_CO_CI_SB_CARRY_CO_CI_SB_CARRY_CO_CI_SB_CARRY_CO_CI_SB_CARRY_CO_CI_SB_CARRY_CO_CI (12,14) -> (12,15)
Info:                          Sink ir_in_SB_LUT4_I2_O_SB_LUT4_O_I1_SB_CARRY_CO_CI_SB_CARRY_CO_CI_SB_CARRY_CO_CI_SB_CARRY_CO_CI_SB_CARRY_CO_CI_SB_CARRY_CO$CARRY.CIN
Info:                          Defined in:
Info:                               ir_decoder.v:83.29-83.47
Info:                               C:\OSS-CA~1\OSS-CA~1\bin\../share/yosys/ice40/arith_map.v:62.5-70.4
Info:                               C:\OSS-CA~1\OSS-CA~1\bin\../share/yosys/ice40/abc9_model.v:4.9-4.11
Info:      logic  0.28  7.25 Source ir_in_SB_LUT4_I2_O_SB_LUT4_O_I1_SB_CARRY_CO_CI_SB_CARRY_CO_CI_SB_CARRY_CO_CI_SB_CARRY_CO_CI_SB_CARRY_CO_CI_SB_CARRY_CO$CARRY.COUT
Info:    routing  0.00  7.25 Net ir_in_SB_LUT4_I2_O_SB_LUT4_O_I1_SB_CARRY_CO_CI_SB_CARRY_CO_CI_SB_CARRY_CO_CI_SB_CARRY_CO_CI_SB_CARRY_CO_CI (12,15) -> (12,15)
Info:                          Sink ir_in_SB_LUT4_I2_O_SB_LUT4_O_I1_SB_CARRY_CO_CI_SB_CARRY_CO_CI_SB_CARRY_CO_CI_SB_CARRY_CO_CI_SB_CARRY_CO$CARRY.CIN
Info:                          Defined in:
Info:                               ir_decoder.v:83.29-83.47
Info:                               C:\OSS-CA~1\OSS-CA~1\bin\../share/yosys/ice40/arith_map.v:62.5-70.4
Info:                               C:\OSS-CA~1\OSS-CA~1\bin\../share/yosys/ice40/abc9_model.v:4.9-4.11
Info:      logic  0.28  7.53 Source ir_in_SB_LUT4_I2_O_SB_LUT4_O_I1_SB_CARRY_CO_CI_SB_CARRY_CO_CI_SB_CARRY_CO_CI_SB_CARRY_CO_CI_SB_CARRY_CO$CARRY.COUT
Info:    routing  0.00  7.53 Net ir_in_SB_LUT4_I2_O_SB_LUT4_O_I1_SB_CARRY_CO_CI_SB_CARRY_CO_CI_SB_CARRY_CO_CI_SB_CARRY_CO_CI (12,15) -> (12,15)
Info:                          Sink ir_in_SB_LUT4_I2_O_SB_LUT4_O_I1_SB_CARRY_CO_CI_SB_CARRY_CO_CI_SB_CARRY_CO_CI_SB_CARRY_CO$CARRY.CIN
Info:                          Defined in:
Info:                               ir_decoder.v:83.29-83.47
Info:                               C:\OSS-CA~1\OSS-CA~1\bin\../share/yosys/ice40/arith_map.v:62.5-70.4
Info:                               C:\OSS-CA~1\OSS-CA~1\bin\../share/yosys/ice40/abc9_model.v:4.9-4.11
Info:      logic  0.28  7.81 Source ir_in_SB_LUT4_I2_O_SB_LUT4_O_I1_SB_CARRY_CO_CI_SB_CARRY_CO_CI_SB_CARRY_CO_CI_SB_CARRY_CO$CARRY.COUT
Info:    routing  0.00  7.81 Net ir_in_SB_LUT4_I2_O_SB_LUT4_O_I1_SB_CARRY_CO_CI_SB_CARRY_CO_CI_SB_CARRY_CO_CI (12,15) -> (12,15)
Info:                          Sink ir_in_SB_LUT4_I2_O_SB_LUT4_O_I1_SB_CARRY_CO_CI_SB_CARRY_CO_CI_SB_CARRY_CO$CARRY.CIN
Info:                          Defined in:
Info:                               ir_decoder.v:83.29-83.47
Info:                               C:\OSS-CA~1\OSS-CA~1\bin\../share/yosys/ice40/arith_map.v:62.5-70.4
Info:                               C:\OSS-CA~1\OSS-CA~1\bin\../share/yosys/ice40/abc9_model.v:4.9-4.11
Info:      logic  0.28  8.09 Source ir_in_SB_LUT4_I2_O_SB_LUT4_O_I1_SB_CARRY_CO_CI_SB_CARRY_CO_CI_SB_CARRY_CO$CARRY.COUT
Info:    routing  0.00  8.09 Net ir_in_SB_LUT4_I2_O_SB_LUT4_O_I1_SB_CARRY_CO_CI_SB_CARRY_CO_CI (12,15) -> (12,15)
Info:                          Sink ir_in_SB_LUT4_I2_O_SB_LUT4_O_I1_SB_CARRY_CO_CI_SB_CARRY_CO$CARRY.CIN
Info:                          Defined in:
Info:                               ir_decoder.v:83.29-83.47
Info:                               C:\OSS-CA~1\OSS-CA~1\bin\../share/yosys/ice40/arith_map.v:62.5-70.4
Info:                               C:\OSS-CA~1\OSS-CA~1\bin\../share/yosys/ice40/abc9_model.v:4.9-4.11
Info:      logic  0.28  8.37 Source ir_in_SB_LUT4_I2_O_SB_LUT4_O_I1_SB_CARRY_CO_CI_SB_CARRY_CO$CARRY.COUT
Info:    routing  0.00  8.37 Net ir_in_SB_LUT4_I2_O_SB_LUT4_O_I1_SB_CARRY_CO_CI (12,15) -> (12,15)
Info:                          Sink ir_in_SB_LUT4_I2_O_SB_LUT4_O_I1_SB_CARRY_CO$CARRY.CIN
Info:                          Defined in:
Info:                               ir_decoder.v:83.29-83.47
Info:                               C:\OSS-CA~1\OSS-CA~1\bin\../share/yosys/ice40/arith_map.v:62.5-70.4
Info:                               C:\OSS-CA~1\OSS-CA~1\bin\../share/yosys/ice40/abc9_model.v:4.9-4.11
Info:      logic  0.28  8.64 Source ir_in_SB_LUT4_I2_O_SB_LUT4_O_I1_SB_CARRY_CO$CARRY.COUT
Info:    routing  0.66  9.31 Net $nextpnr_ICESTORM_LC_6$I3 (12,15) -> (12,15)
Info:                          Sink $nextpnr_ICESTORM_LC_6.I3
Info:      logic  0.87  10.18 Source $nextpnr_ICESTORM_LC_6.O
Info:    routing  3.06  13.24 Net ir_in_SB_LUT4_I2_O_SB_LUT4_O_I1 (12,15) -> (11,11)
Info:                          Sink ir_in_SB_LUT4_I2_O_SB_LUT4_O_LC.I1
Info:                          Defined in:
Info:                               C:\OSS-CA~1\OSS-CA~1\bin\../share/yosys/ice40/cells_map.v:6.21-6.22
Info:      logic  1.23  14.47 Source ir_in_SB_LUT4_I2_O_SB_LUT4_O_LC.O
Info:    routing  1.76  16.23 Net error_SB_DFFR_Q_D_SB_LUT4_O_I3[2] (11,11) -> (12,12)
Info:                          Sink error_SB_DFFR_Q_D_SB_LUT4_I3_O_SB_DFFR_D_Q_SB_LUT4_O_LC.I3
Info:                          Defined in:
Info:                               C:\OSS-CA~1\OSS-CA~1\bin\../share/yosys/ice40/cells_map.v:6.21-6.22
Info:      logic  0.87  17.10 Source error_SB_DFFR_Q_D_SB_LUT4_I3_O_SB_DFFR_D_Q_SB_LUT4_O_LC.O
Info:    routing  1.76  18.86 Net error_SB_DFFR_Q_D_SB_LUT4_I3_O_SB_DFFR_D_Q[1] (12,12) -> (12,12)
Info:                          Sink error_SB_DFFR_Q_D_SB_LUT4_O_I3_SB_LUT4_O_I3_SB_LUT4_I3_O_SB_LUT4_O_1_LC.I3
Info:                          Defined in:
Info:                               C:\OSS-CA~1\OSS-CA~1\bin\../share/yosys/ice40/cells_map.v:6.21-6.22
Info:      logic  0.87  19.74 Source error_SB_DFFR_Q_D_SB_LUT4_O_I3_SB_LUT4_O_I3_SB_LUT4_I3_O_SB_LUT4_O_1_LC.O
Info:    routing  1.76  21.50 Net error_SB_DFFR_Q_D_SB_LUT4_O_I3_SB_LUT4_O_I3_SB_LUT4_I3_O[3] (12,12) -> (13,12)
Info:                          Sink state_SB_DFFR_Q_D_SB_LUT4_O_I3_SB_LUT4_O_I3_SB_LUT4_O_I3_SB_DFFER_Q_E_SB_LUT4_O_LC.I3
Info:                          Defined in:
Info:                               C:\OSS-CA~1\OSS-CA~1\bin\../share/yosys/ice40/cells_map.v:6.21-6.22
Info:      logic  0.87  22.37 Source state_SB_DFFR_Q_D_SB_LUT4_O_I3_SB_LUT4_O_I3_SB_LUT4_O_I3_SB_DFFER_Q_E_SB_LUT4_O_LC.O
Info:    routing  3.64  26.01 Net state_SB_DFFR_Q_D_SB_LUT4_O_I3_SB_LUT4_O_I3_SB_LUT4_O_I3_SB_DFFER_Q_E (13,12) -> (14,11)
Info:                          Sink state_SB_DFFR_Q_D_SB_LUT4_O_I3_SB_LUT4_O_I3_SB_LUT4_O_I0_SB_LUT4_I2_LC.CEN
Info:                          Defined in:
Info:                               ir_decoder.v:43.5-121.8
Info:                               C:\OSS-CA~1\OSS-CA~1\bin\../share/yosys/ice40/ff_map.v:14.63-14.116
Info:                               C:\OSS-CA~1\OSS-CA~1\bin\../share/yosys/ice40/cells_sim.v:656.8-656.9
Info:      setup  0.10  26.11 Source state_SB_DFFR_Q_D_SB_LUT4_O_I3_SB_LUT4_O_I3_SB_LUT4_O_I0_SB_LUT4_I2_LC.CEN
Info: 10.51 ns logic, 15.61 ns routing

Info: Critical path report for cross-domain path '<async>' -> 'posedge clk$SB_IO_IN_$glb_clk':
Info:       type curr  total name
Info:     source  0.00  0.00 Source ir_in$sb_io.D_IN_0
Info:    routing  5.44  5.44 Net ir_in$SB_IO_IN (8,0) -> (13,13)
Info:                          Sink ir_in_SB_LUT4_I2_LC.I2
Info:                          Defined in:
Info:                               ir_decoder.v:8.19-8.24
Info:      logic  1.21  6.64 Source ir_in_SB_LUT4_I2_LC.O
Info:    routing  1.76  8.40 Net error_SB_DFFR_Q_D_SB_LUT4_I3_I1[2] (13,13) -> (12,12)
Info:                          Sink error_SB_DFFR_Q_D_SB_LUT4_I3_O_SB_DFFR_D_Q_SB_LUT4_O_LC.I2
Info:                          Defined in:
Info:                               C:\OSS-CA~1\OSS-CA~1\bin\../share/yosys/ice40/cells_map.v:6.21-6.22
Info:      logic  1.21  9.61 Source error_SB_DFFR_Q_D_SB_LUT4_I3_O_SB_DFFR_D_Q_SB_LUT4_O_LC.O
Info:    routing  1.76  11.37 Net error_SB_DFFR_Q_D_SB_LUT4_I3_O_SB_DFFR_D_Q[1] (12,12) -> (12,12)
Info:                          Sink error_SB_DFFR_Q_D_SB_LUT4_O_I3_SB_LUT4_O_I3_SB_LUT4_I3_O_SB_LUT4_O_1_LC.I3
Info:                          Defined in:
Info:                               C:\OSS-CA~1\OSS-CA~1\bin\../share/yosys/ice40/cells_map.v:6.21-6.22
Info:      logic  0.87  12.24 Source error_SB_DFFR_Q_D_SB_LUT4_O_I3_SB_LUT4_O_I3_SB_LUT4_I3_O_SB_LUT4_O_1_LC.O
Info:    routing  1.76  14.01 Net error_SB_DFFR_Q_D_SB_LUT4_O_I3_SB_LUT4_O_I3_SB_LUT4_I3_O[3] (12,12) -> (13,12)
Info:                          Sink state_SB_DFFR_Q_D_SB_LUT4_O_I3_SB_LUT4_O_I3_SB_LUT4_O_I3_SB_DFFER_Q_E_SB_LUT4_O_LC.I3
Info:                          Defined in:
Info:                               C:\OSS-CA~1\OSS-CA~1\bin\../share/yosys/ice40/cells_map.v:6.21-6.22
Info:      logic  0.87  14.88 Source state_SB_DFFR_Q_D_SB_LUT4_O_I3_SB_LUT4_O_I3_SB_LUT4_O_I3_SB_DFFER_Q_E_SB_LUT4_O_LC.O
Info:    routing  3.64  18.52 Net state_SB_DFFR_Q_D_SB_LUT4_O_I3_SB_LUT4_O_I3_SB_LUT4_O_I3_SB_DFFER_Q_E (13,12) -> (14,11)
Info:                          Sink state_SB_DFFR_Q_D_SB_LUT4_O_I3_SB_LUT4_O_I3_SB_LUT4_O_I0_SB_LUT4_I2_LC.CEN
Info:                          Defined in:
Info:                               ir_decoder.v:43.5-121.8
Info:                               C:\OSS-CA~1\OSS-CA~1\bin\../share/yosys/ice40/ff_map.v:14.63-14.116
Info:                               C:\OSS-CA~1\OSS-CA~1\bin\../share/yosys/ice40/cells_sim.v:656.8-656.9
Info:      setup  0.10  18.62 Source state_SB_DFFR_Q_D_SB_LUT4_O_I3_SB_LUT4_O_I3_SB_LUT4_O_I0_SB_LUT4_I2_LC.CEN
Info: 4.26 ns logic, 14.36 ns routing

Info: Critical path report for cross-domain path 'posedge clk$SB_IO_IN_$glb_clk' -> '<async>':
Info:       type curr  total name
Info:   clk-to-q  1.39  1.39 Source address_SB_DFFER_Q_4_DFFLC.O
Info:    routing  6.84  8.23 Net addr_r[4] (10,3) -> (9,31)
Info:                          Sink address[4]$sb_io.D_OUT_0
Info:                          Defined in:
Info:                               ir_decoder.v:9.19-9.26
Info: 1.39 ns logic, 6.84 ns routing

Info: Max frequency for clock 'clk$SB_IO_IN_$glb_clk': 38.30 MHz (PASS at 12.00 MHz)

Info: Max delay <async>                       -> posedge clk$SB_IO_IN_$glb_clk: 18.62 ns
Info: Max delay posedge clk$SB_IO_IN_$glb_clk -> <async>                      : 8.23 ns

Info: Slack histogram:
Info:  legend: * represents 1 endpoint(s)
Info:          + represents [1,1) endpoint(s)
Info: [ 57221,  58328) |********************** 
Info: [ 58328,  59435) |* 
Info: [ 59435,  60542) |* 
Info: [ 60542,  61649) |* 
Info: [ 61649,  62756) | 
Info: [ 62756,  63863) |** 
Info: [ 63863,  64970) | 
Info: [ 64970,  66077) | 
Info: [ 66077,  67184) | 
Info: [ 67184,  68291) | 
Info: [ 68291,  69398) |* 
Info: [ 69398,  70505) |*************************** 
Info: [ 70505,  71612) |************************************* 
Info: [ 71612,  72719) |*** 
Info: [ 72719,  73826) |*********** 
Info: [ 73826,  74933) |****** 
Info: [ 74933,  76040) |******************** 
Info: [ 76040,  77147) |******** 
Info: [ 77147,  78254) |************************* 
Info: [ 78254,  79361) |********************************************************** 
18 warnings, 0 errors

Info: Program finished normally.
