
 /----------------------------------------------------------------------------\
 |  yosys -- Yosys Open SYnthesis Suite                                       |
 |  Copyright (C) 2012 - 2026  Claire Xenia Wolf <claire@yosyshq.com>         |
 |  Distributed under an ISC-like license, type "license" to see terms        |
 \----------------------------------------------------------------------------/
 Yosys 0.64+68 (git sha1 413169663-dirty, x86_64-w64-mingw32-g++ 13.2.1 -O3)

-- Executing script file `build.ys' --

1. Executing Verilog-2005 frontend: ir_decoder.v
Parsing Verilog input from `ir_decoder.v' to AST representation.
Generating RTLIL representation for module `\ir_decoder'.
Successfully finished Verilog frontend.

2. Executing HIERARCHY pass (managing design hierarchy).

2.1. Analyzing design hierarchy..
Top module:  \ir_decoder

2.2. Analyzing design hierarchy..
Top module:  \ir_decoder
Removed 0 unused modules.

3. Executing SYNTH_ICE40 pass.

3.1. Executing Verilog-2005 frontend: C:\OSS-CA~1\OSS-CA~1\bin\../share/yosys/ice40/cells_sim.v
Parsing Verilog input from `C:\OSS-CA~1\OSS-CA~1\bin\../share/yosys/ice40/cells_sim.v' to AST representation.
Generating RTLIL representation for module `\SB_IO'.
Generating RTLIL representation for module `\SB_GB_IO'.
Generating RTLIL representation for module `\SB_GB'.
Generating RTLIL representation for module `\SB_LUT4'.
Generating RTLIL representation for module `\SB_CARRY'.
Generating RTLIL representation for module `\SB_DFF'.
Generating RTLIL representation for module `\SB_DFFE'.
Generating RTLIL representation for module `\SB_DFFSR'.
Generating RTLIL representation for module `\SB_DFFR'.
Generating RTLIL representation for module `\SB_DFFSS'.
Generating RTLIL representation for module `\SB_DFFS'.
Generating RTLIL representation for module `\SB_DFFESR'.
Generating RTLIL representation for module `\SB_DFFER'.
Generating RTLIL representation for module `\SB_DFFESS'.
Generating RTLIL representation for module `\SB_DFFES'.
Generating RTLIL representation for module `\SB_DFFN'.
Generating RTLIL representation for module `\SB_DFFNE'.
Generating RTLIL representation for module `\SB_DFFNSR'.
Generating RTLIL representation for module `\SB_DFFNR'.
Generating RTLIL representation for module `\SB_DFFNSS'.
Generating RTLIL representation for module `\SB_DFFNS'.
Generating RTLIL representation for module `\SB_DFFNESR'.
Generating RTLIL representation for module `\SB_DFFNER'.
Generating RTLIL representation for module `\SB_DFFNESS'.
Generating RTLIL representation for module `\SB_DFFNES'.
Generating RTLIL representation for module `\SB_RAM40_4K'.
Generating RTLIL representation for module `\SB_RAM40_4KNR'.
Generating RTLIL representation for module `\SB_RAM40_4KNW'.
Generating RTLIL representation for module `\SB_RAM40_4KNRNW'.
Generating RTLIL representation for module `\ICESTORM_LC'.
Generating RTLIL representation for module `\SB_PLL40_CORE'.
Generating RTLIL representation for module `\SB_PLL40_PAD'.
Generating RTLIL representation for module `\SB_PLL40_2_PAD'.
Generating RTLIL representation for module `\SB_PLL40_2F_CORE'.
Generating RTLIL representation for module `\SB_PLL40_2F_PAD'.
Generating RTLIL representation for module `\SB_WARMBOOT'.
Generating RTLIL representation for module `\SB_SPRAM256KA'.
Generating RTLIL representation for module `\SB_HFOSC'.
Generating RTLIL representation for module `\SB_LFOSC'.
Generating RTLIL representation for module `\SB_RGBA_DRV'.
Generating RTLIL representation for module `\SB_LED_DRV_CUR'.
Generating RTLIL representation for module `\SB_RGB_DRV'.
Generating RTLIL representation for module `\SB_I2C'.
Generating RTLIL representation for module `\SB_SPI'.
Generating RTLIL representation for module `\SB_LEDDA_IP'.
Generating RTLIL representation for module `\SB_FILTER_50NS'.
Generating RTLIL representation for module `\SB_IO_I3C'.
Generating RTLIL representation for module `\SB_IO_OD'.
Generating RTLIL representation for module `\SB_MAC16'.
Generating RTLIL representation for module `\ICESTORM_RAM'.
Successfully finished Verilog frontend.

3.2. Executing HIERARCHY pass (managing design hierarchy).
Attribute `top' found on module `ir_decoder'. Setting top module to ir_decoder.

3.2.1. Analyzing design hierarchy..
Top module:  \ir_decoder

3.2.2. Analyzing design hierarchy..
Top module:  \ir_decoder
Removed 0 unused modules.

3.3. Executing PROC pass (convert processes to netlists).

3.3.1. Executing PROC_CLEAN pass (remove empty switches from decision trees).
Cleaned up 0 empty switches.

3.3.2. Executing PROC_RMDEAD pass (remove dead branches from decision trees).
Marked 4 switch rules as full_case in process $proc$ir_decoder.v:43$1 in module ir_decoder.
Removed a total of 0 dead cases.

3.3.3. Executing PROC_PRUNE pass (remove redundant assignments in processes).
Removed 3 redundant assignments.
Promoted 0 assignments to connections.

3.3.4. Executing PROC_INIT pass (extract init attributes).

3.3.5. Executing PROC_ARST pass (detect async resets in processes).
Found async reset \rst_n in `\ir_decoder.$proc$ir_decoder.v:43$1'.

3.3.6. Executing PROC_ROM pass (convert switches to ROMs).
Converted 0 switches.
<suppressed ~9 debug messages>

3.3.7. Executing PROC_MUX pass (convert decision trees to multiplexers).
Creating decoders for process `\ir_decoder.$proc$ir_decoder.v:43$1'.
     1/9: $0\error_r[0:0]
     2/9: $0\valid_r[0:0]
     3/9: $0\ir_prev[0:0]
     4/9: $0\cmd_r[7:0]
     5/9: $0\addr_r[7:0]
     6/9: $0\bit_cnt[5:0]
     7/9: $0\shift_reg[31:0]
     8/9: $0\timer[19:0]
     9/9: $0\state[2:0]

3.3.8. Executing PROC_DLATCH pass (convert process syncs to latches).

3.3.9. Executing PROC_DFF pass (convert process syncs to FFs).
Creating register for signal `\ir_decoder.\state' using process `\ir_decoder.$proc$ir_decoder.v:43$1'.
  created $adff cell `$procdff$498' with positive edge clock and positive level reset.
Creating register for signal `\ir_decoder.\timer' using process `\ir_decoder.$proc$ir_decoder.v:43$1'.
  created $adff cell `$procdff$503' with positive edge clock and positive level reset.
Creating register for signal `\ir_decoder.\shift_reg' using process `\ir_decoder.$proc$ir_decoder.v:43$1'.
  created $adff cell `$procdff$508' with positive edge clock and positive level reset.
Creating register for signal `\ir_decoder.\bit_cnt' using process `\ir_decoder.$proc$ir_decoder.v:43$1'.
  created $adff cell `$procdff$513' with positive edge clock and positive level reset.
Creating register for signal `\ir_decoder.\ir_prev' using process `\ir_decoder.$proc$ir_decoder.v:43$1'.
  created $adff cell `$procdff$518' with positive edge clock and positive level reset.
Creating register for signal `\ir_decoder.\addr_r' using process `\ir_decoder.$proc$ir_decoder.v:43$1'.
  created $adff cell `$procdff$523' with positive edge clock and positive level reset.
Creating register for signal `\ir_decoder.\cmd_r' using process `\ir_decoder.$proc$ir_decoder.v:43$1'.
  created $adff cell `$procdff$528' with positive edge clock and positive level reset.
Creating register for signal `\ir_decoder.\valid_r' using process `\ir_decoder.$proc$ir_decoder.v:43$1'.
  created $adff cell `$procdff$533' with positive edge clock and positive level reset.
Creating register for signal `\ir_decoder.\error_r' using process `\ir_decoder.$proc$ir_decoder.v:43$1'.
  created $adff cell `$procdff$538' with positive edge clock and positive level reset.

3.3.10. Executing PROC_MEMWR pass (convert process memory writes to cells).

3.3.11. Executing PROC_CLEAN pass (remove empty switches from decision trees).
Found and cleaned up 9 empty switches in `\ir_decoder.$proc$ir_decoder.v:43$1'.
Removing empty process `ir_decoder.$proc$ir_decoder.v:43$1'.
Cleaned up 9 empty switches.

3.3.12. Executing OPT_EXPR pass (perform const folding).
Optimizing module ir_decoder.
<suppressed ~20 debug messages>

3.4. Executing FLATTEN pass (flatten design).

3.5. Executing TRIBUF pass.

3.6. Executing DEMINOUT pass (demote inout ports to input or output).

3.7. Executing OPT_EXPR pass (perform const folding).
Optimizing module ir_decoder.

3.8. Executing OPT_CLEAN pass (remove unused cells and wires).
Finding unused cells or wires in module \ir_decoder..
Removed 10 unused cells and 51 unused wires.
<suppressed ~11 debug messages>

3.9. Executing CHECK pass (checking for obvious problems).
Checking module ir_decoder...
Found and reported 0 problems.

3.10. Executing OPT pass (performing simple optimizations).

3.10.1. Executing OPT_EXPR pass (perform const folding).
Optimizing module ir_decoder.

3.10.2. Executing OPT_MERGE pass (detect identical cells).
Finding identical cells in module `\ir_decoder'.
Computing hashes of 83 cells of `\ir_decoder'.
Finding duplicate cells in `\ir_decoder'.
Computing hashes of 64 cells of `\ir_decoder'.
Finding duplicate cells in `\ir_decoder'.
Computing hashes of 61 cells of `\ir_decoder'.
Finding duplicate cells in `\ir_decoder'.
<suppressed ~66 debug messages>
Removed a total of 22 cells.

3.10.3. Executing OPT_MUXTREE pass (detect dead branches in mux trees).
Running muxtree optimizer on module \ir_decoder..
  Creating internal representation of mux trees.
  Evaluating internal representation of mux trees.
  Analyzing evaluation results.
Removed 0 multiplexer ports.
<suppressed ~40 debug messages>

3.10.4. Executing OPT_REDUCE pass (consolidate $*mux and $reduce_* inputs).
  Optimizing cells in module \ir_decoder.
Performed a total of 0 changes.

3.10.5. Executing OPT_MERGE pass (detect identical cells).
Finding identical cells in module `\ir_decoder'.
Computing hashes of 61 cells of `\ir_decoder'.
Finding duplicate cells in `\ir_decoder'.
Removed a total of 0 cells.

3.10.6. Executing OPT_DFF pass (perform DFF optimizations).

3.10.7. Executing OPT_CLEAN pass (remove unused cells and wires).
Finding unused cells or wires in module \ir_decoder..
Removed 0 unused cells and 22 unused wires.
<suppressed ~1 debug messages>

3.10.8. Executing OPT_EXPR pass (perform const folding).
Optimizing module ir_decoder.

3.10.9. Rerunning OPT passes. (Maybe there is more to do..)

3.10.10. Executing OPT_MUXTREE pass (detect dead branches in mux trees).
Running muxtree optimizer on module \ir_decoder..
  Creating internal representation of mux trees.
  Evaluating internal representation of mux trees.
  Analyzing evaluation results.
Removed 0 multiplexer ports.
<suppressed ~40 debug messages>

3.10.11. Executing OPT_REDUCE pass (consolidate $*mux and $reduce_* inputs).
  Optimizing cells in module \ir_decoder.
Performed a total of 0 changes.

3.10.12. Executing OPT_MERGE pass (detect identical cells).
Finding identical cells in module `\ir_decoder'.
Computing hashes of 61 cells of `\ir_decoder'.
Finding duplicate cells in `\ir_decoder'.
Removed a total of 0 cells.

3.10.13. Executing OPT_DFF pass (perform DFF optimizations).

3.10.14. Executing OPT_CLEAN pass (remove unused cells and wires).
Finding unused cells or wires in module \ir_decoder..

3.10.15. Executing OPT_EXPR pass (perform const folding).
Optimizing module ir_decoder.

3.10.16. Finished fast OPT passes. (There is nothing left to do.)

3.11. Executing FSM pass (extract and optimize FSM).

3.11.1. Executing FSM_DETECT pass (finding FSMs in design).
Found FSM state register ir_decoder.state.

3.11.2. Executing FSM_EXTRACT pass (extracting FSM from design).
Extracting FSM `\state' from module `\ir_decoder'.
  found $adff cell for state register: $procdff$498
  root of input selection tree: $0\state[2:0]
  found reset state: 3'000 (from async reset)
  found ctrl input: $procmux$424_CMP
  found ctrl input: $procmux$433_CMP
  found ctrl input: $procmux$452_CMP
  found ctrl input: $procmux$416_CMP
  found ctrl input: $procmux$422_CMP
  found ctrl input: $procmux$467_CMP
  found ctrl input: $logic_and$ir_decoder.v:102$22_Y
  found ctrl input: $eq$ir_decoder.v:107$26_Y
  found state code: 3'011
  found state code: 3'101
  found ctrl input: $logic_and$ir_decoder.v:69$7_Y
  found state code: 3'100
  found ctrl input: $logic_and$ir_decoder.v:83$16_Y
  found ctrl input: $logic_and$ir_decoder.v:71$10_Y
  found state code: 3'010
  found state code: 3'001
  found ctrl output: $procmux$424_CMP
  found ctrl output: $procmux$433_CMP
  found ctrl output: $procmux$452_CMP
  found ctrl output: $procmux$416_CMP
  found ctrl output: $procmux$422_CMP
  found ctrl output: $procmux$467_CMP
  ctrl inputs: { $eq$ir_decoder.v:107$26_Y $logic_and$ir_decoder.v:102$22_Y $logic_and$ir_decoder.v:83$16_Y $logic_and$ir_decoder.v:71$10_Y $logic_and$ir_decoder.v:69$7_Y }
  ctrl outputs: { $procmux$467_CMP $procmux$452_CMP $procmux$433_CMP $procmux$424_CMP $procmux$422_CMP $procmux$416_CMP $0\state[2:0] }
  transition:      3'000 5'-0--- ->      3'000 9'100000000
  transition:      3'000 5'-1--- ->      3'001 9'100000001
  transition:      3'100 5'-0--- ->      3'100 9'001000100
  transition:      3'100 5'01--- ->      3'011 9'001000011
  transition:      3'100 5'11--- ->      3'101 9'001000101
  transition:      3'010 5'-0--- ->      3'010 9'000001010
  transition:      3'010 5'-10-- ->      3'000 9'000001000
  transition:      3'010 5'-11-- ->      3'011 9'000001011
  transition:      3'001 5'----0 ->      3'001 9'000010001
  transition:      3'001 5'---01 ->      3'000 9'000010000
  transition:      3'001 5'---11 ->      3'010 9'000010010
  transition:      3'101 5'----- ->      3'000 9'000100000
  transition:      3'011 5'----0 ->      3'011 9'010000011
  transition:      3'011 5'----1 ->      3'100 9'010000100

3.11.3. Executing FSM_OPT pass (simple optimizations of FSMs).
Optimizing FSM `$fsm$\state$539' from module `\ir_decoder'.

3.11.4. Executing OPT_CLEAN pass (remove unused cells and wires).
Finding unused cells or wires in module \ir_decoder..
Removed 16 unused cells and 16 unused wires.
<suppressed ~17 debug messages>

3.11.5. Executing FSM_OPT pass (simple optimizations of FSMs).
Optimizing FSM `$fsm$\state$539' from module `\ir_decoder'.
  Removing unused output signal $0\state[2:0] [0].
  Removing unused output signal $0\state[2:0] [1].
  Removing unused output signal $0\state[2:0] [2].

3.11.6. Executing FSM_RECODE pass (re-assigning FSM state encoding).
Recoding FSM `$fsm$\state$539' from module `\ir_decoder' using `auto' encoding:
  mapping auto encoding to `one-hot` for this FSM.
  000 -> -----1
  100 -> ----1-
  010 -> ---1--
  001 -> --1---
  101 -> -1----
  011 -> 1-----

3.11.7. Executing FSM_INFO pass (dumping all available information on FSM cells).

FSM `$fsm$\state$539' from module `ir_decoder':
-------------------------------------

  Information on FSM $fsm$\state$539 (\state):

  Number of input signals:    5
  Number of output signals:   6
  Number of state bits:       6

  Input signals:
    0: $logic_and$ir_decoder.v:69$7_Y
    1: $logic_and$ir_decoder.v:71$10_Y
    2: $logic_and$ir_decoder.v:83$16_Y
    3: $logic_and$ir_decoder.v:102$22_Y
    4: $eq$ir_decoder.v:107$26_Y

  Output signals:
    0: $procmux$416_CMP
    1: $procmux$422_CMP
    2: $procmux$424_CMP
    3: $procmux$433_CMP
    4: $procmux$452_CMP
    5: $procmux$467_CMP

  State encoding:
    0:   6'-----1  <RESET STATE>
    1:   6'----1-
    2:   6'---1--
    3:   6'--1---
    4:   6'-1----
    5:   6'1-----

  Transition Table (state_in, ctrl_in, state_out, ctrl_out):
      0:     0 5'-0---   ->     0 6'100000
      1:     0 5'-1---   ->     3 6'100000
      2:     1 5'-0---   ->     1 6'001000
      3:     1 5'11---   ->     4 6'001000
      4:     1 5'01---   ->     5 6'001000
      5:     2 5'-10--   ->     0 6'000001
      6:     2 5'-0---   ->     2 6'000001
      7:     2 5'-11--   ->     5 6'000001
      8:     3 5'---01   ->     0 6'000010
      9:     3 5'---11   ->     2 6'000010
     10:     3 5'----0   ->     3 6'000010
     11:     4 5'-----   ->     0 6'000100
     12:     5 5'----1   ->     1 6'010000
     13:     5 5'----0   ->     5 6'010000

-------------------------------------

3.11.8. Executing FSM_MAP pass (mapping FSMs to basic logic).
Mapping FSM `$fsm$\state$539' from module `\ir_decoder'.

3.12. Executing OPT pass (performing simple optimizations).

3.12.1. Executing OPT_EXPR pass (perform const folding).
Optimizing module ir_decoder.
<suppressed ~7 debug messages>

3.12.2. Executing OPT_MERGE pass (detect identical cells).
Finding identical cells in module `\ir_decoder'.
Computing hashes of 75 cells of `\ir_decoder'.
Finding duplicate cells in `\ir_decoder'.
Computing hashes of 72 cells of `\ir_decoder'.
Finding duplicate cells in `\ir_decoder'.
<suppressed ~9 debug messages>
Removed a total of 3 cells.

3.12.3. Executing OPT_MUXTREE pass (detect dead branches in mux trees).
Running muxtree optimizer on module \ir_decoder..
  Creating internal representation of mux trees.
  Evaluating internal representation of mux trees.
  Analyzing evaluation results.
Removed 0 multiplexer ports.
<suppressed ~30 debug messages>

3.12.4. Executing OPT_REDUCE pass (consolidate $*mux and $reduce_* inputs).
  Optimizing cells in module \ir_decoder.
Performed a total of 0 changes.

3.12.5. Executing OPT_MERGE pass (detect identical cells).
Finding identical cells in module `\ir_decoder'.
Computing hashes of 72 cells of `\ir_decoder'.
Finding duplicate cells in `\ir_decoder'.
Removed a total of 0 cells.

3.12.6. Executing OPT_DFF pass (perform DFF optimizations).
Adding EN signal on $procdff$508 ($adff) from module ir_decoder (D = { \shift_reg [30:0] $ternary$ir_decoder.v:104$24_Y }, Q = \shift_reg).
Adding EN signal on $procdff$513 ($adff) from module ir_decoder (D = $0\bit_cnt[5:0], Q = \bit_cnt).
Adding EN signal on $procdff$528 ($adff) from module ir_decoder (D = \shift_reg [15:8], Q = \cmd_r).
Adding EN signal on $procdff$503 ($adff) from module ir_decoder (D = $0\timer[19:0], Q = \timer).
Adding EN signal on $procdff$523 ($adff) from module ir_decoder (D = \shift_reg [31:24], Q = \addr_r).

3.12.7. Executing OPT_CLEAN pass (remove unused cells and wires).
Finding unused cells or wires in module \ir_decoder..
Removed 4 unused cells and 18 unused wires.
<suppressed ~5 debug messages>

3.12.8. Executing OPT_EXPR pass (perform const folding).
Optimizing module ir_decoder.
<suppressed ~2 debug messages>

3.12.9. Rerunning OPT passes. (Maybe there is more to do..)

3.12.10. Executing OPT_MUXTREE pass (detect dead branches in mux trees).
Running muxtree optimizer on module \ir_decoder..
  Creating internal representation of mux trees.
  Evaluating internal representation of mux trees.
  Analyzing evaluation results.
Removed 0 multiplexer ports.
<suppressed ~24 debug messages>

3.12.11. Executing OPT_REDUCE pass (consolidate $*mux and $reduce_* inputs).
  Optimizing cells in module \ir_decoder.
Performed a total of 0 changes.

3.12.12. Executing OPT_MERGE pass (detect identical cells).
Finding identical cells in module `\ir_decoder'.
Computing hashes of 77 cells of `\ir_decoder'.
Finding duplicate cells in `\ir_decoder'.
Removed a total of 0 cells.

3.12.13. Executing OPT_DFF pass (perform DFF optimizations).

3.12.14. Executing OPT_CLEAN pass (remove unused cells and wires).
Finding unused cells or wires in module \ir_decoder..

3.12.15. Executing OPT_EXPR pass (perform const folding).
Optimizing module ir_decoder.

3.12.16. Finished fast OPT passes. (There is nothing left to do.)

3.13. Executing WREDUCE pass (reducing word size of cells).
Removed top 1 bits (of 2) from port B of cell ir_decoder.$auto$opt_dff.cc:235:make_patterns_logic$627 ($ne).
Removed top 1 bits (of 2) from port B of cell ir_decoder.$auto$opt_dff.cc:235:make_patterns_logic$619 ($ne).
Removed top 1 bits (of 2) from port B of cell ir_decoder.$auto$opt_dff.cc:235:make_patterns_logic$617 ($ne).
Removed top 1 bits (of 2) from port B of cell ir_decoder.$auto$opt_dff.cc:235:make_patterns_logic$615 ($ne).
Removed top 1 bits (of 2) from port B of cell ir_decoder.$auto$fsm_map.cc:77:implement_pattern_cache$604 ($eq).
Removed top 1 bits (of 2) from port B of cell ir_decoder.$auto$fsm_map.cc:77:implement_pattern_cache$552 ($eq).
Removed top 3 bits (of 20) from port B of cell ir_decoder.$ge$ir_decoder.v:71$8 ($ge).
Removed top 3 bits (of 20) from port B of cell ir_decoder.$le$ir_decoder.v:71$9 ($le).
Removed top 4 bits (of 20) from port B of cell ir_decoder.$ge$ir_decoder.v:83$14 ($ge).
Removed top 3 bits (of 20) from port B of cell ir_decoder.$le$ir_decoder.v:83$15 ($le).
Removed top 6 bits (of 20) from port B of cell ir_decoder.$gt$ir_decoder.v:104$23 ($gt).
Removed top 1 bits (of 6) from port B of cell ir_decoder.$eq$ir_decoder.v:107$26 ($eq).

3.14. Executing PEEPOPT pass (run peephole optimizers).

3.15. Executing OPT_CLEAN pass (remove unused cells and wires).
Finding unused cells or wires in module \ir_decoder..

3.16. Executing SHARE pass (SAT-based resource sharing).

3.17. Executing TECHMAP pass (map to technology primitives).

3.17.1. Executing Verilog-2005 frontend: C:\OSS-CA~1\OSS-CA~1\bin\../share/yosys/cmp2lut.v
Parsing Verilog input from `C:\OSS-CA~1\OSS-CA~1\bin\../share/yosys/cmp2lut.v' to AST representation.
Generating RTLIL representation for module `\_90_lut_cmp_'.
Successfully finished Verilog frontend.

3.17.2. Continuing TECHMAP pass.
No more expansions possible.
<suppressed ~140 debug messages>

3.18. Executing OPT_EXPR pass (perform const folding).
Optimizing module ir_decoder.

3.19. Executing OPT_CLEAN pass (remove unused cells and wires).
Finding unused cells or wires in module \ir_decoder..

3.20. Executing ALUMACC pass (create $alu and $macc cells).
Extracting $alu and $macc cells in module ir_decoder:
  creating $macc model for $add$ir_decoder.v:105$25 ($add).
  creating $macc model for $add$ir_decoder.v:101$20 ($add).
  creating $alu model for $macc $add$ir_decoder.v:101$20.
  creating $alu model for $macc $add$ir_decoder.v:105$25.
  creating $alu model for $gt$ir_decoder.v:104$23 ($gt): new $alu
  creating $alu model for $le$ir_decoder.v:83$15 ($le): new $alu
  creating $alu model for $ge$ir_decoder.v:83$14 ($ge): new $alu
  creating $alu model for $le$ir_decoder.v:71$9 ($le): new $alu
  creating $alu model for $ge$ir_decoder.v:71$8 ($ge): new $alu
  creating $alu cell for $ge$ir_decoder.v:71$8: $auto$alumacc.cc:512:replace_alu$637
  creating $alu cell for $le$ir_decoder.v:71$9: $auto$alumacc.cc:512:replace_alu$650
  creating $alu cell for $ge$ir_decoder.v:83$14: $auto$alumacc.cc:512:replace_alu$659
  creating $alu cell for $le$ir_decoder.v:83$15: $auto$alumacc.cc:512:replace_alu$672
  creating $alu cell for $gt$ir_decoder.v:104$23: $auto$alumacc.cc:512:replace_alu$681
  creating $alu cell for $add$ir_decoder.v:105$25: $auto$alumacc.cc:512:replace_alu$692
  creating $alu cell for $add$ir_decoder.v:101$20: $auto$alumacc.cc:512:replace_alu$695
  created 7 $alu and 0 $macc cells.

3.21. Executing OPT pass (performing simple optimizations).

3.21.1. Executing OPT_EXPR pass (perform const folding).
Optimizing module ir_decoder.
<suppressed ~1 debug messages>

3.21.2. Executing OPT_MERGE pass (detect identical cells).
Finding identical cells in module `\ir_decoder'.
Computing hashes of 97 cells of `\ir_decoder'.
Finding duplicate cells in `\ir_decoder'.
Removed a total of 0 cells.

3.21.3. Executing OPT_MUXTREE pass (detect dead branches in mux trees).
Running muxtree optimizer on module \ir_decoder..
  Creating internal representation of mux trees.
  Evaluating internal representation of mux trees.
  Analyzing evaluation results.
Removed 0 multiplexer ports.
<suppressed ~24 debug messages>

3.21.4. Executing OPT_REDUCE pass (consolidate $*mux and $reduce_* inputs).
  Optimizing cells in module \ir_decoder.
Performed a total of 0 changes.

3.21.5. Executing OPT_MERGE pass (detect identical cells).
Finding identical cells in module `\ir_decoder'.
Computing hashes of 97 cells of `\ir_decoder'.
Finding duplicate cells in `\ir_decoder'.
Removed a total of 0 cells.

3.21.6. Executing OPT_DFF pass (perform DFF optimizations).

3.21.7. Executing OPT_CLEAN pass (remove unused cells and wires).
Finding unused cells or wires in module \ir_decoder..
Removed 1 unused cells and 6 unused wires.
<suppressed ~2 debug messages>

3.21.8. Executing OPT_EXPR pass (perform const folding).
Optimizing module ir_decoder.

3.21.9. Rerunning OPT passes. (Maybe there is more to do..)

3.21.10. Executing OPT_MUXTREE pass (detect dead branches in mux trees).
Running muxtree optimizer on module \ir_decoder..
  Creating internal representation of mux trees.
  Evaluating internal representation of mux trees.
  Analyzing evaluation results.
Removed 0 multiplexer ports.
<suppressed ~24 debug messages>

3.21.11. Executing OPT_REDUCE pass (consolidate $*mux and $reduce_* inputs).
  Optimizing cells in module \ir_decoder.
Performed a total of 0 changes.

3.21.12. Executing OPT_MERGE pass (detect identical cells).
Finding identical cells in module `\ir_decoder'.
Computing hashes of 96 cells of `\ir_decoder'.
Finding duplicate cells in `\ir_decoder'.
Removed a total of 0 cells.

3.21.13. Executing OPT_DFF pass (perform DFF optimizations).

3.21.14. Executing OPT_CLEAN pass (remove unused cells and wires).
Finding unused cells or wires in module \ir_decoder..

3.21.15. Executing OPT_EXPR pass (perform const folding).
Optimizing module ir_decoder.

3.21.16. Finished fast OPT passes. (There is nothing left to do.)

3.22. Executing MEMORY pass.

3.22.1. Executing OPT_MEM pass (optimize memories).
Performed a total of 0 transformations.

3.22.2. Executing OPT_MEM_PRIORITY pass (removing unnecessary memory write priority relations).
Performed a total of 0 transformations.

3.22.3. Executing OPT_MEM_FEEDBACK pass (finding memory read-to-write feedback paths).

3.22.4. Executing MEMORY_BMUX2ROM pass (converting muxes to ROMs).

3.22.5. Executing MEMORY_DFF pass (merging $dff cells to $memrd).

3.22.6. Executing OPT_CLEAN pass (remove unused cells and wires).
Finding unused cells or wires in module \ir_decoder..

3.22.7. Executing MEMORY_SHARE pass (consolidating $memrd/$memwr cells).

3.22.8. Executing OPT_MEM_WIDEN pass (optimize memories where all ports are wide).
Performed a total of 0 transformations.

3.22.9. Executing OPT_CLEAN pass (remove unused cells and wires).
Finding unused cells or wires in module \ir_decoder..

3.22.10. Executing MEMORY_COLLECT pass (generating $mem cells).

3.23. Executing OPT_CLEAN pass (remove unused cells and wires).
Finding unused cells or wires in module \ir_decoder..

3.24. Executing MEMORY_LIBMAP pass (mapping memories to cells).

3.25. Executing TECHMAP pass (map to technology primitives).

3.25.1. Executing Verilog-2005 frontend: C:\OSS-CA~1\OSS-CA~1\bin\../share/yosys/ice40/brams_map.v
Parsing Verilog input from `C:\OSS-CA~1\OSS-CA~1\bin\../share/yosys/ice40/brams_map.v' to AST representation.
Generating RTLIL representation for module `$__ICE40_RAM4K_'.
Successfully finished Verilog frontend.

3.25.2. Executing Verilog-2005 frontend: C:\OSS-CA~1\OSS-CA~1\bin\../share/yosys/ice40/spram_map.v
Parsing Verilog input from `C:\OSS-CA~1\OSS-CA~1\bin\../share/yosys/ice40/spram_map.v' to AST representation.
Generating RTLIL representation for module `$__ICE40_SPRAM_'.
Successfully finished Verilog frontend.

3.25.3. Continuing TECHMAP pass.
No more expansions possible.
<suppressed ~4 debug messages>

3.26. Executing ICE40_BRAMINIT pass.

3.27. Executing OPT pass (performing simple optimizations).

3.27.1. Executing OPT_EXPR pass (perform const folding).
Optimizing module ir_decoder.
<suppressed ~11 debug messages>

3.27.2. Executing OPT_MERGE pass (detect identical cells).
Finding identical cells in module `\ir_decoder'.
Computing hashes of 110 cells of `\ir_decoder'.
Finding duplicate cells in `\ir_decoder'.
Computing hashes of 97 cells of `\ir_decoder'.
Finding duplicate cells in `\ir_decoder'.
<suppressed ~39 debug messages>
Removed a total of 13 cells.

3.27.3. Executing OPT_DFF pass (perform DFF optimizations).

3.27.4. Executing OPT_CLEAN pass (remove unused cells and wires).
Finding unused cells or wires in module \ir_decoder..
Removed 0 unused cells and 24 unused wires.
<suppressed ~1 debug messages>

3.27.5. Finished fast OPT passes.

3.28. Executing MEMORY_MAP pass (converting memories to logic and flip-flops).

3.29. Executing OPT pass (performing simple optimizations).

3.29.1. Executing OPT_EXPR pass (perform const folding).
Optimizing module ir_decoder.

3.29.2. Executing OPT_MERGE pass (detect identical cells).
Finding identical cells in module `\ir_decoder'.
Computing hashes of 97 cells of `\ir_decoder'.
Finding duplicate cells in `\ir_decoder'.
Removed a total of 0 cells.

3.29.3. Executing OPT_MUXTREE pass (detect dead branches in mux trees).
Running muxtree optimizer on module \ir_decoder..
  Creating internal representation of mux trees.
  Evaluating internal representation of mux trees.
  Analyzing evaluation results.
Removed 0 multiplexer ports.
<suppressed ~18 debug messages>

3.29.4. Executing OPT_REDUCE pass (consolidate $*mux and $reduce_* inputs).
  Optimizing cells in module \ir_decoder.
Performed a total of 0 changes.

3.29.5. Executing OPT_MERGE pass (detect identical cells).
Finding identical cells in module `\ir_decoder'.
Computing hashes of 97 cells of `\ir_decoder'.
Finding duplicate cells in `\ir_decoder'.
Removed a total of 0 cells.

3.29.6. Executing OPT_DFF pass (perform DFF optimizations).

3.29.7. Executing OPT_CLEAN pass (remove unused cells and wires).
Finding unused cells or wires in module \ir_decoder..

3.29.8. Executing OPT_EXPR pass (perform const folding).
Optimizing module ir_decoder.

3.29.9. Finished fast OPT passes. (There is nothing left to do.)

3.30. Executing ICE40_WRAPCARRY pass (wrap carries).

3.31. Executing TECHMAP pass (map to technology primitives).

3.31.1. Executing Verilog-2005 frontend: C:\OSS-CA~1\OSS-CA~1\bin\../share/yosys/techmap.v
Parsing Verilog input from `C:\OSS-CA~1\OSS-CA~1\bin\../share/yosys/techmap.v' to AST representation.
Generating RTLIL representation for module `\_90_simplemap_bool_ops'.
Generating RTLIL representation for module `\_90_simplemap_reduce_ops'.
Generating RTLIL representation for module `\_90_simplemap_logic_ops'.
Generating RTLIL representation for module `\_90_simplemap_compare_ops'.
Generating RTLIL representation for module `\_90_simplemap_various'.
Generating RTLIL representation for module `\_90_simplemap_registers'.
Generating RTLIL representation for module `\_90_shift_ops_shr_shl_sshl_sshr'.
Generating RTLIL representation for module `\_90_shift_shiftx'.
Generating RTLIL representation for module `\_90_fa'.
Generating RTLIL representation for module `\_90_lcu_brent_kung'.
Generating RTLIL representation for module `\_90_alu'.
Generating RTLIL representation for module `\_90_macc'.
Generating RTLIL representation for module `\_90_alumacc'.
Generating RTLIL representation for module `$__div_mod_u'.
Generating RTLIL representation for module `$__div_mod_trunc'.
Generating RTLIL representation for module `\_90_div'.
Generating RTLIL representation for module `\_90_mod'.
Generating RTLIL representation for module `$__div_mod_floor'.
Generating RTLIL representation for module `\_90_divfloor'.
Generating RTLIL representation for module `\_90_modfloor'.
Generating RTLIL representation for module `\_90_pow'.
Generating RTLIL representation for module `\_90_pmux'.
Generating RTLIL representation for module `\_90_demux'.
Generating RTLIL representation for module `\_90_lut'.
Generating RTLIL representation for module `$connect'.
Generating RTLIL representation for module `$input_port'.
Successfully finished Verilog frontend.

3.31.2. Executing Verilog-2005 frontend: C:\OSS-CA~1\OSS-CA~1\bin\../share/yosys/ice40/arith_map.v
Parsing Verilog input from `C:\OSS-CA~1\OSS-CA~1\bin\../share/yosys/ice40/arith_map.v' to AST representation.
Generating RTLIL representation for module `\_80_ice40_alu'.
Successfully finished Verilog frontend.

3.31.3. Continuing TECHMAP pass.
Using extmapper simplemap for cells of type $not.
Using template $paramod$ce0ec84be7047712840b0952f343ee9e63ef75d1\_80_ice40_alu for cells of type $alu.
Using template $paramod$32efbfac1c4dc57230cf86180788fdfd12e3b511\_80_ice40_alu for cells of type $alu.
Using extmapper simplemap for cells of type $or.
Using extmapper simplemap for cells of type $reduce_and.
Using template $paramod$e3288ff0d50171415023ce85aa30c0b1c0f2d77d\_80_ice40_alu for cells of type $alu.
Using extmapper simplemap for cells of type $reduce_or.
Using template $paramod$d13448974efb4c1a249f98fb9bace9105e9ded7f\_80_ice40_alu for cells of type $alu.
Using template $paramod$0b2756a5d86e3fad2b86338f6ccaf8e22cbf8b24\_80_ice40_alu for cells of type $alu.
Using template $paramod$8566e740d04f74bcf985006e358778bd42fe2a0e\_80_ice40_alu for cells of type $alu.
Using extmapper simplemap for cells of type $adffe.
Using extmapper simplemap for cells of type $ne.
Using extmapper simplemap for cells of type $reduce_bool.
Using extmapper simplemap for cells of type $and.
Using extmapper simplemap for cells of type $eq.
Using extmapper simplemap for cells of type $adff.
Using extmapper simplemap for cells of type $logic_and.
Using extmapper simplemap for cells of type $logic_not.
Using extmapper simplemap for cells of type $mux.
Using template $paramod$c5c783b17ab1d780abfad8cfe6563a0a7b47a3b0\_90_pmux for cells of type $pmux.
Using template $paramod$6eead8cf974134979573c84f8be81507f5f48a97\_90_pmux for cells of type $pmux.
Using extmapper simplemap for cells of type $xor.
Using extmapper simplemap for cells of type $pos.
No more expansions possible.
<suppressed ~380 debug messages>

3.32. Executing OPT pass (performing simple optimizations).

3.32.1. Executing OPT_EXPR pass (perform const folding).
Optimizing module ir_decoder.
<suppressed ~322 debug messages>

3.32.2. Executing OPT_MERGE pass (detect identical cells).
Finding identical cells in module `\ir_decoder'.
Computing hashes of 756 cells of `\ir_decoder'.
Finding duplicate cells in `\ir_decoder'.
Computing hashes of 677 cells of `\ir_decoder'.
Finding duplicate cells in `\ir_decoder'.
Computing hashes of 664 cells of `\ir_decoder'.
Finding duplicate cells in `\ir_decoder'.
Computing hashes of 661 cells of `\ir_decoder'.
Finding duplicate cells in `\ir_decoder'.
<suppressed ~285 debug messages>
Removed a total of 95 cells.

3.32.3. Executing OPT_DFF pass (perform DFF optimizations).

3.32.4. Executing OPT_CLEAN pass (remove unused cells and wires).
Finding unused cells or wires in module \ir_decoder..
Removed 1 unused cells and 290 unused wires.
<suppressed ~2 debug messages>

3.32.5. Finished fast OPT passes.

3.33. Executing ICE40_OPT pass (performing simple optimizations).

3.33.1. Running ICE40 specific optimizations.
Optimized $__ICE40_CARRY_WRAPPER cell back to logic (without SB_CARRY) ir_decoder.$auto$alumacc.cc:512:replace_alu$637.slice[0].carry: CO=\timer [4]
Optimized $__ICE40_CARRY_WRAPPER cell back to logic (without SB_CARRY) ir_decoder.$auto$alumacc.cc:512:replace_alu$650.slice[0].carry: CO=\timer [4]
Optimized $__ICE40_CARRY_WRAPPER cell back to logic (without SB_CARRY) ir_decoder.$auto$alumacc.cc:512:replace_alu$659.slice[0].carry: CO=\timer [6]
Optimized $__ICE40_CARRY_WRAPPER cell back to logic (without SB_CARRY) ir_decoder.$auto$alumacc.cc:512:replace_alu$672.slice[0].carry: CO=\timer [5]
Optimized $__ICE40_CARRY_WRAPPER cell back to logic (without SB_CARRY) ir_decoder.$auto$alumacc.cc:512:replace_alu$681.slice[0].carry: CO=\timer [0]
Optimized $__ICE40_CARRY_WRAPPER cell back to logic (without SB_CARRY) ir_decoder.$auto$alumacc.cc:512:replace_alu$692.slice[0].carry: CO=\bit_cnt [0]
Optimized $__ICE40_CARRY_WRAPPER cell back to logic (without SB_CARRY) ir_decoder.$auto$alumacc.cc:512:replace_alu$695.slice[0].carry: CO=\timer [0]

3.33.2. Executing OPT_EXPR pass (perform const folding).
Optimizing module ir_decoder.

3.33.3. Executing OPT_MERGE pass (detect identical cells).
Finding identical cells in module `\ir_decoder'.
Computing hashes of 660 cells of `\ir_decoder'.
Finding duplicate cells in `\ir_decoder'.
Computing hashes of 659 cells of `\ir_decoder'.
Finding duplicate cells in `\ir_decoder'.
<suppressed ~3 debug messages>
Removed a total of 1 cells.

3.33.4. Executing OPT_DFF pass (perform DFF optimizations).

3.33.5. Executing OPT_CLEAN pass (remove unused cells and wires).
Finding unused cells or wires in module \ir_decoder..
Removed 4 unused cells and 0 unused wires.
<suppressed ~4 debug messages>

3.33.6. Rerunning OPT passes. (Removed registers in this run.)

3.33.7. Running ICE40 specific optimizations.

3.33.8. Executing OPT_EXPR pass (perform const folding).
Optimizing module ir_decoder.

3.33.9. Executing OPT_MERGE pass (detect identical cells).
Finding identical cells in module `\ir_decoder'.
Computing hashes of 655 cells of `\ir_decoder'.
Finding duplicate cells in `\ir_decoder'.
Removed a total of 0 cells.

3.33.10. Executing OPT_DFF pass (perform DFF optimizations).

3.33.11. Executing OPT_CLEAN pass (remove unused cells and wires).
Finding unused cells or wires in module \ir_decoder..

3.33.12. Finished OPT passes. (There is nothing left to do.)

3.34. Executing DFFLEGALIZE pass (convert FFs to types supported by the target).

3.35. Executing TECHMAP pass (map to technology primitives).

3.35.1. Executing Verilog-2005 frontend: C:\OSS-CA~1\OSS-CA~1\bin\../share/yosys/ice40/ff_map.v
Parsing Verilog input from `C:\OSS-CA~1\OSS-CA~1\bin\../share/yosys/ice40/ff_map.v' to AST representation.
Generating RTLIL representation for module `$_DFF_N_'.
Generating RTLIL representation for module `$_DFF_P_'.
Generating RTLIL representation for module `$_DFFE_NP_'.
Generating RTLIL representation for module `$_DFFE_PP_'.
Generating RTLIL representation for module `$_DFF_NP0_'.
Generating RTLIL representation for module `$_DFF_NP1_'.
Generating RTLIL representation for module `$_DFF_PP0_'.
Generating RTLIL representation for module `$_DFF_PP1_'.
Generating RTLIL representation for module `$_DFFE_NP0P_'.
Generating RTLIL representation for module `$_DFFE_NP1P_'.
Generating RTLIL representation for module `$_DFFE_PP0P_'.
Generating RTLIL representation for module `$_DFFE_PP1P_'.
Generating RTLIL representation for module `$_SDFF_NP0_'.
Generating RTLIL representation for module `$_SDFF_NP1_'.
Generating RTLIL representation for module `$_SDFF_PP0_'.
Generating RTLIL representation for module `$_SDFF_PP1_'.
Generating RTLIL representation for module `$_SDFFCE_NP0P_'.
Generating RTLIL representation for module `$_SDFFCE_NP1P_'.
Generating RTLIL representation for module `$_SDFFCE_PP0P_'.
Generating RTLIL representation for module `$_SDFFCE_PP1P_'.
Successfully finished Verilog frontend.

3.35.2. Continuing TECHMAP pass.
Using template $_DFF_PP0_ for cells of type $_DFF_PP0_.
Using template $_DFF_PP1_ for cells of type $_DFF_PP1_.
Using template $_DFFE_PP0P_ for cells of type $_DFFE_PP0P_.
No more expansions possible.
<suppressed ~105 debug messages>

3.36. Executing OPT_EXPR pass (perform const folding).
Optimizing module ir_decoder.

3.37. Executing SIMPLEMAP pass (map simple cells to gate primitives).
Mapping ir_decoder.$auto$alumacc.cc:512:replace_alu$692.slice[0].carry ($lut).
Mapping ir_decoder.$auto$alumacc.cc:512:replace_alu$695.slice[0].carry ($lut).

3.38. Executing ICE40_OPT pass (performing simple optimizations).

3.38.1. Running ICE40 specific optimizations.

3.38.2. Executing OPT_EXPR pass (perform const folding).
Optimizing module ir_decoder.
<suppressed ~57 debug messages>

3.38.3. Executing OPT_MERGE pass (detect identical cells).
Finding identical cells in module `\ir_decoder'.
Computing hashes of 738 cells of `\ir_decoder'.
Finding duplicate cells in `\ir_decoder'.
Computing hashes of 654 cells of `\ir_decoder'.
Finding duplicate cells in `\ir_decoder'.
<suppressed ~252 debug messages>
Removed a total of 84 cells.

3.38.4. Executing OPT_DFF pass (perform DFF optimizations).

3.38.5. Executing OPT_CLEAN pass (remove unused cells and wires).
Finding unused cells or wires in module \ir_decoder..
Removed 0 unused cells and 579 unused wires.
<suppressed ~1 debug messages>

3.38.6. Rerunning OPT passes. (Removed registers in this run.)

3.38.7. Running ICE40 specific optimizations.

3.38.8. Executing OPT_EXPR pass (perform const folding).
Optimizing module ir_decoder.

3.38.9. Executing OPT_MERGE pass (detect identical cells).
Finding identical cells in module `\ir_decoder'.
Computing hashes of 654 cells of `\ir_decoder'.
Finding duplicate cells in `\ir_decoder'.
Removed a total of 0 cells.

3.38.10. Executing OPT_DFF pass (perform DFF optimizations).

3.38.11. Executing OPT_CLEAN pass (remove unused cells and wires).
Finding unused cells or wires in module \ir_decoder..

3.38.12. Finished OPT passes. (There is nothing left to do.)

3.39. Executing TECHMAP pass (map to technology primitives).

3.39.1. Executing Verilog-2005 frontend: C:\OSS-CA~1\OSS-CA~1\bin\../share/yosys/ice40/latches_map.v
Parsing Verilog input from `C:\OSS-CA~1\OSS-CA~1\bin\../share/yosys/ice40/latches_map.v' to AST representation.
Generating RTLIL representation for module `$_DLATCH_N_'.
Generating RTLIL representation for module `$_DLATCH_P_'.
Successfully finished Verilog frontend.

3.39.2. Continuing TECHMAP pass.
No more expansions possible.
<suppressed ~4 debug messages>

3.40. Executing Verilog-2005 frontend: C:\OSS-CA~1\OSS-CA~1\bin\../share/yosys/ice40/abc9_model.v
Parsing Verilog input from `C:\OSS-CA~1\OSS-CA~1\bin\../share/yosys/ice40/abc9_model.v' to AST representation.
Generating RTLIL representation for module `$__ICE40_CARRY_WRAPPER'.
Successfully finished Verilog frontend.

3.41. Executing ABC9 pass.

3.41.1. Executing ABC9_OPS pass (helper functions for ABC9).

3.41.2. Executing ABC9_OPS pass (helper functions for ABC9).

3.41.3. Executing PROC pass (convert processes to netlists).

3.41.3.1. Executing PROC_CLEAN pass (remove empty switches from decision trees).
Cleaned up 0 empty switches.

3.41.3.2. Executing PROC_RMDEAD pass (remove dead branches from decision trees).
Marked 1 switch rules as full_case in process $proc$C:\OSS-CA~1\OSS-CA~1\bin\../share/yosys/ice40/cells_sim.v:662$218 in module SB_DFFER.
Removed a total of 0 dead cases.

3.41.3.3. Executing PROC_PRUNE pass (remove redundant assignments in processes).
Removed 0 redundant assignments.
Promoted 1 assignment to connection.

3.41.3.4. Executing PROC_INIT pass (extract init attributes).
Found init rule in `\SB_DFFER.$proc$C:\OSS-CA~1\OSS-CA~1\bin\../share/yosys/ice40/cells_sim.v:660$221'.
  Set init value: \Q = 1'0

3.41.3.5. Executing PROC_ARST pass (detect async resets in processes).
Found async reset \R in `\SB_DFFER.$proc$C:\OSS-CA~1\OSS-CA~1\bin\../share/yosys/ice40/cells_sim.v:662$218'.

3.41.3.6. Executing PROC_ROM pass (convert switches to ROMs).
Converted 0 switches.
<suppressed ~1 debug messages>

3.41.3.7. Executing PROC_MUX pass (convert decision trees to multiplexers).
Creating decoders for process `\SB_DFFER.$proc$C:\OSS-CA~1\OSS-CA~1\bin\../share/yosys/ice40/cells_sim.v:660$221'.
Creating decoders for process `\SB_DFFER.$proc$C:\OSS-CA~1\OSS-CA~1\bin\../share/yosys/ice40/cells_sim.v:662$218'.
     1/1: $0\Q[0:0]

3.41.3.8. Executing PROC_DLATCH pass (convert process syncs to latches).

3.41.3.9. Executing PROC_DFF pass (convert process syncs to FFs).
Creating register for signal `\SB_DFFER.\Q' using process `\SB_DFFER.$proc$C:\OSS-CA~1\OSS-CA~1\bin\../share/yosys/ice40/cells_sim.v:662$218'.
  created $adff cell `$procdff$2370' with positive edge clock and positive level reset.

3.41.3.10. Executing PROC_MEMWR pass (convert process memory writes to cells).

3.41.3.11. Executing PROC_CLEAN pass (remove empty switches from decision trees).
Removing empty process `SB_DFFER.$proc$C:\OSS-CA~1\OSS-CA~1\bin\../share/yosys/ice40/cells_sim.v:660$221'.
Found and cleaned up 1 empty switch in `\SB_DFFER.$proc$C:\OSS-CA~1\OSS-CA~1\bin\../share/yosys/ice40/cells_sim.v:662$218'.
Removing empty process `SB_DFFER.$proc$C:\OSS-CA~1\OSS-CA~1\bin\../share/yosys/ice40/cells_sim.v:662$218'.
Cleaned up 1 empty switch.

3.41.4. Executing PROC pass (convert processes to netlists).

3.41.4.1. Executing PROC_CLEAN pass (remove empty switches from decision trees).
Cleaned up 0 empty switches.

3.41.4.2. Executing PROC_RMDEAD pass (remove dead branches from decision trees).
Marked 1 switch rules as full_case in process $proc$C:\OSS-CA~1\OSS-CA~1\bin\../share/yosys/ice40/cells_sim.v:527$208 in module SB_DFFS.
Removed a total of 0 dead cases.

3.41.4.3. Executing PROC_PRUNE pass (remove redundant assignments in processes).
Removed 1 redundant assignment.
Promoted 1 assignment to connection.

3.41.4.4. Executing PROC_INIT pass (extract init attributes).
Found init rule in `\SB_DFFS.$proc$C:\OSS-CA~1\OSS-CA~1\bin\../share/yosys/ice40/cells_sim.v:525$210'.
  Set init value: \Q = 1'0

3.41.4.5. Executing PROC_ARST pass (detect async resets in processes).
Found async reset \S in `\SB_DFFS.$proc$C:\OSS-CA~1\OSS-CA~1\bin\../share/yosys/ice40/cells_sim.v:527$208'.

3.41.4.6. Executing PROC_ROM pass (convert switches to ROMs).
Converted 0 switches.

3.41.4.7. Executing PROC_MUX pass (convert decision trees to multiplexers).
Creating decoders for process `\SB_DFFS.$proc$C:\OSS-CA~1\OSS-CA~1\bin\../share/yosys/ice40/cells_sim.v:525$210'.
Creating decoders for process `\SB_DFFS.$proc$C:\OSS-CA~1\OSS-CA~1\bin\../share/yosys/ice40/cells_sim.v:527$208'.
     1/1: $0\Q[0:0]

3.41.4.8. Executing PROC_DLATCH pass (convert process syncs to latches).

3.41.4.9. Executing PROC_DFF pass (convert process syncs to FFs).
Creating register for signal `\SB_DFFS.\Q' using process `\SB_DFFS.$proc$C:\OSS-CA~1\OSS-CA~1\bin\../share/yosys/ice40/cells_sim.v:527$208'.
  created $adff cell `$procdff$2373' with positive edge clock and positive level reset.

3.41.4.10. Executing PROC_MEMWR pass (convert process memory writes to cells).

3.41.4.11. Executing PROC_CLEAN pass (remove empty switches from decision trees).
Removing empty process `SB_DFFS.$proc$C:\OSS-CA~1\OSS-CA~1\bin\../share/yosys/ice40/cells_sim.v:525$210'.
Removing empty process `SB_DFFS.$proc$C:\OSS-CA~1\OSS-CA~1\bin\../share/yosys/ice40/cells_sim.v:527$208'.
Cleaned up 0 empty switches.

3.41.5. Executing PROC pass (convert processes to netlists).

3.41.5.1. Executing PROC_CLEAN pass (remove empty switches from decision trees).
Cleaned up 0 empty switches.

3.41.5.2. Executing PROC_RMDEAD pass (remove dead branches from decision trees).
Marked 1 switch rules as full_case in process $proc$C:\OSS-CA~1\OSS-CA~1\bin\../share/yosys/ice40/cells_sim.v:406$202 in module SB_DFFR.
Removed a total of 0 dead cases.

3.41.5.3. Executing PROC_PRUNE pass (remove redundant assignments in processes).
Removed 1 redundant assignment.
Promoted 1 assignment to connection.

3.41.5.4. Executing PROC_INIT pass (extract init attributes).
Found init rule in `\SB_DFFR.$proc$C:\OSS-CA~1\OSS-CA~1\bin\../share/yosys/ice40/cells_sim.v:404$204'.
  Set init value: \Q = 1'0

3.41.5.5. Executing PROC_ARST pass (detect async resets in processes).
Found async reset \R in `\SB_DFFR.$proc$C:\OSS-CA~1\OSS-CA~1\bin\../share/yosys/ice40/cells_sim.v:406$202'.

3.41.5.6. Executing PROC_ROM pass (convert switches to ROMs).
Converted 0 switches.

3.41.5.7. Executing PROC_MUX pass (convert decision trees to multiplexers).
Creating decoders for process `\SB_DFFR.$proc$C:\OSS-CA~1\OSS-CA~1\bin\../share/yosys/ice40/cells_sim.v:404$204'.
Creating decoders for process `\SB_DFFR.$proc$C:\OSS-CA~1\OSS-CA~1\bin\../share/yosys/ice40/cells_sim.v:406$202'.
     1/1: $0\Q[0:0]

3.41.5.8. Executing PROC_DLATCH pass (convert process syncs to latches).

3.41.5.9. Executing PROC_DFF pass (convert process syncs to FFs).
Creating register for signal `\SB_DFFR.\Q' using process `\SB_DFFR.$proc$C:\OSS-CA~1\OSS-CA~1\bin\../share/yosys/ice40/cells_sim.v:406$202'.
  created $adff cell `$procdff$2376' with positive edge clock and positive level reset.

3.41.5.10. Executing PROC_MEMWR pass (convert process memory writes to cells).

3.41.5.11. Executing PROC_CLEAN pass (remove empty switches from decision trees).
Removing empty process `SB_DFFR.$proc$C:\OSS-CA~1\OSS-CA~1\bin\../share/yosys/ice40/cells_sim.v:404$204'.
Removing empty process `SB_DFFR.$proc$C:\OSS-CA~1\OSS-CA~1\bin\../share/yosys/ice40/cells_sim.v:406$202'.
Cleaned up 0 empty switches.

3.41.6. Executing SCC pass (detecting logic loops).
Found 0 SCCs in module ir_decoder.
Found 0 SCCs.

3.41.7. Executing ABC9_OPS pass (helper functions for ABC9).

3.41.8. Executing TECHMAP pass (map to technology primitives).

3.41.8.1. Executing Verilog-2005 frontend: C:\OSS-CA~1\OSS-CA~1\bin\../share/yosys/techmap.v
Parsing Verilog input from `C:\OSS-CA~1\OSS-CA~1\bin\../share/yosys/techmap.v' to AST representation.
Generating RTLIL representation for module `\_90_simplemap_bool_ops'.
Generating RTLIL representation for module `\_90_simplemap_reduce_ops'.
Generating RTLIL representation for module `\_90_simplemap_logic_ops'.
Generating RTLIL representation for module `\_90_simplemap_compare_ops'.
Generating RTLIL representation for module `\_90_simplemap_various'.
Generating RTLIL representation for module `\_90_simplemap_registers'.
Generating RTLIL representation for module `\_90_shift_ops_shr_shl_sshl_sshr'.
Generating RTLIL representation for module `\_90_shift_shiftx'.
Generating RTLIL representation for module `\_90_fa'.
Generating RTLIL representation for module `\_90_lcu_brent_kung'.
Generating RTLIL representation for module `\_90_alu'.
Generating RTLIL representation for module `\_90_macc'.
Generating RTLIL representation for module `\_90_alumacc'.
Generating RTLIL representation for module `$__div_mod_u'.
Generating RTLIL representation for module `$__div_mod_trunc'.
Generating RTLIL representation for module `\_90_div'.
Generating RTLIL representation for module `\_90_mod'.
Generating RTLIL representation for module `$__div_mod_floor'.
Generating RTLIL representation for module `\_90_divfloor'.
Generating RTLIL representation for module `\_90_modfloor'.
Generating RTLIL representation for module `\_90_pow'.
Generating RTLIL representation for module `\_90_pmux'.
Generating RTLIL representation for module `\_90_demux'.
Generating RTLIL representation for module `\_90_lut'.
Generating RTLIL representation for module `$connect'.
Generating RTLIL representation for module `$input_port'.
Successfully finished Verilog frontend.

3.41.8.2. Continuing TECHMAP pass.
No more expansions possible.
<suppressed ~133 debug messages>

3.41.9. Executing OPT pass (performing simple optimizations).

3.41.9.1. Executing OPT_EXPR pass (perform const folding).
Optimizing module SB_DFFER.
Optimizing module SB_DFFS.
Optimizing module SB_DFFR.

3.41.9.2. Executing OPT_MERGE pass (detect identical cells).
Finding identical cells in module `\SB_DFFER'.
Computing hashes of 2 cells of `\SB_DFFER'.
Finding duplicate cells in `\SB_DFFER'.
Finding identical cells in module `\SB_DFFS'.
Computing hashes of 2 cells of `\SB_DFFS'.
Finding duplicate cells in `\SB_DFFS'.
Finding identical cells in module `\SB_DFFR'.
Computing hashes of 2 cells of `\SB_DFFR'.
Finding duplicate cells in `\SB_DFFR'.
Removed a total of 0 cells.

3.41.9.3. Executing OPT_MUXTREE pass (detect dead branches in mux trees).
Running muxtree optimizer on module \SB_DFFER..
  Creating internal representation of mux trees.
  No muxes found in this module.
Running muxtree optimizer on module \SB_DFFS..
  Creating internal representation of mux trees.
  No muxes found in this module.
Running muxtree optimizer on module \SB_DFFR..
  Creating internal representation of mux trees.
  No muxes found in this module.
Removed 0 multiplexer ports.

3.41.9.4. Executing OPT_REDUCE pass (consolidate $*mux and $reduce_* inputs).
  Optimizing cells in module \SB_DFFER.
  Optimizing cells in module \SB_DFFS.
  Optimizing cells in module \SB_DFFR.
Performed a total of 0 changes.

3.41.9.5. Executing OPT_MERGE pass (detect identical cells).
Finding identical cells in module `\SB_DFFER'.
Computing hashes of 2 cells of `\SB_DFFER'.
Finding duplicate cells in `\SB_DFFER'.
Finding identical cells in module `\SB_DFFS'.
Computing hashes of 2 cells of `\SB_DFFS'.
Finding duplicate cells in `\SB_DFFS'.
Finding identical cells in module `\SB_DFFR'.
Computing hashes of 2 cells of `\SB_DFFR'.
Finding duplicate cells in `\SB_DFFR'.
Removed a total of 0 cells.

3.41.9.6. Executing OPT_DFF pass (perform DFF optimizations).

3.41.9.7. Executing OPT_CLEAN pass (remove unused cells and wires).
Finding unused cells or wires in module \SB_DFFER..
Finding unused cells or wires in module \SB_DFFS..
Finding unused cells or wires in module \SB_DFFR..

3.41.9.8. Executing OPT_EXPR pass (perform const folding).
Optimizing module SB_DFFER.
Optimizing module SB_DFFS.
Optimizing module SB_DFFR.

3.41.9.9. Finished fast OPT passes. (There is nothing left to do.)

3.41.10. Executing TECHMAP pass (map to technology primitives).

3.41.10.1. Executing Verilog-2005 frontend: C:\OSS-CA~1\OSS-CA~1\bin\../share/yosys/abc9_map.v
Parsing Verilog input from `C:\OSS-CA~1\OSS-CA~1\bin\../share/yosys/abc9_map.v' to AST representation.
Successfully finished Verilog frontend.

3.41.10.2. Continuing TECHMAP pass.
Using template SB_DFFR for cells of type SB_DFFR.
Using template SB_DFFS for cells of type SB_DFFS.
Using template SB_DFFER for cells of type SB_DFFER.
No more expansions possible.
<suppressed ~88 debug messages>

3.41.11. Executing Verilog-2005 frontend: C:\OSS-CA~1\OSS-CA~1\bin\../share/yosys/abc9_model.v
Parsing Verilog input from `C:\OSS-CA~1\OSS-CA~1\bin\../share/yosys/abc9_model.v' to AST representation.
Generating RTLIL representation for module `$__ABC9_DELAY'.
Generating RTLIL representation for module `$__ABC9_SCC_BREAKER'.
Generating RTLIL representation for module `$__DFF_N__$abc9_flop'.
Generating RTLIL representation for module `$__DFF_P__$abc9_flop'.
Successfully finished Verilog frontend.

3.41.12. Executing ABC9_OPS pass (helper functions for ABC9).
<suppressed ~2 debug messages>

3.41.13. Executing ABC9_OPS pass (helper functions for ABC9).

3.41.14. Executing ABC9_OPS pass (helper functions for ABC9).
<suppressed ~2 debug messages>

3.41.15. Executing TECHMAP pass (map to technology primitives).

3.41.15.1. Executing Verilog-2005 frontend: C:\OSS-CA~1\OSS-CA~1\bin\../share/yosys/techmap.v
Parsing Verilog input from `C:\OSS-CA~1\OSS-CA~1\bin\../share/yosys/techmap.v' to AST representation.
Generating RTLIL representation for module `\_90_simplemap_bool_ops'.
Generating RTLIL representation for module `\_90_simplemap_reduce_ops'.
Generating RTLIL representation for module `\_90_simplemap_logic_ops'.
Generating RTLIL representation for module `\_90_simplemap_compare_ops'.
Generating RTLIL representation for module `\_90_simplemap_various'.
Generating RTLIL representation for module `\_90_simplemap_registers'.
Generating RTLIL representation for module `\_90_shift_ops_shr_shl_sshl_sshr'.
Generating RTLIL representation for module `\_90_shift_shiftx'.
Generating RTLIL representation for module `\_90_fa'.
Generating RTLIL representation for module `\_90_lcu_brent_kung'.
Generating RTLIL representation for module `\_90_alu'.
Generating RTLIL representation for module `\_90_macc'.
Generating RTLIL representation for module `\_90_alumacc'.
Generating RTLIL representation for module `$__div_mod_u'.
Generating RTLIL representation for module `$__div_mod_trunc'.
Generating RTLIL representation for module `\_90_div'.
Generating RTLIL representation for module `\_90_mod'.
Generating RTLIL representation for module `$__div_mod_floor'.
Generating RTLIL representation for module `\_90_divfloor'.
Generating RTLIL representation for module `\_90_modfloor'.
Generating RTLIL representation for module `\_90_pow'.
Generating RTLIL representation for module `\_90_pmux'.
Generating RTLIL representation for module `\_90_demux'.
Generating RTLIL representation for module `\_90_lut'.
Generating RTLIL representation for module `$connect'.
Generating RTLIL representation for module `$input_port'.
Successfully finished Verilog frontend.

3.41.15.2. Continuing TECHMAP pass.
Using template $paramod$__ICE40_CARRY_WRAPPER\LUT=16'0110100110010110\I3_IS_CI=1'1 for cells of type $paramod$__ICE40_CARRY_WRAPPER\LUT=16'0110100110010110\I3_IS_CI=1'1.
Using template $paramod\SB_LUT4\LUT_INIT=16'0110100110010110 for cells of type SB_LUT4.
Using template SB_CARRY for cells of type SB_CARRY.
Using extmapper simplemap for cells of type $mux.
Using extmapper simplemap for cells of type $logic_and.
Using extmapper simplemap for cells of type $logic_or.
No more expansions possible.
<suppressed ~152 debug messages>

3.41.16. Executing OPT pass (performing simple optimizations).

3.41.16.1. Executing OPT_EXPR pass (perform const folding).
Optimizing module ir_decoder.
<suppressed ~4 debug messages>

3.41.16.2. Executing OPT_MERGE pass (detect identical cells).
Finding identical cells in module `\ir_decoder'.
Computing hashes of 30 cells of `\ir_decoder'.
Finding duplicate cells in `\ir_decoder'.
Computing hashes of 20 cells of `\ir_decoder'.
Finding duplicate cells in `\ir_decoder'.
Computing hashes of 18 cells of `\ir_decoder'.
Finding duplicate cells in `\ir_decoder'.
<suppressed ~29 debug messages>
Removed a total of 12 cells.

3.41.16.3. Executing OPT_MUXTREE pass (detect dead branches in mux trees).
Running muxtree optimizer on module \ir_decoder..
  Creating internal representation of mux trees.
  No muxes found in this module.
Removed 0 multiplexer ports.

3.41.16.4. Executing OPT_REDUCE pass (consolidate $*mux and $reduce_* inputs).
  Optimizing cells in module \ir_decoder.
Performed a total of 0 changes.

3.41.16.5. Executing OPT_MERGE pass (detect identical cells).
Finding identical cells in module `\ir_decoder'.
Computing hashes of 18 cells of `\ir_decoder'.
Finding duplicate cells in `\ir_decoder'.
Removed a total of 0 cells.

3.41.16.6. Executing OPT_DFF pass (perform DFF optimizations).

3.41.16.7. Executing OPT_CLEAN pass (remove unused cells and wires).
Finding unused cells or wires in module \ir_decoder..
Removed 0 unused cells and 24 unused wires.
<suppressed ~1 debug messages>

3.41.16.8. Executing OPT_EXPR pass (perform const folding).
Optimizing module ir_decoder.

3.41.16.9. Rerunning OPT passes. (Maybe there is more to do..)

3.41.16.10. Executing OPT_MUXTREE pass (detect dead branches in mux trees).
Running muxtree optimizer on module \ir_decoder..
  Creating internal representation of mux trees.
  No muxes found in this module.
Removed 0 multiplexer ports.

3.41.16.11. Executing OPT_REDUCE pass (consolidate $*mux and $reduce_* inputs).
  Optimizing cells in module \ir_decoder.
Performed a total of 0 changes.

3.41.16.12. Executing OPT_MERGE pass (detect identical cells).
Finding identical cells in module `\ir_decoder'.
Computing hashes of 18 cells of `\ir_decoder'.
Finding duplicate cells in `\ir_decoder'.
Removed a total of 0 cells.

3.41.16.13. Executing OPT_DFF pass (perform DFF optimizations).

3.41.16.14. Executing OPT_CLEAN pass (remove unused cells and wires).
Finding unused cells or wires in module \ir_decoder..

3.41.16.15. Executing OPT_EXPR pass (perform const folding).
Optimizing module ir_decoder.

3.41.16.16. Finished fast OPT passes. (There is nothing left to do.)

3.41.17. Executing AIGMAP pass (map logic to AIG).
Module ir_decoder: replaced 7 cells with 43 new cells, skipped 11 cells.
  replaced 2 cell types:
       5 $_MUX_
       2 $_OR_
  not replaced 3 cell types:
       2 $_AND_
       1 $_NOT_
       8 $specify2

3.41.18. Executing AIGMAP pass (map logic to AIG).
Module ir_decoder: replaced 218 cells with 1232 new cells, skipped 519 cells.
  replaced 2 cell types:
     120 $_MUX_
      98 $_OR_
  not replaced 9 cell types:
     203 $_AND_
      50 $_NOT_
       7 SB_DFFR
       2 SB_DFFS
      74 SB_DFFER
       7 SB_DFFR_$abc9_byp
       2 SB_DFFS_$abc9_byp
      74 SB_DFFER_$abc9_byp
     100 $paramod$__ICE40_CARRY_WRAPPER\LUT=16'0110100110010110\I3_IS_CI=1'1

3.41.18.1. Executing ABC9_OPS pass (helper functions for ABC9).

3.41.18.2. Executing ABC9_OPS pass (helper functions for ABC9).

3.41.18.3. Executing XAIGER backend.
<suppressed ~94 debug messages>
Extracted 661 AND gates and 1879 wires from module `ir_decoder' to a netlist network with 86 inputs and 89 outputs.

3.41.18.4. Executing ABC9_EXE pass (technology mapping using ABC9).

3.41.18.5. Executing ABC9.
Running ABC command: "<yosys-exe-dir>/yosys-abc" -s -f <abc-temp-dir>/abc.script 2>&1
ABC: ======== ABC command line "source <abc-temp-dir>/abc.script"
ABC: + read_lut <abc-temp-dir>/input.lut 
ABC: + read_box <abc-temp-dir>/input.box 
ABC: + &read <abc-temp-dir>/input.xaig 
ABC: + &ps 
ABC: <abc-temp-dir>/input : i/o =     86/     89  and =     454  lev =   15 (   0.51)  mem = 0.02 MB  box = 183  bb = 83
ABC: Warning: AIG with boxes has internal fanout in 0 complex flops and 7 carries.
ABC: + &scorr 
ABC: Warning: The network is combinational.
ABC: + &sweep 
ABC: + &dc2 
ABC: + &dch -f -r 
ABC: + &ps 
ABC: <abc-temp-dir>/input : i/o =     86/     89  and =     188  lev =   12 (   0.39)  mem = 0.02 MB  ch =   21  box = 183  bb = 83
ABC: cst =       0  cls =     19  lit =      21  unused =     517  proof =     0
ABC: Warning: AIG with boxes has internal fanout in 0 complex flops and 7 carries.
ABC: + &if -W 250 -v 
ABC: K = 4. Memory (bytes): Truth =    0. Cut =   64. Obj =  144. Set =  672. CutMin = no
ABC: Node =     188.  Ch =    19.  Total mem =    0.20 MB. Peak cut mem =    0.01 MB.
ABC: P:  Del = 4194.00.  Ar =      76.0.  Edge =      254.  Cut =      809.  T =     0.00 sec
ABC: P:  Del = 4194.00.  Ar =      78.0.  Edge =      271.  Cut =      793.  T =     0.00 sec
ABC: P:  Del = 5892.00.  Ar =      69.0.  Edge =      207.  Cut =      850.  T =     0.00 sec
ABC: F:  Del = 5326.00.  Ar =      66.0.  Edge =      203.  Cut =      858.  T =     0.00 sec
ABC: A:  Del = 5326.00.  Ar =      66.0.  Edge =      198.  Cut =      868.  T =     0.00 sec
ABC: A:  Del = 5326.00.  Ar =      66.0.  Edge =      197.  Cut =      868.  T =     0.00 sec
ABC: Total time =     0.00 sec
ABC: + &write -n <abc-temp-dir>/output.aig 
ABC: + &mfs 
ABC: + &ps -l 
ABC: <abc-temp-dir>/input : i/o =     86/     89  and =     120  lev =   12 (   0.40)  mem = 0.02 MB  box = 183  bb = 83
ABC: Mapping (K=4)  :  lut =     63  edge =     178  lev =    8 (0.26)  levB =   21  mem = 0.01 MB
ABC: LUT = 63 : 2=31 49.2 %  3=12 19.0 %  4=20 31.7 %  Ave = 2.83
ABC: Warning: AIG with boxes has internal fanout in 0 complex flops and 7 carries.
ABC: + &write -n <abc-temp-dir>/output.aig 
ABC: + &verify 
ABC: Networks are equivalent.  Time =     0.01 sec
ABC: + time 
ABC: elapse: 0.04 seconds, total: 0.04 seconds

3.41.18.6. Executing AIGER frontend.
<suppressed ~361 debug messages>
Removed 127 unused cells and 1283 unused wires.

3.41.18.7. Executing ABC9_OPS pass (helper functions for ABC9).
ABC RESULTS:              $lut cells:       64
ABC RESULTS:   \SB_DFFR_$abc9_byp cells:        7
ABC RESULTS:   \SB_DFFS_$abc9_byp cells:        2
ABC RESULTS:   \SB_DFFER_$abc9_byp cells:       74
ABC RESULTS:   $paramod$__ICE40_CARRY_WRAPPER\LUT=16'0110100110010110\I3_IS_CI=1'1 cells:      100
ABC RESULTS:           input signals:       86
ABC RESULTS:          output signals:       16
Removing temp directory.

3.41.19. Executing TECHMAP pass (map to technology primitives).

3.41.19.1. Executing Verilog-2005 frontend: C:\OSS-CA~1\OSS-CA~1\bin\../share/yosys/abc9_unmap.v
Parsing Verilog input from `C:\OSS-CA~1\OSS-CA~1\bin\../share/yosys/abc9_unmap.v' to AST representation.
Generating RTLIL representation for module `$__DFF_x__$abc9_flop'.
Generating RTLIL representation for module `$__ABC9_SCC_BREAKER'.
Successfully finished Verilog frontend.

3.41.19.2. Continuing TECHMAP pass.
Using template SB_DFFER_$abc9_byp for cells of type SB_DFFER_$abc9_byp.
Using template $paramod$__ICE40_CARRY_WRAPPER\LUT=16'0110100110010110\I3_IS_CI=1'1 for cells of type $paramod$__ICE40_CARRY_WRAPPER\LUT=16'0110100110010110\I3_IS_CI=1'1.
Using template SB_DFFS_$abc9_byp for cells of type SB_DFFS_$abc9_byp.
Using template SB_DFFR_$abc9_byp for cells of type SB_DFFR_$abc9_byp.
No more expansions possible.
<suppressed ~192 debug messages>

3.42. Executing ICE40_WRAPCARRY pass (wrap carries).

3.43. Executing TECHMAP pass (map to technology primitives).

3.43.1. Executing Verilog-2005 frontend: C:\OSS-CA~1\OSS-CA~1\bin\../share/yosys/ice40/ff_map.v
Parsing Verilog input from `C:\OSS-CA~1\OSS-CA~1\bin\../share/yosys/ice40/ff_map.v' to AST representation.
Generating RTLIL representation for module `$_DFF_N_'.
Generating RTLIL representation for module `$_DFF_P_'.
Generating RTLIL representation for module `$_DFFE_NP_'.
Generating RTLIL representation for module `$_DFFE_PP_'.
Generating RTLIL representation for module `$_DFF_NP0_'.
Generating RTLIL representation for module `$_DFF_NP1_'.
Generating RTLIL representation for module `$_DFF_PP0_'.
Generating RTLIL representation for module `$_DFF_PP1_'.
Generating RTLIL representation for module `$_DFFE_NP0P_'.
Generating RTLIL representation for module `$_DFFE_NP1P_'.
Generating RTLIL representation for module `$_DFFE_PP0P_'.
Generating RTLIL representation for module `$_DFFE_PP1P_'.
Generating RTLIL representation for module `$_SDFF_NP0_'.
Generating RTLIL representation for module `$_SDFF_NP1_'.
Generating RTLIL representation for module `$_SDFF_PP0_'.
Generating RTLIL representation for module `$_SDFF_PP1_'.
Generating RTLIL representation for module `$_SDFFCE_NP0P_'.
Generating RTLIL representation for module `$_SDFFCE_NP1P_'.
Generating RTLIL representation for module `$_SDFFCE_PP0P_'.
Generating RTLIL representation for module `$_SDFFCE_PP1P_'.
Successfully finished Verilog frontend.

3.43.2. Continuing TECHMAP pass.
No more expansions possible.
<suppressed ~22 debug messages>
Removed 84 unused cells and 3304 unused wires.

3.44. Executing OPT_LUT pass (optimize LUTs).
Discovering LUTs.
Number of LUTs:       88
  1-LUT                1
  2-LUT               33
  3-LUT               34
  4-LUT               20
  with \SB_CARRY    (#0)   22
  with \SB_CARRY    (#1)   23

Eliminating LUTs.
Number of LUTs:       88
  1-LUT                1
  2-LUT               33
  3-LUT               34
  4-LUT               20
  with \SB_CARRY    (#0)   22
  with \SB_CARRY    (#1)   23

Combining LUTs.
Number of LUTs:       67
  1-LUT                1
  2-LUT               11
  3-LUT               15
  4-LUT               40
  with \SB_CARRY    (#0)   22
  with \SB_CARRY    (#1)   23

Eliminated 0 LUTs.
Combined 21 LUTs.
<suppressed ~685 debug messages>

3.45. Executing TECHMAP pass (map to technology primitives).

3.45.1. Executing Verilog-2005 frontend: C:\OSS-CA~1\OSS-CA~1\bin\../share/yosys/ice40/cells_map.v
Parsing Verilog input from `C:\OSS-CA~1\OSS-CA~1\bin\../share/yosys/ice40/cells_map.v' to AST representation.
Generating RTLIL representation for module `$lut'.
Successfully finished Verilog frontend.

3.45.2. Continuing TECHMAP pass.
Using template $paramod$9d707d218adbd63b6f9a0c79d7ee037306fb6296$lut for cells of type $lut.
Using template $paramod$lut\WIDTH=32'00000000000000000000000000000011\LUT=8'00000001 for cells of type $lut.
Using template $paramod$6e238df02989b317f10820a22773676e71120644$lut for cells of type $lut.
Using template $paramod$lut\WIDTH=32'00000000000000000000000000000010\LUT=4'0001 for cells of type $lut.
Using template $paramod$658b9ed803f0d3d335616d3858b53e0a2522f1e8$lut for cells of type $lut.
Using template $paramod$571404c0889eaf57f492cb5e37f8acb5df5852f9$lut for cells of type $lut.
Using template $paramod$lut\WIDTH=32'00000000000000000000000000000011\LUT=8'10001010 for cells of type $lut.
Using template $paramod$lut\WIDTH=32'00000000000000000000000000000010\LUT=4'0100 for cells of type $lut.
Using template $paramod$lut\WIDTH=32'00000000000000000000000000000010\LUT=4'1000 for cells of type $lut.
Using template $paramod$lut\WIDTH=32'00000000000000000000000000000010\LUT=4'0010 for cells of type $lut.
Using template $paramod$e5759512db67494ff77fbdfc66dff4006376568f$lut for cells of type $lut.
Using template $paramod$lut\WIDTH=32'00000000000000000000000000000011\LUT=8'00100000 for cells of type $lut.
Using template $paramod$lut\WIDTH=32'00000000000000000000000000000011\LUT=8'11000100 for cells of type $lut.
Using template $paramod$lut\WIDTH=32'00000000000000000000000000000011\LUT=8'00001101 for cells of type $lut.
Using template $paramod$8cac5452d526045503c5864c3a1dac0121c7053e$lut for cells of type $lut.
Using template $paramod$a59507d273cd827eb6c46c37820d50a1b717efdf$lut for cells of type $lut.
Using template $paramod$fd904e9e35cfd343a9df248824bd3f1408724879$lut for cells of type $lut.
Using template $paramod$e51a8a571bee774247b38f52d6e85fd62ae52cea$lut for cells of type $lut.
Using template $paramod$121f66828c71d3c18a58c99e9f44b94525cfca81$lut for cells of type $lut.
Using template $paramod$4d9437f28ee827cf4006287c53ecaa1266100fca$lut for cells of type $lut.
Using template $paramod$24e25f9135f62b5330f8e22401f66c17f6396b60$lut for cells of type $lut.
Using template $paramod$b89c522b7f70adaee1a35d80e932f38159b6a445$lut for cells of type $lut.
Using template $paramod$e99cab7136deb751f73c5682d1ece69bf89d29f9$lut for cells of type $lut.
Using template $paramod$6d6beead1425af15cf78b27fd9b11b41b5d4bce8$lut for cells of type $lut.
Using template $paramod$lut\WIDTH=32'00000000000000000000000000000011\LUT=8'10000000 for cells of type $lut.
Using template $paramod$lut\WIDTH=32'00000000000000000000000000000011\LUT=8'01010001 for cells of type $lut.
Using template $paramod$lut\WIDTH=32'00000000000000000000000000000011\LUT=8'10110011 for cells of type $lut.
Using template $paramod$lut\WIDTH=32'00000000000000000000000000000001\LUT=2'01 for cells of type $lut.
Using template $paramod$e5b29079c1a88f3fc663c746ec8e3359690ef674$lut for cells of type $lut.
Using template $paramod$lut\WIDTH=32'00000000000000000000000000000011\LUT=8'00010000 for cells of type $lut.
Using template $paramod$86d1a43c2f1d620ff2cef866448dd1258c868fad$lut for cells of type $lut.
Using template $paramod$e9c77024ca501b890c641f9c0b10e27242db8730$lut for cells of type $lut.
No more expansions possible.
<suppressed ~486 debug messages>
Removed 0 unused cells and 174 unused wires.

3.46. Executing AUTONAME pass.
Renamed 398 objects in module ir_decoder (143 iterations).
<suppressed ~398 debug messages>

3.47. Executing HIERARCHY pass (managing design hierarchy).
Attribute `top' found on module `ir_decoder'. Setting top module to ir_decoder.

3.47.1. Analyzing design hierarchy..
Top module:  \ir_decoder

3.47.2. Analyzing design hierarchy..
Top module:  \ir_decoder
Removed 0 unused modules.

3.48. Printing statistics.

=== ir_decoder ===

        +----------Local Count, excluding submodules.
        | 
      163 wires
      345 wire bits
      163 public wires
      345 public wire bits
        7 ports
       21 port bits
      248 submodules
       98   SB_CARRY
       74   SB_DFFER
        7   SB_DFFR
        2   SB_DFFS
       67   SB_LUT4

=== design hierarchy ===

        +----------Count including submodules.
        | 
        - ir_decoder

        +----------Count including submodules.
        | 
      163 wires
      345 wire bits
      163 public wires
      345 public wire bits
        7 ports
       21 port bits
        - memories
        - memory bits
        - processes
        - cells
      248 submodules
       98   SB_CARRY
       74   SB_DFFER
        7   SB_DFFR
        2   SB_DFFS
       67   SB_LUT4

3.49. Executing CHECK pass (checking for obvious problems).
Checking module ir_decoder...
Found and reported 0 problems.

3.50. Executing JSON backend.

4. Printing statistics.

=== ir_decoder ===

        +----------Local Count, excluding submodules.
        | 
      163 wires
      345 wire bits
      163 public wires
      345 public wire bits
        7 ports
       21 port bits
      248 cells
       98   SB_CARRY
       74   SB_DFFER
        7   SB_DFFR
        2   SB_DFFS
       67   SB_LUT4

End of script. Logfile hash: f5bcb7bd33
Yosys 0.64+68 (git sha1 413169663-dirty, x86_64-w64-mingw32-g++ 13.2.1 -O3)
Time spent: 1% 26x opt_expr (0 sec), 1% 23x opt_clean (0 sec), ...

--- STDERR ---
