Copyright 1986-2022 Xilinx, Inc. All Rights Reserved. Copyright 2022-2025 Advanced Micro Devices, Inc. All Rights Reserved.
----------------------------------------------------------------------------------------------------------------------------------------------
| Tool Version : Vivado v.2025.2 (win64) Build 6299465 Fri Nov 14 19:35:11 GMT 2025
| Date         : Sun Apr 19 13:30:03 2026
| Host         : tcovert running 64-bit major release  (build 9200)
| Command      : report_timing_summary -file C:/Users/tcove/OneDrive/Desktop/Projects/CovertEDA-Examples/vivado_reports/fifo_async_timing.rpt
| Design       : fifo_async
| Device       : 7a35ti-csg324
| Speed File   : -1L  PRODUCTION 1.23 2018-06-13
| Design State : Synthesized
----------------------------------------------------------------------------------------------------------------------------------------------

Timing Summary Report

------------------------------------------------------------------------------------------------
| Timer Settings
| --------------
------------------------------------------------------------------------------------------------

  Enable Multi Corner Analysis               :  Yes
  Enable Pessimism Removal                   :  Yes
  Pessimism Removal Resolution               :  Nearest Common Node
  Enable Input Delay Default Clock           :  No
  Enable Preset / Clear Arcs                 :  No
  Disable Flight Delays                      :  No
  Ignore I/O Paths                           :  No
  Timing Early Launch at Borrowing Latches   :  No
  Borrow Time for Max Delay Exceptions       :  Yes
  Merge Timing Exceptions                    :  Yes
  Inter-SLR Compensation                     :  Conservative

  Corner  Analyze    Analyze    
  Name    Max Paths  Min Paths  
  ------  ---------  ---------  
  Slow    Yes        Yes        
  Fast    Yes        Yes        


------------------------------------------------------------------------------------------------
| Report Methodology
| ------------------
------------------------------------------------------------------------------------------------

No report available as report_methodology has not been run prior. Run report_methodology on the current design for the summary of methodology violations.



check_timing report

Table of Contents
-----------------
1. checking no_clock (0)
2. checking constant_clock (0)
3. checking pulse_width_clock (0)
4. checking unconstrained_internal_endpoints (0)
5. checking no_input_delay (12)
6. checking no_output_delay (10)
7. checking multiple_clock (0)
8. checking generated_clocks (0)
9. checking loops (0)
10. checking partial_input_delay (0)
11. checking partial_output_delay (0)
12. checking latch_loops (0)

1. checking no_clock (0)
------------------------
 There are 0 register/latch pins with no clock.


2. checking constant_clock (0)
------------------------------
 There are 0 register/latch pins with constant_clock.


3. checking pulse_width_clock (0)
---------------------------------
 There are 0 register/latch pins which need pulse_width check


4. checking unconstrained_internal_endpoints (0)
------------------------------------------------
 There are 0 pins that are not constrained for maximum delay.

 There are 0 pins that are not constrained for maximum delay due to constant clock.


5. checking no_input_delay (12)
-------------------------------
 There are 10 input ports with no input delay specified. (HIGH)

 There are 2 input ports with no input delay but user has a false path constraint. (MEDIUM)


6. checking no_output_delay (10)
--------------------------------
 There are 10 ports with no output delay specified. (HIGH)

 There are 0 ports with no output delay but user has a false path constraint

 There are 0 ports with no output delay but with a timing clock defined on it or propagating through it


7. checking multiple_clock (0)
------------------------------
 There are 0 register/latch pins with multiple clocks.


8. checking generated_clocks (0)
--------------------------------
 There are 0 generated clocks that are not connected to a clock source.


9. checking loops (0)
---------------------
 There are 0 combinational loops in the design.


10. checking partial_input_delay (0)
------------------------------------
 There are 0 input ports with partial input delay specified.


11. checking partial_output_delay (0)
-------------------------------------
 There are 0 ports with partial output delay specified.


12. checking latch_loops (0)
----------------------------
 There are 0 combinational latch loops in the design through latch input



------------------------------------------------------------------------------------------------
| Design Timing Summary
| ---------------------
------------------------------------------------------------------------------------------------

    WNS(ns)      TNS(ns)  TNS Failing Endpoints  TNS Total Endpoints      WHS(ns)      THS(ns)  THS Failing Endpoints  THS Total Endpoints     WPWS(ns)     TPWS(ns)  TPWS Failing Endpoints  TPWS Total Endpoints  
    -------      -------  ---------------------  -------------------      -------      -------  ---------------------  -------------------     --------     --------  ----------------------  --------------------  
      6.337        0.000                      0                  158        0.151        0.000                      0                  158        4.500        0.000                       0                   160  


All user specified timing constraints are met.


------------------------------------------------------------------------------------------------
| Clock Summary
| -------------
------------------------------------------------------------------------------------------------

Clock   Waveform(ns)       Period(ns)      Frequency(MHz)
-----   ------------       ----------      --------------
rd_clk  {0.000 6.250}      12.500          80.000          
wr_clk  {0.000 5.000}      10.000          100.000         


------------------------------------------------------------------------------------------------
| Intra Clock Table
| -----------------
------------------------------------------------------------------------------------------------

Clock             WNS(ns)      TNS(ns)  TNS Failing Endpoints  TNS Total Endpoints      WHS(ns)      THS(ns)  THS Failing Endpoints  THS Total Endpoints     WPWS(ns)     TPWS(ns)  TPWS Failing Endpoints  TPWS Total Endpoints  
-----             -------      -------  ---------------------  -------------------      -------      -------  ---------------------  -------------------     --------     --------  ----------------------  --------------------  
rd_clk              8.946        0.000                      0                   15        0.151        0.000                      0                   15        5.750        0.000                       0                    16  
wr_clk              6.337        0.000                      0                  143        0.153        0.000                      0                  143        4.500        0.000                       0                   144  


------------------------------------------------------------------------------------------------
| Inter Clock Table
| -----------------
------------------------------------------------------------------------------------------------

From Clock    To Clock          WNS(ns)      TNS(ns)  TNS Failing Endpoints  TNS Total Endpoints      WHS(ns)      THS(ns)  THS Failing Endpoints  THS Total Endpoints  
----------    --------          -------      -------  ---------------------  -------------------      -------      -------  ---------------------  -------------------  


------------------------------------------------------------------------------------------------
| Other Path Groups Table
| -----------------------
------------------------------------------------------------------------------------------------

Path Group    From Clock    To Clock          WNS(ns)      TNS(ns)  TNS Failing Endpoints  TNS Total Endpoints      WHS(ns)      THS(ns)  THS Failing Endpoints  THS Total Endpoints  
----------    ----------    --------          -------      -------  ---------------------  -------------------      -------      -------  ---------------------  -------------------  


------------------------------------------------------------------------------------------------
| Timing Details
| --------------
------------------------------------------------------------------------------------------------


---------------------------------------------------------------------------------------------------
From Clock:  rd_clk
  To Clock:  rd_clk

Setup :            0  Failing Endpoints,  Worst Slack        8.946ns,  Total Violation        0.000ns
Hold  :            0  Failing Endpoints,  Worst Slack        0.151ns,  Total Violation        0.000ns
PW    :            0  Failing Endpoints,  Worst Slack        5.750ns,  Total Violation        0.000ns
---------------------------------------------------------------------------------------------------


Max Delay Paths
--------------------------------------------------------------------------------------
Slack (MET) :             8.946ns  (required time - arrival time)
  Source:                 rd_ptr_bin_reg[1]/C
                            (rising edge-triggered cell FDCE clocked by rd_clk  {rise@0.000ns fall@6.250ns period=12.500ns})
  Destination:            rd_ptr_bin_reg[0]/CE
                            (rising edge-triggered cell FDCE clocked by rd_clk  {rise@0.000ns fall@6.250ns period=12.500ns})
  Path Group:             rd_clk
  Path Type:              Setup (Max at Slow Process Corner)
  Requirement:            12.500ns  (rd_clk rise@12.500ns - rd_clk rise@0.000ns)
  Data Path Delay:        3.172ns  (logic 0.875ns (27.585%)  route 2.297ns (72.415%))
  Logic Levels:           2  (LUT5=1 LUT6=1)
  Clock Path Skew:        -0.145ns (DCD - SCD + CPR)
    Destination Clock Delay (DCD):    2.698ns = ( 15.198 - 12.500 ) 
    Source Clock Delay      (SCD):    2.958ns
    Clock Pessimism Removal (CPR):    0.116ns
  Clock Uncertainty:      0.035ns  ((TSJ^2 + TIJ^2)^1/2 + DJ) / 2 + PE
    Total System Jitter     (TSJ):    0.071ns
    Total Input Jitter      (TIJ):    0.000ns
    Discrete Jitter          (DJ):    0.000ns
    Phase Error              (PE):    0.000ns

    Location             Delay type                Incr(ns)  Path(ns)    Netlist Resource(s)
  -------------------------------------------------------------------    -------------------
                         (clock rd_clk rise edge)     0.000     0.000 r  
    H16                                               0.000     0.000 r  rd_clk (IN)
                         net (fo=0)                   0.000     0.000    rd_clk
    H16                  IBUF (Prop_ibuf_I_O)         1.479     1.479 r  rd_clk_IBUF_inst/O
                         net (fo=1, unplaced)         0.800     2.278    rd_clk_IBUF
                         BUFG (Prop_bufg_I_O)         0.096     2.374 r  rd_clk_IBUF_BUFG_inst/O
                         net (fo=15, unplaced)        0.584     2.958    rd_clk_IBUF_BUFG
                         FDCE                                         r  rd_ptr_bin_reg[1]/C
  -------------------------------------------------------------------    -------------------
                         FDCE (Prop_fdce_C_Q)         0.456     3.414 r  rd_ptr_bin_reg[1]/Q
                         net (fo=40, unplaced)        0.883     4.297    rd_ptr_bin_reg__0[1]
                         LUT5 (Prop_lut5_I0_O)        0.295     4.592 f  empty_OBUF_inst_i_3/O
                         net (fo=2, unplaced)         0.913     5.505    empty_OBUF_inst_i_3_n_0
                         LUT6 (Prop_lut6_I3_O)        0.124     5.629 r  rd_ptr_bin[4]_i_1/O
                         net (fo=5, unplaced)         0.501     6.130    rd_ptr_bin0
                         FDCE                                         r  rd_ptr_bin_reg[0]/CE
  -------------------------------------------------------------------    -------------------

                         (clock rd_clk rise edge)    12.500    12.500 r  
    H16                                               0.000    12.500 r  rd_clk (IN)
                         net (fo=0)                   0.000    12.500    rd_clk
    H16                  IBUF (Prop_ibuf_I_O)         1.408    13.908 r  rd_clk_IBUF_inst/O
                         net (fo=1, unplaced)         0.760    14.668    rd_clk_IBUF
                         BUFG (Prop_bufg_I_O)         0.091    14.759 r  rd_clk_IBUF_BUFG_inst/O
                         net (fo=15, unplaced)        0.439    15.198    rd_clk_IBUF_BUFG
                         FDCE                                         r  rd_ptr_bin_reg[0]/C
                         clock pessimism              0.116    15.313    
                         clock uncertainty           -0.035    15.278    
                         FDCE (Setup_fdce_C_CE)      -0.202    15.076    rd_ptr_bin_reg[0]
  -------------------------------------------------------------------
                         required time                         15.076    
                         arrival time                          -6.130    
  -------------------------------------------------------------------
                         slack                                  8.946    





Min Delay Paths
--------------------------------------------------------------------------------------
Slack (MET) :             0.151ns  (arrival time - required time)
  Source:                 rd_ptr_bin_reg[4]/C
                            (rising edge-triggered cell FDCE clocked by rd_clk  {rise@0.000ns fall@6.250ns period=12.500ns})
  Destination:            rd_ptr_bin_reg[4]/D
                            (rising edge-triggered cell FDCE clocked by rd_clk  {rise@0.000ns fall@6.250ns period=12.500ns})
  Path Group:             rd_clk
  Path Type:              Hold (Min at Fast Process Corner)
  Requirement:            0.000ns  (rd_clk rise@0.000ns - rd_clk rise@0.000ns)
  Data Path Delay:        0.387ns  (logic 0.242ns (62.600%)  route 0.145ns (37.400%))
  Logic Levels:           1  (LUT5=1)
  Clock Path Skew:        0.145ns (DCD - SCD - CPR)
    Destination Clock Delay (DCD):    1.077ns
    Source Clock Delay      (SCD):    0.724ns
    Clock Pessimism Removal (CPR):    0.209ns

    Location             Delay type                Incr(ns)  Path(ns)    Netlist Resource(s)
  -------------------------------------------------------------------    -------------------
                         (clock rd_clk rise edge)     0.000     0.000 r  
    H16                                               0.000     0.000 r  rd_clk (IN)
                         net (fo=0)                   0.000     0.000    rd_clk
    H16                  IBUF (Prop_ibuf_I_O)         0.247     0.247 r  rd_clk_IBUF_inst/O
                         net (fo=1, unplaced)         0.337     0.584    rd_clk_IBUF
                         BUFG (Prop_bufg_I_O)         0.026     0.610 r  rd_clk_IBUF_BUFG_inst/O
                         net (fo=15, unplaced)        0.114     0.724    rd_clk_IBUF_BUFG
                         FDCE                                         r  rd_ptr_bin_reg[4]/C
  -------------------------------------------------------------------    -------------------
                         FDCE (Prop_fdce_C_Q)         0.141     0.865 r  rd_ptr_bin_reg[4]/Q
                         net (fo=6, unplaced)         0.145     1.009    rd_ptr_bin_reg[4]
                         LUT5 (Prop_lut5_I4_O)        0.101     1.110 r  rd_ptr_bin[4]_i_2/O
                         net (fo=1, unplaced)         0.000     1.110    p_0_in__0[4]
                         FDCE                                         r  rd_ptr_bin_reg[4]/D
  -------------------------------------------------------------------    -------------------

                         (clock rd_clk rise edge)     0.000     0.000 r  
    H16                                               0.000     0.000 r  rd_clk (IN)
                         net (fo=0)                   0.000     0.000    rd_clk
    H16                  IBUF (Prop_ibuf_I_O)         0.434     0.434 r  rd_clk_IBUF_inst/O
                         net (fo=1, unplaced)         0.355     0.789    rd_clk_IBUF
                         BUFG (Prop_bufg_I_O)         0.029     0.818 r  rd_clk_IBUF_BUFG_inst/O
                         net (fo=15, unplaced)        0.259     1.077    rd_clk_IBUF_BUFG
                         FDCE                                         r  rd_ptr_bin_reg[4]/C
                         clock pessimism             -0.209     0.869    
                         FDCE (Hold_fdce_C_D)         0.091     0.960    rd_ptr_bin_reg[4]
  -------------------------------------------------------------------
                         required time                         -0.960    
                         arrival time                           1.110    
  -------------------------------------------------------------------
                         slack                                  0.151    





Pulse Width Checks
--------------------------------------------------------------------------------------
Clock Name:         rd_clk
Waveform(ns):       { 0.000 6.250 }
Period(ns):         12.500
Sources:            { rd_clk }

Check Type        Corner  Lib Pin  Reference Pin  Required(ns)  Actual(ns)  Slack(ns)  Location  Pin
Min Period        n/a     BUFG/I   n/a            2.155         12.500      10.345               rd_clk_IBUF_BUFG_inst/I
Low Pulse Width   Slow    FDCE/C   n/a            0.500         6.250       5.750                rd_ptr_bin_reg[0]/C
High Pulse Width  Slow    FDCE/C   n/a            0.500         6.250       5.750                rd_ptr_bin_reg[0]/C



---------------------------------------------------------------------------------------------------
From Clock:  wr_clk
  To Clock:  wr_clk

Setup :            0  Failing Endpoints,  Worst Slack        6.337ns,  Total Violation        0.000ns
Hold  :            0  Failing Endpoints,  Worst Slack        0.153ns,  Total Violation        0.000ns
PW    :            0  Failing Endpoints,  Worst Slack        4.500ns,  Total Violation        0.000ns
---------------------------------------------------------------------------------------------------


Max Delay Paths
--------------------------------------------------------------------------------------
Slack (MET) :             6.337ns  (required time - arrival time)
  Source:                 rd_ptr_gray_sync2_reg[4]/C
                            (rising edge-triggered cell FDCE clocked by wr_clk  {rise@0.000ns fall@5.000ns period=10.000ns})
  Destination:            wr_ptr_bin_reg[0]/CE
                            (rising edge-triggered cell FDCE clocked by wr_clk  {rise@0.000ns fall@5.000ns period=10.000ns})
  Path Group:             wr_clk
  Path Type:              Setup (Max at Slow Process Corner)
  Requirement:            10.000ns  (wr_clk rise@10.000ns - wr_clk rise@0.000ns)
  Data Path Delay:        3.281ns  (logic 0.875ns (26.669%)  route 2.406ns (73.331%))
  Logic Levels:           2  (LUT6=2)
  Clock Path Skew:        -0.145ns (DCD - SCD + CPR)
    Destination Clock Delay (DCD):    2.708ns = ( 12.708 - 10.000 ) 
    Source Clock Delay      (SCD):    2.969ns
    Clock Pessimism Removal (CPR):    0.116ns
  Clock Uncertainty:      0.035ns  ((TSJ^2 + TIJ^2)^1/2 + DJ) / 2 + PE
    Total System Jitter     (TSJ):    0.071ns
    Total Input Jitter      (TIJ):    0.000ns
    Discrete Jitter          (DJ):    0.000ns
    Phase Error              (PE):    0.000ns

    Location             Delay type                Incr(ns)  Path(ns)    Netlist Resource(s)
  -------------------------------------------------------------------    -------------------
                         (clock wr_clk rise edge)     0.000     0.000 r  
    E3                                                0.000     0.000 r  wr_clk (IN)
                         net (fo=0)                   0.000     0.000    wr_clk
    E3                   IBUF (Prop_ibuf_I_O)         1.489     1.489 r  wr_clk_IBUF_inst/O
                         net (fo=1, unplaced)         0.800     2.289    wr_clk_IBUF
                         BUFG (Prop_bufg_I_O)         0.096     2.385 r  wr_clk_IBUF_BUFG_inst/O
                         net (fo=143, unplaced)       0.584     2.969    wr_clk_IBUF_BUFG
                         FDCE                                         r  rd_ptr_gray_sync2_reg[4]/C
  -------------------------------------------------------------------    -------------------
                         FDCE (Prop_fdce_C_Q)         0.456     3.425 r  rd_ptr_gray_sync2_reg[4]/Q
                         net (fo=8, unplaced)         1.003     4.428    rd_ptr_gray_sync2[4]
                         LUT6 (Prop_lut6_I0_O)        0.295     4.723 r  wr_ptr_bin[4]_i_4/O
                         net (fo=1, unplaced)         0.902     5.625    wr_ptr_bin[4]_i_4_n_0
                         LUT6 (Prop_lut6_I1_O)        0.124     5.749 r  wr_ptr_bin[4]_i_1/O
                         net (fo=5, unplaced)         0.501     6.250    wr_ptr_bin0
                         FDCE                                         r  wr_ptr_bin_reg[0]/CE
  -------------------------------------------------------------------    -------------------

                         (clock wr_clk rise edge)    10.000    10.000 r  
    E3                                                0.000    10.000 r  wr_clk (IN)
                         net (fo=0)                   0.000    10.000    wr_clk
    E3                   IBUF (Prop_ibuf_I_O)         1.418    11.418 r  wr_clk_IBUF_inst/O
                         net (fo=1, unplaced)         0.760    12.178    wr_clk_IBUF
                         BUFG (Prop_bufg_I_O)         0.091    12.269 r  wr_clk_IBUF_BUFG_inst/O
                         net (fo=143, unplaced)       0.439    12.708    wr_clk_IBUF_BUFG
                         FDCE                                         r  wr_ptr_bin_reg[0]/C
                         clock pessimism              0.116    12.824    
                         clock uncertainty           -0.035    12.788    
                         FDCE (Setup_fdce_C_CE)      -0.202    12.586    wr_ptr_bin_reg[0]
  -------------------------------------------------------------------
                         required time                         12.586    
                         arrival time                          -6.250    
  -------------------------------------------------------------------
                         slack                                  6.337    





Min Delay Paths
--------------------------------------------------------------------------------------
Slack (MET) :             0.153ns  (arrival time - required time)
  Source:                 wr_ptr_bin_reg[3]/C
                            (rising edge-triggered cell FDCE clocked by wr_clk  {rise@0.000ns fall@5.000ns period=10.000ns})
  Destination:            wr_ptr_bin_reg[3]/D
                            (rising edge-triggered cell FDCE clocked by wr_clk  {rise@0.000ns fall@5.000ns period=10.000ns})
  Path Group:             wr_clk
  Path Type:              Hold (Min at Fast Process Corner)
  Requirement:            0.000ns  (wr_clk rise@0.000ns - wr_clk rise@0.000ns)
  Data Path Delay:        0.389ns  (logic 0.239ns (61.363%)  route 0.150ns (38.637%))
  Logic Levels:           1  (LUT4=1)
  Clock Path Skew:        0.145ns (DCD - SCD - CPR)
    Destination Clock Delay (DCD):    1.087ns
    Source Clock Delay      (SCD):    0.734ns
    Clock Pessimism Removal (CPR):    0.209ns

    Location             Delay type                Incr(ns)  Path(ns)    Netlist Resource(s)
  -------------------------------------------------------------------    -------------------
                         (clock wr_clk rise edge)     0.000     0.000 r  
    E3                                                0.000     0.000 r  wr_clk (IN)
                         net (fo=0)                   0.000     0.000    wr_clk
    E3                   IBUF (Prop_ibuf_I_O)         0.257     0.257 r  wr_clk_IBUF_inst/O
                         net (fo=1, unplaced)         0.337     0.594    wr_clk_IBUF
                         BUFG (Prop_bufg_I_O)         0.026     0.620 r  wr_clk_IBUF_BUFG_inst/O
                         net (fo=143, unplaced)       0.114     0.734    wr_clk_IBUF_BUFG
                         FDCE                                         r  wr_ptr_bin_reg[3]/C
  -------------------------------------------------------------------    -------------------
                         FDCE (Prop_fdce_C_Q)         0.141     0.875 r  wr_ptr_bin_reg[3]/Q
                         net (fo=11, unplaced)        0.150     1.025    wr_ptr_bin_reg__0[3]
                         LUT4 (Prop_lut4_I3_O)        0.098     1.123 r  wr_ptr_bin[3]_i_1/O
                         net (fo=1, unplaced)         0.000     1.123    p_0_in[3]
                         FDCE                                         r  wr_ptr_bin_reg[3]/D
  -------------------------------------------------------------------    -------------------

                         (clock wr_clk rise edge)     0.000     0.000 r  
    E3                                                0.000     0.000 r  wr_clk (IN)
                         net (fo=0)                   0.000     0.000    wr_clk
    E3                   IBUF (Prop_ibuf_I_O)         0.445     0.445 r  wr_clk_IBUF_inst/O
                         net (fo=1, unplaced)         0.355     0.799    wr_clk_IBUF
                         BUFG (Prop_bufg_I_O)         0.029     0.828 r  wr_clk_IBUF_BUFG_inst/O
                         net (fo=143, unplaced)       0.259     1.087    wr_clk_IBUF_BUFG
                         FDCE                                         r  wr_ptr_bin_reg[3]/C
                         clock pessimism             -0.209     0.879    
                         FDCE (Hold_fdce_C_D)         0.091     0.970    wr_ptr_bin_reg[3]
  -------------------------------------------------------------------
                         required time                         -0.970    
                         arrival time                           1.123    
  -------------------------------------------------------------------
                         slack                                  0.153    





Pulse Width Checks
--------------------------------------------------------------------------------------
Clock Name:         wr_clk
Waveform(ns):       { 0.000 5.000 }
Period(ns):         10.000
Sources:            { wr_clk }

Check Type        Corner  Lib Pin  Reference Pin  Required(ns)  Actual(ns)  Slack(ns)  Location  Pin
Min Period        n/a     BUFG/I   n/a            2.155         10.000      7.845                wr_clk_IBUF_BUFG_inst/I
Low Pulse Width   Slow    FDRE/C   n/a            0.500         5.000       4.500                mem_reg[0][0]/C
High Pulse Width  Slow    FDRE/C   n/a            0.500         5.000       4.500                mem_reg[0][0]/C



