Info: *******************************************************************
Info: Running Quartus Prime Shell
    Info: Version 25.3.0 Build 109 09/24/2025 SC Pro Edition
    Info: Copyright (C) 2025  Altera Corporation. All rights reserved.
    Info: Your use of Altera Corporation's design tools, logic functions 
    Info: and other software and tools, and any partner logic 
    Info: functions, and any output files from any of the foregoing 
    Info: (including device programming or simulation files), and any 
    Info: associated documentation or information are expressly subject 
    Info: to the terms and conditions of the Altera Program License 
    Info: Subscription Agreement, the Altera Quartus Prime License Agreement,
    Info: the Altera IP License Agreement, or other applicable license
    Info: agreement, including, without limitation, that your use is for
    Info: the sole purpose of programming logic devices manufactured by
    Info: Altera and sold by Altera or its authorized distributors.  Please
    Info: refer to the Altera Software License Subscription Agreements 
    Info: on the Quartus Prime software download page.
    Info: Processing started: Fri Apr 24 13:21:03 2026
    Info: System process ID: 21180
Info: Command: quartus_sh -t run_flow.tcl
Info: *******************************************************************
Info: Running Quartus Prime Synthesis
    Info: Version 25.3.0 Build 109 09/24/2025 SC Pro Edition
    Info: Processing started: Fri Apr 24 13:21:04 2026
    Info: System process ID: 27012
Info: Command: quartus_syn --read_settings_files=on --write_settings_files=off nios_hello -c nios_hello --dni
Info: qis_default_flow_script.tcl version: #2
Info: Initializing Synthesis...
Info: Project = "nios_hello"
Info: Revision = "nios_hello"
Info (21958): Initialized Quartus Message Database
Info: Analyzing source files
Info: Elaborating from top-level entity "nios_top"
Warning (16788): Net "nios_address[15]" does not have a driver at nios_top.v(19) File: C:/Users/tcove/OneDrive/Desktop/Projects/CovertEDA-Examples/quartus/nios_hello/.build/nios_top.v Line: 19
Warning (16788): Net "nios_writedata[7]" does not have a driver at nios_top.v(20) File: C:/Users/tcove/OneDrive/Desktop/Projects/CovertEDA-Examples/quartus/nios_hello/.build/nios_top.v Line: 20
Warning (16788): Net "nios_write" does not have a driver at nios_top.v(23) File: C:/Users/tcove/OneDrive/Desktop/Projects/CovertEDA-Examples/quartus/nios_hello/.build/nios_top.v Line: 23
Info: Found 3 design entities
Info: There are 3 partitions after elaboration.
Info: DA report generation in native DNI mode
Info (21615): Running Design Assistant Rules for snapshot 'partitioned'
Info: No waiver waived any violations
Info (22360): Design Assistant Results: 3 of 3 enabled rules passed, and 0 rules was disabled, in snapshot 'partitioned'
Info (21622): Design Assistant Results: 0 of 3 Low severity rules issued violations in snapshot 'partitioned'
Info: Synthesizing partition "root_partition"
Warning (13024): Output pins are stuck at VCC or GND
    Warning (13410): Pin "led_output[0..7]" is stuck at GND File: C:/Users/tcove/OneDrive/Desktop/Projects/CovertEDA-Examples/quartus/nios_hello/.build/nios_top.v Line: 8
    Warning (13410): Pin "seg_output[0..7]" is stuck at GND File: C:/Users/tcove/OneDrive/Desktop/Projects/CovertEDA-Examples/quartus/nios_hello/.build/nios_top.v Line: 9
Warning (24566): Tri-state buffers with data GND converted to open-drain buffers. See report panel "Tri-State Buffers Converted to Open-Drain" for details.
Info (21057): Implemented 35 device resources after synthesis - the final resource count might be different
    Info (21058): Implemented 10 input pins
    Info (21059): Implemented 16 output pins
    Info (21060): Implemented 8 bidirectional pins
    Info (21061): Implemented 1 logic cells
Info: Successfully synthesized partition
Info: Saving post-synthesis snapshots for 1 partition(s)
Info: Quartus Prime Synthesis was successful. 0 errors, 4 warnings
    Info: Peak virtual memory: 800 megabytes
    Info: Processing ended: Fri Apr 24 13:21:13 2026
    Info: Elapsed time: 00:00:09
    Info: System process ID: 27012
Info (23030): Evaluation of Tcl script run_flow.tcl was successful
Info: Quartus Prime Shell was successful. 0 errors, 7 warnings
    Info: Peak virtual memory: 451 megabytes
    Info: Processing ended: Fri Apr 24 13:21:13 2026
    Info: Elapsed time: 00:00:10
    Info: System process ID: 21180

--- STDERR ---
