Synthesis Analysis & Elaboration Stage Report for nios_hello
Fri Apr 24 13:21:07 2026
Quartus Prime Version 25.3.0 Build 109 09/24/2025 SC Pro Edition


---------------------
; Table of Contents ;
---------------------
  1. Legal Notice
  2. Top Causes of Logic Optimized Away During Sweep
  3. Analysis & Elaboration Messages



----------------
; Legal Notice ;
----------------
Copyright (C) 2025  Altera Corporation. All rights reserved.
Your use of Altera Corporation's design tools, logic functions 
and other software and tools, and any partner logic 
functions, and any output files from any of the foregoing 
(including device programming or simulation files), and any 
associated documentation or information are expressly subject 
to the terms and conditions of the Altera Program License 
Subscription Agreement, the Altera Quartus Prime License Agreement,
the Altera IP License Agreement, or other applicable license
agreement, including, without limitation, that your use is for
the sole purpose of programming logic devices manufactured by
Altera and sold by Altera or its authorized distributors.  Please
refer to the Altera Software License Subscription Agreements 
on the Quartus Prime software download page.



Top root causes of logic optimization that have been identified during sweep. For more details and filtering options, ensure that you have compiled with the "Enable RTL Analysis Debug Mode " setting turned on under Assignments->Settings->Compiler Settings, then go to the " Root Causes Tab " in the " Sweep Hints Viewer " tool in the " RTL Analyzer ".
+-----------------------------------------------------------------------------------------------------------+
; Top Causes of Logic Optimized Away During Sweep                                                           ;
+----------------------------+------------------+-------------------------------------+---------------------+
; Root Object Path           ; Root Object Type ; Root Reason                         ; Swept Objects Count ;
+----------------------------+------------------+-------------------------------------+---------------------+
; nios_write                 ; NET              ; undriven net set to default value 0 ; 68                  ;
; nios_address[0]            ; NET              ; undriven net set to default value 0 ; 9                   ;
; gpio_controller|data_in[7] ; OUTPUT_INST_PORT ; lost_fanout                         ; 5                   ;
; nios_address[2]            ; NET              ; undriven net set to default value 0 ; 2                   ;
; nios_address[3]            ; NET              ; undriven net set to default value 0 ; 2                   ;
; gpio_controller|data_in[6] ; OUTPUT_INST_PORT ; lost_fanout                         ; 2                   ;
; gpio_controller|data_in[5] ; OUTPUT_INST_PORT ; lost_fanout                         ; 2                   ;
; gpio_controller|data_in[4] ; OUTPUT_INST_PORT ; lost_fanout                         ; 2                   ;
; gpio_controller|data_in[3] ; OUTPUT_INST_PORT ; lost_fanout                         ; 2                   ;
; gpio_controller|data_in[2] ; OUTPUT_INST_PORT ; lost_fanout                         ; 2                   ;
+----------------------------+------------------+-------------------------------------+---------------------+
Table limited at 10 items. To change the number of top root causes reported, set the "Number of Top Root Causes Reported in Synthesis Report " option under Assignments->Settings->Compiler Settings->Advanced Settings (Synthesis)


+---------------------------------+
; Analysis & Elaboration Messages ;
+---------------------------------+
Info: *******************************************************************
Info: Running Quartus Prime Synthesis
    Info: Version 25.3.0 Build 109 09/24/2025 SC Pro Edition
    Info: Processing started: Fri Apr 24 13:21:04 2026
    Info: System process ID: 27012
Info: Command: quartus_syn --read_settings_files=on --write_settings_files=off nios_hello -c nios_hello --dni
Info: qis_default_flow_script.tcl version: #2
Info: Initializing Synthesis...
Info: Project = "nios_hello"
Info: Revision = "nios_hello"
Info (21958): Initialized Quartus Message Database
Info: Analyzing source files
Info: Elaborating from top-level entity "nios_top"
Warning (16788): Net "nios_address[15]" does not have a driver at nios_top.v(19) File: C:/Users/tcove/OneDrive/Desktop/Projects/CovertEDA-Examples/quartus/nios_hello/.build/nios_top.v Line: 19
Warning (16788): Net "nios_writedata[7]" does not have a driver at nios_top.v(20) File: C:/Users/tcove/OneDrive/Desktop/Projects/CovertEDA-Examples/quartus/nios_hello/.build/nios_top.v Line: 20
Warning (16788): Net "nios_write" does not have a driver at nios_top.v(23) File: C:/Users/tcove/OneDrive/Desktop/Projects/CovertEDA-Examples/quartus/nios_hello/.build/nios_top.v Line: 23
Info: Found 3 design entities
Info: There are 3 partitions after elaboration.
Info: DA report generation in native DNI mode
Info (21615): Running Design Assistant Rules for snapshot 'partitioned'
Info: No waiver waived any violations
Info (22360): Design Assistant Results: 3 of 3 enabled rules passed, and 0 rules was disabled, in snapshot 'partitioned'
Info (21622): Design Assistant Results: 0 of 3 Low severity rules issued violations in snapshot 'partitioned'


