===============================================================================
                         PAD REPORT
===============================================================================

Device: MPF300T-1FCG484I
Package: FCG484
Design: blinky_top
Date: 2026-03-21

===============================================================================
                      PAD ASSIGNMENTS
===============================================================================

Signal         | Pad Name | Bank | I/O Std    | Direction | Drive | Slew
---------------+----------+------+------------+-----------+-------+------
clk            | P19      |  1   | LVCMOS33   | Input     |   -   |  -
rst_n          | R1       |  1   | LVCMOS33   | Input     |   -   |  -
led            | T2       |  2   | LVCMOS33   | Output    |   8mA | SLOW

===============================================================================
                        BANK INFORMATION
===============================================================================

Bank | Supply Voltage | I/O Standards      | Pads Used | Pads Available
-----+----------------+--------------------+-----------+----------------
  1  | 3.3V           | LVCMOS33           |     2     |       54
  2  | 3.3V           | LVCMOS33           |     1     |       54

===============================================================================
                    PAD ELECTRICAL PARAMETERS
===============================================================================

Signal | Pad  | Bank | Pull-Up | Pull-Down | Slew Rate | Drive Strength
-------|------|------|---------|-----------|-----------|---------------
led    | T2   |  2   | None    | None      | Slow      | 8mA
clk    | P19  |  1   | None    | None      | N/A       | Input
rst_n  | R1   |  1   | None    | None      | N/A       | Input

===============================================================================
                    DIFFERENTIAL PAIRS
===============================================================================

No differential pairs assigned.

===============================================================================
                       CLOCK PAD ANALYSIS
===============================================================================

Clock Signal | Pad  | Bank | Global Clock | Slew Rate
-------------|------|------|--------------|----------
clk          | P19  |  1   | Yes          | Standard

Clock Skew Analysis:
  Max Skew:   0.12 ns
  Min Skew:   0.08 ns

===============================================================================
                      UNUSED PADS
===============================================================================

Total Pads Available: 432
Total Pads Used:       3
Total Pads Unused:   429

Unused pads are floating. They should be tied to VSS or VDD.

===============================================================================
                    POWER & GROUND PADS
===============================================================================

Supply | Pads | Location
--------|------|-------------
VDD    | 32   | Around perimeter
VSS    | 32   | Around perimeter

===============================================================================
                         END OF REPORT
===============================================================================
