
--- STDERR ---
Info: constrained 'clk' to bel 'X12/Y31/io1'
Info: constrained 'rst_n' to bel 'X13/Y31/io1'
Info: constrained 'start' to bel 'X8/Y0/io0'
Info: constrained 'spi_clk' to bel 'X24/Y0/io0'
Info: constrained 'spi_cs_n' to bel 'X24/Y0/io1'
Info: constrained 'spi_mosi' to bel 'X23/Y0/io0'
Info: constrained 'spi_miso' to bel 'X23/Y0/io1'
Warning: IO 'data_valid' is unconstrained in PCF and will be automatically placed
Warning: IO 'data_out[7]' is unconstrained in PCF and will be automatically placed
Warning: IO 'data_out[6]' is unconstrained in PCF and will be automatically placed
Warning: IO 'data_out[5]' is unconstrained in PCF and will be automatically placed
Warning: IO 'data_out[4]' is unconstrained in PCF and will be automatically placed
Warning: IO 'data_out[3]' is unconstrained in PCF and will be automatically placed
Warning: IO 'data_out[2]' is unconstrained in PCF and will be automatically placed
Warning: IO 'data_out[1]' is unconstrained in PCF and will be automatically placed
Warning: IO 'data_out[0]' is unconstrained in PCF and will be automatically placed
Warning: IO 'busy' is unconstrained in PCF and will be automatically placed
Warning: IO 'address[23]' is unconstrained in PCF and will be automatically placed
Warning: IO 'address[22]' is unconstrained in PCF and will be automatically placed
Warning: IO 'address[21]' is unconstrained in PCF and will be automatically placed
Warning: IO 'address[20]' is unconstrained in PCF and will be automatically placed
Warning: IO 'address[19]' is unconstrained in PCF and will be automatically placed
Warning: IO 'address[18]' is unconstrained in PCF and will be automatically placed
Warning: IO 'address[17]' is unconstrained in PCF and will be automatically placed
Warning: IO 'address[16]' is unconstrained in PCF and will be automatically placed
Warning: IO 'address[15]' is unconstrained in PCF and will be automatically placed
Warning: IO 'address[14]' is unconstrained in PCF and will be automatically placed
Warning: IO 'address[13]' is unconstrained in PCF and will be automatically placed
Warning: IO 'address[12]' is unconstrained in PCF and will be automatically placed
Warning: IO 'address[11]' is unconstrained in PCF and will be automatically placed
Warning: IO 'address[10]' is unconstrained in PCF and will be automatically placed
Warning: IO 'address[9]' is unconstrained in PCF and will be automatically placed
Warning: IO 'address[8]' is unconstrained in PCF and will be automatically placed
Warning: IO 'address[7]' is unconstrained in PCF and will be automatically placed
Warning: IO 'address[6]' is unconstrained in PCF and will be automatically placed
Warning: IO 'address[5]' is unconstrained in PCF and will be automatically placed
Warning: IO 'address[4]' is unconstrained in PCF and will be automatically placed
Warning: IO 'address[3]' is unconstrained in PCF and will be automatically placed
Warning: IO 'address[2]' is unconstrained in PCF and will be automatically placed
Warning: IO 'address[1]' is unconstrained in PCF and will be automatically placed
Warning: IO 'address[0]' is unconstrained in PCF and will be automatically placed

Info: Packing constants..
Info: Packing IOs..
Info: Packing LUT-FFs..
Info:       38 LCs used as LUT4 only
Info:       24 LCs used as LUT4 and DFF
Info: Packing non-LUT FFs..
Info:       18 LCs used as DFF only
Info: Packing carries..
Info:        0 LCs used as CARRY only
Info: Packing indirect carry+LUT pairs...
Info:        0 LUTs merged into carry LCs
Info: Packing RAMs..
Info: Placing PLLs..
Info: Packing special functions..
Info: Packing PLLs..
Info: Promoting globals..
Info: promoting clk$SB_IO_IN (fanout 42)
Info: promoting rst_n_SB_LUT4_I3_O [reset] (fanout 42)
Info: Constraining chains...
Info:        2 LCs used to legalise carry chains.
Info: Checksum: 0x20b47a39

Info: Device utilisation:
Info: 	         ICESTORM_LC:      84/   5280     1%
Info: 	        ICESTORM_RAM:       0/     30     0%
Info: 	               SB_IO:      41/     39   105%
Info: 	               SB_GB:       2/      8    25%
Info: 	        ICESTORM_PLL:       0/      1     0%
Info: 	         SB_WARMBOOT:       0/      1     0%
Info: 	        ICESTORM_DSP:       0/      8     0%
Info: 	      ICESTORM_HFOSC:       0/      1     0%
Info: 	      ICESTORM_LFOSC:       0/      1     0%
Info: 	              SB_I2C:       0/      2     0%
Info: 	              SB_SPI:       0/      2     0%
Info: 	              IO_I3C:       0/      2     0%
Info: 	         SB_LEDDA_IP:       0/      1     0%
Info: 	         SB_RGBA_DRV:       0/      1     0%
Info: 	      ICESTORM_SPRAM:       0/      4     0%

Info: Placed 7 cells based on constraints.
ERROR: Unable to find a placement location for cell 'address[1]$sb_io'
34 warnings, 1 error
