
 /----------------------------------------------------------------------------\
 |  yosys -- Yosys Open SYnthesis Suite                                       |
 |  Copyright (C) 2012 - 2026  Claire Xenia Wolf <claire@yosyshq.com>         |
 |  Distributed under an ISC-like license, type "license" to see terms        |
 \----------------------------------------------------------------------------/
 Yosys 0.64+68 (git sha1 413169663-dirty, x86_64-w64-mingw32-g++ 13.2.1 -O3)

-- Executing script file `build.ys' --

1. Executing Verilog-2005 frontend: spi_flash_reader.v
Parsing Verilog input from `spi_flash_reader.v' to AST representation.
Generating RTLIL representation for module `\spi_flash_reader'.
Successfully finished Verilog frontend.

2. Executing HIERARCHY pass (managing design hierarchy).

2.1. Analyzing design hierarchy..
Top module:  \spi_flash_reader

2.2. Analyzing design hierarchy..
Top module:  \spi_flash_reader
Removed 0 unused modules.

3. Executing SYNTH_ICE40 pass.

3.1. Executing Verilog-2005 frontend: C:\OSS-CA~1\OSS-CA~1\bin\../share/yosys/ice40/cells_sim.v
Parsing Verilog input from `C:\OSS-CA~1\OSS-CA~1\bin\../share/yosys/ice40/cells_sim.v' to AST representation.
Generating RTLIL representation for module `\SB_IO'.
Generating RTLIL representation for module `\SB_GB_IO'.
Generating RTLIL representation for module `\SB_GB'.
Generating RTLIL representation for module `\SB_LUT4'.
Generating RTLIL representation for module `\SB_CARRY'.
Generating RTLIL representation for module `\SB_DFF'.
Generating RTLIL representation for module `\SB_DFFE'.
Generating RTLIL representation for module `\SB_DFFSR'.
Generating RTLIL representation for module `\SB_DFFR'.
Generating RTLIL representation for module `\SB_DFFSS'.
Generating RTLIL representation for module `\SB_DFFS'.
Generating RTLIL representation for module `\SB_DFFESR'.
Generating RTLIL representation for module `\SB_DFFER'.
Generating RTLIL representation for module `\SB_DFFESS'.
Generating RTLIL representation for module `\SB_DFFES'.
Generating RTLIL representation for module `\SB_DFFN'.
Generating RTLIL representation for module `\SB_DFFNE'.
Generating RTLIL representation for module `\SB_DFFNSR'.
Generating RTLIL representation for module `\SB_DFFNR'.
Generating RTLIL representation for module `\SB_DFFNSS'.
Generating RTLIL representation for module `\SB_DFFNS'.
Generating RTLIL representation for module `\SB_DFFNESR'.
Generating RTLIL representation for module `\SB_DFFNER'.
Generating RTLIL representation for module `\SB_DFFNESS'.
Generating RTLIL representation for module `\SB_DFFNES'.
Generating RTLIL representation for module `\SB_RAM40_4K'.
Generating RTLIL representation for module `\SB_RAM40_4KNR'.
Generating RTLIL representation for module `\SB_RAM40_4KNW'.
Generating RTLIL representation for module `\SB_RAM40_4KNRNW'.
Generating RTLIL representation for module `\ICESTORM_LC'.
Generating RTLIL representation for module `\SB_PLL40_CORE'.
Generating RTLIL representation for module `\SB_PLL40_PAD'.
Generating RTLIL representation for module `\SB_PLL40_2_PAD'.
Generating RTLIL representation for module `\SB_PLL40_2F_CORE'.
Generating RTLIL representation for module `\SB_PLL40_2F_PAD'.
Generating RTLIL representation for module `\SB_WARMBOOT'.
Generating RTLIL representation for module `\SB_SPRAM256KA'.
Generating RTLIL representation for module `\SB_HFOSC'.
Generating RTLIL representation for module `\SB_LFOSC'.
Generating RTLIL representation for module `\SB_RGBA_DRV'.
Generating RTLIL representation for module `\SB_LED_DRV_CUR'.
Generating RTLIL representation for module `\SB_RGB_DRV'.
Generating RTLIL representation for module `\SB_I2C'.
Generating RTLIL representation for module `\SB_SPI'.
Generating RTLIL representation for module `\SB_LEDDA_IP'.
Generating RTLIL representation for module `\SB_FILTER_50NS'.
Generating RTLIL representation for module `\SB_IO_I3C'.
Generating RTLIL representation for module `\SB_IO_OD'.
Generating RTLIL representation for module `\SB_MAC16'.
Generating RTLIL representation for module `\ICESTORM_RAM'.
Successfully finished Verilog frontend.

3.2. Executing HIERARCHY pass (managing design hierarchy).
Attribute `top' found on module `spi_flash_reader'. Setting top module to spi_flash_reader.

3.2.1. Analyzing design hierarchy..
Top module:  \spi_flash_reader

3.2.2. Analyzing design hierarchy..
Top module:  \spi_flash_reader
Removed 0 unused modules.

3.3. Executing PROC pass (convert processes to netlists).

3.3.1. Executing PROC_CLEAN pass (remove empty switches from decision trees).
Cleaned up 0 empty switches.

3.3.2. Executing PROC_RMDEAD pass (remove dead branches from decision trees).
Marked 3 switch rules as full_case in process $proc$spi_flash_reader.v:49$2 in module spi_flash_reader.
Removed a total of 0 dead cases.

3.3.3. Executing PROC_PRUNE pass (remove redundant assignments in processes).
Removed 1 redundant assignment.
Promoted 0 assignments to connections.

3.3.4. Executing PROC_INIT pass (extract init attributes).

3.3.5. Executing PROC_ARST pass (detect async resets in processes).
Found async reset \rst_n in `\spi_flash_reader.$proc$spi_flash_reader.v:49$2'.

3.3.6. Executing PROC_ROM pass (convert switches to ROMs).
Converted 0 switches.
<suppressed ~6 debug messages>

3.3.7. Executing PROC_MUX pass (convert decision trees to multiplexers).
Creating decoders for process `\spi_flash_reader.$proc$spi_flash_reader.v:49$2'.
     1/10: $0\valid_r[0:0]
     2/10: $0\data_r[7:0]
     3/10: $0\mosi_r[0:0]
     4/10: $0\cs_r[0:0]
     5/10: $0\sclk_r[0:0]
     6/10: $0\clk_div[7:0]
     7/10: $0\shift_in[7:0]
     8/10: $0\shift_out[7:0]
     9/10: $0\bit_cnt[5:0]
    10/10: $0\state[2:0]

3.3.8. Executing PROC_DLATCH pass (convert process syncs to latches).

3.3.9. Executing PROC_DFF pass (convert process syncs to FFs).
Creating register for signal `\spi_flash_reader.\state' using process `\spi_flash_reader.$proc$spi_flash_reader.v:49$2'.
  created $adff cell `$procdff$484' with positive edge clock and positive level reset.
Creating register for signal `\spi_flash_reader.\bit_cnt' using process `\spi_flash_reader.$proc$spi_flash_reader.v:49$2'.
  created $adff cell `$procdff$489' with positive edge clock and positive level reset.
Creating register for signal `\spi_flash_reader.\shift_out' using process `\spi_flash_reader.$proc$spi_flash_reader.v:49$2'.
  created $adff cell `$procdff$494' with positive edge clock and positive level reset.
Creating register for signal `\spi_flash_reader.\shift_in' using process `\spi_flash_reader.$proc$spi_flash_reader.v:49$2'.
  created $adff cell `$procdff$499' with positive edge clock and positive level reset.
Creating register for signal `\spi_flash_reader.\clk_div' using process `\spi_flash_reader.$proc$spi_flash_reader.v:49$2'.
  created $adff cell `$procdff$504' with positive edge clock and positive level reset.
Creating register for signal `\spi_flash_reader.\sclk_r' using process `\spi_flash_reader.$proc$spi_flash_reader.v:49$2'.
  created $adff cell `$procdff$509' with positive edge clock and positive level reset.
Creating register for signal `\spi_flash_reader.\cs_r' using process `\spi_flash_reader.$proc$spi_flash_reader.v:49$2'.
  created $adff cell `$procdff$514' with positive edge clock and positive level reset.
Creating register for signal `\spi_flash_reader.\mosi_r' using process `\spi_flash_reader.$proc$spi_flash_reader.v:49$2'.
  created $adff cell `$procdff$519' with positive edge clock and positive level reset.
Creating register for signal `\spi_flash_reader.\data_r' using process `\spi_flash_reader.$proc$spi_flash_reader.v:49$2'.
  created $adff cell `$procdff$524' with positive edge clock and positive level reset.
Creating register for signal `\spi_flash_reader.\valid_r' using process `\spi_flash_reader.$proc$spi_flash_reader.v:49$2'.
  created $adff cell `$procdff$529' with positive edge clock and positive level reset.

3.3.10. Executing PROC_MEMWR pass (convert process memory writes to cells).

3.3.11. Executing PROC_CLEAN pass (remove empty switches from decision trees).
Found and cleaned up 6 empty switches in `\spi_flash_reader.$proc$spi_flash_reader.v:49$2'.
Removing empty process `spi_flash_reader.$proc$spi_flash_reader.v:49$2'.
Cleaned up 6 empty switches.

3.3.12. Executing OPT_EXPR pass (perform const folding).
Optimizing module spi_flash_reader.
<suppressed ~32 debug messages>

3.4. Executing FLATTEN pass (flatten design).

3.5. Executing TRIBUF pass.

3.6. Executing DEMINOUT pass (demote inout ports to input or output).

3.7. Executing OPT_EXPR pass (perform const folding).
Optimizing module spi_flash_reader.

3.8. Executing OPT_CLEAN pass (remove unused cells and wires).
Finding unused cells or wires in module \spi_flash_reader..
Removed 12 unused cells and 52 unused wires.
<suppressed ~13 debug messages>

3.9. Executing CHECK pass (checking for obvious problems).
Checking module spi_flash_reader...
Found and reported 0 problems.

3.10. Executing OPT pass (performing simple optimizations).

3.10.1. Executing OPT_EXPR pass (perform const folding).
Optimizing module spi_flash_reader.

3.10.2. Executing OPT_MERGE pass (detect identical cells).
Finding identical cells in module `\spi_flash_reader'.
Computing hashes of 109 cells of `\spi_flash_reader'.
Finding duplicate cells in `\spi_flash_reader'.
Computing hashes of 61 cells of `\spi_flash_reader'.
Finding duplicate cells in `\spi_flash_reader'.
Computing hashes of 55 cells of `\spi_flash_reader'.
Finding duplicate cells in `\spi_flash_reader'.
<suppressed ~162 debug messages>
Removed a total of 54 cells.

3.10.3. Executing OPT_MUXTREE pass (detect dead branches in mux trees).
Running muxtree optimizer on module \spi_flash_reader..
  Creating internal representation of mux trees.
  Evaluating internal representation of mux trees.
  Analyzing evaluation results.
Removed 0 multiplexer ports.
<suppressed ~41 debug messages>

3.10.4. Executing OPT_REDUCE pass (consolidate $*mux and $reduce_* inputs).
  Optimizing cells in module \spi_flash_reader.
    New ctrl vector for $pmux cell $procmux$407: { $procmux$428_CTRL $auto$opt_reduce.cc:137:opt_pmux$531 }
  Optimizing cells in module \spi_flash_reader.
Performed a total of 1 changes.

3.10.5. Executing OPT_MERGE pass (detect identical cells).
Finding identical cells in module `\spi_flash_reader'.
Computing hashes of 56 cells of `\spi_flash_reader'.
Finding duplicate cells in `\spi_flash_reader'.
Removed a total of 0 cells.

3.10.6. Executing OPT_DFF pass (perform DFF optimizations).

3.10.7. Executing OPT_CLEAN pass (remove unused cells and wires).
Finding unused cells or wires in module \spi_flash_reader..
Removed 0 unused cells and 30 unused wires.
<suppressed ~1 debug messages>

3.10.8. Executing OPT_EXPR pass (perform const folding).
Optimizing module spi_flash_reader.

3.10.9. Rerunning OPT passes. (Maybe there is more to do..)

3.10.10. Executing OPT_MUXTREE pass (detect dead branches in mux trees).
Running muxtree optimizer on module \spi_flash_reader..
  Creating internal representation of mux trees.
  Evaluating internal representation of mux trees.
  Analyzing evaluation results.
Removed 0 multiplexer ports.
<suppressed ~41 debug messages>

3.10.11. Executing OPT_REDUCE pass (consolidate $*mux and $reduce_* inputs).
  Optimizing cells in module \spi_flash_reader.
Performed a total of 0 changes.

3.10.12. Executing OPT_MERGE pass (detect identical cells).
Finding identical cells in module `\spi_flash_reader'.
Computing hashes of 56 cells of `\spi_flash_reader'.
Finding duplicate cells in `\spi_flash_reader'.
Removed a total of 0 cells.

3.10.13. Executing OPT_DFF pass (perform DFF optimizations).

3.10.14. Executing OPT_CLEAN pass (remove unused cells and wires).
Finding unused cells or wires in module \spi_flash_reader..

3.10.15. Executing OPT_EXPR pass (perform const folding).
Optimizing module spi_flash_reader.

3.10.16. Finished fast OPT passes. (There is nothing left to do.)

3.11. Executing FSM pass (extract and optimize FSM).

3.11.1. Executing FSM_DETECT pass (finding FSMs in design).
Not marking spi_flash_reader.state as FSM state register:
    Users of register don't seem to benefit from recoding.

3.11.2. Executing FSM_EXTRACT pass (extracting FSM from design).

3.11.3. Executing FSM_OPT pass (simple optimizations of FSMs).

3.11.4. Executing OPT_CLEAN pass (remove unused cells and wires).
Finding unused cells or wires in module \spi_flash_reader..

3.11.5. Executing FSM_OPT pass (simple optimizations of FSMs).

3.11.6. Executing FSM_RECODE pass (re-assigning FSM state encoding).

3.11.7. Executing FSM_INFO pass (dumping all available information on FSM cells).

3.11.8. Executing FSM_MAP pass (mapping FSMs to basic logic).

3.12. Executing OPT pass (performing simple optimizations).

3.12.1. Executing OPT_EXPR pass (perform const folding).
Optimizing module spi_flash_reader.

3.12.2. Executing OPT_MERGE pass (detect identical cells).
Finding identical cells in module `\spi_flash_reader'.
Computing hashes of 56 cells of `\spi_flash_reader'.
Finding duplicate cells in `\spi_flash_reader'.
Removed a total of 0 cells.

3.12.3. Executing OPT_MUXTREE pass (detect dead branches in mux trees).
Running muxtree optimizer on module \spi_flash_reader..
  Creating internal representation of mux trees.
  Evaluating internal representation of mux trees.
  Analyzing evaluation results.
Removed 0 multiplexer ports.
<suppressed ~41 debug messages>

3.12.4. Executing OPT_REDUCE pass (consolidate $*mux and $reduce_* inputs).
  Optimizing cells in module \spi_flash_reader.
Performed a total of 0 changes.

3.12.5. Executing OPT_MERGE pass (detect identical cells).
Finding identical cells in module `\spi_flash_reader'.
Computing hashes of 56 cells of `\spi_flash_reader'.
Finding duplicate cells in `\spi_flash_reader'.
Removed a total of 0 cells.

3.12.6. Executing OPT_DFF pass (perform DFF optimizations).
Adding EN signal on $procdff$494 ($adff) from module spi_flash_reader (D = $0\shift_out[7:0], Q = \shift_out).
Adding EN signal on $procdff$524 ($adff) from module spi_flash_reader (D = \shift_in, Q = \data_r).
Adding EN signal on $procdff$519 ($adff) from module spi_flash_reader (D = \shift_out [7], Q = \mosi_r).
Adding EN signal on $procdff$514 ($adff) from module spi_flash_reader (D = $0\cs_r[0:0], Q = \cs_r).
Adding EN signal on $procdff$484 ($adff) from module spi_flash_reader (D = $0\state[2:0], Q = \state).
Adding EN signal on $procdff$499 ($adff) from module spi_flash_reader (D = { \shift_in [6:0] \spi_miso }, Q = \shift_in).
Adding EN signal on $procdff$509 ($adff) from module spi_flash_reader (D = $0\sclk_r[0:0], Q = \sclk_r).
Adding EN signal on $procdff$489 ($adff) from module spi_flash_reader (D = $0\bit_cnt[5:0], Q = \bit_cnt).
Adding EN signal on $procdff$504 ($adff) from module spi_flash_reader (D = $0\clk_div[7:0], Q = \clk_div).

3.12.7. Executing OPT_CLEAN pass (remove unused cells and wires).
Finding unused cells or wires in module \spi_flash_reader..
Removed 7 unused cells and 7 unused wires.
<suppressed ~8 debug messages>

3.12.8. Executing OPT_EXPR pass (perform const folding).
Optimizing module spi_flash_reader.
<suppressed ~6 debug messages>

3.12.9. Rerunning OPT passes. (Maybe there is more to do..)

3.12.10. Executing OPT_MUXTREE pass (detect dead branches in mux trees).
Running muxtree optimizer on module \spi_flash_reader..
  Creating internal representation of mux trees.
  Evaluating internal representation of mux trees.
  Analyzing evaluation results.
Removed 0 multiplexer ports.
<suppressed ~31 debug messages>

3.12.11. Executing OPT_REDUCE pass (consolidate $*mux and $reduce_* inputs).
  Optimizing cells in module \spi_flash_reader.
Performed a total of 0 changes.

3.12.12. Executing OPT_MERGE pass (detect identical cells).
Finding identical cells in module `\spi_flash_reader'.
Computing hashes of 75 cells of `\spi_flash_reader'.
Finding duplicate cells in `\spi_flash_reader'.
Computing hashes of 64 cells of `\spi_flash_reader'.
Finding duplicate cells in `\spi_flash_reader'.
Computing hashes of 63 cells of `\spi_flash_reader'.
Finding duplicate cells in `\spi_flash_reader'.
<suppressed ~36 debug messages>
Removed a total of 12 cells.

3.12.13. Executing OPT_DFF pass (perform DFF optimizations).

3.12.14. Executing OPT_CLEAN pass (remove unused cells and wires).
Finding unused cells or wires in module \spi_flash_reader..
Removed 0 unused cells and 12 unused wires.
<suppressed ~1 debug messages>

3.12.15. Executing OPT_EXPR pass (perform const folding).
Optimizing module spi_flash_reader.

3.12.16. Rerunning OPT passes. (Maybe there is more to do..)

3.12.17. Executing OPT_MUXTREE pass (detect dead branches in mux trees).
Running muxtree optimizer on module \spi_flash_reader..
  Creating internal representation of mux trees.
  Evaluating internal representation of mux trees.
  Analyzing evaluation results.
Removed 0 multiplexer ports.
<suppressed ~31 debug messages>

3.12.18. Executing OPT_REDUCE pass (consolidate $*mux and $reduce_* inputs).
  Optimizing cells in module \spi_flash_reader.
Performed a total of 0 changes.

3.12.19. Executing OPT_MERGE pass (detect identical cells).
Finding identical cells in module `\spi_flash_reader'.
Computing hashes of 63 cells of `\spi_flash_reader'.
Finding duplicate cells in `\spi_flash_reader'.
Removed a total of 0 cells.

3.12.20. Executing OPT_DFF pass (perform DFF optimizations).

3.12.21. Executing OPT_CLEAN pass (remove unused cells and wires).
Finding unused cells or wires in module \spi_flash_reader..

3.12.22. Executing OPT_EXPR pass (perform const folding).
Optimizing module spi_flash_reader.

3.12.23. Finished fast OPT passes. (There is nothing left to do.)

3.13. Executing WREDUCE pass (reducing word size of cells).
Removed top 6 bits (of 8) from port B of cell spi_flash_reader.$eq$spi_flash_reader.v:78$5 ($eq).
Removed top 2 bits (of 3) from port B of cell spi_flash_reader.$procmux$476_CMP0 ($eq).
Removed top 1 bits (of 3) from port B of cell spi_flash_reader.$procmux$476_CMP1 ($eq).
Removed top 1 bits (of 3) from port B of cell spi_flash_reader.$procmux$476_CMP2 ($eq).

3.14. Executing PEEPOPT pass (run peephole optimizers).

3.15. Executing OPT_CLEAN pass (remove unused cells and wires).
Finding unused cells or wires in module \spi_flash_reader..

3.16. Executing SHARE pass (SAT-based resource sharing).

3.17. Executing TECHMAP pass (map to technology primitives).

3.17.1. Executing Verilog-2005 frontend: C:\OSS-CA~1\OSS-CA~1\bin\../share/yosys/cmp2lut.v
Parsing Verilog input from `C:\OSS-CA~1\OSS-CA~1\bin\../share/yosys/cmp2lut.v' to AST representation.
Generating RTLIL representation for module `\_90_lut_cmp_'.
Successfully finished Verilog frontend.

3.17.2. Continuing TECHMAP pass.
No more expansions possible.
<suppressed ~6 debug messages>

3.18. Executing OPT_EXPR pass (perform const folding).
Optimizing module spi_flash_reader.

3.19. Executing OPT_CLEAN pass (remove unused cells and wires).
Finding unused cells or wires in module \spi_flash_reader..

3.20. Executing ALUMACC pass (create $alu and $macc cells).
Extracting $alu and $macc cells in module spi_flash_reader:
  creating $macc model for $add$spi_flash_reader.v:88$8 ($add).
  creating $macc model for $add$spi_flash_reader.v:77$4 ($add).
  creating $alu model for $macc $add$spi_flash_reader.v:77$4.
  creating $alu model for $macc $add$spi_flash_reader.v:88$8.
  creating $alu cell for $add$spi_flash_reader.v:88$8: $auto$alumacc.cc:512:replace_alu$594
  creating $alu cell for $add$spi_flash_reader.v:77$4: $auto$alumacc.cc:512:replace_alu$597
  created 2 $alu and 0 $macc cells.

3.21. Executing OPT pass (performing simple optimizations).

3.21.1. Executing OPT_EXPR pass (perform const folding).
Optimizing module spi_flash_reader.

3.21.2. Executing OPT_MERGE pass (detect identical cells).
Finding identical cells in module `\spi_flash_reader'.
Computing hashes of 63 cells of `\spi_flash_reader'.
Finding duplicate cells in `\spi_flash_reader'.
Removed a total of 0 cells.

3.21.3. Executing OPT_MUXTREE pass (detect dead branches in mux trees).
Running muxtree optimizer on module \spi_flash_reader..
  Creating internal representation of mux trees.
  Evaluating internal representation of mux trees.
  Analyzing evaluation results.
Removed 0 multiplexer ports.
<suppressed ~31 debug messages>

3.21.4. Executing OPT_REDUCE pass (consolidate $*mux and $reduce_* inputs).
  Optimizing cells in module \spi_flash_reader.
Performed a total of 0 changes.

3.21.5. Executing OPT_MERGE pass (detect identical cells).
Finding identical cells in module `\spi_flash_reader'.
Computing hashes of 63 cells of `\spi_flash_reader'.
Finding duplicate cells in `\spi_flash_reader'.
Removed a total of 0 cells.

3.21.6. Executing OPT_DFF pass (perform DFF optimizations).

3.21.7. Executing OPT_CLEAN pass (remove unused cells and wires).
Finding unused cells or wires in module \spi_flash_reader..

3.21.8. Executing OPT_EXPR pass (perform const folding).
Optimizing module spi_flash_reader.

3.21.9. Finished fast OPT passes. (There is nothing left to do.)

3.22. Executing MEMORY pass.

3.22.1. Executing OPT_MEM pass (optimize memories).
Performed a total of 0 transformations.

3.22.2. Executing OPT_MEM_PRIORITY pass (removing unnecessary memory write priority relations).
Performed a total of 0 transformations.

3.22.3. Executing OPT_MEM_FEEDBACK pass (finding memory read-to-write feedback paths).

3.22.4. Executing MEMORY_BMUX2ROM pass (converting muxes to ROMs).

3.22.5. Executing MEMORY_DFF pass (merging $dff cells to $memrd).

3.22.6. Executing OPT_CLEAN pass (remove unused cells and wires).
Finding unused cells or wires in module \spi_flash_reader..

3.22.7. Executing MEMORY_SHARE pass (consolidating $memrd/$memwr cells).

3.22.8. Executing OPT_MEM_WIDEN pass (optimize memories where all ports are wide).
Performed a total of 0 transformations.

3.22.9. Executing OPT_CLEAN pass (remove unused cells and wires).
Finding unused cells or wires in module \spi_flash_reader..

3.22.10. Executing MEMORY_COLLECT pass (generating $mem cells).

3.23. Executing OPT_CLEAN pass (remove unused cells and wires).
Finding unused cells or wires in module \spi_flash_reader..

3.24. Executing MEMORY_LIBMAP pass (mapping memories to cells).

3.25. Executing TECHMAP pass (map to technology primitives).

3.25.1. Executing Verilog-2005 frontend: C:\OSS-CA~1\OSS-CA~1\bin\../share/yosys/ice40/brams_map.v
Parsing Verilog input from `C:\OSS-CA~1\OSS-CA~1\bin\../share/yosys/ice40/brams_map.v' to AST representation.
Generating RTLIL representation for module `$__ICE40_RAM4K_'.
Successfully finished Verilog frontend.

3.25.2. Executing Verilog-2005 frontend: C:\OSS-CA~1\OSS-CA~1\bin\../share/yosys/ice40/spram_map.v
Parsing Verilog input from `C:\OSS-CA~1\OSS-CA~1\bin\../share/yosys/ice40/spram_map.v' to AST representation.
Generating RTLIL representation for module `$__ICE40_SPRAM_'.
Successfully finished Verilog frontend.

3.25.3. Continuing TECHMAP pass.
No more expansions possible.
<suppressed ~4 debug messages>

3.26. Executing ICE40_BRAMINIT pass.

3.27. Executing OPT pass (performing simple optimizations).

3.27.1. Executing OPT_EXPR pass (perform const folding).
Optimizing module spi_flash_reader.
<suppressed ~19 debug messages>

3.27.2. Executing OPT_MERGE pass (detect identical cells).
Finding identical cells in module `\spi_flash_reader'.
Computing hashes of 50 cells of `\spi_flash_reader'.
Finding duplicate cells in `\spi_flash_reader'.
Removed a total of 0 cells.

3.27.3. Executing OPT_DFF pass (perform DFF optimizations).

3.27.4. Executing OPT_CLEAN pass (remove unused cells and wires).
Finding unused cells or wires in module \spi_flash_reader..
Removed 0 unused cells and 13 unused wires.
<suppressed ~1 debug messages>

3.27.5. Finished fast OPT passes.

3.28. Executing MEMORY_MAP pass (converting memories to logic and flip-flops).

3.29. Executing OPT pass (performing simple optimizations).

3.29.1. Executing OPT_EXPR pass (perform const folding).
Optimizing module spi_flash_reader.

3.29.2. Executing OPT_MERGE pass (detect identical cells).
Finding identical cells in module `\spi_flash_reader'.
Computing hashes of 50 cells of `\spi_flash_reader'.
Finding duplicate cells in `\spi_flash_reader'.
Removed a total of 0 cells.

3.29.3. Executing OPT_MUXTREE pass (detect dead branches in mux trees).
Running muxtree optimizer on module \spi_flash_reader..
  Creating internal representation of mux trees.
  Evaluating internal representation of mux trees.
  Analyzing evaluation results.
Removed 0 multiplexer ports.
<suppressed ~17 debug messages>

3.29.4. Executing OPT_REDUCE pass (consolidate $*mux and $reduce_* inputs).
  Optimizing cells in module \spi_flash_reader.
Performed a total of 0 changes.

3.29.5. Executing OPT_MERGE pass (detect identical cells).
Finding identical cells in module `\spi_flash_reader'.
Computing hashes of 50 cells of `\spi_flash_reader'.
Finding duplicate cells in `\spi_flash_reader'.
Removed a total of 0 cells.

3.29.6. Executing OPT_DFF pass (perform DFF optimizations).

3.29.7. Executing OPT_CLEAN pass (remove unused cells and wires).
Finding unused cells or wires in module \spi_flash_reader..

3.29.8. Executing OPT_EXPR pass (perform const folding).
Optimizing module spi_flash_reader.

3.29.9. Finished fast OPT passes. (There is nothing left to do.)

3.30. Executing ICE40_WRAPCARRY pass (wrap carries).

3.31. Executing TECHMAP pass (map to technology primitives).

3.31.1. Executing Verilog-2005 frontend: C:\OSS-CA~1\OSS-CA~1\bin\../share/yosys/techmap.v
Parsing Verilog input from `C:\OSS-CA~1\OSS-CA~1\bin\../share/yosys/techmap.v' to AST representation.
Generating RTLIL representation for module `\_90_simplemap_bool_ops'.
Generating RTLIL representation for module `\_90_simplemap_reduce_ops'.
Generating RTLIL representation for module `\_90_simplemap_logic_ops'.
Generating RTLIL representation for module `\_90_simplemap_compare_ops'.
Generating RTLIL representation for module `\_90_simplemap_various'.
Generating RTLIL representation for module `\_90_simplemap_registers'.
Generating RTLIL representation for module `\_90_shift_ops_shr_shl_sshl_sshr'.
Generating RTLIL representation for module `\_90_shift_shiftx'.
Generating RTLIL representation for module `\_90_fa'.
Generating RTLIL representation for module `\_90_lcu_brent_kung'.
Generating RTLIL representation for module `\_90_alu'.
Generating RTLIL representation for module `\_90_macc'.
Generating RTLIL representation for module `\_90_alumacc'.
Generating RTLIL representation for module `$__div_mod_u'.
Generating RTLIL representation for module `$__div_mod_trunc'.
Generating RTLIL representation for module `\_90_div'.
Generating RTLIL representation for module `\_90_mod'.
Generating RTLIL representation for module `$__div_mod_floor'.
Generating RTLIL representation for module `\_90_divfloor'.
Generating RTLIL representation for module `\_90_modfloor'.
Generating RTLIL representation for module `\_90_pow'.
Generating RTLIL representation for module `\_90_pmux'.
Generating RTLIL representation for module `\_90_demux'.
Generating RTLIL representation for module `\_90_lut'.
Generating RTLIL representation for module `$connect'.
Generating RTLIL representation for module `$input_port'.
Successfully finished Verilog frontend.

3.31.2. Executing Verilog-2005 frontend: C:\OSS-CA~1\OSS-CA~1\bin\../share/yosys/ice40/arith_map.v
Parsing Verilog input from `C:\OSS-CA~1\OSS-CA~1\bin\../share/yosys/ice40/arith_map.v' to AST representation.
Generating RTLIL representation for module `\_80_ice40_alu'.
Successfully finished Verilog frontend.

3.31.3. Continuing TECHMAP pass.
Using template $paramod$c3cd1564c35d873179656addd6052d7ea8b6d991\_80_ice40_alu for cells of type $alu.
Using template $paramod$32efbfac1c4dc57230cf86180788fdfd12e3b511\_80_ice40_alu for cells of type $alu.
Using extmapper simplemap for cells of type $reduce_and.
Using extmapper simplemap for cells of type $adffe.
Using extmapper simplemap for cells of type $ne.
Using extmapper simplemap for cells of type $reduce_bool.
Using extmapper simplemap for cells of type $not.
Using extmapper simplemap for cells of type $reduce_or.
Using extmapper simplemap for cells of type $eq.
Using extmapper simplemap for cells of type $mux.
Using template $paramod$ee721315a7b0169d82611b9aea01747035b97792\_90_pmux for cells of type $pmux.
Using template $paramod$56f7ce6d87f8add68ca646dc02d7695a3189f8e5\_90_pmux for cells of type $pmux.
Using template $paramod$32e7c4d6f92ff4337599ece53082d2e88a82a9f2\_90_pmux for cells of type $pmux.
Using extmapper simplemap for cells of type $logic_not.
Using extmapper simplemap for cells of type $adff.
Using extmapper simplemap for cells of type $xor.
Using extmapper simplemap for cells of type $pos.
Using extmapper simplemap for cells of type $and.
No more expansions possible.
<suppressed ~245 debug messages>

3.32. Executing OPT pass (performing simple optimizations).

3.32.1. Executing OPT_EXPR pass (perform const folding).
Optimizing module spi_flash_reader.
<suppressed ~127 debug messages>

3.32.2. Executing OPT_MERGE pass (detect identical cells).
Finding identical cells in module `\spi_flash_reader'.
Computing hashes of 265 cells of `\spi_flash_reader'.
Finding duplicate cells in `\spi_flash_reader'.
Computing hashes of 243 cells of `\spi_flash_reader'.
Finding duplicate cells in `\spi_flash_reader'.
Computing hashes of 239 cells of `\spi_flash_reader'.
Finding duplicate cells in `\spi_flash_reader'.
<suppressed ~78 debug messages>
Removed a total of 26 cells.

3.32.3. Executing OPT_DFF pass (perform DFF optimizations).

3.32.4. Executing OPT_CLEAN pass (remove unused cells and wires).
Finding unused cells or wires in module \spi_flash_reader..
Removed 9 unused cells and 166 unused wires.
<suppressed ~10 debug messages>

3.32.5. Finished fast OPT passes.

3.33. Executing ICE40_OPT pass (performing simple optimizations).

3.33.1. Running ICE40 specific optimizations.
Optimized $__ICE40_CARRY_WRAPPER cell back to logic (without SB_CARRY) spi_flash_reader.$auto$alumacc.cc:512:replace_alu$594.slice[0].carry: CO=\bit_cnt [0]
Optimized $__ICE40_CARRY_WRAPPER cell back to logic (without SB_CARRY) spi_flash_reader.$auto$alumacc.cc:512:replace_alu$597.slice[0].carry: CO=\clk_div [0]

3.33.2. Executing OPT_EXPR pass (perform const folding).
Optimizing module spi_flash_reader.

3.33.3. Executing OPT_MERGE pass (detect identical cells).
Finding identical cells in module `\spi_flash_reader'.
Computing hashes of 230 cells of `\spi_flash_reader'.
Finding duplicate cells in `\spi_flash_reader'.
Removed a total of 0 cells.

3.33.4. Executing OPT_DFF pass (perform DFF optimizations).

3.33.5. Executing OPT_CLEAN pass (remove unused cells and wires).
Finding unused cells or wires in module \spi_flash_reader..

3.33.6. Rerunning OPT passes. (Removed registers in this run.)

3.33.7. Running ICE40 specific optimizations.

3.33.8. Executing OPT_EXPR pass (perform const folding).
Optimizing module spi_flash_reader.

3.33.9. Executing OPT_MERGE pass (detect identical cells).
Finding identical cells in module `\spi_flash_reader'.
Computing hashes of 230 cells of `\spi_flash_reader'.
Finding duplicate cells in `\spi_flash_reader'.
Removed a total of 0 cells.

3.33.10. Executing OPT_DFF pass (perform DFF optimizations).

3.33.11. Executing OPT_CLEAN pass (remove unused cells and wires).
Finding unused cells or wires in module \spi_flash_reader..

3.33.12. Finished OPT passes. (There is nothing left to do.)

3.34. Executing DFFLEGALIZE pass (convert FFs to types supported by the target).

3.35. Executing TECHMAP pass (map to technology primitives).

3.35.1. Executing Verilog-2005 frontend: C:\OSS-CA~1\OSS-CA~1\bin\../share/yosys/ice40/ff_map.v
Parsing Verilog input from `C:\OSS-CA~1\OSS-CA~1\bin\../share/yosys/ice40/ff_map.v' to AST representation.
Generating RTLIL representation for module `$_DFF_N_'.
Generating RTLIL representation for module `$_DFF_P_'.
Generating RTLIL representation for module `$_DFFE_NP_'.
Generating RTLIL representation for module `$_DFFE_PP_'.
Generating RTLIL representation for module `$_DFF_NP0_'.
Generating RTLIL representation for module `$_DFF_NP1_'.
Generating RTLIL representation for module `$_DFF_PP0_'.
Generating RTLIL representation for module `$_DFF_PP1_'.
Generating RTLIL representation for module `$_DFFE_NP0P_'.
Generating RTLIL representation for module `$_DFFE_NP1P_'.
Generating RTLIL representation for module `$_DFFE_PP0P_'.
Generating RTLIL representation for module `$_DFFE_PP1P_'.
Generating RTLIL representation for module `$_SDFF_NP0_'.
Generating RTLIL representation for module `$_SDFF_NP1_'.
Generating RTLIL representation for module `$_SDFF_PP0_'.
Generating RTLIL representation for module `$_SDFF_PP1_'.
Generating RTLIL representation for module `$_SDFFCE_NP0P_'.
Generating RTLIL representation for module `$_SDFFCE_NP1P_'.
Generating RTLIL representation for module `$_SDFFCE_PP0P_'.
Generating RTLIL representation for module `$_SDFFCE_PP1P_'.
Successfully finished Verilog frontend.

3.35.2. Continuing TECHMAP pass.
Using template $_DFF_PP0_ for cells of type $_DFF_PP0_.
Using template $_DFFE_PP0P_ for cells of type $_DFFE_PP0P_.
Using template $_DFFE_PP1P_ for cells of type $_DFFE_PP1P_.
No more expansions possible.
<suppressed ~67 debug messages>

3.36. Executing OPT_EXPR pass (perform const folding).
Optimizing module spi_flash_reader.

3.37. Executing SIMPLEMAP pass (map simple cells to gate primitives).
Mapping spi_flash_reader.$auto$alumacc.cc:512:replace_alu$594.slice[0].carry ($lut).
Mapping spi_flash_reader.$auto$alumacc.cc:512:replace_alu$597.slice[0].carry ($lut).

3.38. Executing ICE40_OPT pass (performing simple optimizations).

3.38.1. Running ICE40 specific optimizations.

3.38.2. Executing OPT_EXPR pass (perform const folding).
Optimizing module spi_flash_reader.
<suppressed ~62 debug messages>

3.38.3. Executing OPT_MERGE pass (detect identical cells).
Finding identical cells in module `\spi_flash_reader'.
Computing hashes of 275 cells of `\spi_flash_reader'.
Finding duplicate cells in `\spi_flash_reader'.
Computing hashes of 229 cells of `\spi_flash_reader'.
Finding duplicate cells in `\spi_flash_reader'.
<suppressed ~138 debug messages>
Removed a total of 46 cells.

3.38.4. Executing OPT_DFF pass (perform DFF optimizations).

3.38.5. Executing OPT_CLEAN pass (remove unused cells and wires).
Finding unused cells or wires in module \spi_flash_reader..
Removed 0 unused cells and 321 unused wires.
<suppressed ~1 debug messages>

3.38.6. Rerunning OPT passes. (Removed registers in this run.)

3.38.7. Running ICE40 specific optimizations.

3.38.8. Executing OPT_EXPR pass (perform const folding).
Optimizing module spi_flash_reader.

3.38.9. Executing OPT_MERGE pass (detect identical cells).
Finding identical cells in module `\spi_flash_reader'.
Computing hashes of 229 cells of `\spi_flash_reader'.
Finding duplicate cells in `\spi_flash_reader'.
Removed a total of 0 cells.

3.38.10. Executing OPT_DFF pass (perform DFF optimizations).

3.38.11. Executing OPT_CLEAN pass (remove unused cells and wires).
Finding unused cells or wires in module \spi_flash_reader..

3.38.12. Finished OPT passes. (There is nothing left to do.)

3.39. Executing TECHMAP pass (map to technology primitives).

3.39.1. Executing Verilog-2005 frontend: C:\OSS-CA~1\OSS-CA~1\bin\../share/yosys/ice40/latches_map.v
Parsing Verilog input from `C:\OSS-CA~1\OSS-CA~1\bin\../share/yosys/ice40/latches_map.v' to AST representation.
Generating RTLIL representation for module `$_DLATCH_N_'.
Generating RTLIL representation for module `$_DLATCH_P_'.
Successfully finished Verilog frontend.

3.39.2. Continuing TECHMAP pass.
No more expansions possible.
<suppressed ~4 debug messages>

3.40. Executing Verilog-2005 frontend: C:\OSS-CA~1\OSS-CA~1\bin\../share/yosys/ice40/abc9_model.v
Parsing Verilog input from `C:\OSS-CA~1\OSS-CA~1\bin\../share/yosys/ice40/abc9_model.v' to AST representation.
Generating RTLIL representation for module `$__ICE40_CARRY_WRAPPER'.
Successfully finished Verilog frontend.

3.41. Executing ABC9 pass.

3.41.1. Executing ABC9_OPS pass (helper functions for ABC9).

3.41.2. Executing ABC9_OPS pass (helper functions for ABC9).

3.41.3. Executing PROC pass (convert processes to netlists).

3.41.3.1. Executing PROC_CLEAN pass (remove empty switches from decision trees).
Cleaned up 0 empty switches.

3.41.3.2. Executing PROC_RMDEAD pass (remove dead branches from decision trees).
Marked 1 switch rules as full_case in process $proc$C:\OSS-CA~1\OSS-CA~1\bin\../share/yosys/ice40/cells_sim.v:406$185 in module SB_DFFR.
Removed a total of 0 dead cases.

3.41.3.3. Executing PROC_PRUNE pass (remove redundant assignments in processes).
Removed 1 redundant assignment.
Promoted 1 assignment to connection.

3.41.3.4. Executing PROC_INIT pass (extract init attributes).
Found init rule in `\SB_DFFR.$proc$C:\OSS-CA~1\OSS-CA~1\bin\../share/yosys/ice40/cells_sim.v:404$187'.
  Set init value: \Q = 1'0

3.41.3.5. Executing PROC_ARST pass (detect async resets in processes).
Found async reset \R in `\SB_DFFR.$proc$C:\OSS-CA~1\OSS-CA~1\bin\../share/yosys/ice40/cells_sim.v:406$185'.

3.41.3.6. Executing PROC_ROM pass (convert switches to ROMs).
Converted 0 switches.

3.41.3.7. Executing PROC_MUX pass (convert decision trees to multiplexers).
Creating decoders for process `\SB_DFFR.$proc$C:\OSS-CA~1\OSS-CA~1\bin\../share/yosys/ice40/cells_sim.v:404$187'.
Creating decoders for process `\SB_DFFR.$proc$C:\OSS-CA~1\OSS-CA~1\bin\../share/yosys/ice40/cells_sim.v:406$185'.
     1/1: $0\Q[0:0]

3.41.3.8. Executing PROC_DLATCH pass (convert process syncs to latches).

3.41.3.9. Executing PROC_DFF pass (convert process syncs to FFs).
Creating register for signal `\SB_DFFR.\Q' using process `\SB_DFFR.$proc$C:\OSS-CA~1\OSS-CA~1\bin\../share/yosys/ice40/cells_sim.v:406$185'.
  created $adff cell `$procdff$1433' with positive edge clock and positive level reset.

3.41.3.10. Executing PROC_MEMWR pass (convert process memory writes to cells).

3.41.3.11. Executing PROC_CLEAN pass (remove empty switches from decision trees).
Removing empty process `SB_DFFR.$proc$C:\OSS-CA~1\OSS-CA~1\bin\../share/yosys/ice40/cells_sim.v:404$187'.
Removing empty process `SB_DFFR.$proc$C:\OSS-CA~1\OSS-CA~1\bin\../share/yosys/ice40/cells_sim.v:406$185'.
Cleaned up 0 empty switches.

3.41.4. Executing PROC pass (convert processes to netlists).

3.41.4.1. Executing PROC_CLEAN pass (remove empty switches from decision trees).
Cleaned up 0 empty switches.

3.41.4.2. Executing PROC_RMDEAD pass (remove dead branches from decision trees).
Marked 1 switch rules as full_case in process $proc$C:\OSS-CA~1\OSS-CA~1\bin\../share/yosys/ice40/cells_sim.v:662$201 in module SB_DFFER.
Removed a total of 0 dead cases.

3.41.4.3. Executing PROC_PRUNE pass (remove redundant assignments in processes).
Removed 0 redundant assignments.
Promoted 1 assignment to connection.

3.41.4.4. Executing PROC_INIT pass (extract init attributes).
Found init rule in `\SB_DFFER.$proc$C:\OSS-CA~1\OSS-CA~1\bin\../share/yosys/ice40/cells_sim.v:660$204'.
  Set init value: \Q = 1'0

3.41.4.5. Executing PROC_ARST pass (detect async resets in processes).
Found async reset \R in `\SB_DFFER.$proc$C:\OSS-CA~1\OSS-CA~1\bin\../share/yosys/ice40/cells_sim.v:662$201'.

3.41.4.6. Executing PROC_ROM pass (convert switches to ROMs).
Converted 0 switches.
<suppressed ~1 debug messages>

3.41.4.7. Executing PROC_MUX pass (convert decision trees to multiplexers).
Creating decoders for process `\SB_DFFER.$proc$C:\OSS-CA~1\OSS-CA~1\bin\../share/yosys/ice40/cells_sim.v:660$204'.
Creating decoders for process `\SB_DFFER.$proc$C:\OSS-CA~1\OSS-CA~1\bin\../share/yosys/ice40/cells_sim.v:662$201'.
     1/1: $0\Q[0:0]

3.41.4.8. Executing PROC_DLATCH pass (convert process syncs to latches).

3.41.4.9. Executing PROC_DFF pass (convert process syncs to FFs).
Creating register for signal `\SB_DFFER.\Q' using process `\SB_DFFER.$proc$C:\OSS-CA~1\OSS-CA~1\bin\../share/yosys/ice40/cells_sim.v:662$201'.
  created $adff cell `$procdff$1438' with positive edge clock and positive level reset.

3.41.4.10. Executing PROC_MEMWR pass (convert process memory writes to cells).

3.41.4.11. Executing PROC_CLEAN pass (remove empty switches from decision trees).
Removing empty process `SB_DFFER.$proc$C:\OSS-CA~1\OSS-CA~1\bin\../share/yosys/ice40/cells_sim.v:660$204'.
Found and cleaned up 1 empty switch in `\SB_DFFER.$proc$C:\OSS-CA~1\OSS-CA~1\bin\../share/yosys/ice40/cells_sim.v:662$201'.
Removing empty process `SB_DFFER.$proc$C:\OSS-CA~1\OSS-CA~1\bin\../share/yosys/ice40/cells_sim.v:662$201'.
Cleaned up 1 empty switch.

3.41.5. Executing PROC pass (convert processes to netlists).

3.41.5.1. Executing PROC_CLEAN pass (remove empty switches from decision trees).
Cleaned up 0 empty switches.

3.41.5.2. Executing PROC_RMDEAD pass (remove dead branches from decision trees).
Marked 1 switch rules as full_case in process $proc$C:\OSS-CA~1\OSS-CA~1\bin\../share/yosys/ice40/cells_sim.v:803$212 in module SB_DFFES.
Removed a total of 0 dead cases.

3.41.5.3. Executing PROC_PRUNE pass (remove redundant assignments in processes).
Removed 0 redundant assignments.
Promoted 1 assignment to connection.

3.41.5.4. Executing PROC_INIT pass (extract init attributes).
Found init rule in `\SB_DFFES.$proc$C:\OSS-CA~1\OSS-CA~1\bin\../share/yosys/ice40/cells_sim.v:801$215'.
  Set init value: \Q = 1'0

3.41.5.5. Executing PROC_ARST pass (detect async resets in processes).
Found async reset \S in `\SB_DFFES.$proc$C:\OSS-CA~1\OSS-CA~1\bin\../share/yosys/ice40/cells_sim.v:803$212'.

3.41.5.6. Executing PROC_ROM pass (convert switches to ROMs).
Converted 0 switches.
<suppressed ~1 debug messages>

3.41.5.7. Executing PROC_MUX pass (convert decision trees to multiplexers).
Creating decoders for process `\SB_DFFES.$proc$C:\OSS-CA~1\OSS-CA~1\bin\../share/yosys/ice40/cells_sim.v:801$215'.
Creating decoders for process `\SB_DFFES.$proc$C:\OSS-CA~1\OSS-CA~1\bin\../share/yosys/ice40/cells_sim.v:803$212'.
     1/1: $0\Q[0:0]

3.41.5.8. Executing PROC_DLATCH pass (convert process syncs to latches).

3.41.5.9. Executing PROC_DFF pass (convert process syncs to FFs).
Creating register for signal `\SB_DFFES.\Q' using process `\SB_DFFES.$proc$C:\OSS-CA~1\OSS-CA~1\bin\../share/yosys/ice40/cells_sim.v:803$212'.
  created $adff cell `$procdff$1443' with positive edge clock and positive level reset.

3.41.5.10. Executing PROC_MEMWR pass (convert process memory writes to cells).

3.41.5.11. Executing PROC_CLEAN pass (remove empty switches from decision trees).
Removing empty process `SB_DFFES.$proc$C:\OSS-CA~1\OSS-CA~1\bin\../share/yosys/ice40/cells_sim.v:801$215'.
Found and cleaned up 1 empty switch in `\SB_DFFES.$proc$C:\OSS-CA~1\OSS-CA~1\bin\../share/yosys/ice40/cells_sim.v:803$212'.
Removing empty process `SB_DFFES.$proc$C:\OSS-CA~1\OSS-CA~1\bin\../share/yosys/ice40/cells_sim.v:803$212'.
Cleaned up 1 empty switch.

3.41.6. Executing SCC pass (detecting logic loops).
Found 0 SCCs in module spi_flash_reader.
Found 0 SCCs.

3.41.7. Executing ABC9_OPS pass (helper functions for ABC9).

3.41.8. Executing TECHMAP pass (map to technology primitives).

3.41.8.1. Executing Verilog-2005 frontend: C:\OSS-CA~1\OSS-CA~1\bin\../share/yosys/techmap.v
Parsing Verilog input from `C:\OSS-CA~1\OSS-CA~1\bin\../share/yosys/techmap.v' to AST representation.
Generating RTLIL representation for module `\_90_simplemap_bool_ops'.
Generating RTLIL representation for module `\_90_simplemap_reduce_ops'.
Generating RTLIL representation for module `\_90_simplemap_logic_ops'.
Generating RTLIL representation for module `\_90_simplemap_compare_ops'.
Generating RTLIL representation for module `\_90_simplemap_various'.
Generating RTLIL representation for module `\_90_simplemap_registers'.
Generating RTLIL representation for module `\_90_shift_ops_shr_shl_sshl_sshr'.
Generating RTLIL representation for module `\_90_shift_shiftx'.
Generating RTLIL representation for module `\_90_fa'.
Generating RTLIL representation for module `\_90_lcu_brent_kung'.
Generating RTLIL representation for module `\_90_alu'.
Generating RTLIL representation for module `\_90_macc'.
Generating RTLIL representation for module `\_90_alumacc'.
Generating RTLIL representation for module `$__div_mod_u'.
Generating RTLIL representation for module `$__div_mod_trunc'.
Generating RTLIL representation for module `\_90_div'.
Generating RTLIL representation for module `\_90_mod'.
Generating RTLIL representation for module `$__div_mod_floor'.
Generating RTLIL representation for module `\_90_divfloor'.
Generating RTLIL representation for module `\_90_modfloor'.
Generating RTLIL representation for module `\_90_pow'.
Generating RTLIL representation for module `\_90_pmux'.
Generating RTLIL representation for module `\_90_demux'.
Generating RTLIL representation for module `\_90_lut'.
Generating RTLIL representation for module `$connect'.
Generating RTLIL representation for module `$input_port'.
Successfully finished Verilog frontend.

3.41.8.2. Continuing TECHMAP pass.
No more expansions possible.
<suppressed ~133 debug messages>

3.41.9. Executing OPT pass (performing simple optimizations).

3.41.9.1. Executing OPT_EXPR pass (perform const folding).
Optimizing module SB_DFFR.
Optimizing module SB_DFFER.
Optimizing module SB_DFFES.

3.41.9.2. Executing OPT_MERGE pass (detect identical cells).
Finding identical cells in module `\SB_DFFR'.
Computing hashes of 2 cells of `\SB_DFFR'.
Finding duplicate cells in `\SB_DFFR'.
Finding identical cells in module `\SB_DFFER'.
Computing hashes of 2 cells of `\SB_DFFER'.
Finding duplicate cells in `\SB_DFFER'.
Finding identical cells in module `\SB_DFFES'.
Computing hashes of 2 cells of `\SB_DFFES'.
Finding duplicate cells in `\SB_DFFES'.
Removed a total of 0 cells.

3.41.9.3. Executing OPT_MUXTREE pass (detect dead branches in mux trees).
Running muxtree optimizer on module \SB_DFFR..
  Creating internal representation of mux trees.
  No muxes found in this module.
Running muxtree optimizer on module \SB_DFFER..
  Creating internal representation of mux trees.
  No muxes found in this module.
Running muxtree optimizer on module \SB_DFFES..
  Creating internal representation of mux trees.
  No muxes found in this module.
Removed 0 multiplexer ports.

3.41.9.4. Executing OPT_REDUCE pass (consolidate $*mux and $reduce_* inputs).
  Optimizing cells in module \SB_DFFR.
  Optimizing cells in module \SB_DFFER.
  Optimizing cells in module \SB_DFFES.
Performed a total of 0 changes.

3.41.9.5. Executing OPT_MERGE pass (detect identical cells).
Finding identical cells in module `\SB_DFFR'.
Computing hashes of 2 cells of `\SB_DFFR'.
Finding duplicate cells in `\SB_DFFR'.
Finding identical cells in module `\SB_DFFER'.
Computing hashes of 2 cells of `\SB_DFFER'.
Finding duplicate cells in `\SB_DFFER'.
Finding identical cells in module `\SB_DFFES'.
Computing hashes of 2 cells of `\SB_DFFES'.
Finding duplicate cells in `\SB_DFFES'.
Removed a total of 0 cells.

3.41.9.6. Executing OPT_DFF pass (perform DFF optimizations).

3.41.9.7. Executing OPT_CLEAN pass (remove unused cells and wires).
Finding unused cells or wires in module \SB_DFFR..
Finding unused cells or wires in module \SB_DFFER..
Finding unused cells or wires in module \SB_DFFES..

3.41.9.8. Executing OPT_EXPR pass (perform const folding).
Optimizing module SB_DFFR.
Optimizing module SB_DFFER.
Optimizing module SB_DFFES.

3.41.9.9. Finished fast OPT passes. (There is nothing left to do.)

3.41.10. Executing TECHMAP pass (map to technology primitives).

3.41.10.1. Executing Verilog-2005 frontend: C:\OSS-CA~1\OSS-CA~1\bin\../share/yosys/abc9_map.v
Parsing Verilog input from `C:\OSS-CA~1\OSS-CA~1\bin\../share/yosys/abc9_map.v' to AST representation.
Successfully finished Verilog frontend.

3.41.10.2. Continuing TECHMAP pass.
Using template SB_DFFR for cells of type SB_DFFR.
Using template SB_DFFER for cells of type SB_DFFER.
Using template SB_DFFES for cells of type SB_DFFES.
No more expansions possible.
<suppressed ~50 debug messages>

3.41.11. Executing Verilog-2005 frontend: C:\OSS-CA~1\OSS-CA~1\bin\../share/yosys/abc9_model.v
Parsing Verilog input from `C:\OSS-CA~1\OSS-CA~1\bin\../share/yosys/abc9_model.v' to AST representation.
Generating RTLIL representation for module `$__ABC9_DELAY'.
Generating RTLIL representation for module `$__ABC9_SCC_BREAKER'.
Generating RTLIL representation for module `$__DFF_N__$abc9_flop'.
Generating RTLIL representation for module `$__DFF_P__$abc9_flop'.
Successfully finished Verilog frontend.

3.41.12. Executing ABC9_OPS pass (helper functions for ABC9).
<suppressed ~2 debug messages>

3.41.13. Executing ABC9_OPS pass (helper functions for ABC9).

3.41.14. Executing ABC9_OPS pass (helper functions for ABC9).
<suppressed ~2 debug messages>

3.41.15. Executing TECHMAP pass (map to technology primitives).

3.41.15.1. Executing Verilog-2005 frontend: C:\OSS-CA~1\OSS-CA~1\bin\../share/yosys/techmap.v
Parsing Verilog input from `C:\OSS-CA~1\OSS-CA~1\bin\../share/yosys/techmap.v' to AST representation.
Generating RTLIL representation for module `\_90_simplemap_bool_ops'.
Generating RTLIL representation for module `\_90_simplemap_reduce_ops'.
Generating RTLIL representation for module `\_90_simplemap_logic_ops'.
Generating RTLIL representation for module `\_90_simplemap_compare_ops'.
Generating RTLIL representation for module `\_90_simplemap_various'.
Generating RTLIL representation for module `\_90_simplemap_registers'.
Generating RTLIL representation for module `\_90_shift_ops_shr_shl_sshl_sshr'.
Generating RTLIL representation for module `\_90_shift_shiftx'.
Generating RTLIL representation for module `\_90_fa'.
Generating RTLIL representation for module `\_90_lcu_brent_kung'.
Generating RTLIL representation for module `\_90_alu'.
Generating RTLIL representation for module `\_90_macc'.
Generating RTLIL representation for module `\_90_alumacc'.
Generating RTLIL representation for module `$__div_mod_u'.
Generating RTLIL representation for module `$__div_mod_trunc'.
Generating RTLIL representation for module `\_90_div'.
Generating RTLIL representation for module `\_90_mod'.
Generating RTLIL representation for module `$__div_mod_floor'.
Generating RTLIL representation for module `\_90_divfloor'.
Generating RTLIL representation for module `\_90_modfloor'.
Generating RTLIL representation for module `\_90_pow'.
Generating RTLIL representation for module `\_90_pmux'.
Generating RTLIL representation for module `\_90_demux'.
Generating RTLIL representation for module `\_90_lut'.
Generating RTLIL representation for module `$connect'.
Generating RTLIL representation for module `$input_port'.
Successfully finished Verilog frontend.

3.41.15.2. Continuing TECHMAP pass.
Using template $paramod$__ICE40_CARRY_WRAPPER\LUT=16'0110100110010110\I3_IS_CI=1'1 for cells of type $paramod$__ICE40_CARRY_WRAPPER\LUT=16'0110100110010110\I3_IS_CI=1'1.
Using template $paramod\SB_LUT4\LUT_INIT=16'0110100110010110 for cells of type SB_LUT4.
Using template SB_CARRY for cells of type SB_CARRY.
Using extmapper simplemap for cells of type $mux.
Using extmapper simplemap for cells of type $logic_and.
Using extmapper simplemap for cells of type $logic_or.
No more expansions possible.
<suppressed ~152 debug messages>

3.41.16. Executing OPT pass (performing simple optimizations).

3.41.16.1. Executing OPT_EXPR pass (perform const folding).
Optimizing module spi_flash_reader.
<suppressed ~4 debug messages>

3.41.16.2. Executing OPT_MERGE pass (detect identical cells).
Finding identical cells in module `\spi_flash_reader'.
Computing hashes of 30 cells of `\spi_flash_reader'.
Finding duplicate cells in `\spi_flash_reader'.
Computing hashes of 20 cells of `\spi_flash_reader'.
Finding duplicate cells in `\spi_flash_reader'.
Computing hashes of 18 cells of `\spi_flash_reader'.
Finding duplicate cells in `\spi_flash_reader'.
<suppressed ~29 debug messages>
Removed a total of 12 cells.

3.41.16.3. Executing OPT_MUXTREE pass (detect dead branches in mux trees).
Running muxtree optimizer on module \spi_flash_reader..
  Creating internal representation of mux trees.
  No muxes found in this module.
Removed 0 multiplexer ports.

3.41.16.4. Executing OPT_REDUCE pass (consolidate $*mux and $reduce_* inputs).
  Optimizing cells in module \spi_flash_reader.
Performed a total of 0 changes.

3.41.16.5. Executing OPT_MERGE pass (detect identical cells).
Finding identical cells in module `\spi_flash_reader'.
Computing hashes of 18 cells of `\spi_flash_reader'.
Finding duplicate cells in `\spi_flash_reader'.
Removed a total of 0 cells.

3.41.16.6. Executing OPT_DFF pass (perform DFF optimizations).

3.41.16.7. Executing OPT_CLEAN pass (remove unused cells and wires).
Finding unused cells or wires in module \spi_flash_reader..
Removed 0 unused cells and 24 unused wires.
<suppressed ~1 debug messages>

3.41.16.8. Executing OPT_EXPR pass (perform const folding).
Optimizing module spi_flash_reader.

3.41.16.9. Rerunning OPT passes. (Maybe there is more to do..)

3.41.16.10. Executing OPT_MUXTREE pass (detect dead branches in mux trees).
Running muxtree optimizer on module \spi_flash_reader..
  Creating internal representation of mux trees.
  No muxes found in this module.
Removed 0 multiplexer ports.

3.41.16.11. Executing OPT_REDUCE pass (consolidate $*mux and $reduce_* inputs).
  Optimizing cells in module \spi_flash_reader.
Performed a total of 0 changes.

3.41.16.12. Executing OPT_MERGE pass (detect identical cells).
Finding identical cells in module `\spi_flash_reader'.
Computing hashes of 18 cells of `\spi_flash_reader'.
Finding duplicate cells in `\spi_flash_reader'.
Removed a total of 0 cells.

3.41.16.13. Executing OPT_DFF pass (perform DFF optimizations).

3.41.16.14. Executing OPT_CLEAN pass (remove unused cells and wires).
Finding unused cells or wires in module \spi_flash_reader..

3.41.16.15. Executing OPT_EXPR pass (perform const folding).
Optimizing module spi_flash_reader.

3.41.16.16. Finished fast OPT passes. (There is nothing left to do.)

3.41.17. Executing AIGMAP pass (map logic to AIG).
Module spi_flash_reader: replaced 7 cells with 43 new cells, skipped 11 cells.
  replaced 2 cell types:
       5 $_MUX_
       2 $_OR_
  not replaced 3 cell types:
       2 $_AND_
       1 $_NOT_
       8 $specify2

3.41.18. Executing AIGMAP pass (map logic to AIG).
Module spi_flash_reader: replaced 77 cells with 368 new cells, skipped 197 cells.
  replaced 2 cell types:
      20 $_MUX_
      57 $_OR_
  not replaced 9 cell types:
      74 $_AND_
      21 $_NOT_
       1 SB_DFFR
      43 SB_DFFER
       1 SB_DFFES
       1 SB_DFFES_$abc9_byp
      43 SB_DFFER_$abc9_byp
       1 SB_DFFR_$abc9_byp
      12 $paramod$__ICE40_CARRY_WRAPPER\LUT=16'0110100110010110\I3_IS_CI=1'1

3.41.18.1. Executing ABC9_OPS pass (helper functions for ABC9).

3.41.18.2. Executing ABC9_OPS pass (helper functions for ABC9).

3.41.18.3. Executing XAIGER backend.
<suppressed ~56 debug messages>
Extracted 191 AND gates and 625 wires from module `spi_flash_reader' to a netlist network with 73 inputs and 58 outputs.

3.41.18.4. Executing ABC9_EXE pass (technology mapping using ABC9).

3.41.18.5. Executing ABC9.
Running ABC command: "<yosys-exe-dir>/yosys-abc" -s -f <abc-temp-dir>/abc.script 2>&1
ABC: ======== ABC command line "source <abc-temp-dir>/abc.script"
ABC: + read_lut <abc-temp-dir>/input.lut 
ABC: + read_box <abc-temp-dir>/input.box 
ABC: + &read <abc-temp-dir>/input.xaig 
ABC: + &ps 
ABC: <abc-temp-dir>/input : i/o =     73/     58  and =     183  lev =   11 (   1.19)  mem = 0.01 MB  box = 57  bb = 45
ABC: Warning: AIG with boxes has internal fanout in 0 complex flops and 2 carries.
ABC: + &scorr 
ABC: Warning: The network is combinational.
ABC: + &sweep 
ABC: + &dc2 
ABC: + &dch -f -r 
ABC: + &ps 
ABC: <abc-temp-dir>/input : i/o =     73/     58  and =     191  lev =    8 (   0.85)  mem = 0.01 MB  ch =   29  box = 57  bb = 45
ABC: cst =       0  cls =     24  lit =      29  unused =     280  proof =     0
ABC: Warning: AIG with boxes has internal fanout in 0 complex flops and 2 carries.
ABC: + &if -W 250 -v 
ABC: K = 4. Memory (bytes): Truth =    0. Cut =   64. Obj =  144. Set =  672. CutMin = no
ABC: Node =     191.  Ch =    24.  Total mem =    0.08 MB. Peak cut mem =    0.01 MB.
ABC: P:  Del = 2514.00.  Ar =      84.0.  Edge =      298.  Cut =     1289.  T =     0.00 sec
ABC: P:  Del = 2486.00.  Ar =      78.0.  Edge =      293.  Cut =     1224.  T =     0.00 sec
ABC: P:  Del = 3059.00.  Ar =      71.0.  Edge =      263.  Cut =     1259.  T =     0.00 sec
ABC: F:  Del = 3562.00.  Ar =      64.0.  Edge =      236.  Cut =     1294.  T =     0.00 sec
ABC: A:  Del = 3059.00.  Ar =      64.0.  Edge =      201.  Cut =     1326.  T =     0.00 sec
ABC: A:  Del = 3059.00.  Ar =      64.0.  Edge =      201.  Cut =     1331.  T =     0.00 sec
ABC: Total time =     0.00 sec
ABC: + &write -n <abc-temp-dir>/output.aig 
ABC: + &mfs 
ABC: + &ps -l 
ABC: <abc-temp-dir>/input : i/o =     73/     58  and =     147  lev =    7 (   0.79)  mem = 0.01 MB  box = 57  bb = 45
ABC: Mapping (K=4)  :  lut =     64  edge =     197  lev =    4 (0.45)  levB =    9  mem = 0.00 MB
ABC: LUT = 64 : 2=24 37.5 %  3=11 17.2 %  4=29 45.3 %  Ave = 3.08
ABC: Warning: AIG with boxes has internal fanout in 0 complex flops and 2 carries.
ABC: + &write -n <abc-temp-dir>/output.aig 
ABC: + &verify 
ABC: Networks are equivalent.  Time =     0.01 sec
ABC: + time 
ABC: elapse: 0.03 seconds, total: 0.03 seconds

3.41.18.6. Executing AIGER frontend.
<suppressed ~273 debug messages>
Removed 172 unused cells and 548 unused wires.

3.41.18.7. Executing ABC9_OPS pass (helper functions for ABC9).
ABC RESULTS:              $lut cells:       65
ABC RESULTS:   \SB_DFFES_$abc9_byp cells:        1
ABC RESULTS:   \SB_DFFER_$abc9_byp cells:       43
ABC RESULTS:   \SB_DFFR_$abc9_byp cells:        1
ABC RESULTS:   $paramod$__ICE40_CARRY_WRAPPER\LUT=16'0110100110010110\I3_IS_CI=1'1 cells:       12
ABC RESULTS:           input signals:       50
ABC RESULTS:          output signals:       23
Removing temp directory.

3.41.19. Executing TECHMAP pass (map to technology primitives).

3.41.19.1. Executing Verilog-2005 frontend: C:\OSS-CA~1\OSS-CA~1\bin\../share/yosys/abc9_unmap.v
Parsing Verilog input from `C:\OSS-CA~1\OSS-CA~1\bin\../share/yosys/abc9_unmap.v' to AST representation.
Generating RTLIL representation for module `$__DFF_x__$abc9_flop'.
Generating RTLIL representation for module `$__ABC9_SCC_BREAKER'.
Successfully finished Verilog frontend.

3.41.19.2. Continuing TECHMAP pass.
Using template SB_DFFER_$abc9_byp for cells of type SB_DFFER_$abc9_byp.
Using template SB_DFFES_$abc9_byp for cells of type SB_DFFES_$abc9_byp.
Using template $paramod$__ICE40_CARRY_WRAPPER\LUT=16'0110100110010110\I3_IS_CI=1'1 for cells of type $paramod$__ICE40_CARRY_WRAPPER\LUT=16'0110100110010110\I3_IS_CI=1'1.
Using template SB_DFFR_$abc9_byp for cells of type SB_DFFR_$abc9_byp.
No more expansions possible.
<suppressed ~66 debug messages>

3.42. Executing ICE40_WRAPCARRY pass (wrap carries).

3.43. Executing TECHMAP pass (map to technology primitives).

3.43.1. Executing Verilog-2005 frontend: C:\OSS-CA~1\OSS-CA~1\bin\../share/yosys/ice40/ff_map.v
Parsing Verilog input from `C:\OSS-CA~1\OSS-CA~1\bin\../share/yosys/ice40/ff_map.v' to AST representation.
Generating RTLIL representation for module `$_DFF_N_'.
Generating RTLIL representation for module `$_DFF_P_'.
Generating RTLIL representation for module `$_DFFE_NP_'.
Generating RTLIL representation for module `$_DFFE_PP_'.
Generating RTLIL representation for module `$_DFF_NP0_'.
Generating RTLIL representation for module `$_DFF_NP1_'.
Generating RTLIL representation for module `$_DFF_PP0_'.
Generating RTLIL representation for module `$_DFF_PP1_'.
Generating RTLIL representation for module `$_DFFE_NP0P_'.
Generating RTLIL representation for module `$_DFFE_NP1P_'.
Generating RTLIL representation for module `$_DFFE_PP0P_'.
Generating RTLIL representation for module `$_DFFE_PP1P_'.
Generating RTLIL representation for module `$_SDFF_NP0_'.
Generating RTLIL representation for module `$_SDFF_NP1_'.
Generating RTLIL representation for module `$_SDFF_PP0_'.
Generating RTLIL representation for module `$_SDFF_PP1_'.
Generating RTLIL representation for module `$_SDFFCE_NP0P_'.
Generating RTLIL representation for module `$_SDFFCE_NP1P_'.
Generating RTLIL representation for module `$_SDFFCE_PP0P_'.
Generating RTLIL representation for module `$_SDFFCE_PP1P_'.
Successfully finished Verilog frontend.

3.43.2. Continuing TECHMAP pass.
No more expansions possible.
<suppressed ~22 debug messages>
Removed 21 unused cells and 1198 unused wires.

3.44. Executing OPT_LUT pass (optimize LUTs).
Discovering LUTs.
Number of LUTs:       71
  1-LUT                1
  2-LUT               23
  3-LUT               18
  4-LUT               29
  with \SB_CARRY    (#0)    7
  with \SB_CARRY    (#1)    7

Eliminating LUTs.
Number of LUTs:       71
  1-LUT                1
  2-LUT               23
  3-LUT               18
  4-LUT               29
  with \SB_CARRY    (#0)    7
  with \SB_CARRY    (#1)    7

Combining LUTs.
Number of LUTs:       62
  1-LUT                1
  2-LUT               12
  3-LUT               13
  4-LUT               36
  with \SB_CARRY    (#0)    7
  with \SB_CARRY    (#1)    7

Eliminated 0 LUTs.
Combined 9 LUTs.
<suppressed ~412 debug messages>

3.45. Executing TECHMAP pass (map to technology primitives).

3.45.1. Executing Verilog-2005 frontend: C:\OSS-CA~1\OSS-CA~1\bin\../share/yosys/ice40/cells_map.v
Parsing Verilog input from `C:\OSS-CA~1\OSS-CA~1\bin\../share/yosys/ice40/cells_map.v' to AST representation.
Generating RTLIL representation for module `$lut'.
Successfully finished Verilog frontend.

3.45.2. Continuing TECHMAP pass.
Using template $paramod$lut\WIDTH=32'00000000000000000000000000000011\LUT=8'01110110 for cells of type $lut.
Using template $paramod$9d707d218adbd63b6f9a0c79d7ee037306fb6296$lut for cells of type $lut.
Using template $paramod$272652f6c6fbe9a75eff76e45cc7e2788835518b$lut for cells of type $lut.
Using template $paramod$658b9ed803f0d3d335616d3858b53e0a2522f1e8$lut for cells of type $lut.
Using template $paramod$lut\WIDTH=32'00000000000000000000000000000010\LUT=4'1000 for cells of type $lut.
Using template $paramod$lut\WIDTH=32'00000000000000000000000000000010\LUT=4'0010 for cells of type $lut.
Using template $paramod$f8f63b209b7230e81958663ff24fef1613156af7$lut for cells of type $lut.
Using template $paramod$lut\WIDTH=32'00000000000000000000000000000011\LUT=8'10000000 for cells of type $lut.
Using template $paramod$lut\WIDTH=32'00000000000000000000000000000010\LUT=4'0001 for cells of type $lut.
Using template $paramod$037be5c00d8a02858cdb1ab049b58a0133287ff1$lut for cells of type $lut.
Using template $paramod$lut\WIDTH=32'00000000000000000000000000000010\LUT=4'1101 for cells of type $lut.
Using template $paramod$lut\WIDTH=32'00000000000000000000000000000011\LUT=8'11111110 for cells of type $lut.
Using template $paramod$lut\WIDTH=32'00000000000000000000000000000011\LUT=8'00001000 for cells of type $lut.
Using template $paramod$lut\WIDTH=32'00000000000000000000000000000011\LUT=8'01010010 for cells of type $lut.
Using template $paramod$lut\WIDTH=32'00000000000000000000000000000011\LUT=8'01110000 for cells of type $lut.
Using template $paramod$873c285bdccf0ac2b60d2304ea5cd14bf211d2a6$lut for cells of type $lut.
Using template $paramod$620586420e818d3afa7e5b51fcf19f5c6ea83ad4$lut for cells of type $lut.
Using template $paramod$769bdbbde83614df0f4ab5f54e777ded51bb10ce$lut for cells of type $lut.
Using template $paramod$lut\WIDTH=32'00000000000000000000000000000011\LUT=8'01100100 for cells of type $lut.
Using template $paramod$lut\WIDTH=32'00000000000000000000000000000001\LUT=2'01 for cells of type $lut.
Using template $paramod$lut\WIDTH=32'00000000000000000000000000000011\LUT=8'10000111 for cells of type $lut.
Using template $paramod$lut\WIDTH=32'00000000000000000000000000000011\LUT=8'01000000 for cells of type $lut.
Using template $paramod$lut\WIDTH=32'00000000000000000000000000000010\LUT=4'0100 for cells of type $lut.
Using template $paramod$b29284e0c8ab6eeb1fcdc7b622f5a5a3d33af4c5$lut for cells of type $lut.
Using template $paramod$82b4a585d1edcb5c6e755dc9bd3392228a1c1304$lut for cells of type $lut.
Using template $paramod$77c2a0573790d304ab2299da6d598e8d2e184867$lut for cells of type $lut.
Using template $paramod$lut\WIDTH=32'00000000000000000000000000000011\LUT=8'01001100 for cells of type $lut.
Using template $paramod$f90239dab41c021bca0caaeb9b4595162a1d3311$lut for cells of type $lut.
Using template $paramod$8384e66d408d22ab39dfb451efb7879731befeb8$lut for cells of type $lut.
No more expansions possible.
<suppressed ~442 debug messages>
Removed 0 unused cells and 150 unused wires.

3.46. Executing AUTONAME pass.
Renamed 165 objects in module spi_flash_reader (47 iterations).
<suppressed ~165 debug messages>

3.47. Executing HIERARCHY pass (managing design hierarchy).
Attribute `top' found on module `spi_flash_reader'. Setting top module to spi_flash_reader.

3.47.1. Analyzing design hierarchy..
Top module:  \spi_flash_reader

3.47.2. Analyzing design hierarchy..
Top module:  \spi_flash_reader
Removed 0 unused modules.

3.48. Printing statistics.

=== spi_flash_reader ===

        +----------Local Count, excluding submodules.
        | 
       72 wires
      226 wire bits
       72 public wires
      226 public wire bits
       11 ports
       41 port bits
      111 submodules
        7   SB_CARRY
       40   SB_DFFER
        1   SB_DFFES
        1   SB_DFFR
       62   SB_LUT4

=== design hierarchy ===

        +----------Count including submodules.
        | 
        - spi_flash_reader

        +----------Count including submodules.
        | 
       72 wires
      226 wire bits
       72 public wires
      226 public wire bits
       11 ports
       41 port bits
        - memories
        - memory bits
        - processes
        - cells
      111 submodules
        7   SB_CARRY
       40   SB_DFFER
        1   SB_DFFES
        1   SB_DFFR
       62   SB_LUT4

3.49. Executing CHECK pass (checking for obvious problems).
Checking module spi_flash_reader...
Found and reported 0 problems.

3.50. Executing JSON backend.

4. Printing statistics.

=== spi_flash_reader ===

        +----------Local Count, excluding submodules.
        | 
       72 wires
      226 wire bits
       72 public wires
      226 public wire bits
       11 ports
       41 port bits
      111 cells
        7   SB_CARRY
       40   SB_DFFER
        1   SB_DFFES
        1   SB_DFFR
       62   SB_LUT4

End of script. Logfile hash: c8a641769c
Yosys 0.64+68 (git sha1 413169663-dirty, x86_64-w64-mingw32-g++ 13.2.1 -O3)
Time spent: 1% 26x opt_expr (0 sec), 1% 23x opt_clean (0 sec), ...

--- STDERR ---
