
--- STDERR ---
Info: constrained 'clk' to bel 'X12/Y31/io1'
Info: constrained 'rst_n' to bel 'X13/Y31/io1'
Info: constrained 'enable' to bel 'X8/Y0/io0'
Info: constrained 'tone_out' to bel 'X19/Y31/io0'
Warning: IO 'half_period[15]' is unconstrained in PCF and will be automatically placed
Warning: IO 'half_period[14]' is unconstrained in PCF and will be automatically placed
Warning: IO 'half_period[13]' is unconstrained in PCF and will be automatically placed
Warning: IO 'half_period[12]' is unconstrained in PCF and will be automatically placed
Warning: IO 'half_period[11]' is unconstrained in PCF and will be automatically placed
Warning: IO 'half_period[10]' is unconstrained in PCF and will be automatically placed
Warning: IO 'half_period[9]' is unconstrained in PCF and will be automatically placed
Warning: IO 'half_period[8]' is unconstrained in PCF and will be automatically placed
Warning: IO 'half_period[7]' is unconstrained in PCF and will be automatically placed
Warning: IO 'half_period[6]' is unconstrained in PCF and will be automatically placed
Warning: IO 'half_period[5]' is unconstrained in PCF and will be automatically placed
Warning: IO 'half_period[4]' is unconstrained in PCF and will be automatically placed
Warning: IO 'half_period[3]' is unconstrained in PCF and will be automatically placed
Warning: IO 'half_period[2]' is unconstrained in PCF and will be automatically placed
Warning: IO 'half_period[1]' is unconstrained in PCF and will be automatically placed
Warning: IO 'half_period[0]' is unconstrained in PCF and will be automatically placed

Info: Packing constants..
Info: Packing IOs..
Info: Packing LUT-FFs..
Info:       19 LCs used as LUT4 only
Info:       17 LCs used as LUT4 and DFF
Info: Packing non-LUT FFs..
Info:        0 LCs used as DFF only
Info: Packing carries..
Info:       16 LCs used as CARRY only
Info: Packing indirect carry+LUT pairs...
Info:       16 LUTs merged into carry LCs
Info: Packing RAMs..
Info: Placing PLLs..
Info: Packing special functions..
Info: Packing PLLs..
Info: Promoting globals..
Info: promoting clk$SB_IO_IN (fanout 17)
Info: promoting rst_n_SB_LUT4_I3_O [reset] (fanout 17)
Info: Constraining chains...
Info:        1 LCs used to legalise carry chains.
Info: Checksum: 0xbf0404f4

Info: Device utilisation:
Info: 	         ICESTORM_LC:      39/   5280     0%
Info: 	        ICESTORM_RAM:       0/     30     0%
Info: 	               SB_IO:      20/     39    51%
Info: 	               SB_GB:       2/      8    25%
Info: 	        ICESTORM_PLL:       0/      1     0%
Info: 	         SB_WARMBOOT:       0/      1     0%
Info: 	        ICESTORM_DSP:       0/      8     0%
Info: 	      ICESTORM_HFOSC:       0/      1     0%
Info: 	      ICESTORM_LFOSC:       0/      1     0%
Info: 	              SB_I2C:       0/      2     0%
Info: 	              SB_SPI:       0/      2     0%
Info: 	              IO_I3C:       0/      2     0%
Info: 	         SB_LEDDA_IP:       0/      1     0%
Info: 	         SB_RGBA_DRV:       0/      1     0%
Info: 	      ICESTORM_SPRAM:       0/      4     0%

Info: Placed 4 cells based on constraints.
Info: Creating initial analytic placement for 8 cells, random placement wirelen = 1121.
Info:     at initial placer iter 0, wirelen = 443
Info:     at initial placer iter 1, wirelen = 417
Info:     at initial placer iter 2, wirelen = 400
Info:     at initial placer iter 3, wirelen = 384
Info: Running main analytical placer, max placement attempts per cell = 10000.
Info:     at iteration #1, type ICESTORM_LC: wirelen solved = 369, spread = 404, legal = 406; time = 0.00s
Info:     at iteration #1, type SB_GB: wirelen solved = 405, spread = 405, legal = 408; time = 0.00s
Info:     at iteration #1, type ALL: wirelen solved = 355, spread = 398, legal = 404; time = 0.00s
Info: HeAP Placer Time: 0.00s
Info:   of which solving equations: 0.00s
Info:   of which spreading cells: 0.00s
Info:   of which strict legalisation: 0.00s

Info: Running simulated annealing placer for refinement.
Info:   at iteration #1: temp = 0.000000, timing cost = 50, wirelen = 404
Info:   at iteration #5: temp = 0.000000, timing cost = 39, wirelen = 358
Info:   at iteration #7: temp = 0.000000, timing cost = 39, wirelen = 358 
Info: SA placement time 0.00s

Info: Max frequency for clock 'clk$SB_IO_IN_$glb_clk': 81.74 MHz (PASS at 12.00 MHz)

Info: Max delay <async>                       -> <async>                      : 11.46 ns
Info: Max delay <async>                       -> posedge clk$SB_IO_IN_$glb_clk: 17.27 ns
Info: Max delay posedge clk$SB_IO_IN_$glb_clk -> <async>                      : 10.98 ns

Info: Slack histogram:
Info:  legend: * represents 1 endpoint(s)
Info:          + represents [1,1) endpoint(s)
Info: [ 71099,  71512) |**************** 
Info: [ 71512,  71925) | 
Info: [ 71925,  72338) |* 
Info: [ 72338,  72751) | 
Info: [ 72751,  73164) | 
Info: [ 73164,  73577) | 
Info: [ 73577,  73990) |* 
Info: [ 73990,  74403) |** 
Info: [ 74403,  74816) |** 
Info: [ 74816,  75229) |*** 
Info: [ 75229,  75642) |*** 
Info: [ 75642,  76055) |** 
Info: [ 76055,  76468) |*** 
Info: [ 76468,  76881) |* 
Info: [ 76881,  77294) |*** 
Info: [ 77294,  77707) |*** 
Info: [ 77707,  78120) |** 
Info: [ 78120,  78533) |** 
Info: [ 78533,  78946) |** 
Info: [ 78946,  79359) |*** 
Info: Checksum: 0x5eb1af63

Info: Routing..
Info: Setting up routing queue.
Info: Routing 144 arcs.
Info:            |   (re-)routed arcs  |   delta    | remaining|       time spent     |
Info:    IterCnt |  w/ripup   wo/ripup |  w/r  wo/r |      arcs| batch(sec) total(sec)|
Info:        162 |       17        118 |   17   118 |         0|       0.03       0.03|
Info: Routing complete.
Info: Router1 time 0.03s
Info: Checksum: 0x9f7aa7c7

Info: Critical path report for clock 'clk$SB_IO_IN_$glb_clk' (posedge -> posedge):
Info:       type curr  total name
Info:   clk-to-q  1.39  1.39 Source enable_SB_LUT4_I2_I3_SB_CARRY_CO_I0_SB_LUT4_I2_O_SB_LUT4_O_LC.O
Info:    routing  1.76  3.15 Net enable_SB_LUT4_I2_I3_SB_CARRY_CO_I0_SB_LUT4_I2_O_SB_LUT4_O_3_I2[3] (9,4) -> (8,3)
Info:                          Sink enable_SB_LUT4_I2_I3_SB_CARRY_CO_I0_SB_LUT4_I2_O_SB_LUT4_O_3_I2_SB_CARRY_I0_CI_SB_CARRY_CO$CARRY.I1
Info:                          Defined in:
Info:                               tone_generator.v:27.28-27.42
Info:                               C:\OSS-CA~1\OSS-CA~1\bin\../share/yosys/ice40/arith_map.v:62.5-70.4
Info:                               C:\OSS-CA~1\OSS-CA~1\bin\../share/yosys/ice40/abc9_model.v:8.8-8.10
Info:      logic  0.68  3.83 Source enable_SB_LUT4_I2_I3_SB_CARRY_CO_I0_SB_LUT4_I2_O_SB_LUT4_O_3_I2_SB_CARRY_I0_CI_SB_CARRY_CO$CARRY.COUT
Info:    routing  0.00  3.83 Net enable_SB_LUT4_I2_I3_SB_CARRY_CO_I0_SB_LUT4_I2_O_SB_LUT4_O_3_I2_SB_CARRY_I0_CI (8,3) -> (8,3)
Info:                          Sink enable_SB_LUT4_I2_I3_SB_CARRY_CO_I0_SB_LUT4_I2_O_SB_LUT4_O_3_I2_SB_CARRY_I0$CARRY.CIN
Info:                          Defined in:
Info:                               tone_generator.v:23.17-23.39
Info:                               C:\OSS-CA~1\OSS-CA~1\bin\../share/yosys/ice40/arith_map.v:62.5-70.4
Info:                               C:\OSS-CA~1\OSS-CA~1\bin\../share/yosys/ice40/abc9_model.v:4.9-4.11
Info:      logic  0.28  4.10 Source enable_SB_LUT4_I2_I3_SB_CARRY_CO_I0_SB_LUT4_I2_O_SB_LUT4_O_3_I2_SB_CARRY_I0$CARRY.COUT
Info:    routing  0.00  4.10 Net enable_SB_LUT4_I2_I3_SB_CARRY_CO_I0_SB_LUT4_I2_O_SB_LUT4_O_3_I2_SB_CARRY_I0_CO (8,3) -> (8,3)
Info:                          Sink enable_SB_LUT4_I2_I3_SB_CARRY_CO_I0_SB_LUT4_I2_O_SB_LUT4_O_14_I2_SB_CARRY_I0$CARRY.CIN
Info:                          Defined in:
Info:                               tone_generator.v:23.17-23.39
Info:                               C:\OSS-CA~1\OSS-CA~1\bin\../share/yosys/ice40/arith_map.v:62.5-70.4
Info:                               C:\OSS-CA~1\OSS-CA~1\bin\../share/yosys/ice40/abc9_model.v:4.9-4.11
Info:      logic  0.28  4.38 Source enable_SB_LUT4_I2_I3_SB_CARRY_CO_I0_SB_LUT4_I2_O_SB_LUT4_O_14_I2_SB_CARRY_I0$CARRY.COUT
Info:    routing  0.00  4.38 Net enable_SB_LUT4_I2_I3_SB_CARRY_CO_I0_SB_LUT4_I2_O_SB_LUT4_O_14_I2_SB_CARRY_I0_CO (8,3) -> (8,3)
Info:                          Sink enable_SB_LUT4_I2_I3_SB_CARRY_CO_I0_SB_LUT4_I2_O_SB_LUT4_O_13_I2_SB_CARRY_I0$CARRY.CIN
Info:                          Defined in:
Info:                               tone_generator.v:23.17-23.39
Info:                               C:\OSS-CA~1\OSS-CA~1\bin\../share/yosys/ice40/arith_map.v:62.5-70.4
Info:                               C:\OSS-CA~1\OSS-CA~1\bin\../share/yosys/ice40/abc9_model.v:4.9-4.11
Info:      logic  0.28  4.66 Source enable_SB_LUT4_I2_I3_SB_CARRY_CO_I0_SB_LUT4_I2_O_SB_LUT4_O_13_I2_SB_CARRY_I0$CARRY.COUT
Info:    routing  0.00  4.66 Net enable_SB_LUT4_I2_I3_SB_CARRY_CO_I0_SB_LUT4_I2_O_SB_LUT4_O_13_I2_SB_CARRY_I0_CO (8,3) -> (8,3)
Info:                          Sink enable_SB_LUT4_I2_I3_SB_CARRY_CO_I0_SB_LUT4_I2_O_SB_LUT4_O_12_I2_SB_CARRY_I0$CARRY.CIN
Info:                          Defined in:
Info:                               tone_generator.v:23.17-23.39
Info:                               C:\OSS-CA~1\OSS-CA~1\bin\../share/yosys/ice40/arith_map.v:62.5-70.4
Info:                               C:\OSS-CA~1\OSS-CA~1\bin\../share/yosys/ice40/abc9_model.v:4.9-4.11
Info:      logic  0.28  4.94 Source enable_SB_LUT4_I2_I3_SB_CARRY_CO_I0_SB_LUT4_I2_O_SB_LUT4_O_12_I2_SB_CARRY_I0$CARRY.COUT
Info:    routing  0.00  4.94 Net enable_SB_LUT4_I2_I3_SB_CARRY_CO_I0_SB_LUT4_I2_O_SB_LUT4_O_12_I2_SB_CARRY_I0_CO (8,3) -> (8,3)
Info:                          Sink enable_SB_LUT4_I2_I3_SB_CARRY_CO_I0_SB_LUT4_I2_O_SB_LUT4_O_11_I2_SB_CARRY_I0$CARRY.CIN
Info:                          Defined in:
Info:                               tone_generator.v:23.17-23.39
Info:                               C:\OSS-CA~1\OSS-CA~1\bin\../share/yosys/ice40/arith_map.v:62.5-70.4
Info:                               C:\OSS-CA~1\OSS-CA~1\bin\../share/yosys/ice40/abc9_model.v:4.9-4.11
Info:      logic  0.28  5.22 Source enable_SB_LUT4_I2_I3_SB_CARRY_CO_I0_SB_LUT4_I2_O_SB_LUT4_O_11_I2_SB_CARRY_I0$CARRY.COUT
Info:    routing  0.00  5.22 Net enable_SB_LUT4_I2_I3_SB_CARRY_CO_I0_SB_LUT4_I2_O_SB_LUT4_O_11_I2_SB_CARRY_I0_CO (8,3) -> (8,3)
Info:                          Sink enable_SB_LUT4_I2_I3_SB_CARRY_CO_I0_SB_LUT4_I2_O_SB_LUT4_O_10_I2_SB_CARRY_I0$CARRY.CIN
Info:                          Defined in:
Info:                               tone_generator.v:23.17-23.39
Info:                               C:\OSS-CA~1\OSS-CA~1\bin\../share/yosys/ice40/arith_map.v:62.5-70.4
Info:                               C:\OSS-CA~1\OSS-CA~1\bin\../share/yosys/ice40/abc9_model.v:4.9-4.11
Info:      logic  0.28  5.49 Source enable_SB_LUT4_I2_I3_SB_CARRY_CO_I0_SB_LUT4_I2_O_SB_LUT4_O_10_I2_SB_CARRY_I0$CARRY.COUT
Info:    routing  0.00  5.49 Net enable_SB_LUT4_I2_I3_SB_CARRY_CO_I0_SB_LUT4_I2_O_SB_LUT4_O_10_I2_SB_CARRY_I0_CO (8,3) -> (8,3)
Info:                          Sink enable_SB_LUT4_I2_I3_SB_CARRY_CO_I0_SB_LUT4_I2_O_SB_LUT4_O_9_I2_SB_CARRY_I0$CARRY.CIN
Info:                          Defined in:
Info:                               tone_generator.v:23.17-23.39
Info:                               C:\OSS-CA~1\OSS-CA~1\bin\../share/yosys/ice40/arith_map.v:62.5-70.4
Info:                               C:\OSS-CA~1\OSS-CA~1\bin\../share/yosys/ice40/abc9_model.v:4.9-4.11
Info:      logic  0.28  5.77 Source enable_SB_LUT4_I2_I3_SB_CARRY_CO_I0_SB_LUT4_I2_O_SB_LUT4_O_9_I2_SB_CARRY_I0$CARRY.COUT
Info:    routing  0.56  6.33 Net enable_SB_LUT4_I2_I3_SB_CARRY_CO_I0_SB_LUT4_I2_O_SB_LUT4_O_9_I2_SB_CARRY_I0_CO (8,3) -> (8,4)
Info:                          Sink enable_SB_LUT4_I2_I3_SB_CARRY_CO_I0_SB_LUT4_I2_O_SB_LUT4_O_8_I2_SB_CARRY_I0$CARRY.CIN
Info:                          Defined in:
Info:                               tone_generator.v:23.17-23.39
Info:                               C:\OSS-CA~1\OSS-CA~1\bin\../share/yosys/ice40/arith_map.v:62.5-70.4
Info:                               C:\OSS-CA~1\OSS-CA~1\bin\../share/yosys/ice40/abc9_model.v:4.9-4.11
Info:      logic  0.28  6.61 Source enable_SB_LUT4_I2_I3_SB_CARRY_CO_I0_SB_LUT4_I2_O_SB_LUT4_O_8_I2_SB_CARRY_I0$CARRY.COUT
Info:    routing  0.00  6.61 Net enable_SB_LUT4_I2_I3_SB_CARRY_CO_I0_SB_LUT4_I2_O_SB_LUT4_O_8_I2_SB_CARRY_I0_CO (8,4) -> (8,4)
Info:                          Sink enable_SB_LUT4_I2_I3_SB_CARRY_CO_I0_SB_LUT4_I2_O_SB_LUT4_O_7_I2_SB_CARRY_I0$CARRY.CIN
Info:                          Defined in:
Info:                               tone_generator.v:23.17-23.39
Info:                               C:\OSS-CA~1\OSS-CA~1\bin\../share/yosys/ice40/arith_map.v:62.5-70.4
Info:                               C:\OSS-CA~1\OSS-CA~1\bin\../share/yosys/ice40/abc9_model.v:4.9-4.11
Info:      logic  0.28  6.88 Source enable_SB_LUT4_I2_I3_SB_CARRY_CO_I0_SB_LUT4_I2_O_SB_LUT4_O_7_I2_SB_CARRY_I0$CARRY.COUT
Info:    routing  0.00  6.88 Net enable_SB_LUT4_I2_I3_SB_CARRY_CO_I0_SB_LUT4_I2_O_SB_LUT4_O_7_I2_SB_CARRY_I0_CO (8,4) -> (8,4)
Info:                          Sink enable_SB_LUT4_I2_I3_SB_CARRY_CO_I0_SB_LUT4_I2_O_SB_LUT4_O_6_I2_SB_CARRY_I0$CARRY.CIN
Info:                          Defined in:
Info:                               tone_generator.v:23.17-23.39
Info:                               C:\OSS-CA~1\OSS-CA~1\bin\../share/yosys/ice40/arith_map.v:62.5-70.4
Info:                               C:\OSS-CA~1\OSS-CA~1\bin\../share/yosys/ice40/abc9_model.v:4.9-4.11
Info:      logic  0.28  7.16 Source enable_SB_LUT4_I2_I3_SB_CARRY_CO_I0_SB_LUT4_I2_O_SB_LUT4_O_6_I2_SB_CARRY_I0$CARRY.COUT
Info:    routing  0.00  7.16 Net enable_SB_LUT4_I2_I3_SB_CARRY_CO_CI_SB_CARRY_CO_CI_SB_CARRY_CO_CI_SB_CARRY_CO_CI_SB_CARRY_CO_CI (8,4) -> (8,4)
Info:                          Sink enable_SB_LUT4_I2_I3_SB_CARRY_CO_CI_SB_CARRY_CO_CI_SB_CARRY_CO_CI_SB_CARRY_CO_CI_SB_CARRY_CO$CARRY.CIN
Info:                          Defined in:
Info:                               tone_generator.v:23.17-23.39
Info:                               C:\OSS-CA~1\OSS-CA~1\bin\../share/yosys/ice40/arith_map.v:62.5-70.4
Info:                               C:\OSS-CA~1\OSS-CA~1\bin\../share/yosys/ice40/abc9_model.v:4.9-4.11
Info:      logic  0.28  7.44 Source enable_SB_LUT4_I2_I3_SB_CARRY_CO_CI_SB_CARRY_CO_CI_SB_CARRY_CO_CI_SB_CARRY_CO_CI_SB_CARRY_CO$CARRY.COUT
Info:    routing  0.00  7.44 Net enable_SB_LUT4_I2_I3_SB_CARRY_CO_CI_SB_CARRY_CO_CI_SB_CARRY_CO_CI_SB_CARRY_CO_CI (8,4) -> (8,4)
Info:                          Sink enable_SB_LUT4_I2_I3_SB_CARRY_CO_CI_SB_CARRY_CO_CI_SB_CARRY_CO_CI_SB_CARRY_CO$CARRY.CIN
Info:                          Defined in:
Info:                               tone_generator.v:23.17-23.39
Info:                               C:\OSS-CA~1\OSS-CA~1\bin\../share/yosys/ice40/arith_map.v:62.5-70.4
Info:                               C:\OSS-CA~1\OSS-CA~1\bin\../share/yosys/ice40/abc9_model.v:4.9-4.11
Info:      logic  0.28  7.72 Source enable_SB_LUT4_I2_I3_SB_CARRY_CO_CI_SB_CARRY_CO_CI_SB_CARRY_CO_CI_SB_CARRY_CO$CARRY.COUT
Info:    routing  0.00  7.72 Net enable_SB_LUT4_I2_I3_SB_CARRY_CO_CI_SB_CARRY_CO_CI_SB_CARRY_CO_CI (8,4) -> (8,4)
Info:                          Sink enable_SB_LUT4_I2_I3_SB_CARRY_CO_CI_SB_CARRY_CO_CI_SB_CARRY_CO$CARRY.CIN
Info:                          Defined in:
Info:                               tone_generator.v:23.17-23.39
Info:                               C:\OSS-CA~1\OSS-CA~1\bin\../share/yosys/ice40/arith_map.v:62.5-70.4
Info:                               C:\OSS-CA~1\OSS-CA~1\bin\../share/yosys/ice40/abc9_model.v:4.9-4.11
Info:      logic  0.28  8.00 Source enable_SB_LUT4_I2_I3_SB_CARRY_CO_CI_SB_CARRY_CO_CI_SB_CARRY_CO$CARRY.COUT
Info:    routing  0.00  8.00 Net enable_SB_LUT4_I2_I3_SB_CARRY_CO_CI_SB_CARRY_CO_CI (8,4) -> (8,4)
Info:                          Sink enable_SB_LUT4_I2_I3_SB_CARRY_CO_CI_SB_CARRY_CO$CARRY.CIN
Info:                          Defined in:
Info:                               tone_generator.v:23.17-23.39
Info:                               C:\OSS-CA~1\OSS-CA~1\bin\../share/yosys/ice40/arith_map.v:62.5-70.4
Info:                               C:\OSS-CA~1\OSS-CA~1\bin\../share/yosys/ice40/abc9_model.v:4.9-4.11
Info:      logic  0.28  8.27 Source enable_SB_LUT4_I2_I3_SB_CARRY_CO_CI_SB_CARRY_CO$CARRY.COUT
Info:    routing  0.00  8.27 Net enable_SB_LUT4_I2_I3_SB_CARRY_CO_CI (8,4) -> (8,4)
Info:                          Sink enable_SB_LUT4_I2_I3_SB_CARRY_CO$CARRY.CIN
Info:                          Defined in:
Info:                               tone_generator.v:23.17-23.39
Info:                               C:\OSS-CA~1\OSS-CA~1\bin\../share/yosys/ice40/arith_map.v:62.5-70.4
Info:                               C:\OSS-CA~1\OSS-CA~1\bin\../share/yosys/ice40/abc9_model.v:4.9-4.11
Info:      logic  0.28  8.55 Source enable_SB_LUT4_I2_I3_SB_CARRY_CO$CARRY.COUT
Info:    routing  1.22  9.77 Net enable_SB_LUT4_I2_I3 (8,4) -> (8,5)
Info:                          Sink enable_SB_LUT4_I2_LC.I3
Info:                          Defined in:
Info:                               tone_generator.v:23.17-23.39
Info:                               C:\OSS-CA~1\OSS-CA~1\bin\../share/yosys/ice40/arith_map.v:62.5-70.4
Info:                               C:\OSS-CA~1\OSS-CA~1\bin\../share/yosys/ice40/abc9_model.v:4.9-4.11
Info:      logic  0.87  10.64 Source enable_SB_LUT4_I2_LC.O
Info:    routing  2.99  13.64 Net enable_SB_LUT4_I2_I3_SB_CARRY_CO_CI_SB_CARRY_CO_I0[0] (8,5) -> (9,5)
Info:                          Sink enable_SB_LUT4_I2_1_LC.CEN
Info:                          Defined in:
Info:                               tone_generator.v:27.28-27.42
Info:                               C:\OSS-CA~1\OSS-CA~1\bin\../share/yosys/ice40/arith_map.v:62.5-70.4
Info:                               C:\OSS-CA~1\OSS-CA~1\bin\../share/yosys/ice40/cells_map.v:6.21-6.22
Info:      setup  0.10  13.73 Source enable_SB_LUT4_I2_1_LC.CEN
Info: 7.21 ns logic, 6.53 ns routing

Info: Critical path report for cross-domain path '<async>' -> '<async>':
Info:       type curr  total name
Info:     source  0.00  0.00 Source enable$sb_io.D_IN_0
Info:    routing  3.60  3.60 Net enable$SB_IO_IN (8,0) -> (9,6)
Info:                          Sink tone_out_SB_LUT4_O_LC.I2
Info:                          Defined in:
Info:                               C:\OSS-CA~1\OSS-CA~1\bin\../share/yosys/ice40/cells_map.v:6.21-6.22
Info:      logic  1.21  4.80 Source tone_out_SB_LUT4_O_LC.O
Info:    routing  7.60  12.40 Net tone_out$SB_IO_OUT (9,6) -> (19,31)
Info:                          Sink tone_out$sb_io.D_OUT_0
Info:                          Defined in:
Info:                               tone_generator.v:10.19-10.27
Info: 1.21 ns logic, 11.20 ns routing

Info: Critical path report for cross-domain path '<async>' -> 'posedge clk$SB_IO_IN_$glb_clk':
Info:       type curr  total name
Info:     source  0.00  0.00 Source half_period[3]$sb_io.D_IN_0
Info:    routing  6.37  6.37 Net half_period[3]$SB_IO_IN (9,31) -> (8,3)
Info:                          Sink enable_SB_LUT4_I2_I3_SB_CARRY_CO_I0_SB_LUT4_I2_O_SB_LUT4_O_13_I2_SB_CARRY_I0$CARRY.I3
Info:                          Defined in:
Info:                               tone_generator.v:8.19-8.30
Info:      logic  0.87  7.24 Source enable_SB_LUT4_I2_I3_SB_CARRY_CO_I0_SB_LUT4_I2_O_SB_LUT4_O_13_I2_SB_CARRY_I0$CARRY.O
Info:    routing  1.76  9.00 Net enable_SB_LUT4_I2_I3_SB_CARRY_CO_I0_SB_LUT4_I2_O_SB_LUT4_O_13_I2_SB_CARRY_I0_I1 (8,3) -> (8,3)
Info:                          Sink enable_SB_LUT4_I2_I3_SB_CARRY_CO_I0_SB_LUT4_I2_O_SB_LUT4_O_13_I2_SB_CARRY_I0$CARRY.I2
Info:      logic  0.61  9.61 Source enable_SB_LUT4_I2_I3_SB_CARRY_CO_I0_SB_LUT4_I2_O_SB_LUT4_O_13_I2_SB_CARRY_I0$CARRY.COUT
Info:    routing  0.00  9.61 Net enable_SB_LUT4_I2_I3_SB_CARRY_CO_I0_SB_LUT4_I2_O_SB_LUT4_O_13_I2_SB_CARRY_I0_CO (8,3) -> (8,3)
Info:                          Sink enable_SB_LUT4_I2_I3_SB_CARRY_CO_I0_SB_LUT4_I2_O_SB_LUT4_O_12_I2_SB_CARRY_I0$CARRY.CIN
Info:                          Defined in:
Info:                               tone_generator.v:23.17-23.39
Info:                               C:\OSS-CA~1\OSS-CA~1\bin\../share/yosys/ice40/arith_map.v:62.5-70.4
Info:                               C:\OSS-CA~1\OSS-CA~1\bin\../share/yosys/ice40/abc9_model.v:4.9-4.11
Info:      logic  0.28  9.89 Source enable_SB_LUT4_I2_I3_SB_CARRY_CO_I0_SB_LUT4_I2_O_SB_LUT4_O_12_I2_SB_CARRY_I0$CARRY.COUT
Info:    routing  0.00  9.89 Net enable_SB_LUT4_I2_I3_SB_CARRY_CO_I0_SB_LUT4_I2_O_SB_LUT4_O_12_I2_SB_CARRY_I0_CO (8,3) -> (8,3)
Info:                          Sink enable_SB_LUT4_I2_I3_SB_CARRY_CO_I0_SB_LUT4_I2_O_SB_LUT4_O_11_I2_SB_CARRY_I0$CARRY.CIN
Info:                          Defined in:
Info:                               tone_generator.v:23.17-23.39
Info:                               C:\OSS-CA~1\OSS-CA~1\bin\../share/yosys/ice40/arith_map.v:62.5-70.4
Info:                               C:\OSS-CA~1\OSS-CA~1\bin\../share/yosys/ice40/abc9_model.v:4.9-4.11
Info:      logic  0.28  10.17 Source enable_SB_LUT4_I2_I3_SB_CARRY_CO_I0_SB_LUT4_I2_O_SB_LUT4_O_11_I2_SB_CARRY_I0$CARRY.COUT
Info:    routing  0.00  10.17 Net enable_SB_LUT4_I2_I3_SB_CARRY_CO_I0_SB_LUT4_I2_O_SB_LUT4_O_11_I2_SB_CARRY_I0_CO (8,3) -> (8,3)
Info:                          Sink enable_SB_LUT4_I2_I3_SB_CARRY_CO_I0_SB_LUT4_I2_O_SB_LUT4_O_10_I2_SB_CARRY_I0$CARRY.CIN
Info:                          Defined in:
Info:                               tone_generator.v:23.17-23.39
Info:                               C:\OSS-CA~1\OSS-CA~1\bin\../share/yosys/ice40/arith_map.v:62.5-70.4
Info:                               C:\OSS-CA~1\OSS-CA~1\bin\../share/yosys/ice40/abc9_model.v:4.9-4.11
Info:      logic  0.28  10.44 Source enable_SB_LUT4_I2_I3_SB_CARRY_CO_I0_SB_LUT4_I2_O_SB_LUT4_O_10_I2_SB_CARRY_I0$CARRY.COUT
Info:    routing  0.00  10.44 Net enable_SB_LUT4_I2_I3_SB_CARRY_CO_I0_SB_LUT4_I2_O_SB_LUT4_O_10_I2_SB_CARRY_I0_CO (8,3) -> (8,3)
Info:                          Sink enable_SB_LUT4_I2_I3_SB_CARRY_CO_I0_SB_LUT4_I2_O_SB_LUT4_O_9_I2_SB_CARRY_I0$CARRY.CIN
Info:                          Defined in:
Info:                               tone_generator.v:23.17-23.39
Info:                               C:\OSS-CA~1\OSS-CA~1\bin\../share/yosys/ice40/arith_map.v:62.5-70.4
Info:                               C:\OSS-CA~1\OSS-CA~1\bin\../share/yosys/ice40/abc9_model.v:4.9-4.11
Info:      logic  0.28  10.72 Source enable_SB_LUT4_I2_I3_SB_CARRY_CO_I0_SB_LUT4_I2_O_SB_LUT4_O_9_I2_SB_CARRY_I0$CARRY.COUT
Info:    routing  0.56  11.28 Net enable_SB_LUT4_I2_I3_SB_CARRY_CO_I0_SB_LUT4_I2_O_SB_LUT4_O_9_I2_SB_CARRY_I0_CO (8,3) -> (8,4)
Info:                          Sink enable_SB_LUT4_I2_I3_SB_CARRY_CO_I0_SB_LUT4_I2_O_SB_LUT4_O_8_I2_SB_CARRY_I0$CARRY.CIN
Info:                          Defined in:
Info:                               tone_generator.v:23.17-23.39
Info:                               C:\OSS-CA~1\OSS-CA~1\bin\../share/yosys/ice40/arith_map.v:62.5-70.4
Info:                               C:\OSS-CA~1\OSS-CA~1\bin\../share/yosys/ice40/abc9_model.v:4.9-4.11
Info:      logic  0.28  11.56 Source enable_SB_LUT4_I2_I3_SB_CARRY_CO_I0_SB_LUT4_I2_O_SB_LUT4_O_8_I2_SB_CARRY_I0$CARRY.COUT
Info:    routing  0.00  11.56 Net enable_SB_LUT4_I2_I3_SB_CARRY_CO_I0_SB_LUT4_I2_O_SB_LUT4_O_8_I2_SB_CARRY_I0_CO (8,4) -> (8,4)
Info:                          Sink enable_SB_LUT4_I2_I3_SB_CARRY_CO_I0_SB_LUT4_I2_O_SB_LUT4_O_7_I2_SB_CARRY_I0$CARRY.CIN
Info:                          Defined in:
Info:                               tone_generator.v:23.17-23.39
Info:                               C:\OSS-CA~1\OSS-CA~1\bin\../share/yosys/ice40/arith_map.v:62.5-70.4
Info:                               C:\OSS-CA~1\OSS-CA~1\bin\../share/yosys/ice40/abc9_model.v:4.9-4.11
Info:      logic  0.28  11.83 Source enable_SB_LUT4_I2_I3_SB_CARRY_CO_I0_SB_LUT4_I2_O_SB_LUT4_O_7_I2_SB_CARRY_I0$CARRY.COUT
Info:    routing  0.00  11.83 Net enable_SB_LUT4_I2_I3_SB_CARRY_CO_I0_SB_LUT4_I2_O_SB_LUT4_O_7_I2_SB_CARRY_I0_CO (8,4) -> (8,4)
Info:                          Sink enable_SB_LUT4_I2_I3_SB_CARRY_CO_I0_SB_LUT4_I2_O_SB_LUT4_O_6_I2_SB_CARRY_I0$CARRY.CIN
Info:                          Defined in:
Info:                               tone_generator.v:23.17-23.39
Info:                               C:\OSS-CA~1\OSS-CA~1\bin\../share/yosys/ice40/arith_map.v:62.5-70.4
Info:                               C:\OSS-CA~1\OSS-CA~1\bin\../share/yosys/ice40/abc9_model.v:4.9-4.11
Info:      logic  0.28  12.11 Source enable_SB_LUT4_I2_I3_SB_CARRY_CO_I0_SB_LUT4_I2_O_SB_LUT4_O_6_I2_SB_CARRY_I0$CARRY.COUT
Info:    routing  0.00  12.11 Net enable_SB_LUT4_I2_I3_SB_CARRY_CO_CI_SB_CARRY_CO_CI_SB_CARRY_CO_CI_SB_CARRY_CO_CI_SB_CARRY_CO_CI (8,4) -> (8,4)
Info:                          Sink enable_SB_LUT4_I2_I3_SB_CARRY_CO_CI_SB_CARRY_CO_CI_SB_CARRY_CO_CI_SB_CARRY_CO_CI_SB_CARRY_CO$CARRY.CIN
Info:                          Defined in:
Info:                               tone_generator.v:23.17-23.39
Info:                               C:\OSS-CA~1\OSS-CA~1\bin\../share/yosys/ice40/arith_map.v:62.5-70.4
Info:                               C:\OSS-CA~1\OSS-CA~1\bin\../share/yosys/ice40/abc9_model.v:4.9-4.11
Info:      logic  0.28  12.39 Source enable_SB_LUT4_I2_I3_SB_CARRY_CO_CI_SB_CARRY_CO_CI_SB_CARRY_CO_CI_SB_CARRY_CO_CI_SB_CARRY_CO$CARRY.COUT
Info:    routing  0.00  12.39 Net enable_SB_LUT4_I2_I3_SB_CARRY_CO_CI_SB_CARRY_CO_CI_SB_CARRY_CO_CI_SB_CARRY_CO_CI (8,4) -> (8,4)
Info:                          Sink enable_SB_LUT4_I2_I3_SB_CARRY_CO_CI_SB_CARRY_CO_CI_SB_CARRY_CO_CI_SB_CARRY_CO$CARRY.CIN
Info:                          Defined in:
Info:                               tone_generator.v:23.17-23.39
Info:                               C:\OSS-CA~1\OSS-CA~1\bin\../share/yosys/ice40/arith_map.v:62.5-70.4
Info:                               C:\OSS-CA~1\OSS-CA~1\bin\../share/yosys/ice40/abc9_model.v:4.9-4.11
Info:      logic  0.28  12.67 Source enable_SB_LUT4_I2_I3_SB_CARRY_CO_CI_SB_CARRY_CO_CI_SB_CARRY_CO_CI_SB_CARRY_CO$CARRY.COUT
Info:    routing  0.00  12.67 Net enable_SB_LUT4_I2_I3_SB_CARRY_CO_CI_SB_CARRY_CO_CI_SB_CARRY_CO_CI (8,4) -> (8,4)
Info:                          Sink enable_SB_LUT4_I2_I3_SB_CARRY_CO_CI_SB_CARRY_CO_CI_SB_CARRY_CO$CARRY.CIN
Info:                          Defined in:
Info:                               tone_generator.v:23.17-23.39
Info:                               C:\OSS-CA~1\OSS-CA~1\bin\../share/yosys/ice40/arith_map.v:62.5-70.4
Info:                               C:\OSS-CA~1\OSS-CA~1\bin\../share/yosys/ice40/abc9_model.v:4.9-4.11
Info:      logic  0.28  12.95 Source enable_SB_LUT4_I2_I3_SB_CARRY_CO_CI_SB_CARRY_CO_CI_SB_CARRY_CO$CARRY.COUT
Info:    routing  0.00  12.95 Net enable_SB_LUT4_I2_I3_SB_CARRY_CO_CI_SB_CARRY_CO_CI (8,4) -> (8,4)
Info:                          Sink enable_SB_LUT4_I2_I3_SB_CARRY_CO_CI_SB_CARRY_CO$CARRY.CIN
Info:                          Defined in:
Info:                               tone_generator.v:23.17-23.39
Info:                               C:\OSS-CA~1\OSS-CA~1\bin\../share/yosys/ice40/arith_map.v:62.5-70.4
Info:                               C:\OSS-CA~1\OSS-CA~1\bin\../share/yosys/ice40/abc9_model.v:4.9-4.11
Info:      logic  0.28  13.22 Source enable_SB_LUT4_I2_I3_SB_CARRY_CO_CI_SB_CARRY_CO$CARRY.COUT
Info:    routing  0.00  13.22 Net enable_SB_LUT4_I2_I3_SB_CARRY_CO_CI (8,4) -> (8,4)
Info:                          Sink enable_SB_LUT4_I2_I3_SB_CARRY_CO$CARRY.CIN
Info:                          Defined in:
Info:                               tone_generator.v:23.17-23.39
Info:                               C:\OSS-CA~1\OSS-CA~1\bin\../share/yosys/ice40/arith_map.v:62.5-70.4
Info:                               C:\OSS-CA~1\OSS-CA~1\bin\../share/yosys/ice40/abc9_model.v:4.9-4.11
Info:      logic  0.28  13.50 Source enable_SB_LUT4_I2_I3_SB_CARRY_CO$CARRY.COUT
Info:    routing  1.22  14.72 Net enable_SB_LUT4_I2_I3 (8,4) -> (8,5)
Info:                          Sink enable_SB_LUT4_I2_LC.I3
Info:                          Defined in:
Info:                               tone_generator.v:23.17-23.39
Info:                               C:\OSS-CA~1\OSS-CA~1\bin\../share/yosys/ice40/arith_map.v:62.5-70.4
Info:                               C:\OSS-CA~1\OSS-CA~1\bin\../share/yosys/ice40/abc9_model.v:4.9-4.11
Info:      logic  0.87  15.59 Source enable_SB_LUT4_I2_LC.O
Info:    routing  2.99  18.58 Net enable_SB_LUT4_I2_I3_SB_CARRY_CO_CI_SB_CARRY_CO_I0[0] (8,5) -> (9,5)
Info:                          Sink enable_SB_LUT4_I2_1_LC.CEN
Info:                          Defined in:
Info:                               tone_generator.v:27.28-27.42
Info:                               C:\OSS-CA~1\OSS-CA~1\bin\../share/yosys/ice40/arith_map.v:62.5-70.4
Info:                               C:\OSS-CA~1\OSS-CA~1\bin\../share/yosys/ice40/cells_map.v:6.21-6.22
Info:      setup  0.10  18.68 Source enable_SB_LUT4_I2_1_LC.CEN
Info: 5.79 ns logic, 12.89 ns routing

Info: Critical path report for cross-domain path 'posedge clk$SB_IO_IN_$glb_clk' -> '<async>':
Info:       type curr  total name
Info:   clk-to-q  1.39  1.39 Source enable_SB_LUT4_I2_1_LC.O
Info:    routing  1.76  3.15 Net tone_out_SB_LUT4_O_I3[1] (9,5) -> (9,6)
Info:                          Sink tone_out_SB_LUT4_O_LC.I3
Info:                          Defined in:
Info:                               C:\OSS-CA~1\OSS-CA~1\bin\../share/yosys/ice40/cells_map.v:6.21-6.22
Info:      logic  0.87  4.03 Source tone_out_SB_LUT4_O_LC.O
Info:    routing  7.60  11.62 Net tone_out$SB_IO_OUT (9,6) -> (19,31)
Info:                          Sink tone_out$sb_io.D_OUT_0
Info:                          Defined in:
Info:                               tone_generator.v:10.19-10.27
Info: 2.26 ns logic, 9.36 ns routing

Info: Max frequency for clock 'clk$SB_IO_IN_$glb_clk': 72.81 MHz (PASS at 12.00 MHz)

Info: Max delay <async>                       -> <async>                      : 12.40 ns
Info: Max delay <async>                       -> posedge clk$SB_IO_IN_$glb_clk: 18.68 ns
Info: Max delay posedge clk$SB_IO_IN_$glb_clk -> <async>                      : 11.62 ns

Info: Slack histogram:
Info:  legend: * represents 1 endpoint(s)
Info:          + represents [1,1) endpoint(s)
Info: [ 69598,  70087) |**************** 
Info: [ 70087,  70576) |* 
Info: [ 70576,  71065) | 
Info: [ 71065,  71554) | 
Info: [ 71554,  72043) | 
Info: [ 72043,  72532) | 
Info: [ 72532,  73021) | 
Info: [ 73021,  73510) |** 
Info: [ 73510,  73999) |*** 
Info: [ 73999,  74488) |**** 
Info: [ 74488,  74977) |*** 
Info: [ 74977,  75466) |** 
Info: [ 75466,  75955) |** 
Info: [ 75955,  76444) |*** 
Info: [ 76444,  76933) |*** 
Info: [ 76933,  77422) |*** 
Info: [ 77422,  77911) |** 
Info: [ 77911,  78400) |* 
Info: [ 78400,  78889) |* 
Info: [ 78889,  79378) |*** 
16 warnings, 0 errors

Info: Program finished normally.
