
--- STDERR ---
Info: constrained 'clk' to bel 'X12/Y31/io1'
Info: constrained 'rst_n' to bel 'X13/Y31/io1'
Info: constrained 'led' to bel 'X9/Y0/io0'

Info: Packing constants..
Info: Packing IOs..
Info: Packing LUT-FFs..
Info:        9 LCs used as LUT4 only
Info:       25 LCs used as LUT4 and DFF
Info: Packing non-LUT FFs..
Info:        0 LCs used as DFF only
Info: Packing carries..
Info:        1 LCs used as CARRY only
Info: Packing indirect carry+LUT pairs...
Info:        0 LUTs merged into carry LCs
Info: Packing RAMs..
Info: Placing PLLs..
Info: Packing special functions..
Info: Packing PLLs..
Info: Promoting globals..
Info: promoting clk$SB_IO_IN (fanout 25)
Info: promoting rst_n_SB_LUT4_I0_O [reset] (fanout 24)
Info: Constraining chains...
Info:        1 LCs used to legalise carry chains.
Info: Checksum: 0x8b9b82b9

Info: Device utilisation:
Info: 	         ICESTORM_LC:      38/   5280     0%
Info: 	        ICESTORM_RAM:       0/     30     0%
Info: 	               SB_IO:       3/     39     7%
Info: 	               SB_GB:       2/      8    25%
Info: 	        ICESTORM_PLL:       0/      1     0%
Info: 	         SB_WARMBOOT:       0/      1     0%
Info: 	        ICESTORM_DSP:       0/      8     0%
Info: 	      ICESTORM_HFOSC:       0/      1     0%
Info: 	      ICESTORM_LFOSC:       0/      1     0%
Info: 	              SB_I2C:       0/      2     0%
Info: 	              SB_SPI:       0/      2     0%
Info: 	              IO_I3C:       0/      2     0%
Info: 	         SB_LEDDA_IP:       0/      1     0%
Info: 	         SB_RGBA_DRV:       0/      1     0%
Info: 	      ICESTORM_SPRAM:       0/      4     0%

Info: Placed 3 cells based on constraints.
Info: Creating initial analytic placement for 15 cells, random placement wirelen = 587.
Info:     at initial placer iter 0, wirelen = 46
Info:     at initial placer iter 1, wirelen = 55
Info:     at initial placer iter 2, wirelen = 42
Info:     at initial placer iter 3, wirelen = 55
Info: Running main analytical placer, max placement attempts per cell = 10000.
Info:     at iteration #1, type ICESTORM_LC: wirelen solved = 43, spread = 82, legal = 109; time = 0.00s
Info:     at iteration #1, type SB_GB: wirelen solved = 108, spread = 108, legal = 110; time = 0.00s
Info:     at iteration #1, type ALL: wirelen solved = 42, spread = 87, legal = 100; time = 0.00s
Info:     at iteration #2, type ICESTORM_LC: wirelen solved = 56, spread = 97, legal = 117; time = 0.00s
Info:     at iteration #2, type SB_GB: wirelen solved = 116, spread = 116, legal = 117; time = 0.00s
Info:     at iteration #2, type ALL: wirelen solved = 43, spread = 98, legal = 105; time = 0.00s
Info:     at iteration #3, type ICESTORM_LC: wirelen solved = 62, spread = 74, legal = 105; time = 0.00s
Info:     at iteration #3, type SB_GB: wirelen solved = 102, spread = 102, legal = 105; time = 0.00s
Info:     at iteration #3, type ALL: wirelen solved = 42, spread = 91, legal = 114; time = 0.00s
Info:     at iteration #4, type ICESTORM_LC: wirelen solved = 53, spread = 109, legal = 103; time = 0.00s
Info:     at iteration #4, type SB_GB: wirelen solved = 102, spread = 102, legal = 103; time = 0.00s
Info:     at iteration #4, type ALL: wirelen solved = 42, spread = 87, legal = 99; time = 0.00s
Info:     at iteration #5, type ICESTORM_LC: wirelen solved = 53, spread = 115, legal = 115; time = 0.00s
Info:     at iteration #5, type SB_GB: wirelen solved = 113, spread = 113, legal = 115; time = 0.00s
Info:     at iteration #5, type ALL: wirelen solved = 43, spread = 91, legal = 99; time = 0.00s
Info:     at iteration #6, type ICESTORM_LC: wirelen solved = 53, spread = 104, legal = 125; time = 0.00s
Info:     at iteration #6, type SB_GB: wirelen solved = 124, spread = 124, legal = 125; time = 0.00s
Info:     at iteration #6, type ALL: wirelen solved = 44, spread = 88, legal = 104; time = 0.00s
Info:     at iteration #7, type ICESTORM_LC: wirelen solved = 51, spread = 91, legal = 73; time = 0.00s
Info:     at iteration #7, type SB_GB: wirelen solved = 70, spread = 70, legal = 73; time = 0.00s
Info:     at iteration #7, type ALL: wirelen solved = 47, spread = 88, legal = 101; time = 0.00s
Info:     at iteration #8, type ICESTORM_LC: wirelen solved = 54, spread = 104, legal = 127; time = 0.00s
Info:     at iteration #8, type SB_GB: wirelen solved = 126, spread = 126, legal = 127; time = 0.00s
Info:     at iteration #8, type ALL: wirelen solved = 44, spread = 88, legal = 104; time = 0.00s
Info:     at iteration #9, type ICESTORM_LC: wirelen solved = 52, spread = 91, legal = 97; time = 0.00s
Info:     at iteration #9, type SB_GB: wirelen solved = 96, spread = 96, legal = 97; time = 0.00s
Info:     at iteration #9, type ALL: wirelen solved = 47, spread = 88, legal = 94; time = 0.00s
Info:     at iteration #10, type ICESTORM_LC: wirelen solved = 46, spread = 91, legal = 94; time = 0.00s
Info:     at iteration #10, type SB_GB: wirelen solved = 93, spread = 93, legal = 94; time = 0.00s
Info:     at iteration #10, type ALL: wirelen solved = 48, spread = 73, legal = 89; time = 0.00s
Info:     at iteration #11, type ICESTORM_LC: wirelen solved = 46, spread = 91, legal = 96; time = 0.00s
Info:     at iteration #11, type SB_GB: wirelen solved = 95, spread = 95, legal = 96; time = 0.00s
Info:     at iteration #11, type ALL: wirelen solved = 58, spread = 97, legal = 99; time = 0.00s
Info:     at iteration #12, type ICESTORM_LC: wirelen solved = 47, spread = 77, legal = 78; time = 0.00s
Info:     at iteration #12, type SB_GB: wirelen solved = 76, spread = 76, legal = 78; time = 0.00s
Info:     at iteration #12, type ALL: wirelen solved = 50, spread = 74, legal = 80; time = 0.00s
Info:     at iteration #13, type ICESTORM_LC: wirelen solved = 47, spread = 92, legal = 76; time = 0.00s
Info:     at iteration #13, type SB_GB: wirelen solved = 73, spread = 73, legal = 76; time = 0.00s
Info:     at iteration #13, type ALL: wirelen solved = 50, spread = 73, legal = 75; time = 0.00s
Info:     at iteration #14, type ICESTORM_LC: wirelen solved = 48, spread = 89, legal = 96; time = 0.00s
Info:     at iteration #14, type SB_GB: wirelen solved = 96, spread = 96, legal = 96; time = 0.00s
Info:     at iteration #14, type ALL: wirelen solved = 50, spread = 73, legal = 75; time = 0.00s
Info:     at iteration #15, type ICESTORM_LC: wirelen solved = 48, spread = 89, legal = 79; time = 0.00s
Info:     at iteration #15, type SB_GB: wirelen solved = 79, spread = 79, legal = 79; time = 0.00s
Info:     at iteration #15, type ALL: wirelen solved = 50, spread = 73, legal = 75; time = 0.00s
Info:     at iteration #16, type ICESTORM_LC: wirelen solved = 48, spread = 89, legal = 88; time = 0.00s
Info:     at iteration #16, type SB_GB: wirelen solved = 88, spread = 88, legal = 88; time = 0.00s
Info:     at iteration #16, type ALL: wirelen solved = 50, spread = 73, legal = 75; time = 0.00s
Info:     at iteration #17, type ICESTORM_LC: wirelen solved = 48, spread = 89, legal = 77; time = 0.00s
Info:     at iteration #17, type SB_GB: wirelen solved = 74, spread = 74, legal = 77; time = 0.00s
Info:     at iteration #17, type ALL: wirelen solved = 50, spread = 73, legal = 75; time = 0.00s
Info:     at iteration #18, type ICESTORM_LC: wirelen solved = 48, spread = 89, legal = 85; time = 0.00s
Info:     at iteration #18, type SB_GB: wirelen solved = 84, spread = 84, legal = 85; time = 0.00s
Info:     at iteration #18, type ALL: wirelen solved = 50, spread = 73, legal = 75; time = 0.00s
Info: HeAP Placer Time: 0.02s
Info:   of which solving equations: 0.01s
Info:   of which spreading cells: 0.00s
Info:   of which strict legalisation: 0.00s

Info: Running simulated annealing placer for refinement.
Info:   at iteration #1: temp = 0.000000, timing cost = 41, wirelen = 75
Info:   at iteration #3: temp = 0.000000, timing cost = 41, wirelen = 72 
Info: SA placement time 0.00s

Info: Max frequency for clock 'clk$SB_IO_IN_$glb_clk': 54.87 MHz (PASS at 12.00 MHz)

Info: Max delay <async>                       -> posedge clk$SB_IO_IN_$glb_clk: 16.01 ns
Info: Max delay posedge clk$SB_IO_IN_$glb_clk -> <async>                      : 4.04 ns

Info: Slack histogram:
Info:  legend: * represents 1 endpoint(s)
Info:          + represents [1,1) endpoint(s)
Info: [ 65109,  65822) |********************** 
Info: [ 65822,  66535) |** 
Info: [ 66535,  67248) | 
Info: [ 67248,  67961) | 
Info: [ 67961,  68674) | 
Info: [ 68674,  69387) | 
Info: [ 69387,  70100) | 
Info: [ 70100,  70813) | 
Info: [ 70813,  71526) | 
Info: [ 71526,  72239) |**** 
Info: [ 72239,  72952) |**** 
Info: [ 72952,  73665) |****** 
Info: [ 73665,  74378) |** 
Info: [ 74378,  75091) |***** 
Info: [ 75091,  75804) |***** 
Info: [ 75804,  76517) |***** 
Info: [ 76517,  77230) |*** 
Info: [ 77230,  77943) |***** 
Info: [ 77943,  78656) |**** 
Info: [ 78656,  79369) |****** 
Info: Checksum: 0xf6ebff3f

Info: Routing..
Info: Setting up routing queue.
Info: Routing 119 arcs.
Info:            |   (re-)routed arcs  |   delta    | remaining|       time spent     |
Info:    IterCnt |  w/ripup   wo/ripup |  w/r  wo/r |      arcs| batch(sec) total(sec)|
Info:        119 |        0         99 |    0    99 |         0|       0.01       0.01|
Info: Routing complete.
Info: Router1 time 0.01s
Info: Checksum: 0xa0f55001

Info: Critical path report for clock 'clk$SB_IO_IN_$glb_clk' (posedge -> posedge):
Info:       type curr  total name
Info:   clk-to-q  1.39  1.39 Source counter_SB_DFFSR_Q_4_D_SB_LUT4_O_LC.O
Info:    routing  1.76  3.15 Net counter[23] (10,3) -> (9,3)
Info:                          Sink rst_n_SB_LUT4_I0_I3_SB_LUT4_O_I3_SB_LUT4_O_3_LC.I0
Info:                          Defined in:
Info:                               blinky_top.v:10.16-10.23
Info:      logic  1.28  4.43 Source rst_n_SB_LUT4_I0_I3_SB_LUT4_O_I3_SB_LUT4_O_3_LC.O
Info:    routing  1.76  6.20 Net rst_n_SB_LUT4_I0_I3_SB_LUT4_O_I3[0] (9,3) -> (9,3)
Info:                          Sink rst_n_SB_LUT4_I0_I3_SB_LUT4_O_LC.I0
Info:                          Defined in:
Info:                               C:\OSS-CA~1\OSS-CA~1\bin\../share/yosys/ice40/cells_map.v:6.21-6.22
Info:      logic  1.28  7.48 Source rst_n_SB_LUT4_I0_I3_SB_LUT4_O_LC.O
Info:    routing  1.76  9.24 Net rst_n_SB_LUT4_I0_I3[3] (9,3) -> (9,2)
Info:                          Sink rst_n_SB_LUT4_I0_LC.I3
Info:                          Defined in:
Info:                               C:\OSS-CA~1\OSS-CA~1\bin\../share/yosys/ice40/cells_map.v:6.21-6.22
Info:      logic  0.87  10.11 Source rst_n_SB_LUT4_I0_LC.O
Info:    routing  2.39  12.51 Net rst_n_SB_LUT4_I0_O (9,2) -> (6,0)
Info:                          Sink $gbuf_rst_n_SB_LUT4_I0_O_$glb_sr.USER_SIGNAL_TO_GLOBAL_BUFFER
Info:      logic  1.59  14.10 Source $gbuf_rst_n_SB_LUT4_I0_O_$glb_sr.GLOBAL_BUFFER_OUTPUT
Info:    routing  0.63  14.73 Net rst_n_SB_LUT4_I0_O_$glb_sr (6,0) -> (10,3)
Info:                          Sink counter_SB_DFFSR_Q_10_D_SB_LUT4_O_LC.SR
Info:      setup  0.10  14.83 Source counter_SB_DFFSR_Q_10_D_SB_LUT4_O_LC.SR
Info: 6.52 ns logic, 8.31 ns routing

Info: Critical path report for cross-domain path '<async>' -> 'posedge clk$SB_IO_IN_$glb_clk':
Info:       type curr  total name
Info:     source  0.00  0.00 Source rst_n$sb_io.D_IN_0
Info:    routing  6.91  6.91 Net rst_n$SB_IO_IN (13,31) -> (9,2)
Info:                          Sink rst_n_SB_LUT4_I0_LC.I0
Info:                          Defined in:
Info:                               C:\OSS-CA~1\OSS-CA~1\bin\../share/yosys/ice40/cells_map.v:6.21-6.22
Info:      logic  1.28  8.19 Source rst_n_SB_LUT4_I0_LC.O
Info:    routing  2.39  10.59 Net rst_n_SB_LUT4_I0_O (9,2) -> (6,0)
Info:                          Sink $gbuf_rst_n_SB_LUT4_I0_O_$glb_sr.USER_SIGNAL_TO_GLOBAL_BUFFER
Info:      logic  1.59  12.18 Source $gbuf_rst_n_SB_LUT4_I0_O_$glb_sr.GLOBAL_BUFFER_OUTPUT
Info:    routing  0.63  12.81 Net rst_n_SB_LUT4_I0_O_$glb_sr (6,0) -> (10,3)
Info:                          Sink counter_SB_DFFSR_Q_10_D_SB_LUT4_O_LC.SR
Info:      setup  0.10  12.91 Source counter_SB_DFFSR_Q_10_D_SB_LUT4_O_LC.SR
Info: 2.97 ns logic, 9.94 ns routing

Info: Critical path report for cross-domain path 'posedge clk$SB_IO_IN_$glb_clk' -> '<async>':
Info:       type curr  total name
Info:   clk-to-q  1.39  1.39 Source led_reg_SB_LUT4_I3_LC.O
Info:    routing  2.41  3.80 Net led$SB_IO_OUT (9,2) -> (9,0)
Info:                          Sink led$sb_io.D_OUT_0
Info:                          Defined in:
Info:                               blinky_top.v:11.9-11.16
Info: 1.39 ns logic, 2.41 ns routing

Info: Max frequency for clock 'clk$SB_IO_IN_$glb_clk': 67.41 MHz (PASS at 12.00 MHz)

Info: Max delay <async>                       -> posedge clk$SB_IO_IN_$glb_clk: 12.91 ns
Info: Max delay posedge clk$SB_IO_IN_$glb_clk -> <async>                      : 3.80 ns

Info: Slack histogram:
Info:  legend: * represents 1 endpoint(s)
Info:          + represents [1,1) endpoint(s)
Info: [ 68499,  69042) |************************ 
Info: [ 69042,  69585) | 
Info: [ 69585,  70128) | 
Info: [ 70128,  70671) |* 
Info: [ 70671,  71214) |** 
Info: [ 71214,  71757) |**** 
Info: [ 71757,  72300) |**** 
Info: [ 72300,  72843) |**** 
Info: [ 72843,  73386) | 
Info: [ 73386,  73929) |**** 
Info: [ 73929,  74472) |*** 
Info: [ 74472,  75015) |**** 
Info: [ 75015,  75558) |**** 
Info: [ 75558,  76101) |* 
Info: [ 76101,  76644) |*** 
Info: [ 76644,  77187) |*** 
Info: [ 77187,  77730) |**** 
Info: [ 77730,  78273) |*** 
Info: [ 78273,  78816) | 
Info: [ 78816,  79359) |***** 

Info: Program finished normally.
