
 /----------------------------------------------------------------------------\
 |  yosys -- Yosys Open SYnthesis Suite                                       |
 |  Copyright (C) 2012 - 2026  Claire Xenia Wolf <claire@yosyshq.com>         |
 |  Distributed under an ISC-like license, type "license" to see terms        |
 \----------------------------------------------------------------------------/
 Yosys 0.64+68 (git sha1 413169663-dirty, x86_64-w64-mingw32-g++ 13.2.1 -O3)

-- Executing script file `build.ys' --

1. Executing Verilog-2005 frontend: blinky_top.v
Parsing Verilog input from `blinky_top.v' to AST representation.
Generating RTLIL representation for module `\blinky_top'.
Successfully finished Verilog frontend.

2. Executing HIERARCHY pass (managing design hierarchy).

2.1. Analyzing design hierarchy..
Top module:  \blinky_top

2.2. Analyzing design hierarchy..
Top module:  \blinky_top
Removed 0 unused modules.

3. Executing SYNTH_ICE40 pass.

3.1. Executing Verilog-2005 frontend: C:\OSS-CA~1\OSS-CA~1\bin\../share/yosys/ice40/cells_sim.v
Parsing Verilog input from `C:\OSS-CA~1\OSS-CA~1\bin\../share/yosys/ice40/cells_sim.v' to AST representation.
Generating RTLIL representation for module `\SB_IO'.
Generating RTLIL representation for module `\SB_GB_IO'.
Generating RTLIL representation for module `\SB_GB'.
Generating RTLIL representation for module `\SB_LUT4'.
Generating RTLIL representation for module `\SB_CARRY'.
Generating RTLIL representation for module `\SB_DFF'.
Generating RTLIL representation for module `\SB_DFFE'.
Generating RTLIL representation for module `\SB_DFFSR'.
Generating RTLIL representation for module `\SB_DFFR'.
Generating RTLIL representation for module `\SB_DFFSS'.
Generating RTLIL representation for module `\SB_DFFS'.
Generating RTLIL representation for module `\SB_DFFESR'.
Generating RTLIL representation for module `\SB_DFFER'.
Generating RTLIL representation for module `\SB_DFFESS'.
Generating RTLIL representation for module `\SB_DFFES'.
Generating RTLIL representation for module `\SB_DFFN'.
Generating RTLIL representation for module `\SB_DFFNE'.
Generating RTLIL representation for module `\SB_DFFNSR'.
Generating RTLIL representation for module `\SB_DFFNR'.
Generating RTLIL representation for module `\SB_DFFNSS'.
Generating RTLIL representation for module `\SB_DFFNS'.
Generating RTLIL representation for module `\SB_DFFNESR'.
Generating RTLIL representation for module `\SB_DFFNER'.
Generating RTLIL representation for module `\SB_DFFNESS'.
Generating RTLIL representation for module `\SB_DFFNES'.
Generating RTLIL representation for module `\SB_RAM40_4K'.
Generating RTLIL representation for module `\SB_RAM40_4KNR'.
Generating RTLIL representation for module `\SB_RAM40_4KNW'.
Generating RTLIL representation for module `\SB_RAM40_4KNRNW'.
Generating RTLIL representation for module `\ICESTORM_LC'.
Generating RTLIL representation for module `\SB_PLL40_CORE'.
Generating RTLIL representation for module `\SB_PLL40_PAD'.
Generating RTLIL representation for module `\SB_PLL40_2_PAD'.
Generating RTLIL representation for module `\SB_PLL40_2F_CORE'.
Generating RTLIL representation for module `\SB_PLL40_2F_PAD'.
Generating RTLIL representation for module `\SB_WARMBOOT'.
Generating RTLIL representation for module `\SB_SPRAM256KA'.
Generating RTLIL representation for module `\SB_HFOSC'.
Generating RTLIL representation for module `\SB_LFOSC'.
Generating RTLIL representation for module `\SB_RGBA_DRV'.
Generating RTLIL representation for module `\SB_LED_DRV_CUR'.
Generating RTLIL representation for module `\SB_RGB_DRV'.
Generating RTLIL representation for module `\SB_I2C'.
Generating RTLIL representation for module `\SB_SPI'.
Generating RTLIL representation for module `\SB_LEDDA_IP'.
Generating RTLIL representation for module `\SB_FILTER_50NS'.
Generating RTLIL representation for module `\SB_IO_I3C'.
Generating RTLIL representation for module `\SB_IO_OD'.
Generating RTLIL representation for module `\SB_MAC16'.
Generating RTLIL representation for module `\ICESTORM_RAM'.
Successfully finished Verilog frontend.

3.2. Executing HIERARCHY pass (managing design hierarchy).
Attribute `top' found on module `blinky_top'. Setting top module to blinky_top.

3.2.1. Analyzing design hierarchy..
Top module:  \blinky_top

3.2.2. Analyzing design hierarchy..
Top module:  \blinky_top
Removed 0 unused modules.

3.3. Executing PROC pass (convert processes to netlists).

3.3.1. Executing PROC_CLEAN pass (remove empty switches from decision trees).
Cleaned up 0 empty switches.

3.3.2. Executing PROC_RMDEAD pass (remove dead branches from decision trees).
Marked 1 switch rules as full_case in process $proc$blinky_top.v:13$1 in module blinky_top.
Removed a total of 0 dead cases.

3.3.3. Executing PROC_PRUNE pass (remove redundant assignments in processes).
Removed 1 redundant assignment.
Promoted 0 assignments to connections.

3.3.4. Executing PROC_INIT pass (extract init attributes).

3.3.5. Executing PROC_ARST pass (detect async resets in processes).

3.3.6. Executing PROC_ROM pass (convert switches to ROMs).
Converted 0 switches.
<suppressed ~2 debug messages>

3.3.7. Executing PROC_MUX pass (convert decision trees to multiplexers).
Creating decoders for process `\blinky_top.$proc$blinky_top.v:13$1'.
     1/2: $0\counter[23:0]
     2/2: $0\led_reg[0:0]

3.3.8. Executing PROC_DLATCH pass (convert process syncs to latches).

3.3.9. Executing PROC_DFF pass (convert process syncs to FFs).
Creating register for signal `\blinky_top.\counter' using process `\blinky_top.$proc$blinky_top.v:13$1'.
  created $dff cell `$procdff$396' with positive edge clock.
Creating register for signal `\blinky_top.\led_reg' using process `\blinky_top.$proc$blinky_top.v:13$1'.
  created $dff cell `$procdff$397' with positive edge clock.

3.3.10. Executing PROC_MEMWR pass (convert process memory writes to cells).

3.3.11. Executing PROC_CLEAN pass (remove empty switches from decision trees).
Found and cleaned up 2 empty switches in `\blinky_top.$proc$blinky_top.v:13$1'.
Removing empty process `blinky_top.$proc$blinky_top.v:13$1'.
Cleaned up 2 empty switches.

3.3.12. Executing OPT_EXPR pass (perform const folding).
Optimizing module blinky_top.
<suppressed ~2 debug messages>

3.4. Executing FLATTEN pass (flatten design).

3.5. Executing TRIBUF pass.

3.6. Executing DEMINOUT pass (demote inout ports to input or output).

3.7. Executing OPT_EXPR pass (perform const folding).
Optimizing module blinky_top.

3.8. Executing OPT_CLEAN pass (remove unused cells and wires).
Finding unused cells or wires in module \blinky_top..
Removed 1 unused cells and 7 unused wires.
<suppressed ~2 debug messages>

3.9. Executing CHECK pass (checking for obvious problems).
Checking module blinky_top...
Found and reported 0 problems.

3.10. Executing OPT pass (performing simple optimizations).

3.10.1. Executing OPT_EXPR pass (perform const folding).
Optimizing module blinky_top.

3.10.2. Executing OPT_MERGE pass (detect identical cells).
Finding identical cells in module `\blinky_top'.
Computing hashes of 9 cells of `\blinky_top'.
Finding duplicate cells in `\blinky_top'.
Removed a total of 0 cells.

3.10.3. Executing OPT_MUXTREE pass (detect dead branches in mux trees).
Running muxtree optimizer on module \blinky_top..
  Creating internal representation of mux trees.
  Evaluating internal representation of mux trees.
  Analyzing evaluation results.
Removed 0 multiplexer ports.
<suppressed ~6 debug messages>

3.10.4. Executing OPT_REDUCE pass (consolidate $*mux and $reduce_* inputs).
  Optimizing cells in module \blinky_top.
Performed a total of 0 changes.

3.10.5. Executing OPT_MERGE pass (detect identical cells).
Finding identical cells in module `\blinky_top'.
Computing hashes of 9 cells of `\blinky_top'.
Finding duplicate cells in `\blinky_top'.
Removed a total of 0 cells.

3.10.6. Executing OPT_DFF pass (perform DFF optimizations).

3.10.7. Executing OPT_CLEAN pass (remove unused cells and wires).
Finding unused cells or wires in module \blinky_top..

3.10.8. Executing OPT_EXPR pass (perform const folding).
Optimizing module blinky_top.

3.10.9. Finished fast OPT passes. (There is nothing left to do.)

3.11. Executing FSM pass (extract and optimize FSM).

3.11.1. Executing FSM_DETECT pass (finding FSMs in design).

3.11.2. Executing FSM_EXTRACT pass (extracting FSM from design).

3.11.3. Executing FSM_OPT pass (simple optimizations of FSMs).

3.11.4. Executing OPT_CLEAN pass (remove unused cells and wires).
Finding unused cells or wires in module \blinky_top..

3.11.5. Executing FSM_OPT pass (simple optimizations of FSMs).

3.11.6. Executing FSM_RECODE pass (re-assigning FSM state encoding).

3.11.7. Executing FSM_INFO pass (dumping all available information on FSM cells).

3.11.8. Executing FSM_MAP pass (mapping FSMs to basic logic).

3.12. Executing OPT pass (performing simple optimizations).

3.12.1. Executing OPT_EXPR pass (perform const folding).
Optimizing module blinky_top.

3.12.2. Executing OPT_MERGE pass (detect identical cells).
Finding identical cells in module `\blinky_top'.
Computing hashes of 9 cells of `\blinky_top'.
Finding duplicate cells in `\blinky_top'.
Removed a total of 0 cells.

3.12.3. Executing OPT_MUXTREE pass (detect dead branches in mux trees).
Running muxtree optimizer on module \blinky_top..
  Creating internal representation of mux trees.
  Evaluating internal representation of mux trees.
  Analyzing evaluation results.
Removed 0 multiplexer ports.
<suppressed ~6 debug messages>

3.12.4. Executing OPT_REDUCE pass (consolidate $*mux and $reduce_* inputs).
  Optimizing cells in module \blinky_top.
Performed a total of 0 changes.

3.12.5. Executing OPT_MERGE pass (detect identical cells).
Finding identical cells in module `\blinky_top'.
Computing hashes of 9 cells of `\blinky_top'.
Finding duplicate cells in `\blinky_top'.
Removed a total of 0 cells.

3.12.6. Executing OPT_DFF pass (perform DFF optimizations).
Adding SRST signal on $procdff$397 ($dff) from module blinky_top (D = $procmux$391_Y, Q = \led_reg, rval = 1'0).
Adding EN signal on $auto$ff.cc:337:slice$398 ($sdff) from module blinky_top (D = $not$blinky_top.v:21$5_Y, Q = \led_reg).
Adding SRST signal on $procdff$396 ($dff) from module blinky_top (D = $add$blinky_top.v:18$3_Y, Q = \counter, rval = 24'000000000000000000000000).

3.12.7. Executing OPT_CLEAN pass (remove unused cells and wires).
Finding unused cells or wires in module \blinky_top..
Removed 4 unused cells and 4 unused wires.
<suppressed ~5 debug messages>

3.12.8. Executing OPT_EXPR pass (perform const folding).
Optimizing module blinky_top.

3.12.9. Rerunning OPT passes. (Maybe there is more to do..)

3.12.10. Executing OPT_MUXTREE pass (detect dead branches in mux trees).
Running muxtree optimizer on module \blinky_top..
  Creating internal representation of mux trees.
  No muxes found in this module.
Removed 0 multiplexer ports.

3.12.11. Executing OPT_REDUCE pass (consolidate $*mux and $reduce_* inputs).
  Optimizing cells in module \blinky_top.
Performed a total of 0 changes.

3.12.12. Executing OPT_MERGE pass (detect identical cells).
Finding identical cells in module `\blinky_top'.
Computing hashes of 7 cells of `\blinky_top'.
Finding duplicate cells in `\blinky_top'.
Removed a total of 0 cells.

3.12.13. Executing OPT_DFF pass (perform DFF optimizations).

3.12.14. Executing OPT_CLEAN pass (remove unused cells and wires).
Finding unused cells or wires in module \blinky_top..

3.12.15. Executing OPT_EXPR pass (perform const folding).
Optimizing module blinky_top.

3.12.16. Finished fast OPT passes. (There is nothing left to do.)

3.13. Executing WREDUCE pass (reducing word size of cells).

3.14. Executing PEEPOPT pass (run peephole optimizers).

3.15. Executing OPT_CLEAN pass (remove unused cells and wires).
Finding unused cells or wires in module \blinky_top..

3.16. Executing SHARE pass (SAT-based resource sharing).

3.17. Executing TECHMAP pass (map to technology primitives).

3.17.1. Executing Verilog-2005 frontend: C:\OSS-CA~1\OSS-CA~1\bin\../share/yosys/cmp2lut.v
Parsing Verilog input from `C:\OSS-CA~1\OSS-CA~1\bin\../share/yosys/cmp2lut.v' to AST representation.
Generating RTLIL representation for module `\_90_lut_cmp_'.
Successfully finished Verilog frontend.

3.17.2. Continuing TECHMAP pass.
No more expansions possible.
<suppressed ~6 debug messages>

3.18. Executing OPT_EXPR pass (perform const folding).
Optimizing module blinky_top.

3.19. Executing OPT_CLEAN pass (remove unused cells and wires).
Finding unused cells or wires in module \blinky_top..

3.20. Executing ALUMACC pass (create $alu and $macc cells).
Extracting $alu and $macc cells in module blinky_top:
  creating $macc model for $add$blinky_top.v:18$3 ($add).
  creating $alu model for $macc $add$blinky_top.v:18$3.
  creating $alu cell for $add$blinky_top.v:18$3: $auto$alumacc.cc:512:replace_alu$406
  created 1 $alu and 0 $macc cells.

3.21. Executing OPT pass (performing simple optimizations).

3.21.1. Executing OPT_EXPR pass (perform const folding).
Optimizing module blinky_top.

3.21.2. Executing OPT_MERGE pass (detect identical cells).
Finding identical cells in module `\blinky_top'.
Computing hashes of 7 cells of `\blinky_top'.
Finding duplicate cells in `\blinky_top'.
Removed a total of 0 cells.

3.21.3. Executing OPT_MUXTREE pass (detect dead branches in mux trees).
Running muxtree optimizer on module \blinky_top..
  Creating internal representation of mux trees.
  No muxes found in this module.
Removed 0 multiplexer ports.

3.21.4. Executing OPT_REDUCE pass (consolidate $*mux and $reduce_* inputs).
  Optimizing cells in module \blinky_top.
Performed a total of 0 changes.

3.21.5. Executing OPT_MERGE pass (detect identical cells).
Finding identical cells in module `\blinky_top'.
Computing hashes of 7 cells of `\blinky_top'.
Finding duplicate cells in `\blinky_top'.
Removed a total of 0 cells.

3.21.6. Executing OPT_DFF pass (perform DFF optimizations).

3.21.7. Executing OPT_CLEAN pass (remove unused cells and wires).
Finding unused cells or wires in module \blinky_top..

3.21.8. Executing OPT_EXPR pass (perform const folding).
Optimizing module blinky_top.

3.21.9. Finished fast OPT passes. (There is nothing left to do.)

3.22. Executing MEMORY pass.

3.22.1. Executing OPT_MEM pass (optimize memories).
Performed a total of 0 transformations.

3.22.2. Executing OPT_MEM_PRIORITY pass (removing unnecessary memory write priority relations).
Performed a total of 0 transformations.

3.22.3. Executing OPT_MEM_FEEDBACK pass (finding memory read-to-write feedback paths).

3.22.4. Executing MEMORY_BMUX2ROM pass (converting muxes to ROMs).

3.22.5. Executing MEMORY_DFF pass (merging $dff cells to $memrd).

3.22.6. Executing OPT_CLEAN pass (remove unused cells and wires).
Finding unused cells or wires in module \blinky_top..

3.22.7. Executing MEMORY_SHARE pass (consolidating $memrd/$memwr cells).

3.22.8. Executing OPT_MEM_WIDEN pass (optimize memories where all ports are wide).
Performed a total of 0 transformations.

3.22.9. Executing OPT_CLEAN pass (remove unused cells and wires).
Finding unused cells or wires in module \blinky_top..

3.22.10. Executing MEMORY_COLLECT pass (generating $mem cells).

3.23. Executing OPT_CLEAN pass (remove unused cells and wires).
Finding unused cells or wires in module \blinky_top..

3.24. Executing MEMORY_LIBMAP pass (mapping memories to cells).

3.25. Executing TECHMAP pass (map to technology primitives).

3.25.1. Executing Verilog-2005 frontend: C:\OSS-CA~1\OSS-CA~1\bin\../share/yosys/ice40/brams_map.v
Parsing Verilog input from `C:\OSS-CA~1\OSS-CA~1\bin\../share/yosys/ice40/brams_map.v' to AST representation.
Generating RTLIL representation for module `$__ICE40_RAM4K_'.
Successfully finished Verilog frontend.

3.25.2. Executing Verilog-2005 frontend: C:\OSS-CA~1\OSS-CA~1\bin\../share/yosys/ice40/spram_map.v
Parsing Verilog input from `C:\OSS-CA~1\OSS-CA~1\bin\../share/yosys/ice40/spram_map.v' to AST representation.
Generating RTLIL representation for module `$__ICE40_SPRAM_'.
Successfully finished Verilog frontend.

3.25.3. Continuing TECHMAP pass.
No more expansions possible.
<suppressed ~4 debug messages>

3.26. Executing ICE40_BRAMINIT pass.

3.27. Executing OPT pass (performing simple optimizations).

3.27.1. Executing OPT_EXPR pass (perform const folding).
Optimizing module blinky_top.

3.27.2. Executing OPT_MERGE pass (detect identical cells).
Finding identical cells in module `\blinky_top'.
Computing hashes of 7 cells of `\blinky_top'.
Finding duplicate cells in `\blinky_top'.
Removed a total of 0 cells.

3.27.3. Executing OPT_DFF pass (perform DFF optimizations).

3.27.4. Executing OPT_CLEAN pass (remove unused cells and wires).
Finding unused cells or wires in module \blinky_top..

3.27.5. Finished fast OPT passes.

3.28. Executing MEMORY_MAP pass (converting memories to logic and flip-flops).

3.29. Executing OPT pass (performing simple optimizations).

3.29.1. Executing OPT_EXPR pass (perform const folding).
Optimizing module blinky_top.

3.29.2. Executing OPT_MERGE pass (detect identical cells).
Finding identical cells in module `\blinky_top'.
Computing hashes of 7 cells of `\blinky_top'.
Finding duplicate cells in `\blinky_top'.
Removed a total of 0 cells.

3.29.3. Executing OPT_MUXTREE pass (detect dead branches in mux trees).
Running muxtree optimizer on module \blinky_top..
  Creating internal representation of mux trees.
  No muxes found in this module.
Removed 0 multiplexer ports.

3.29.4. Executing OPT_REDUCE pass (consolidate $*mux and $reduce_* inputs).
  Optimizing cells in module \blinky_top.
Performed a total of 0 changes.

3.29.5. Executing OPT_MERGE pass (detect identical cells).
Finding identical cells in module `\blinky_top'.
Computing hashes of 7 cells of `\blinky_top'.
Finding duplicate cells in `\blinky_top'.
Removed a total of 0 cells.

3.29.6. Executing OPT_DFF pass (perform DFF optimizations).

3.29.7. Executing OPT_CLEAN pass (remove unused cells and wires).
Finding unused cells or wires in module \blinky_top..

3.29.8. Executing OPT_EXPR pass (perform const folding).
Optimizing module blinky_top.

3.29.9. Finished fast OPT passes. (There is nothing left to do.)

3.30. Executing ICE40_WRAPCARRY pass (wrap carries).

3.31. Executing TECHMAP pass (map to technology primitives).

3.31.1. Executing Verilog-2005 frontend: C:\OSS-CA~1\OSS-CA~1\bin\../share/yosys/techmap.v
Parsing Verilog input from `C:\OSS-CA~1\OSS-CA~1\bin\../share/yosys/techmap.v' to AST representation.
Generating RTLIL representation for module `\_90_simplemap_bool_ops'.
Generating RTLIL representation for module `\_90_simplemap_reduce_ops'.
Generating RTLIL representation for module `\_90_simplemap_logic_ops'.
Generating RTLIL representation for module `\_90_simplemap_compare_ops'.
Generating RTLIL representation for module `\_90_simplemap_various'.
Generating RTLIL representation for module `\_90_simplemap_registers'.
Generating RTLIL representation for module `\_90_shift_ops_shr_shl_sshl_sshr'.
Generating RTLIL representation for module `\_90_shift_shiftx'.
Generating RTLIL representation for module `\_90_fa'.
Generating RTLIL representation for module `\_90_lcu_brent_kung'.
Generating RTLIL representation for module `\_90_alu'.
Generating RTLIL representation for module `\_90_macc'.
Generating RTLIL representation for module `\_90_alumacc'.
Generating RTLIL representation for module `$__div_mod_u'.
Generating RTLIL representation for module `$__div_mod_trunc'.
Generating RTLIL representation for module `\_90_div'.
Generating RTLIL representation for module `\_90_mod'.
Generating RTLIL representation for module `$__div_mod_floor'.
Generating RTLIL representation for module `\_90_divfloor'.
Generating RTLIL representation for module `\_90_modfloor'.
Generating RTLIL representation for module `\_90_pow'.
Generating RTLIL representation for module `\_90_pmux'.
Generating RTLIL representation for module `\_90_demux'.
Generating RTLIL representation for module `\_90_lut'.
Generating RTLIL representation for module `$connect'.
Generating RTLIL representation for module `$input_port'.
Successfully finished Verilog frontend.

3.31.2. Executing Verilog-2005 frontend: C:\OSS-CA~1\OSS-CA~1\bin\../share/yosys/ice40/arith_map.v
Parsing Verilog input from `C:\OSS-CA~1\OSS-CA~1\bin\../share/yosys/ice40/arith_map.v' to AST representation.
Generating RTLIL representation for module `\_80_ice40_alu'.
Successfully finished Verilog frontend.

3.31.3. Continuing TECHMAP pass.
Using template $paramod$79aa992f2eb7f354d4aaf651790713cf239111fa\_80_ice40_alu for cells of type $alu.
Using extmapper simplemap for cells of type $reduce_or.
Using extmapper simplemap for cells of type $not.
Using extmapper simplemap for cells of type $sdff.
Using extmapper simplemap for cells of type $sdffe.
Using extmapper simplemap for cells of type $eq.
Using extmapper simplemap for cells of type $xor.
Using extmapper simplemap for cells of type $mux.
Using extmapper simplemap for cells of type $pos.
No more expansions possible.
<suppressed ~108 debug messages>

3.32. Executing OPT pass (performing simple optimizations).

3.32.1. Executing OPT_EXPR pass (perform const folding).
Optimizing module blinky_top.
<suppressed ~72 debug messages>

3.32.2. Executing OPT_MERGE pass (detect identical cells).
Finding identical cells in module `\blinky_top'.
Computing hashes of 111 cells of `\blinky_top'.
Finding duplicate cells in `\blinky_top'.
Computing hashes of 100 cells of `\blinky_top'.
Finding duplicate cells in `\blinky_top'.
<suppressed ~33 debug messages>
Removed a total of 11 cells.

3.32.3. Executing OPT_DFF pass (perform DFF optimizations).

3.32.4. Executing OPT_CLEAN pass (remove unused cells and wires).
Finding unused cells or wires in module \blinky_top..
Removed 14 unused cells and 20 unused wires.
<suppressed ~15 debug messages>

3.32.5. Finished fast OPT passes.

3.33. Executing ICE40_OPT pass (performing simple optimizations).

3.33.1. Running ICE40 specific optimizations.
Optimized $__ICE40_CARRY_WRAPPER cell back to logic (without SB_CARRY) blinky_top.$auto$alumacc.cc:512:replace_alu$406.slice[0].carry: CO=\counter [0]

3.33.2. Executing OPT_EXPR pass (perform const folding).
Optimizing module blinky_top.

3.33.3. Executing OPT_MERGE pass (detect identical cells).
Finding identical cells in module `\blinky_top'.
Computing hashes of 86 cells of `\blinky_top'.
Finding duplicate cells in `\blinky_top'.
Removed a total of 0 cells.

3.33.4. Executing OPT_DFF pass (perform DFF optimizations).

3.33.5. Executing OPT_CLEAN pass (remove unused cells and wires).
Finding unused cells or wires in module \blinky_top..

3.33.6. Rerunning OPT passes. (Removed registers in this run.)

3.33.7. Running ICE40 specific optimizations.

3.33.8. Executing OPT_EXPR pass (perform const folding).
Optimizing module blinky_top.

3.33.9. Executing OPT_MERGE pass (detect identical cells).
Finding identical cells in module `\blinky_top'.
Computing hashes of 86 cells of `\blinky_top'.
Finding duplicate cells in `\blinky_top'.
Removed a total of 0 cells.

3.33.10. Executing OPT_DFF pass (perform DFF optimizations).

3.33.11. Executing OPT_CLEAN pass (remove unused cells and wires).
Finding unused cells or wires in module \blinky_top..

3.33.12. Finished OPT passes. (There is nothing left to do.)

3.34. Executing DFFLEGALIZE pass (convert FFs to types supported by the target).

3.35. Executing TECHMAP pass (map to technology primitives).

3.35.1. Executing Verilog-2005 frontend: C:\OSS-CA~1\OSS-CA~1\bin\../share/yosys/ice40/ff_map.v
Parsing Verilog input from `C:\OSS-CA~1\OSS-CA~1\bin\../share/yosys/ice40/ff_map.v' to AST representation.
Generating RTLIL representation for module `$_DFF_N_'.
Generating RTLIL representation for module `$_DFF_P_'.
Generating RTLIL representation for module `$_DFFE_NP_'.
Generating RTLIL representation for module `$_DFFE_PP_'.
Generating RTLIL representation for module `$_DFF_NP0_'.
Generating RTLIL representation for module `$_DFF_NP1_'.
Generating RTLIL representation for module `$_DFF_PP0_'.
Generating RTLIL representation for module `$_DFF_PP1_'.
Generating RTLIL representation for module `$_DFFE_NP0P_'.
Generating RTLIL representation for module `$_DFFE_NP1P_'.
Generating RTLIL representation for module `$_DFFE_PP0P_'.
Generating RTLIL representation for module `$_DFFE_PP1P_'.
Generating RTLIL representation for module `$_SDFF_NP0_'.
Generating RTLIL representation for module `$_SDFF_NP1_'.
Generating RTLIL representation for module `$_SDFF_PP0_'.
Generating RTLIL representation for module `$_SDFF_PP1_'.
Generating RTLIL representation for module `$_SDFFCE_NP0P_'.
Generating RTLIL representation for module `$_SDFFCE_NP1P_'.
Generating RTLIL representation for module `$_SDFFCE_PP0P_'.
Generating RTLIL representation for module `$_SDFFCE_PP1P_'.
Successfully finished Verilog frontend.

3.35.2. Continuing TECHMAP pass.
Using template $_SDFFCE_PP0P_ for cells of type $_SDFFCE_PP0P_.
Using template $_SDFF_PP0_ for cells of type $_SDFF_PP0_.
No more expansions possible.
<suppressed ~47 debug messages>

3.36. Executing OPT_EXPR pass (perform const folding).
Optimizing module blinky_top.

3.37. Executing SIMPLEMAP pass (map simple cells to gate primitives).
Mapping blinky_top.$auto$alumacc.cc:512:replace_alu$406.slice[0].carry ($lut).

3.38. Executing ICE40_OPT pass (performing simple optimizations).

3.38.1. Running ICE40 specific optimizations.

3.38.2. Executing OPT_EXPR pass (perform const folding).
Optimizing module blinky_top.
<suppressed ~14 debug messages>

3.38.3. Executing OPT_MERGE pass (detect identical cells).
Finding identical cells in module `\blinky_top'.
Computing hashes of 88 cells of `\blinky_top'.
Finding duplicate cells in `\blinky_top'.
Computing hashes of 87 cells of `\blinky_top'.
Finding duplicate cells in `\blinky_top'.
<suppressed ~3 debug messages>
Removed a total of 1 cells.

3.38.4. Executing OPT_DFF pass (perform DFF optimizations).

3.38.5. Executing OPT_CLEAN pass (remove unused cells and wires).
Finding unused cells or wires in module \blinky_top..
Removed 0 unused cells and 131 unused wires.
<suppressed ~1 debug messages>

3.38.6. Rerunning OPT passes. (Removed registers in this run.)

3.38.7. Running ICE40 specific optimizations.

3.38.8. Executing OPT_EXPR pass (perform const folding).
Optimizing module blinky_top.

3.38.9. Executing OPT_MERGE pass (detect identical cells).
Finding identical cells in module `\blinky_top'.
Computing hashes of 87 cells of `\blinky_top'.
Finding duplicate cells in `\blinky_top'.
Removed a total of 0 cells.

3.38.10. Executing OPT_DFF pass (perform DFF optimizations).

3.38.11. Executing OPT_CLEAN pass (remove unused cells and wires).
Finding unused cells or wires in module \blinky_top..

3.38.12. Finished OPT passes. (There is nothing left to do.)

3.39. Executing TECHMAP pass (map to technology primitives).

3.39.1. Executing Verilog-2005 frontend: C:\OSS-CA~1\OSS-CA~1\bin\../share/yosys/ice40/latches_map.v
Parsing Verilog input from `C:\OSS-CA~1\OSS-CA~1\bin\../share/yosys/ice40/latches_map.v' to AST representation.
Generating RTLIL representation for module `$_DLATCH_N_'.
Generating RTLIL representation for module `$_DLATCH_P_'.
Successfully finished Verilog frontend.

3.39.2. Continuing TECHMAP pass.
No more expansions possible.
<suppressed ~4 debug messages>

3.40. Executing Verilog-2005 frontend: C:\OSS-CA~1\OSS-CA~1\bin\../share/yosys/ice40/abc9_model.v
Parsing Verilog input from `C:\OSS-CA~1\OSS-CA~1\bin\../share/yosys/ice40/abc9_model.v' to AST representation.
Generating RTLIL representation for module `$__ICE40_CARRY_WRAPPER'.
Successfully finished Verilog frontend.

3.41. Executing ABC9 pass.

3.41.1. Executing ABC9_OPS pass (helper functions for ABC9).

3.41.2. Executing ABC9_OPS pass (helper functions for ABC9).

3.41.3. Executing SCC pass (detecting logic loops).
Found 0 SCCs in module blinky_top.
Found 0 SCCs.

3.41.4. Executing ABC9_OPS pass (helper functions for ABC9).

3.41.5. Executing TECHMAP pass (map to technology primitives).

3.41.5.1. Executing Verilog-2005 frontend: C:\OSS-CA~1\OSS-CA~1\bin\../share/yosys/techmap.v
Parsing Verilog input from `C:\OSS-CA~1\OSS-CA~1\bin\../share/yosys/techmap.v' to AST representation.
Generating RTLIL representation for module `\_90_simplemap_bool_ops'.
Generating RTLIL representation for module `\_90_simplemap_reduce_ops'.
Generating RTLIL representation for module `\_90_simplemap_logic_ops'.
Generating RTLIL representation for module `\_90_simplemap_compare_ops'.
Generating RTLIL representation for module `\_90_simplemap_various'.
Generating RTLIL representation for module `\_90_simplemap_registers'.
Generating RTLIL representation for module `\_90_shift_ops_shr_shl_sshl_sshr'.
Generating RTLIL representation for module `\_90_shift_shiftx'.
Generating RTLIL representation for module `\_90_fa'.
Generating RTLIL representation for module `\_90_lcu_brent_kung'.
Generating RTLIL representation for module `\_90_alu'.
Generating RTLIL representation for module `\_90_macc'.
Generating RTLIL representation for module `\_90_alumacc'.
Generating RTLIL representation for module `$__div_mod_u'.
Generating RTLIL representation for module `$__div_mod_trunc'.
Generating RTLIL representation for module `\_90_div'.
Generating RTLIL representation for module `\_90_mod'.
Generating RTLIL representation for module `$__div_mod_floor'.
Generating RTLIL representation for module `\_90_divfloor'.
Generating RTLIL representation for module `\_90_modfloor'.
Generating RTLIL representation for module `\_90_pow'.
Generating RTLIL representation for module `\_90_pmux'.
Generating RTLIL representation for module `\_90_demux'.
Generating RTLIL representation for module `\_90_lut'.
Generating RTLIL representation for module `$connect'.
Generating RTLIL representation for module `$input_port'.
Successfully finished Verilog frontend.

3.41.5.2. Continuing TECHMAP pass.
No more expansions possible.
<suppressed ~130 debug messages>

3.41.6. Executing OPT pass (performing simple optimizations).

3.41.6.1. Executing OPT_EXPR pass (perform const folding).

3.41.6.2. Executing OPT_MERGE pass (detect identical cells).
Removed a total of 0 cells.

3.41.6.3. Executing OPT_MUXTREE pass (detect dead branches in mux trees).
Removed 0 multiplexer ports.

3.41.6.4. Executing OPT_REDUCE pass (consolidate $*mux and $reduce_* inputs).
Performed a total of 0 changes.

3.41.6.5. Executing OPT_MERGE pass (detect identical cells).
Removed a total of 0 cells.

3.41.6.6. Executing OPT_DFF pass (perform DFF optimizations).

3.41.6.7. Executing OPT_CLEAN pass (remove unused cells and wires).

3.41.6.8. Executing OPT_EXPR pass (perform const folding).

3.41.6.9. Finished fast OPT passes. (There is nothing left to do.)

3.41.7. Executing TECHMAP pass (map to technology primitives).

3.41.7.1. Executing Verilog-2005 frontend: C:\OSS-CA~1\OSS-CA~1\bin\../share/yosys/abc9_map.v
Parsing Verilog input from `C:\OSS-CA~1\OSS-CA~1\bin\../share/yosys/abc9_map.v' to AST representation.
Successfully finished Verilog frontend.

3.41.7.2. Continuing TECHMAP pass.
No more expansions possible.
<suppressed ~2 debug messages>

3.41.8. Executing Verilog-2005 frontend: C:\OSS-CA~1\OSS-CA~1\bin\../share/yosys/abc9_model.v
Parsing Verilog input from `C:\OSS-CA~1\OSS-CA~1\bin\../share/yosys/abc9_model.v' to AST representation.
Generating RTLIL representation for module `$__ABC9_DELAY'.
Generating RTLIL representation for module `$__ABC9_SCC_BREAKER'.
Generating RTLIL representation for module `$__DFF_N__$abc9_flop'.
Generating RTLIL representation for module `$__DFF_P__$abc9_flop'.
Successfully finished Verilog frontend.

3.41.9. Executing ABC9_OPS pass (helper functions for ABC9).
<suppressed ~52 debug messages>

3.41.10. Executing ABC9_OPS pass (helper functions for ABC9).

3.41.11. Executing ABC9_OPS pass (helper functions for ABC9).
<suppressed ~2 debug messages>

3.41.12. Executing TECHMAP pass (map to technology primitives).

3.41.12.1. Executing Verilog-2005 frontend: C:\OSS-CA~1\OSS-CA~1\bin\../share/yosys/techmap.v
Parsing Verilog input from `C:\OSS-CA~1\OSS-CA~1\bin\../share/yosys/techmap.v' to AST representation.
Generating RTLIL representation for module `\_90_simplemap_bool_ops'.
Generating RTLIL representation for module `\_90_simplemap_reduce_ops'.
Generating RTLIL representation for module `\_90_simplemap_logic_ops'.
Generating RTLIL representation for module `\_90_simplemap_compare_ops'.
Generating RTLIL representation for module `\_90_simplemap_various'.
Generating RTLIL representation for module `\_90_simplemap_registers'.
Generating RTLIL representation for module `\_90_shift_ops_shr_shl_sshl_sshr'.
Generating RTLIL representation for module `\_90_shift_shiftx'.
Generating RTLIL representation for module `\_90_fa'.
Generating RTLIL representation for module `\_90_lcu_brent_kung'.
Generating RTLIL representation for module `\_90_alu'.
Generating RTLIL representation for module `\_90_macc'.
Generating RTLIL representation for module `\_90_alumacc'.
Generating RTLIL representation for module `$__div_mod_u'.
Generating RTLIL representation for module `$__div_mod_trunc'.
Generating RTLIL representation for module `\_90_div'.
Generating RTLIL representation for module `\_90_mod'.
Generating RTLIL representation for module `$__div_mod_floor'.
Generating RTLIL representation for module `\_90_divfloor'.
Generating RTLIL representation for module `\_90_modfloor'.
Generating RTLIL representation for module `\_90_pow'.
Generating RTLIL representation for module `\_90_pmux'.
Generating RTLIL representation for module `\_90_demux'.
Generating RTLIL representation for module `\_90_lut'.
Generating RTLIL representation for module `$connect'.
Generating RTLIL representation for module `$input_port'.
Successfully finished Verilog frontend.

3.41.12.2. Continuing TECHMAP pass.
Using template $paramod$__ICE40_CARRY_WRAPPER\LUT=16'0110100110010110\I3_IS_CI=1'1 for cells of type $paramod$__ICE40_CARRY_WRAPPER\LUT=16'0110100110010110\I3_IS_CI=1'1.
Using template $paramod\SB_LUT4\LUT_INIT=16'0110100110010110 for cells of type SB_LUT4.
Using template SB_CARRY for cells of type SB_CARRY.
Using extmapper simplemap for cells of type $mux.
Using extmapper simplemap for cells of type $logic_and.
Using extmapper simplemap for cells of type $logic_or.
No more expansions possible.
<suppressed ~151 debug messages>

3.41.13. Executing OPT pass (performing simple optimizations).

3.41.13.1. Executing OPT_EXPR pass (perform const folding).
Optimizing module blinky_top.
<suppressed ~4 debug messages>

3.41.13.2. Executing OPT_MERGE pass (detect identical cells).
Finding identical cells in module `\blinky_top'.
Computing hashes of 30 cells of `\blinky_top'.
Finding duplicate cells in `\blinky_top'.
Computing hashes of 20 cells of `\blinky_top'.
Finding duplicate cells in `\blinky_top'.
Computing hashes of 18 cells of `\blinky_top'.
Finding duplicate cells in `\blinky_top'.
<suppressed ~29 debug messages>
Removed a total of 12 cells.

3.41.13.3. Executing OPT_MUXTREE pass (detect dead branches in mux trees).
Running muxtree optimizer on module \blinky_top..
  Creating internal representation of mux trees.
  No muxes found in this module.
Removed 0 multiplexer ports.

3.41.13.4. Executing OPT_REDUCE pass (consolidate $*mux and $reduce_* inputs).
  Optimizing cells in module \blinky_top.
Performed a total of 0 changes.

3.41.13.5. Executing OPT_MERGE pass (detect identical cells).
Finding identical cells in module `\blinky_top'.
Computing hashes of 18 cells of `\blinky_top'.
Finding duplicate cells in `\blinky_top'.
Removed a total of 0 cells.

3.41.13.6. Executing OPT_DFF pass (perform DFF optimizations).

3.41.13.7. Executing OPT_CLEAN pass (remove unused cells and wires).
Finding unused cells or wires in module \blinky_top..
Removed 0 unused cells and 24 unused wires.
<suppressed ~1 debug messages>

3.41.13.8. Executing OPT_EXPR pass (perform const folding).
Optimizing module blinky_top.

3.41.13.9. Rerunning OPT passes. (Maybe there is more to do..)

3.41.13.10. Executing OPT_MUXTREE pass (detect dead branches in mux trees).
Running muxtree optimizer on module \blinky_top..
  Creating internal representation of mux trees.
  No muxes found in this module.
Removed 0 multiplexer ports.

3.41.13.11. Executing OPT_REDUCE pass (consolidate $*mux and $reduce_* inputs).
  Optimizing cells in module \blinky_top.
Performed a total of 0 changes.

3.41.13.12. Executing OPT_MERGE pass (detect identical cells).
Finding identical cells in module `\blinky_top'.
Computing hashes of 18 cells of `\blinky_top'.
Finding duplicate cells in `\blinky_top'.
Removed a total of 0 cells.

3.41.13.13. Executing OPT_DFF pass (perform DFF optimizations).

3.41.13.14. Executing OPT_CLEAN pass (remove unused cells and wires).
Finding unused cells or wires in module \blinky_top..

3.41.13.15. Executing OPT_EXPR pass (perform const folding).
Optimizing module blinky_top.

3.41.13.16. Finished fast OPT passes. (There is nothing left to do.)

3.41.14. Executing AIGMAP pass (map logic to AIG).
Module blinky_top: replaced 7 cells with 43 new cells, skipped 11 cells.
  replaced 2 cell types:
       5 $_MUX_
       2 $_OR_
  not replaced 3 cell types:
       2 $_AND_
       1 $_NOT_
       8 $specify2

3.41.15. Executing AIGMAP pass (map logic to AIG).
Module blinky_top: replaced 25 cells with 99 new cells, skipped 112 cells.
  replaced 2 cell types:
       1 $_ORNOT_
      24 $_OR_
  not replaced 6 cell types:
      14 $_NOT_
      24 SB_DFFSR
       1 SB_DFFESR
      25 $paramod$__ABC9_DELAY\DELAY=32'00000000000000000000000000010101
      25 $paramod$__ABC9_DELAY\DELAY=32'00000000000000000000000011001011
      23 $paramod$__ICE40_CARRY_WRAPPER\LUT=16'0110100110010110\I3_IS_CI=1'1

3.41.15.1. Executing ABC9_OPS pass (helper functions for ABC9).

3.41.15.2. Executing ABC9_OPS pass (helper functions for ABC9).

3.41.15.3. Executing XAIGER backend.
<suppressed ~36 debug messages>
Extracted 25 AND gates and 241 wires from module `blinky_top' to a netlist network with 27 inputs and 52 outputs.

3.41.15.4. Executing ABC9_EXE pass (technology mapping using ABC9).

3.41.15.5. Executing ABC9.
Running ABC command: "<yosys-exe-dir>/yosys-abc" -s -f <abc-temp-dir>/abc.script 2>&1
ABC: ======== ABC command line "source <abc-temp-dir>/abc.script"
ABC: + read_lut <abc-temp-dir>/input.lut 
ABC: + read_box <abc-temp-dir>/input.box 
ABC: + &read <abc-temp-dir>/input.xaig 
ABC: + &ps 
ABC: <abc-temp-dir>/input : i/o =     27/     52  and =      24  lev =    6 (   0.69)  mem = 0.01 MB  box = 73  bb = 50
ABC: + &scorr 
ABC: Warning: The network is combinational.
ABC: + &sweep 
ABC: + &dc2 
ABC: + &dch -f -r 
ABC: + &ps 
ABC: <abc-temp-dir>/input : i/o =     27/     52  and =      48  lev =    6 (   0.69)  mem = 0.01 MB  ch =    6  box = 73  bb = 50
ABC: cst =       0  cls =      6  lit =       6  unused =     159  proof =     0
ABC: + &if -W 250 -v 
ABC: K = 4. Memory (bytes): Truth =    0. Cut =   64. Obj =  144. Set =  672. CutMin = no
ABC: Node =      48.  Ch =     6.  Total mem =    0.06 MB. Peak cut mem =    0.01 MB.
ABC: P:  Del = 3754.00.  Ar =      10.0.  Edge =       34.  Cut =      181.  T =     0.00 sec
ABC: P:  Del = 3754.00.  Ar =      10.0.  Edge =       34.  Cut =      181.  T =     0.00 sec
ABC: P:  Del = 3754.00.  Ar =       8.0.  Edge =       32.  Cut =      194.  T =     0.00 sec
ABC: F:  Del = 3754.00.  Ar =       9.0.  Edge =       33.  Cut =      194.  T =     0.00 sec
ABC: A:  Del = 3754.00.  Ar =       8.0.  Edge =       32.  Cut =      194.  T =     0.00 sec
ABC: A:  Del = 3754.00.  Ar =       8.0.  Edge =       32.  Cut =      194.  T =     0.00 sec
ABC: Total time =     0.00 sec
ABC: + &write -n <abc-temp-dir>/output.aig 
ABC: + &mfs 
ABC: The network is not changed by "&mfs".
ABC: + &ps -l 
ABC: <abc-temp-dir>/input : i/o =     27/     52  and =      24  lev =    6 (   0.69)  mem = 0.01 MB  box = 73  bb = 50
ABC: Mapping (K=4)  :  lut =      8  edge =      32  lev =    3 (0.35)  levB =   24  mem = 0.00 MB
ABC: LUT = 8 : 2=0 0.0 %  3=0 0.0 %  4=8 100.0 %  Ave = 4.00
ABC: + &write -n <abc-temp-dir>/output.aig 
ABC: + &verify 
ABC: Networks are equivalent.  Time =     0.01 sec
ABC: + time 
ABC: elapse: 0.02 seconds, total: 0.02 seconds

3.41.15.6. Executing AIGER frontend.
<suppressed ~169 debug messages>
Removed 30 unused cells and 370 unused wires.

3.41.15.7. Executing ABC9_OPS pass (helper functions for ABC9).
ABC RESULTS:              $lut cells:       11
ABC RESULTS:   $paramod$__ICE40_CARRY_WRAPPER\LUT=16'0110100110010110\I3_IS_CI=1'1 cells:       23
ABC RESULTS:           input signals:        4
ABC RESULTS:          output signals:       52
Removing temp directory.

3.41.16. Executing TECHMAP pass (map to technology primitives).

3.41.16.1. Executing Verilog-2005 frontend: C:\OSS-CA~1\OSS-CA~1\bin\../share/yosys/abc9_unmap.v
Parsing Verilog input from `C:\OSS-CA~1\OSS-CA~1\bin\../share/yosys/abc9_unmap.v' to AST representation.
Generating RTLIL representation for module `$__DFF_x__$abc9_flop'.
Generating RTLIL representation for module `$__ABC9_SCC_BREAKER'.
Successfully finished Verilog frontend.

3.41.16.2. Continuing TECHMAP pass.
Using template $paramod$__ICE40_CARRY_WRAPPER\LUT=16'0110100110010110\I3_IS_CI=1'1 for cells of type $paramod$__ICE40_CARRY_WRAPPER\LUT=16'0110100110010110\I3_IS_CI=1'1.
No more expansions possible.
<suppressed ~29 debug messages>

3.42. Executing ICE40_WRAPCARRY pass (wrap carries).

3.43. Executing TECHMAP pass (map to technology primitives).

3.43.1. Executing Verilog-2005 frontend: C:\OSS-CA~1\OSS-CA~1\bin\../share/yosys/ice40/ff_map.v
Parsing Verilog input from `C:\OSS-CA~1\OSS-CA~1\bin\../share/yosys/ice40/ff_map.v' to AST representation.
Generating RTLIL representation for module `$_DFF_N_'.
Generating RTLIL representation for module `$_DFF_P_'.
Generating RTLIL representation for module `$_DFFE_NP_'.
Generating RTLIL representation for module `$_DFFE_PP_'.
Generating RTLIL representation for module `$_DFF_NP0_'.
Generating RTLIL representation for module `$_DFF_NP1_'.
Generating RTLIL representation for module `$_DFF_PP0_'.
Generating RTLIL representation for module `$_DFF_PP1_'.
Generating RTLIL representation for module `$_DFFE_NP0P_'.
Generating RTLIL representation for module `$_DFFE_NP1P_'.
Generating RTLIL representation for module `$_DFFE_PP0P_'.
Generating RTLIL representation for module `$_DFFE_PP1P_'.
Generating RTLIL representation for module `$_SDFF_NP0_'.
Generating RTLIL representation for module `$_SDFF_NP1_'.
Generating RTLIL representation for module `$_SDFF_PP0_'.
Generating RTLIL representation for module `$_SDFF_PP1_'.
Generating RTLIL representation for module `$_SDFFCE_NP0P_'.
Generating RTLIL representation for module `$_SDFFCE_NP1P_'.
Generating RTLIL representation for module `$_SDFFCE_PP0P_'.
Generating RTLIL representation for module `$_SDFFCE_PP1P_'.
Successfully finished Verilog frontend.

3.43.2. Continuing TECHMAP pass.
No more expansions possible.
<suppressed ~22 debug messages>
Removed 2 unused cells and 414 unused wires.

3.44. Executing OPT_LUT pass (optimize LUTs).
Discovering LUTs.
Number of LUTs:       34
  1-LUT                3
  2-LUT                1
  3-LUT               22
  4-LUT                8
  with \SB_CARRY    (#0)   22
  with \SB_CARRY    (#1)   22

Eliminating LUTs.
Number of LUTs:       34
  1-LUT                3
  2-LUT                1
  3-LUT               22
  4-LUT                8
  with \SB_CARRY    (#0)   22
  with \SB_CARRY    (#1)   22

Combining LUTs.
Number of LUTs:       34
  1-LUT                3
  2-LUT                1
  3-LUT               22
  4-LUT                8
  with \SB_CARRY    (#0)   22
  with \SB_CARRY    (#1)   22

Eliminated 0 LUTs.
Combined 0 LUTs.
<suppressed ~173 debug messages>

3.45. Executing TECHMAP pass (map to technology primitives).

3.45.1. Executing Verilog-2005 frontend: C:\OSS-CA~1\OSS-CA~1\bin\../share/yosys/ice40/cells_map.v
Parsing Verilog input from `C:\OSS-CA~1\OSS-CA~1\bin\../share/yosys/ice40/cells_map.v' to AST representation.
Generating RTLIL representation for module `$lut'.
Successfully finished Verilog frontend.

3.45.2. Continuing TECHMAP pass.
Using template $paramod$fd904e9e35cfd343a9df248824bd3f1408724879$lut for cells of type $lut.
Using template $paramod$658b9ed803f0d3d335616d3858b53e0a2522f1e8$lut for cells of type $lut.
Using template $paramod$6e238df02989b317f10820a22773676e71120644$lut for cells of type $lut.
Using template $paramod$6d6beead1425af15cf78b27fd9b11b41b5d4bce8$lut for cells of type $lut.
Using template $paramod$364c9ffbffac467d60dfec81bba4e18476c15602$lut for cells of type $lut.
Using template $paramod$571404c0889eaf57f492cb5e37f8acb5df5852f9$lut for cells of type $lut.
Using template $paramod$9a20e5eb914da7530de8ea5af782be66b9acb237$lut for cells of type $lut.
Using template $paramod$lut\WIDTH=32'00000000000000000000000000000001\LUT=2'01 for cells of type $lut.
No more expansions possible.
<suppressed ~141 debug messages>
Removed 0 unused cells and 73 unused wires.

3.46. Executing AUTONAME pass.
Renamed 132 objects in module blinky_top (16 iterations).
<suppressed ~132 debug messages>

3.47. Executing HIERARCHY pass (managing design hierarchy).
Attribute `top' found on module `blinky_top'. Setting top module to blinky_top.

3.47.1. Analyzing design hierarchy..
Top module:  \blinky_top

3.47.2. Analyzing design hierarchy..
Top module:  \blinky_top
Removed 0 unused modules.

3.48. Printing statistics.

=== blinky_top ===

        +----------Local Count, excluding submodules.
        | 
       56 wires
       85 wire bits
       56 public wires
       85 public wire bits
        3 ports
        3 port bits
       81 submodules
       22   SB_CARRY
        1   SB_DFFESR
       24   SB_DFFSR
       34   SB_LUT4

=== design hierarchy ===

        +----------Count including submodules.
        | 
        - blinky_top

        +----------Count including submodules.
        | 
       56 wires
       85 wire bits
       56 public wires
       85 public wire bits
        3 ports
        3 port bits
        - memories
        - memory bits
        - processes
        - cells
       81 submodules
       22   SB_CARRY
        1   SB_DFFESR
       24   SB_DFFSR
       34   SB_LUT4

3.49. Executing CHECK pass (checking for obvious problems).
Checking module blinky_top...
Found and reported 0 problems.

3.50. Executing JSON backend.

4. Printing statistics.

=== blinky_top ===

        +----------Local Count, excluding submodules.
        | 
       56 wires
       85 wire bits
       56 public wires
       85 public wire bits
        3 ports
        3 port bits
       81 cells
       22   SB_CARRY
        1   SB_DFFESR
       24   SB_DFFSR
       34   SB_LUT4

End of script. Logfile hash: 10035e40c6
Yosys 0.64+68 (git sha1 413169663-dirty, x86_64-w64-mingw32-g++ 13.2.1 -O3)
Time spent: 1% 24x opt_expr (0 sec), 1% 21x read_verilog (0 sec), ...

--- STDERR ---
