Flow report for clock_divider
Thu Apr 23 21:25:09 2026
Quartus Prime Version 25.3.0 Build 109 09/24/2025 SC Pro Edition


---------------------
; Table of Contents ;
---------------------
  1. Flow Summary
  2. Flow Settings
  3. Flow Non-Default Global Settings
  4. Flow Elapsed Time
  5. Flow OS Summary
  6. Flow Log
  7. Legal Notice



+-----------------------------------------------------+
; Flow Summary                                        ;
+-------------+---------------------------------------+
; Flow Status ; Successful - Thu Apr 23 21:25:09 2026 ;
+-------------+---------------------------------------+


+-----------------------------------------+
; Flow Settings                           ;
+-------------------+---------------------+
; Option            ; Setting             ;
+-------------------+---------------------+
; Start date & time ; 04/23/2026 21:25:01 ;
; Main task         ; Compilation         ;
; Revision Name     ; clock_divider       ;
+-------------------+---------------------+


+-------------------------------------------------------------------------------------------------------+
; Flow Non-Default Global Settings                                                                      ;
+--------------------------+---------------------------------+---------------+-------------+------------+
; Assignment Name          ; Value                           ; Default Value ; Entity Name ; Section Id ;
+--------------------------+---------------------------------+---------------+-------------+------------+
; COMPILER_SIGNATURE_ID    ; 193621989228127.177699750219748 ; --            ; --          ; --         ;
; NUM_PARALLEL_PROCESSORS  ; 4                               ; --            ; --          ; --         ;
; PROJECT_OUTPUT_DIRECTORY ; output_files                    ; --            ; --          ; --         ;
+--------------------------+---------------------------------+---------------+-------------+------------+


+--------------------------------------------------+
; Flow Elapsed Time                                ;
+-------------+--------------+---------------------+
; Module Name ; Elapsed Time ; Peak Virtual Memory ;
+-------------+--------------+---------------------+
; Synthesis   ; 00:00:09     ; 800 MB              ;
; Total       ; 00:00:09     ; --                  ;
+-------------+--------------+---------------------+


+---------------------------------------------------------------------------+
; Flow OS Summary                                                           ;
+-------------+------------------+------------+------------+----------------+
; Module Name ; Machine Hostname ; OS Name    ; OS Version ; Processor type ;
+-------------+------------------+------------+------------+----------------+
; Synthesis   ; tcovert          ; Windows 11 ; 10.0.26200 ; x86_64         ;
+-------------+------------------+------------+------------+----------------+


------------
; Flow Log ;
------------
quartus_syn --read_settings_files=on --write_settings_files=off clock_divider -c clock_divider --dni



----------------
; Legal Notice ;
----------------
Copyright (C) 2025  Altera Corporation. All rights reserved.
Your use of Altera Corporation's design tools, logic functions 
and other software and tools, and any partner logic 
functions, and any output files from any of the foregoing 
(including device programming or simulation files), and any 
associated documentation or information are expressly subject 
to the terms and conditions of the Altera Program License 
Subscription Agreement, the Altera Quartus Prime License Agreement,
the Altera IP License Agreement, or other applicable license
agreement, including, without limitation, that your use is for
the sole purpose of programming logic devices manufactured by
Altera and sold by Altera or its authorized distributors.  Please
refer to the Altera Software License Subscription Agreements 
on the Quartus Prime software download page.



