
            Lattice Power Calculator Report
            Design: blinky_led
            Device: LFE5U-25F-6BG256C
            Temperature: 25°C
            Supply Voltage: 1.2V (Core), 3.3V (I/O)
            Date: 2026-03-21 14:25:03 UTC

=================================================================================
                        POWER SUMMARY
=================================================================================

Total Power Dissipation:              22.3 mW

Power Breakdown:
  Dynamic Power:                      18.1 mW (81.2%)
  Static Power:                        4.2 mW (18.8%)
  Leakage Power:                       1.8 mW


=================================================================================
                        VOLTAGE RAIL POWER
=================================================================================

Rail: VCORE (1.2V)
  Static Power:           3.6 mW
  Dynamic Power:          14.2 mW
  Total Power:            17.8 mW
  Current:               14.8 mA

Rail: VCCIO (3.3V)
  Static Power:           0.6 mW
  Dynamic Power:           3.9 mW
  Total Power:             4.5 mW
  Current:                1.4 mA

Rail: VCCAUX (3.3V)
  Static Power:           0.2 mW
  Dynamic Power:           0.5 mW
  Total Power:             0.7 mW
  Current:                0.2 mA


=================================================================================
                        COMPONENT POWER ANALYSIS
=================================================================================

Logic (Slices):
  LUT4 Power:             2.1 mW
  Flip-Flop Power:        1.8 mW
  Routing Power:          0.9 mW
  Total Logic Power:      4.8 mW

I/O Blocks:
  Input Driver Power:     0.3 mW
  Output Driver Power:    2.4 mW
  I/O Control Power:      0.6 mW
  Total I/O Power:        3.3 mW

Clock Distribution:
  Clock Tree Power:       1.2 mW
  Clock Buffer Power:     0.8 mW
  Total Clock Power:      2.0 mW

PLL/DCM:
  PLL Power:              0.0 mW (disabled)
  DCM Power:              0.0 mW (disabled)

Memory:
  EBR Power:              0.0 mW (not used)
  SPRAM Power:            0.0 mW (not used)

DSP Blocks:
  DSP Power:              0.0 mW (not used)

Other:
  Miscellaneous:          1.2 mW

Total Dynamic Power:     18.1 mW


=================================================================================
                        THERMAL ANALYSIS
=================================================================================

Ambient Temperature:        25°C
Junction Temperature:       45.3°C
Temperature Rise:           20.3°C

Thermal Resistance (θJA):   906 °C/W
Max Safe Temperature:       100°C
Margin to Max:              54.7°C (Safe)

Power Dissipation per mm²:  0.34 mW/mm²
Package Area:               65.3 mm²


=================================================================================
                        FREQUENCY & ACTIVITY
=================================================================================

Actual Operating Frequency: 25.0 MHz
Estimated Switching Activity: 12.4%

Activity by Component:
  Logic:                  15.2%
  I/O:                     8.3%
  Clock:                  22.1%
  Routing:                10.4%


=================================================================================
                        POWER OPTIMIZATION RECOMMENDATIONS
=================================================================================

1. Implement clock gating for LED counter when prescale != max
   Estimated savings: 0.4 mW

2. Use lower I/O drive strength for LED outputs
   Estimated savings: 0.2 mW

3. Enable low-power mode on unused I/O banks
   Estimated savings: 0.1 mW

4. Consider using oscillator bypass instead of DCM
   Estimated savings: 0.3 mW

Total Potential Savings: 1.0 mW (4.5% reduction)


=================================================================================
                        OPERATING CONDITIONS
=================================================================================

Supply Voltage Variation:
  VCORE: 1.2V ± 5%  (1.14V - 1.26V)
  VCCIO: 3.3V ± 10% (2.97V - 3.63V)

Process Corner:
  TYP (Typical): 22.3 mW
  FAST: 19.8 mW (min power)
  SLOW: 25.4 mW (max power)

Temperature Variation:
  0°C:    19.6 mW
  25°C:   22.3 mW
  85°C:   28.7 mW
  125°C:  35.2 mW


=================================================================================
                        CONCLUSION
=================================================================================

Power Dissipation: 22.3 mW is excellent for ECP5 25F device.
Thermal Status: Cool operation with 54.7°C margin to max.
Power Budget: Very conservative with room for expansion.

Design is suitable for production with low thermal and power concerns.


                     End of Power Report

