
--- STDERR ---
Info: constrained 'clk' to bel 'X12/Y31/io1'
Info: constrained 'rst_n' to bel 'X13/Y31/io1'
Info: constrained 'char_in[0]' to bel 'X8/Y0/io0'
Info: constrained 'char_in[1]' to bel 'X9/Y0/io1'
Info: constrained 'char_in[2]' to bel 'X9/Y0/io0'
Info: constrained 'char_in[3]' to bel 'X13/Y0/io1'
Info: constrained 'char_in[4]' to bel 'X15/Y0/io0'
Info: constrained 'char_in[5]' to bel 'X16/Y0/io0'
Info: constrained 'char_in[6]' to bel 'X17/Y0/io0'
Info: constrained 'char_in[7]' to bel 'X18/Y0/io0'
Info: constrained 'char_valid' to bel 'X19/Y0/io0'
Info: constrained 'morse_out' to bel 'X19/Y31/io0'
Warning: IO 'busy' is unconstrained in PCF and will be automatically placed

Info: Packing constants..
Info: Packing IOs..
Info: Packing LUT-FFs..
Info:       33 LCs used as LUT4 only
Info:       25 LCs used as LUT4 and DFF
Info: Packing non-LUT FFs..
Info:        3 LCs used as DFF only
Info: Packing carries..
Info:       34 LCs used as CARRY only
Info: Packing indirect carry+LUT pairs...
Info:        4 LUTs merged into carry LCs
Info: Packing RAMs..
Info: Placing PLLs..
Info: Packing special functions..
Info: Packing PLLs..
Info: Promoting globals..
Info: promoting clk$SB_IO_IN (fanout 28)
Info: promoting rst_n_SB_LUT4_I3_O [reset] (fanout 28)
Info: promoting char_valid_SB_LUT4_I0_O_SB_LUT4_I3_O_SB_LUT4_I3_O [cen] (fanout 16)
Info: Constraining chains...
Info:        7 LCs used to legalise carry chains.
Info: Checksum: 0xc7a128f6

Info: Device utilisation:
Info: 	         ICESTORM_LC:     100/   5280     1%
Info: 	        ICESTORM_RAM:       0/     30     0%
Info: 	               SB_IO:      13/     39    33%
Info: 	               SB_GB:       3/      8    37%
Info: 	        ICESTORM_PLL:       0/      1     0%
Info: 	         SB_WARMBOOT:       0/      1     0%
Info: 	        ICESTORM_DSP:       0/      8     0%
Info: 	      ICESTORM_HFOSC:       0/      1     0%
Info: 	      ICESTORM_LFOSC:       0/      1     0%
Info: 	              SB_I2C:       0/      2     0%
Info: 	              SB_SPI:       0/      2     0%
Info: 	              IO_I3C:       0/      2     0%
Info: 	         SB_LEDDA_IP:       0/      1     0%
Info: 	         SB_RGBA_DRV:       0/      1     0%
Info: 	      ICESTORM_SPRAM:       0/      4     0%

Info: Placed 12 cells based on constraints.
Info: Creating initial analytic placement for 46 cells, random placement wirelen = 1951.
Info:     at initial placer iter 0, wirelen = 137
Info:     at initial placer iter 1, wirelen = 132
Info:     at initial placer iter 2, wirelen = 130
Info:     at initial placer iter 3, wirelen = 122
Info: Running main analytical placer, max placement attempts per cell = 10000.
Info:     at iteration #1, type ICESTORM_LC: wirelen solved = 120, spread = 307, legal = 312; time = 0.00s
Info:     at iteration #1, type SB_GB: wirelen solved = 307, spread = 307, legal = 317; time = 0.00s
Info:     at iteration #1, type ALL: wirelen solved = 142, spread = 233, legal = 238; time = 0.00s
Info:     at iteration #2, type ICESTORM_LC: wirelen solved = 139, spread = 257, legal = 286; time = 0.00s
Info:     at iteration #2, type SB_GB: wirelen solved = 282, spread = 283, legal = 286; time = 0.00s
Info:     at iteration #2, type ALL: wirelen solved = 126, spread = 255, legal = 273; time = 0.00s
Info:     at iteration #3, type ICESTORM_LC: wirelen solved = 138, spread = 252, legal = 260; time = 0.00s
Info:     at iteration #3, type SB_GB: wirelen solved = 255, spread = 256, legal = 260; time = 0.00s
Info:     at iteration #3, type ALL: wirelen solved = 125, spread = 243, legal = 257; time = 0.00s
Info:     at iteration #4, type ICESTORM_LC: wirelen solved = 143, spread = 258, legal = 264; time = 0.00s
Info:     at iteration #4, type SB_GB: wirelen solved = 259, spread = 260, legal = 264; time = 0.00s
Info:     at iteration #4, type ALL: wirelen solved = 131, spread = 271, legal = 286; time = 0.00s
Info:     at iteration #5, type ICESTORM_LC: wirelen solved = 133, spread = 280, legal = 298; time = 0.00s
Info:     at iteration #5, type SB_GB: wirelen solved = 293, spread = 294, legal = 298; time = 0.00s
Info:     at iteration #5, type ALL: wirelen solved = 132, spread = 270, legal = 294; time = 0.00s
Info:     at iteration #6, type ICESTORM_LC: wirelen solved = 140, spread = 284, legal = 296; time = 0.00s
Info:     at iteration #6, type SB_GB: wirelen solved = 290, spread = 291, legal = 296; time = 0.00s
Info:     at iteration #6, type ALL: wirelen solved = 154, spread = 261, legal = 280; time = 0.00s
Info: HeAP Placer Time: 0.02s
Info:   of which solving equations: 0.01s
Info:   of which spreading cells: 0.00s
Info:   of which strict legalisation: 0.00s

Info: Running simulated annealing placer for refinement.
Info:   at iteration #1: temp = 0.000000, timing cost = 59, wirelen = 238
Info:   at iteration #5: temp = 0.000000, timing cost = 57, wirelen = 228
Info:   at iteration #6: temp = 0.000000, timing cost = 57, wirelen = 226 
Info: SA placement time 0.01s

Info: Max frequency for clock 'clk$SB_IO_IN_$glb_clk': 43.28 MHz (PASS at 12.00 MHz)

Info: Max delay <async>                       -> posedge clk$SB_IO_IN_$glb_clk: 30.56 ns
Info: Max delay posedge clk$SB_IO_IN_$glb_clk -> <async>                      : 10.96 ns

Info: Slack histogram:
Info:  legend: * represents 1 endpoint(s)
Info:          + represents [1,1) endpoint(s)
Info: [ 60227,  61184) |***** 
Info: [ 61184,  62141) |*********** 
Info: [ 62141,  63098) | 
Info: [ 63098,  64055) |**** 
Info: [ 64055,  65012) | 
Info: [ 65012,  65969) | 
Info: [ 65969,  66926) |*** 
Info: [ 66926,  67883) | 
Info: [ 67883,  68840) |********* 
Info: [ 68840,  69797) |****** 
Info: [ 69797,  70754) |**** 
Info: [ 70754,  71711) | 
Info: [ 71711,  72668) | 
Info: [ 72668,  73625) |* 
Info: [ 73625,  74582) |********** 
Info: [ 74582,  75539) |**** 
Info: [ 75539,  76496) |******** 
Info: [ 76496,  77453) |**** 
Info: [ 77453,  78410) |******* 
Info: [ 78410,  79367) |*************** 
Info: Checksum: 0xe4791515

Info: Routing..
Info: Setting up routing queue.
Info: Routing 320 arcs.
Info:            |   (re-)routed arcs  |   delta    | remaining|       time spent     |
Info:    IterCnt |  w/ripup   wo/ripup |  w/r  wo/r |      arcs| batch(sec) total(sec)|
Info:        323 |        3        273 |    3   273 |         0|       0.05       0.05|
Info: Routing complete.
Info: Router1 time 0.05s
Info: Checksum: 0x79566aeb

Info: Critical path report for clock 'clk$SB_IO_IN_$glb_clk' (posedge -> posedge):
Info:       type curr  total name
Info:   clk-to-q  1.39  1.39 Source pattern_SB_DFFER_D_2_Q_SB_LUT4_O_1_I0_SB_LUT4_I2_O_SB_LUT4_I3_O_SB_LUT4_O_LC.O
Info:    routing  1.76  3.15 Net pattern_SB_DFFER_D_2_Q_SB_LUT4_O_1_I0_SB_DFFER_Q_E_SB_DFFER_E_1_Q (11,5) -> (10,4)
Info:                          Sink pattern_SB_DFFER_D_2_Q_SB_LUT4_O_1_I2_SB_LUT4_I3_O_SB_LUT4_O_LC.I3
Info:                          Defined in:
Info:                               C:\OSS-CA~1\OSS-CA~1\bin\../share/yosys/ice40/cells_map.v:6.21-6.22
Info:      logic  0.87  4.03 Source pattern_SB_DFFER_D_2_Q_SB_LUT4_O_1_I2_SB_LUT4_I3_O_SB_LUT4_O_LC.O
Info:    routing  1.76  5.79 Net pattern_SB_DFFER_D_2_Q_SB_LUT4_O_1_I2_SB_LUT4_I3_O[1] (10,4) -> (10,4)
Info:                          Sink pattern_SB_DFFER_D_Q_SB_LUT4_O_LC.I1
Info:                          Defined in:
Info:                               morse_encoder.v:97.29-97.52
Info:                               C:\OSS-CA~1\OSS-CA~1\bin\../share/yosys/ice40/arith_map.v:62.5-70.4
Info:                               C:\OSS-CA~1\OSS-CA~1\bin\../share/yosys/ice40/cells_map.v:6.21-6.22
Info:      logic  1.23  7.02 Source pattern_SB_DFFER_D_Q_SB_LUT4_O_LC.O
Info:    routing  1.76  8.78 Net pattern_SB_DFFER_D_2_Q[1] (10,4) -> (10,3)
Info:                          Sink pattern_SB_DFFER_D_2_Q_SB_LUT4_O_LC.I3
Info:                          Defined in:
Info:                               C:\OSS-CA~1\OSS-CA~1\bin\../share/yosys/ice40/cells_map.v:6.21-6.22
Info:      logic  0.87  9.65 Source pattern_SB_DFFER_D_2_Q_SB_LUT4_O_LC.O
Info:    routing  1.76  11.41 Net pattern_SB_DFFER_D_2_Q[3] (10,3) -> (10,3)
Info:                          Sink char_valid_SB_LUT4_I0_O_SB_LUT4_I2_I3_SB_LUT4_O_I1_SB_LUT4_O_LC.I3
Info:                          Defined in:
Info:                               C:\OSS-CA~1\OSS-CA~1\bin\../share/yosys/ice40/cells_map.v:6.21-6.22
Info:      logic  0.87  12.29 Source char_valid_SB_LUT4_I0_O_SB_LUT4_I2_I3_SB_LUT4_O_I1_SB_LUT4_O_LC.O
Info:    routing  1.76  14.05 Net char_valid_SB_LUT4_I0_O_SB_LUT4_I2_I3_SB_LUT4_O_I1[1] (10,3) -> (11,3)
Info:                          Sink char_valid_SB_LUT4_I0_O_SB_LUT4_I2_I3_SB_LUT4_O_LC.I1
Info:                          Defined in:
Info:                               C:\OSS-CA~1\OSS-CA~1\bin\../share/yosys/ice40/cells_map.v:6.21-6.22
Info:      logic  1.23  15.28 Source char_valid_SB_LUT4_I0_O_SB_LUT4_I2_I3_SB_LUT4_O_LC.O
Info:    routing  1.76  17.04 Net char_valid_SB_LUT4_I0_O_SB_LUT4_I2_I3[3] (11,3) -> (12,4)
Info:                          Sink char_valid_SB_LUT4_I0_O_SB_LUT4_I2_I3_SB_LUT4_I3_LC.I3
Info:                          Defined in:
Info:                               C:\OSS-CA~1\OSS-CA~1\bin\../share/yosys/ice40/cells_map.v:6.21-6.22
Info:      logic  0.87  17.91 Source char_valid_SB_LUT4_I0_O_SB_LUT4_I2_I3_SB_LUT4_I3_LC.O
Info:    routing  1.76  19.67 Net char_valid_SB_LUT4_I0_O_SB_LUT4_I2_I3_SB_LUT4_I3_O[0] (12,4) -> (11,4)
Info:                          Sink pattern_SB_DFFER_D_2_Q_SB_LUT4_O_1_I0_SB_CARRY_I1_CO_SB_CARRY_CI_CO_SB_CARRY_I0_CO_SB_LUT4_I3_O_SB_DFFER_D_E_SB_LUT4_O_LC.I2
Info:                          Defined in:
Info:                               morse_encoder.v:93.33-93.45
Info:                               C:\OSS-CA~1\OSS-CA~1\bin\../share/yosys/ice40/arith_map.v:62.5-70.4
Info:                               C:\OSS-CA~1\OSS-CA~1\bin\../share/yosys/ice40/cells_map.v:6.21-6.22
Info:      logic  1.21  20.88 Source pattern_SB_DFFER_D_2_Q_SB_LUT4_O_1_I0_SB_CARRY_I1_CO_SB_CARRY_CI_CO_SB_CARRY_I0_CO_SB_LUT4_I3_O_SB_DFFER_D_E_SB_LUT4_O_LC.O
Info:    routing  2.34  23.22 Net pattern_SB_DFFER_D_2_Q_SB_LUT4_O_1_I0_SB_CARRY_I1_CO_SB_CARRY_CI_CO_SB_CARRY_I0_CO_SB_LUT4_I3_O_SB_DFFER_D_E (11,4) -> (12,4)
Info:                          Sink pattern_SB_DFFER_D_2_Q_SB_LUT4_O_1_I0_SB_CARRY_I1_CO_SB_CARRY_CI_CO_SB_CARRY_I0_CO_SB_LUT4_I3_O_SB_DFFER_D_DFFLC.CEN
Info:                          Defined in:
Info:                               morse_encoder.v:52.5-105.8
Info:                               C:\OSS-CA~1\OSS-CA~1\bin\../share/yosys/ice40/ff_map.v:14.63-14.116
Info:                               C:\OSS-CA~1\OSS-CA~1\bin\../share/yosys/ice40/cells_sim.v:656.8-656.9
Info:      setup  0.10  23.32 Source pattern_SB_DFFER_D_2_Q_SB_LUT4_O_1_I0_SB_CARRY_I1_CO_SB_CARRY_CI_CO_SB_CARRY_I0_CO_SB_LUT4_I3_O_SB_DFFER_D_DFFLC.CEN
Info: 8.65 ns logic, 14.67 ns routing

Info: Critical path report for cross-domain path '<async>' -> 'posedge clk$SB_IO_IN_$glb_clk':
Info:       type curr  total name
Info:     source  0.00  0.00 Source char_in[4]$sb_io.D_IN_0
Info:    routing  3.15  3.15 Net char_in[4]$SB_IO_IN (15,0) -> (17,1)
Info:                          Sink pattern_SB_LUT4_O_I1_SB_LUT4_O_LC.I3
Info:                          Defined in:
Info:                               morse_encoder.v:8.18-8.25
Info:      logic  0.87  4.02 Source pattern_SB_LUT4_O_I1_SB_LUT4_O_LC.O
Info:    routing  2.99  7.02 Net length_SB_LUT4_O_1_I2[3] (17,1) -> (10,1)
Info:                          Sink length_SB_LUT4_O_I2_SB_LUT4_O_LC.I3
Info:                          Defined in:
Info:                               C:\OSS-CA~1\OSS-CA~1\bin\../share/yosys/ice40/cells_map.v:6.21-6.22
Info:      logic  0.87  7.89 Source length_SB_LUT4_O_I2_SB_LUT4_O_LC.O
Info:    routing  1.76  9.65 Net length_SB_LUT4_O_I2[1] (10,1) -> (10,1)
Info:                          Sink length_SB_LUT4_O_I2_SB_LUT4_I3_LC.I3
Info:                          Defined in:
Info:                               C:\OSS-CA~1\OSS-CA~1\bin\../share/yosys/ice40/cells_map.v:6.21-6.22
Info:      logic  0.87  10.52 Source length_SB_LUT4_O_I2_SB_LUT4_I3_LC.O
Info:    routing  1.76  12.29 Net length_SB_LUT4_O_I2_SB_LUT4_I3_O[3] (10,1) -> (10,1)
Info:                          Sink length_SB_LUT4_O_2_LC.I3
Info:                          Defined in:
Info:                               C:\OSS-CA~1\OSS-CA~1\bin\../share/yosys/ice40/cells_map.v:6.21-6.22
Info:      logic  0.87  13.16 Source length_SB_LUT4_O_2_LC.O
Info:    routing  2.30  15.46 Net length[2] (10,1) -> (12,1)
Info:                          Sink char_valid_SB_LUT4_I0_LC.I3
Info:                          Defined in:
Info:                               C:\OSS-CA~1\OSS-CA~1\bin\../share/yosys/ice40/cells_map.v:6.21-6.22
Info:      logic  0.87  16.34 Source char_valid_SB_LUT4_I0_LC.O
Info:    routing  2.99  19.33 Net char_valid_SB_LUT4_I0_O[1] (12,1) -> (12,5)
Info:                          Sink char_valid_SB_LUT4_I0_O_SB_LUT4_I3_LC.I3
Info:                          Defined in:
Info:                               C:\OSS-CA~1\OSS-CA~1\bin\../share/yosys/ice40/cells_map.v:6.21-6.22
Info:      logic  0.87  20.20 Source char_valid_SB_LUT4_I0_O_SB_LUT4_I3_LC.O
Info:    routing  1.76  21.97 Net char_valid_SB_LUT4_I0_O_SB_LUT4_I3_O[1] (12,5) -> (12,4)
Info:                          Sink char_valid_SB_LUT4_I0_O_SB_LUT4_I3_O_SB_LUT4_I3_1_LC.I3
Info:                          Defined in:
Info:                               C:\OSS-CA~1\OSS-CA~1\bin\../share/yosys/ice40/cells_map.v:6.21-6.22
Info:      logic  0.87  22.84 Source char_valid_SB_LUT4_I0_O_SB_LUT4_I3_O_SB_LUT4_I3_1_LC.O
Info:    routing  1.76  24.60 Net char_valid_SB_LUT4_I0_O_SB_LUT4_I3_O_SB_LUT4_I3_1_O (12,4) -> (11,4)
Info:                          Sink pattern_SB_DFFER_D_2_Q_SB_LUT4_O_1_I0_SB_DFFER_Q_E_SB_LUT4_O_LC.I3
Info:                          Defined in:
Info:                               morse_encoder.v:52.5-105.8
Info:                               C:\OSS-CA~1\OSS-CA~1\bin\../share/yosys/ice40/ff_map.v:14.63-14.116
Info:                               C:\OSS-CA~1\OSS-CA~1\bin\../share/yosys/ice40/cells_sim.v:656.8-656.9
Info:      logic  0.87  25.47 Source pattern_SB_DFFER_D_2_Q_SB_LUT4_O_1_I0_SB_DFFER_Q_E_SB_LUT4_O_LC.O
Info:    routing  3.03  28.50 Net pattern_SB_DFFER_D_2_Q_SB_LUT4_O_1_I0_SB_DFFER_Q_E (11,4) -> (11,5)
Info:                          Sink pattern_SB_DFFER_D_2_Q_SB_LUT4_O_1_I0_SB_LUT4_I2_O_SB_LUT4_I3_O_SB_LUT4_O_LC.CEN
Info:                          Defined in:
Info:                               morse_encoder.v:52.5-105.8
Info:                               C:\OSS-CA~1\OSS-CA~1\bin\../share/yosys/ice40/ff_map.v:14.63-14.116
Info:                               C:\OSS-CA~1\OSS-CA~1\bin\../share/yosys/ice40/cells_sim.v:656.8-656.9
Info:      setup  0.10  28.60 Source pattern_SB_DFFER_D_2_Q_SB_LUT4_O_1_I0_SB_LUT4_I2_O_SB_LUT4_I3_O_SB_LUT4_O_LC.CEN
Info: 7.09 ns logic, 21.51 ns routing

Info: Critical path report for cross-domain path 'posedge clk$SB_IO_IN_$glb_clk' -> '<async>':
Info:       type curr  total name
Info:   clk-to-q  1.39  1.39 Source pattern_SB_DFFER_D_2_Q_SB_LUT4_O_1_I0_SB_CARRY_I1_CO_SB_CARRY_CI_CO_SB_CARRY_I0_CO_SB_LUT4_I3_O_SB_DFFER_D_DFFLC.O
Info:    routing  2.95  4.34 Net char_valid_SB_LUT4_I0_O[0] (12,4) -> (10,5)
Info:                          Sink busy_SB_LUT4_O_LC.I3
Info:                          Defined in:
Info:                               C:\OSS-CA~1\OSS-CA~1\bin\../share/yosys/ice40/cells_map.v:6.21-6.22
Info:      logic  0.87  5.22 Source busy_SB_LUT4_O_LC.O
Info:    routing  6.46  11.68 Net busy$SB_IO_OUT (10,5) -> (9,31)
Info:                          Sink busy$sb_io.D_OUT_0
Info:                          Defined in:
Info:                               morse_encoder.v:11.18-11.22
Info: 2.26 ns logic, 9.41 ns routing

Info: Max frequency for clock 'clk$SB_IO_IN_$glb_clk': 42.88 MHz (PASS at 12.00 MHz)

Info: Max delay <async>                       -> posedge clk$SB_IO_IN_$glb_clk: 28.60 ns
Info: Max delay posedge clk$SB_IO_IN_$glb_clk -> <async>                      : 11.68 ns

Info: Slack histogram:
Info:  legend: * represents 1 endpoint(s)
Info:          + represents [1,1) endpoint(s)
Info: [ 60010,  60978) |** 
Info: [ 60978,  61946) |******** 
Info: [ 61946,  62914) |******* 
Info: [ 62914,  63882) | 
Info: [ 63882,  64850) |*** 
Info: [ 64850,  65818) |*** 
Info: [ 65818,  66786) |*** 
Info: [ 66786,  67754) | 
Info: [ 67754,  68722) | 
Info: [ 68722,  69690) | 
Info: [ 69690,  70658) | 
Info: [ 70658,  71626) | 
Info: [ 71626,  72594) |**************** 
Info: [ 72594,  73562) |********** 
Info: [ 73562,  74530) |*** 
Info: [ 74530,  75498) |******* 
Info: [ 75498,  76466) |****** 
Info: [ 76466,  77434) |**** 
Info: [ 77434,  78402) |****** 
Info: [ 78402,  79370) |************* 
1 warning, 0 errors

Info: Program finished normally.
