
--- STDERR ---
Info: constrained 'clk' to bel 'X12/Y31/io1'
Info: constrained 'rst_n' to bel 'X13/Y31/io1'
Info: constrained 'events[0]' to bel 'X8/Y0/io0'
Info: constrained 'events[1]' to bel 'X9/Y0/io1'
Info: constrained 'events[2]' to bel 'X9/Y0/io0'
Info: constrained 'events[3]' to bel 'X13/Y0/io1'
Info: constrained 'latch' to bel 'X15/Y0/io0'
Info: constrained 'clear' to bel 'X16/Y0/io0'
Warning: IO 'read_sel[1]' is unconstrained in PCF and will be automatically placed
Warning: IO 'read_sel[0]' is unconstrained in PCF and will be automatically placed
Warning: IO 'count_valid' is unconstrained in PCF and will be automatically placed
Warning: IO 'count_out[15]' is unconstrained in PCF and will be automatically placed
Warning: IO 'count_out[14]' is unconstrained in PCF and will be automatically placed
Warning: IO 'count_out[13]' is unconstrained in PCF and will be automatically placed
Warning: IO 'count_out[12]' is unconstrained in PCF and will be automatically placed
Warning: IO 'count_out[11]' is unconstrained in PCF and will be automatically placed
Warning: IO 'count_out[10]' is unconstrained in PCF and will be automatically placed
Warning: IO 'count_out[9]' is unconstrained in PCF and will be automatically placed
Warning: IO 'count_out[8]' is unconstrained in PCF and will be automatically placed
Warning: IO 'count_out[7]' is unconstrained in PCF and will be automatically placed
Warning: IO 'count_out[6]' is unconstrained in PCF and will be automatically placed
Warning: IO 'count_out[5]' is unconstrained in PCF and will be automatically placed
Warning: IO 'count_out[4]' is unconstrained in PCF and will be automatically placed
Warning: IO 'count_out[3]' is unconstrained in PCF and will be automatically placed
Warning: IO 'count_out[2]' is unconstrained in PCF and will be automatically placed
Warning: IO 'count_out[1]' is unconstrained in PCF and will be automatically placed
Warning: IO 'count_out[0]' is unconstrained in PCF and will be automatically placed

Info: Packing constants..
Info: Packing IOs..
Info: Packing LUT-FFs..
Info:       37 LCs used as LUT4 only
Info:       80 LCs used as LUT4 and DFF
Info: Packing non-LUT FFs..
Info:       69 LCs used as DFF only
Info: Packing carries..
Info:        3 LCs used as CARRY only
Info: Packing indirect carry+LUT pairs...
Info:        0 LUTs merged into carry LCs
Info: Packing RAMs..
Info: Placing PLLs..
Info: Packing special functions..
Info: Packing PLLs..
Info: Promoting globals..
Info: promoting clk$SB_IO_IN (fanout 149)
Info: promoting rst_n_SB_LUT4_I3_O [reset] (fanout 149)
Info: promoting latch$SB_IO_IN [cen] (fanout 64)
Info: promoting events_SB_LUT4_I1_O [cen] (fanout 16)
Info: promoting events_SB_LUT4_I1_1_O [cen] (fanout 16)
Info: promoting events_SB_LUT4_I1_3_O [cen] (fanout 16)
Info: Constraining chains...
Info:        4 LCs used to legalise carry chains.
Info: Checksum: 0x4e57e165

Info: Device utilisation:
Info: 	         ICESTORM_LC:     195/   5280     3%
Info: 	        ICESTORM_RAM:       0/     30     0%
Info: 	               SB_IO:      27/     39    69%
Info: 	               SB_GB:       6/      8    75%
Info: 	        ICESTORM_PLL:       0/      1     0%
Info: 	         SB_WARMBOOT:       0/      1     0%
Info: 	        ICESTORM_DSP:       0/      8     0%
Info: 	      ICESTORM_HFOSC:       0/      1     0%
Info: 	      ICESTORM_LFOSC:       0/      1     0%
Info: 	              SB_I2C:       0/      2     0%
Info: 	              SB_SPI:       0/      2     0%
Info: 	              IO_I3C:       0/      2     0%
Info: 	         SB_LEDDA_IP:       0/      1     0%
Info: 	         SB_RGBA_DRV:       0/      1     0%
Info: 	      ICESTORM_SPRAM:       0/      4     0%

Info: Placed 8 cells based on constraints.
Info: Creating initial analytic placement for 136 cells, random placement wirelen = 4040.
Info:     at initial placer iter 0, wirelen = 472
Info:     at initial placer iter 1, wirelen = 433
Info:     at initial placer iter 2, wirelen = 438
Info:     at initial placer iter 3, wirelen = 437
Info: Running main analytical placer, max placement attempts per cell = 10000.
Info:     at iteration #1, type ICESTORM_LC: wirelen solved = 436, spread = 803, legal = 797; time = 0.00s
Info:     at iteration #1, type SB_GB: wirelen solved = 788, spread = 859, legal = 906; time = 0.00s
Info:     at iteration #1, type ALL: wirelen solved = 425, spread = 947, legal = 1026; time = 0.01s
Info:     at iteration #2, type ICESTORM_LC: wirelen solved = 567, spread = 748, legal = 876; time = 0.00s
Info:     at iteration #2, type SB_GB: wirelen solved = 787, spread = 853, legal = 884; time = 0.00s
Info:     at iteration #2, type ALL: wirelen solved = 463, spread = 723, legal = 846; time = 0.01s
Info:     at iteration #3, type ICESTORM_LC: wirelen solved = 574, spread = 820, legal = 878; time = 0.00s
Info:     at iteration #3, type SB_GB: wirelen solved = 781, spread = 847, legal = 888; time = 0.00s
Info:     at iteration #3, type ALL: wirelen solved = 465, spread = 723, legal = 833; time = 0.01s
Info:     at iteration #4, type ICESTORM_LC: wirelen solved = 593, spread = 799, legal = 863; time = 0.00s
Info:     at iteration #4, type SB_GB: wirelen solved = 768, spread = 832, legal = 867; time = 0.00s
Info:     at iteration #4, type ALL: wirelen solved = 485, spread = 823, legal = 919; time = 0.01s
Info:     at iteration #5, type ICESTORM_LC: wirelen solved = 607, spread = 838, legal = 929; time = 0.00s
Info:     at iteration #5, type SB_GB: wirelen solved = 825, spread = 890, legal = 939; time = 0.00s
Info:     at iteration #5, type ALL: wirelen solved = 491, spread = 806, legal = 899; time = 0.01s
Info:     at iteration #6, type ICESTORM_LC: wirelen solved = 617, spread = 720, legal = 876; time = 0.00s
Info:     at iteration #6, type SB_GB: wirelen solved = 787, spread = 851, legal = 884; time = 0.00s
Info:     at iteration #6, type ALL: wirelen solved = 490, spread = 720, legal = 862; time = 0.01s
Info:     at iteration #7, type ICESTORM_LC: wirelen solved = 614, spread = 795, legal = 876; time = 0.00s
Info:     at iteration #7, type SB_GB: wirelen solved = 763, spread = 827, legal = 864; time = 0.00s
Info:     at iteration #7, type ALL: wirelen solved = 505, spread = 817, legal = 899; time = 0.01s
Info:     at iteration #8, type ICESTORM_LC: wirelen solved = 627, spread = 727, legal = 863; time = 0.00s
Info:     at iteration #8, type SB_GB: wirelen solved = 775, spread = 834, legal = 867; time = 0.00s
Info:     at iteration #8, type ALL: wirelen solved = 534, spread = 728, legal = 856; time = 0.01s
Info: HeAP Placer Time: 0.14s
Info:   of which solving equations: 0.02s
Info:   of which spreading cells: 0.00s
Info:   of which strict legalisation: 0.10s

Info: Running simulated annealing placer for refinement.
Info:   at iteration #1: temp = 0.000000, timing cost = 50, wirelen = 833
Info:   at iteration #5: temp = 0.000000, timing cost = 28, wirelen = 754
Info:   at iteration #9: temp = 0.000000, timing cost = 38, wirelen = 728 
Info: SA placement time 0.02s

Info: Max frequency for clock 'clk$SB_IO_IN_$glb_clk': 42.02 MHz (PASS at 12.00 MHz)

Info: Max delay <async>                       -> posedge clk$SB_IO_IN_$glb_clk: 19.41 ns
Info: Max delay posedge clk$SB_IO_IN_$glb_clk -> <async>                      : 7.69 ns

Info: Slack histogram:
Info:  legend: * represents 1 endpoint(s)
Info:          + represents [1,1) endpoint(s)
Info: [ 59536,  60528) |****************** 
Info: [ 60528,  61520) |*** 
Info: [ 61520,  62512) |** 
Info: [ 62512,  63504) |**** 
Info: [ 63504,  64496) |************************************* 
Info: [ 64496,  65488) |**** 
Info: [ 65488,  66480) |****** 
Info: [ 66480,  67472) |***** 
Info: [ 67472,  68464) |******** 
Info: [ 68464,  69456) |**** 
Info: [ 69456,  70448) |******** 
Info: [ 70448,  71440) |******** 
Info: [ 71440,  72432) |**** 
Info: [ 72432,  73424) |**** 
Info: [ 73424,  74416) |************** 
Info: [ 74416,  75408) |*********************** 
Info: [ 75408,  76400) |*********************************** 
Info: [ 76400,  77392) |***************************** 
Info: [ 77392,  78384) |*************************** 
Info: [ 78384,  79376) |***************************************** 
Info: Checksum: 0x43a3918a

Info: Routing..
Info: Setting up routing queue.
Info: Routing 628 arcs.
Info:            |   (re-)routed arcs  |   delta    | remaining|       time spent     |
Info:    IterCnt |  w/ripup   wo/ripup |  w/r  wo/r |      arcs| batch(sec) total(sec)|
Info:        635 |        7        572 |    7   572 |         0|       0.12       0.12|
Info: Routing complete.
Info: Router1 time 0.12s
Info: Checksum: 0x76a278f9

Info: Critical path report for clock 'clk$SB_IO_IN_$glb_clk' (posedge -> posedge):
Info:       type curr  total name
Info:   clk-to-q  1.39  1.39 Source events_SB_LUT4_I1_1_I3_SB_CARRY_CO_CI_SB_LUT4_I3_O_SB_LUT4_O_14_LC.O
Info:    routing  1.76  3.15 Net counters[1][0] (8,1) -> (8,2)
Info:                          Sink $nextpnr_ICESTORM_LC_0.I1
Info:                          Defined in:
Info:                               event_counter.v:16.16-16.24
Info:      logic  0.68  3.83 Source $nextpnr_ICESTORM_LC_0.COUT
Info:    routing  0.00  3.83 Net $nextpnr_ICESTORM_LC_0$O (8,2) -> (8,2)
Info:                          Sink events_SB_LUT4_I1_1_I3_SB_CARRY_CO_CI_SB_LUT4_I3_O_SB_LUT4_O_7_I3_SB_CARRY_CO$CARRY.CIN
Info:      logic  0.28  4.10 Source events_SB_LUT4_I1_1_I3_SB_CARRY_CO_CI_SB_LUT4_I3_O_SB_LUT4_O_7_I3_SB_CARRY_CO$CARRY.COUT
Info:    routing  0.00  4.10 Net events_SB_LUT4_I1_1_I3_SB_CARRY_CO_CI_SB_LUT4_I3_O_SB_LUT4_O_7_I3 (8,2) -> (8,2)
Info:                          Sink events_SB_LUT4_I1_1_I3_SB_CARRY_CO_CI_SB_LUT4_I3_O_SB_LUT4_O_7_LC.CIN
Info:                          Defined in:
Info:                               event_counter.v:46.29-46.51
Info:                               C:\OSS-CA~1\OSS-CA~1\bin\../share/yosys/ice40/arith_map.v:62.5-70.4
Info:                               C:\OSS-CA~1\OSS-CA~1\bin\../share/yosys/ice40/abc9_model.v:4.9-4.11
Info:      logic  0.28  4.38 Source events_SB_LUT4_I1_1_I3_SB_CARRY_CO_CI_SB_LUT4_I3_O_SB_LUT4_O_7_LC.COUT
Info:    routing  0.00  4.38 Net events_SB_LUT4_I1_1_I3_SB_CARRY_CO_CI_SB_LUT4_I3_O_SB_LUT4_O_11_I3 (8,2) -> (8,2)
Info:                          Sink events_SB_LUT4_I1_1_I3_SB_CARRY_CO_CI_SB_LUT4_I3_O_SB_LUT4_O_11_LC.CIN
Info:                          Defined in:
Info:                               event_counter.v:46.29-46.51
Info:                               C:\OSS-CA~1\OSS-CA~1\bin\../share/yosys/ice40/arith_map.v:62.5-70.4
Info:                               C:\OSS-CA~1\OSS-CA~1\bin\../share/yosys/ice40/abc9_model.v:4.9-4.11
Info:      logic  0.28  4.66 Source events_SB_LUT4_I1_1_I3_SB_CARRY_CO_CI_SB_LUT4_I3_O_SB_LUT4_O_11_LC.COUT
Info:    routing  0.00  4.66 Net events_SB_LUT4_I1_1_I3_SB_CARRY_CO_CI_SB_LUT4_I3_O_SB_LUT4_O_2_I3 (8,2) -> (8,2)
Info:                          Sink events_SB_LUT4_I1_1_I3_SB_CARRY_CO_CI_SB_LUT4_I3_O_SB_LUT4_O_2_LC.CIN
Info:                          Defined in:
Info:                               event_counter.v:46.29-46.51
Info:                               C:\OSS-CA~1\OSS-CA~1\bin\../share/yosys/ice40/arith_map.v:62.5-70.4
Info:                               C:\OSS-CA~1\OSS-CA~1\bin\../share/yosys/ice40/abc9_model.v:4.9-4.11
Info:      logic  0.28  4.94 Source events_SB_LUT4_I1_1_I3_SB_CARRY_CO_CI_SB_LUT4_I3_O_SB_LUT4_O_2_LC.COUT
Info:    routing  0.00  4.94 Net events_SB_LUT4_I1_1_I3_SB_CARRY_CO_CI_SB_LUT4_I3_O_SB_LUT4_O_9_I3 (8,2) -> (8,2)
Info:                          Sink events_SB_LUT4_I1_1_I3_SB_CARRY_CO_CI_SB_LUT4_I3_O_SB_LUT4_O_9_LC.CIN
Info:                          Defined in:
Info:                               event_counter.v:46.29-46.51
Info:                               C:\OSS-CA~1\OSS-CA~1\bin\../share/yosys/ice40/arith_map.v:62.5-70.4
Info:                               C:\OSS-CA~1\OSS-CA~1\bin\../share/yosys/ice40/abc9_model.v:4.9-4.11
Info:      logic  0.28  5.22 Source events_SB_LUT4_I1_1_I3_SB_CARRY_CO_CI_SB_LUT4_I3_O_SB_LUT4_O_9_LC.COUT
Info:    routing  0.00  5.22 Net events_SB_LUT4_I1_1_I3_SB_CARRY_CO_CI_SB_LUT4_I3_O_SB_LUT4_O_13_I3 (8,2) -> (8,2)
Info:                          Sink events_SB_LUT4_I1_1_I3_SB_CARRY_CO_CI_SB_LUT4_I3_O_SB_LUT4_O_13_LC.CIN
Info:                          Defined in:
Info:                               event_counter.v:46.29-46.51
Info:                               C:\OSS-CA~1\OSS-CA~1\bin\../share/yosys/ice40/arith_map.v:62.5-70.4
Info:                               C:\OSS-CA~1\OSS-CA~1\bin\../share/yosys/ice40/abc9_model.v:4.9-4.11
Info:      logic  0.28  5.49 Source events_SB_LUT4_I1_1_I3_SB_CARRY_CO_CI_SB_LUT4_I3_O_SB_LUT4_O_13_LC.COUT
Info:    routing  0.00  5.49 Net events_SB_LUT4_I1_1_I3_SB_CARRY_CO_CI_SB_LUT4_I3_O_SB_LUT4_O_5_I3 (8,2) -> (8,2)
Info:                          Sink events_SB_LUT4_I1_1_I3_SB_CARRY_CO_CI_SB_LUT4_I3_O_SB_LUT4_O_5_LC.CIN
Info:                          Defined in:
Info:                               event_counter.v:46.29-46.51
Info:                               C:\OSS-CA~1\OSS-CA~1\bin\../share/yosys/ice40/arith_map.v:62.5-70.4
Info:                               C:\OSS-CA~1\OSS-CA~1\bin\../share/yosys/ice40/abc9_model.v:4.9-4.11
Info:      logic  0.28  5.77 Source events_SB_LUT4_I1_1_I3_SB_CARRY_CO_CI_SB_LUT4_I3_O_SB_LUT4_O_5_LC.COUT
Info:    routing  0.56  6.33 Net events_SB_LUT4_I1_1_I3_SB_CARRY_CO_CI_SB_LUT4_I3_O_SB_LUT4_O_8_I3 (8,2) -> (8,3)
Info:                          Sink events_SB_LUT4_I1_1_I3_SB_CARRY_CO_CI_SB_LUT4_I3_O_SB_LUT4_O_8_LC.CIN
Info:                          Defined in:
Info:                               event_counter.v:46.29-46.51
Info:                               C:\OSS-CA~1\OSS-CA~1\bin\../share/yosys/ice40/arith_map.v:62.5-70.4
Info:                               C:\OSS-CA~1\OSS-CA~1\bin\../share/yosys/ice40/abc9_model.v:4.9-4.11
Info:      logic  0.28  6.61 Source events_SB_LUT4_I1_1_I3_SB_CARRY_CO_CI_SB_LUT4_I3_O_SB_LUT4_O_8_LC.COUT
Info:    routing  0.00  6.61 Net events_SB_LUT4_I1_1_I3_SB_CARRY_CO_CI_SB_LUT4_I3_O_SB_LUT4_O_6_I3 (8,3) -> (8,3)
Info:                          Sink events_SB_LUT4_I1_1_I3_SB_CARRY_CO_CI_SB_LUT4_I3_O_SB_LUT4_O_6_LC.CIN
Info:                          Defined in:
Info:                               event_counter.v:46.29-46.51
Info:                               C:\OSS-CA~1\OSS-CA~1\bin\../share/yosys/ice40/arith_map.v:62.5-70.4
Info:                               C:\OSS-CA~1\OSS-CA~1\bin\../share/yosys/ice40/abc9_model.v:4.9-4.11
Info:      logic  0.28  6.88 Source events_SB_LUT4_I1_1_I3_SB_CARRY_CO_CI_SB_LUT4_I3_O_SB_LUT4_O_6_LC.COUT
Info:    routing  0.00  6.88 Net events_SB_LUT4_I1_1_I3_SB_CARRY_CO_CI_SB_LUT4_I3_O_SB_LUT4_O_10_I3 (8,3) -> (8,3)
Info:                          Sink events_SB_LUT4_I1_1_I3_SB_CARRY_CO_CI_SB_LUT4_I3_O_SB_LUT4_O_10_LC.CIN
Info:                          Defined in:
Info:                               event_counter.v:46.29-46.51
Info:                               C:\OSS-CA~1\OSS-CA~1\bin\../share/yosys/ice40/arith_map.v:62.5-70.4
Info:                               C:\OSS-CA~1\OSS-CA~1\bin\../share/yosys/ice40/abc9_model.v:4.9-4.11
Info:      logic  0.28  7.16 Source events_SB_LUT4_I1_1_I3_SB_CARRY_CO_CI_SB_LUT4_I3_O_SB_LUT4_O_10_LC.COUT
Info:    routing  0.00  7.16 Net events_SB_LUT4_I1_1_I3_SB_CARRY_CO_CI_SB_LUT4_I3_O_SB_LUT4_O_12_I3 (8,3) -> (8,3)
Info:                          Sink events_SB_LUT4_I1_1_I3_SB_CARRY_CO_CI_SB_LUT4_I3_O_SB_LUT4_O_12_LC.CIN
Info:                          Defined in:
Info:                               event_counter.v:46.29-46.51
Info:                               C:\OSS-CA~1\OSS-CA~1\bin\../share/yosys/ice40/arith_map.v:62.5-70.4
Info:                               C:\OSS-CA~1\OSS-CA~1\bin\../share/yosys/ice40/abc9_model.v:4.9-4.11
Info:      logic  0.28  7.44 Source events_SB_LUT4_I1_1_I3_SB_CARRY_CO_CI_SB_LUT4_I3_O_SB_LUT4_O_12_LC.COUT
Info:    routing  0.00  7.44 Net events_SB_LUT4_I1_1_I3_SB_CARRY_CO_CI_SB_LUT4_I3_O_SB_LUT4_O_1_I3 (8,3) -> (8,3)
Info:                          Sink events_SB_LUT4_I1_1_I3_SB_CARRY_CO_CI_SB_LUT4_I3_O_SB_LUT4_O_1_LC.CIN
Info:                          Defined in:
Info:                               event_counter.v:46.29-46.51
Info:                               C:\OSS-CA~1\OSS-CA~1\bin\../share/yosys/ice40/arith_map.v:62.5-70.4
Info:                               C:\OSS-CA~1\OSS-CA~1\bin\../share/yosys/ice40/abc9_model.v:4.9-4.11
Info:      logic  0.28  7.72 Source events_SB_LUT4_I1_1_I3_SB_CARRY_CO_CI_SB_LUT4_I3_O_SB_LUT4_O_1_LC.COUT
Info:    routing  0.00  7.72 Net events_SB_LUT4_I1_1_I3_SB_CARRY_CO_CI_SB_LUT4_I3_O_SB_LUT4_O_4_I3 (8,3) -> (8,3)
Info:                          Sink events_SB_LUT4_I1_1_I3_SB_CARRY_CO_CI_SB_LUT4_I3_O_SB_LUT4_O_4_LC.CIN
Info:                          Defined in:
Info:                               event_counter.v:46.29-46.51
Info:                               C:\OSS-CA~1\OSS-CA~1\bin\../share/yosys/ice40/arith_map.v:62.5-70.4
Info:                               C:\OSS-CA~1\OSS-CA~1\bin\../share/yosys/ice40/abc9_model.v:4.9-4.11
Info:      logic  0.28  8.00 Source events_SB_LUT4_I1_1_I3_SB_CARRY_CO_CI_SB_LUT4_I3_O_SB_LUT4_O_4_LC.COUT
Info:    routing  0.00  8.00 Net events_SB_LUT4_I1_1_I3_SB_CARRY_CO_CI_SB_CARRY_CO_CI (8,3) -> (8,3)
Info:                          Sink events_SB_LUT4_I1_1_I3_SB_CARRY_CO_CI_SB_LUT4_I3_O_SB_LUT4_O_LC.CIN
Info:                          Defined in:
Info:                               event_counter.v:46.29-46.51
Info:                               C:\OSS-CA~1\OSS-CA~1\bin\../share/yosys/ice40/arith_map.v:62.5-70.4
Info:                               C:\OSS-CA~1\OSS-CA~1\bin\../share/yosys/ice40/abc9_model.v:4.9-4.11
Info:      logic  0.28  8.27 Source events_SB_LUT4_I1_1_I3_SB_CARRY_CO_CI_SB_LUT4_I3_O_SB_LUT4_O_LC.COUT
Info:    routing  0.00  8.27 Net events_SB_LUT4_I1_1_I3_SB_CARRY_CO_CI (8,3) -> (8,3)
Info:                          Sink events_SB_LUT4_I1_1_I3_SB_CARRY_CO_CI_SB_LUT4_I3_LC.CIN
Info:                          Defined in:
Info:                               event_counter.v:46.29-46.51
Info:                               C:\OSS-CA~1\OSS-CA~1\bin\../share/yosys/ice40/arith_map.v:62.5-70.4
Info:                               C:\OSS-CA~1\OSS-CA~1\bin\../share/yosys/ice40/abc9_model.v:4.9-4.11
Info:      logic  0.28  8.55 Source events_SB_LUT4_I1_1_I3_SB_CARRY_CO_CI_SB_LUT4_I3_LC.COUT
Info:    routing  1.22  9.77 Net events_SB_DFFR_D_2_Q[3] (8,3) -> (8,4)
Info:                          Sink events_SB_LUT4_I1_1_LC.I3
Info:                          Defined in:
Info:                               event_counter.v:46.29-46.51
Info:                               C:\OSS-CA~1\OSS-CA~1\bin\../share/yosys/ice40/arith_map.v:62.5-70.4
Info:                               C:\OSS-CA~1\OSS-CA~1\bin\../share/yosys/ice40/abc9_model.v:4.9-4.11
Info:      logic  0.87  10.64 Source events_SB_LUT4_I1_1_LC.O
Info:    routing  6.18  16.82 Net events_SB_LUT4_I1_1_O (8,4) -> (6,31)
Info:                          Sink $gbuf_events_SB_LUT4_I1_1_O_$glb_ce.USER_SIGNAL_TO_GLOBAL_BUFFER
Info:                          Defined in:
Info:                               event_counter.v:26.5-60.8
Info:                               C:\OSS-CA~1\OSS-CA~1\bin\../share/yosys/ice40/ff_map.v:14.63-14.116
Info:                               C:\OSS-CA~1\OSS-CA~1\bin\../share/yosys/ice40/cells_sim.v:656.8-656.9
Info:      logic  1.59  18.41 Source $gbuf_events_SB_LUT4_I1_1_O_$glb_ce.GLOBAL_BUFFER_OUTPUT
Info:    routing  0.70  19.11 Net events_SB_LUT4_I1_1_O_$glb_ce (6,31) -> (8,3)
Info:                          Sink events_SB_LUT4_I1_1_I3_SB_CARRY_CO_CI_SB_LUT4_I3_LC.CEN
Info:      setup  0.10  19.21 Source events_SB_LUT4_I1_1_I3_SB_CARRY_CO_CI_SB_LUT4_I3_LC.CEN
Info: 8.80 ns logic, 10.41 ns routing

Info: Critical path report for cross-domain path '<async>' -> 'posedge clk$SB_IO_IN_$glb_clk':
Info:       type curr  total name
Info:     source  0.00  0.00 Source clear$sb_io.D_IN_0
Info:    routing  3.49  3.49 Net clear$SB_IO_IN (16,0) -> (8,4)
Info:                          Sink events_SB_LUT4_I1_1_LC.I0
Info:                          Defined in:
Info:                               C:\OSS-CA~1\OSS-CA~1\bin\../share/yosys/ice40/cells_map.v:6.21-6.22
Info:      logic  1.28  4.78 Source events_SB_LUT4_I1_1_LC.O
Info:    routing  6.18  10.96 Net events_SB_LUT4_I1_1_O (8,4) -> (6,31)
Info:                          Sink $gbuf_events_SB_LUT4_I1_1_O_$glb_ce.USER_SIGNAL_TO_GLOBAL_BUFFER
Info:                          Defined in:
Info:                               event_counter.v:26.5-60.8
Info:                               C:\OSS-CA~1\OSS-CA~1\bin\../share/yosys/ice40/ff_map.v:14.63-14.116
Info:                               C:\OSS-CA~1\OSS-CA~1\bin\../share/yosys/ice40/cells_sim.v:656.8-656.9
Info:      logic  1.59  12.55 Source $gbuf_events_SB_LUT4_I1_1_O_$glb_ce.GLOBAL_BUFFER_OUTPUT
Info:    routing  0.70  13.25 Net events_SB_LUT4_I1_1_O_$glb_ce (6,31) -> (8,3)
Info:                          Sink events_SB_LUT4_I1_1_I3_SB_CARRY_CO_CI_SB_LUT4_I3_LC.CEN
Info:      setup  0.10  13.35 Source events_SB_LUT4_I1_1_I3_SB_CARRY_CO_CI_SB_LUT4_I3_LC.CEN
Info: 2.97 ns logic, 10.37 ns routing

Info: Critical path report for cross-domain path 'posedge clk$SB_IO_IN_$glb_clk' -> '<async>':
Info:       type curr  total name
Info:   clk-to-q  1.39  1.39 Source count_out_SB_DFFR_Q_D_SB_LUT4_O_6_LC.O
Info:    routing  6.84  8.23 Net count_out[7]$SB_IO_OUT (12,5) -> (16,31)
Info:                          Sink count_out[7]$sb_io.D_OUT_0
Info:                          Defined in:
Info:                               event_counter.v:19.16-19.22
Info: 1.39 ns logic, 6.84 ns routing

Info: Max frequency for clock 'clk$SB_IO_IN_$glb_clk': 52.05 MHz (PASS at 12.00 MHz)

Info: Max delay <async>                       -> posedge clk$SB_IO_IN_$glb_clk: 13.35 ns
Info: Max delay posedge clk$SB_IO_IN_$glb_clk -> <async>                      : 8.23 ns

Info: Slack histogram:
Info:  legend: * represents 1 endpoint(s)
Info:          + represents [1,1) endpoint(s)
Info: [ 64121,  64883) |***************** 
Info: [ 64883,  65645) |*** 
Info: [ 65645,  66407) |** 
Info: [ 66407,  67169) |********************************** 
Info: [ 67169,  67931) |******* 
Info: [ 67931,  68693) |*********************** 
Info: [ 68693,  69455) |***** 
Info: [ 69455,  70217) |***** 
Info: [ 70217,  70979) |******** 
Info: [ 70979,  71741) |******* 
Info: [ 71741,  72503) |**** 
Info: [ 72503,  73265) |******* 
Info: [ 73265,  74027) |************ 
Info: [ 74027,  74789) |************ 
Info: [ 74789,  75551) |************** 
Info: [ 75551,  76313) |************************ 
Info: [ 76313,  77075) |****************** 
Info: [ 77075,  77837) |*********************** 
Info: [ 77837,  78599) |****************** 
Info: [ 78599,  79361) |***************************************** 
19 warnings, 0 errors

Info: Program finished normally.
