
 /----------------------------------------------------------------------------\
 |  yosys -- Yosys Open SYnthesis Suite                                       |
 |  Copyright (C) 2012 - 2026  Claire Xenia Wolf <claire@yosyshq.com>         |
 |  Distributed under an ISC-like license, type "license" to see terms        |
 \----------------------------------------------------------------------------/
 Yosys 0.64+68 (git sha1 413169663-dirty, x86_64-w64-mingw32-g++ 13.2.1 -O3)

-- Executing script file `build.ys' --

1. Executing Verilog-2005 frontend: event_counter.v
Parsing Verilog input from `event_counter.v' to AST representation.
Generating RTLIL representation for module `\event_counter'.
Warning: Replacing memory \latched with list of registers. See event_counter.v:30
Warning: Replacing memory \counters with list of registers. See event_counter.v:29
Successfully finished Verilog frontend.

2. Executing HIERARCHY pass (managing design hierarchy).

2.1. Analyzing design hierarchy..
Top module:  \event_counter

2.2. Analyzing design hierarchy..
Top module:  \event_counter
Removed 0 unused modules.

3. Executing SYNTH_ICE40 pass.

3.1. Executing Verilog-2005 frontend: C:\OSS-CA~1\OSS-CA~1\bin\../share/yosys/ice40/cells_sim.v
Parsing Verilog input from `C:\OSS-CA~1\OSS-CA~1\bin\../share/yosys/ice40/cells_sim.v' to AST representation.
Generating RTLIL representation for module `\SB_IO'.
Generating RTLIL representation for module `\SB_GB_IO'.
Generating RTLIL representation for module `\SB_GB'.
Generating RTLIL representation for module `\SB_LUT4'.
Generating RTLIL representation for module `\SB_CARRY'.
Generating RTLIL representation for module `\SB_DFF'.
Generating RTLIL representation for module `\SB_DFFE'.
Generating RTLIL representation for module `\SB_DFFSR'.
Generating RTLIL representation for module `\SB_DFFR'.
Generating RTLIL representation for module `\SB_DFFSS'.
Generating RTLIL representation for module `\SB_DFFS'.
Generating RTLIL representation for module `\SB_DFFESR'.
Generating RTLIL representation for module `\SB_DFFER'.
Generating RTLIL representation for module `\SB_DFFESS'.
Generating RTLIL representation for module `\SB_DFFES'.
Generating RTLIL representation for module `\SB_DFFN'.
Generating RTLIL representation for module `\SB_DFFNE'.
Generating RTLIL representation for module `\SB_DFFNSR'.
Generating RTLIL representation for module `\SB_DFFNR'.
Generating RTLIL representation for module `\SB_DFFNSS'.
Generating RTLIL representation for module `\SB_DFFNS'.
Generating RTLIL representation for module `\SB_DFFNESR'.
Generating RTLIL representation for module `\SB_DFFNER'.
Generating RTLIL representation for module `\SB_DFFNESS'.
Generating RTLIL representation for module `\SB_DFFNES'.
Generating RTLIL representation for module `\SB_RAM40_4K'.
Generating RTLIL representation for module `\SB_RAM40_4KNR'.
Generating RTLIL representation for module `\SB_RAM40_4KNW'.
Generating RTLIL representation for module `\SB_RAM40_4KNRNW'.
Generating RTLIL representation for module `\ICESTORM_LC'.
Generating RTLIL representation for module `\SB_PLL40_CORE'.
Generating RTLIL representation for module `\SB_PLL40_PAD'.
Generating RTLIL representation for module `\SB_PLL40_2_PAD'.
Generating RTLIL representation for module `\SB_PLL40_2F_CORE'.
Generating RTLIL representation for module `\SB_PLL40_2F_PAD'.
Generating RTLIL representation for module `\SB_WARMBOOT'.
Generating RTLIL representation for module `\SB_SPRAM256KA'.
Generating RTLIL representation for module `\SB_HFOSC'.
Generating RTLIL representation for module `\SB_LFOSC'.
Generating RTLIL representation for module `\SB_RGBA_DRV'.
Generating RTLIL representation for module `\SB_LED_DRV_CUR'.
Generating RTLIL representation for module `\SB_RGB_DRV'.
Generating RTLIL representation for module `\SB_I2C'.
Generating RTLIL representation for module `\SB_SPI'.
Generating RTLIL representation for module `\SB_LEDDA_IP'.
Generating RTLIL representation for module `\SB_FILTER_50NS'.
Generating RTLIL representation for module `\SB_IO_I3C'.
Generating RTLIL representation for module `\SB_IO_OD'.
Generating RTLIL representation for module `\SB_MAC16'.
Generating RTLIL representation for module `\ICESTORM_RAM'.
Successfully finished Verilog frontend.

3.2. Executing HIERARCHY pass (managing design hierarchy).
Attribute `top' found on module `event_counter'. Setting top module to event_counter.

3.2.1. Analyzing design hierarchy..
Top module:  \event_counter

3.2.2. Analyzing design hierarchy..
Top module:  \event_counter
Removed 0 unused modules.

3.3. Executing PROC pass (convert processes to netlists).

3.3.1. Executing PROC_CLEAN pass (remove empty switches from decision trees).
Cleaned up 0 empty switches.

3.3.2. Executing PROC_RMDEAD pass (remove dead branches from decision trees).
Removed 1 dead cases from process $proc$event_counter.v:26$6 in module event_counter.
Marked 4 switch rules as full_case in process $proc$event_counter.v:26$6 in module event_counter.
Removed a total of 1 dead cases.

3.3.3. Executing PROC_PRUNE pass (remove redundant assignments in processes).
Removed 3 redundant assignments.
Promoted 3 assignments to connections.

3.3.4. Executing PROC_INIT pass (extract init attributes).

3.3.5. Executing PROC_ARST pass (detect async resets in processes).
Found async reset \rst_n in `\event_counter.$proc$event_counter.v:26$6'.

3.3.6. Executing PROC_ROM pass (convert switches to ROMs).
Converted 0 switches.
<suppressed ~11 debug messages>

3.3.7. Executing PROC_MUX pass (convert decision trees to multiplexers).
Creating decoders for process `\event_counter.$proc$event_counter.v:26$6'.
     1/17: $2$mem2reg_rd$\latched$event_counter.v:57$5_DATA[15:0]$28
     2/17: $3\i[31:0]
     3/17: $2\i[31:0]
     4/17: $0\valid_r[0:0]
     5/17: $0\read_r[15:0]
     6/17: $1$mem2reg_rd$\latched$event_counter.v:57$5_DATA[15:0]$11
     7/17: $1$mem2reg_rd$\latched$event_counter.v:57$5_ADDR[1:0]$10
     8/17: $1\i[31:0]
     9/17: $0\events_prev[3:0]
    10/17: $0\latched[3][15:0]
    11/17: $0\latched[2][15:0]
    12/17: $0\latched[1][15:0]
    13/17: $0\latched[0][15:0]
    14/17: $0\counters[3][15:0]
    15/17: $0\counters[2][15:0]
    16/17: $0\counters[1][15:0]
    17/17: $0\counters[0][15:0]

3.3.8. Executing PROC_DLATCH pass (convert process syncs to latches).

3.3.9. Executing PROC_DFF pass (convert process syncs to FFs).
Creating register for signal `\event_counter.\i' using process `\event_counter.$proc$event_counter.v:26$6'.
  created $adff cell `$procdff$463' with positive edge clock and positive level reset.
Creating register for signal `\event_counter.\events_prev' using process `\event_counter.$proc$event_counter.v:26$6'.
  created $adff cell `$procdff$468' with positive edge clock and positive level reset.
Creating register for signal `\event_counter.\read_r' using process `\event_counter.$proc$event_counter.v:26$6'.
  created $adff cell `$procdff$473' with positive edge clock and positive level reset.
Creating register for signal `\event_counter.\valid_r' using process `\event_counter.$proc$event_counter.v:26$6'.
  created $adff cell `$procdff$478' with positive edge clock and positive level reset.
Creating register for signal `\event_counter.\counters[0]' using process `\event_counter.$proc$event_counter.v:26$6'.
  created $adff cell `$procdff$483' with positive edge clock and positive level reset.
Creating register for signal `\event_counter.\counters[1]' using process `\event_counter.$proc$event_counter.v:26$6'.
  created $adff cell `$procdff$488' with positive edge clock and positive level reset.
Creating register for signal `\event_counter.\counters[2]' using process `\event_counter.$proc$event_counter.v:26$6'.
  created $adff cell `$procdff$493' with positive edge clock and positive level reset.
Creating register for signal `\event_counter.\counters[3]' using process `\event_counter.$proc$event_counter.v:26$6'.
  created $adff cell `$procdff$498' with positive edge clock and positive level reset.
Creating register for signal `\event_counter.\latched[0]' using process `\event_counter.$proc$event_counter.v:26$6'.
  created $adff cell `$procdff$503' with positive edge clock and positive level reset.
Creating register for signal `\event_counter.\latched[1]' using process `\event_counter.$proc$event_counter.v:26$6'.
  created $adff cell `$procdff$508' with positive edge clock and positive level reset.
Creating register for signal `\event_counter.\latched[2]' using process `\event_counter.$proc$event_counter.v:26$6'.
  created $adff cell `$procdff$513' with positive edge clock and positive level reset.
Creating register for signal `\event_counter.\latched[3]' using process `\event_counter.$proc$event_counter.v:26$6'.
  created $adff cell `$procdff$518' with positive edge clock and positive level reset.

3.3.10. Executing PROC_MEMWR pass (convert process memory writes to cells).

3.3.11. Executing PROC_CLEAN pass (remove empty switches from decision trees).
Found and cleaned up 11 empty switches in `\event_counter.$proc$event_counter.v:26$6'.
Removing empty process `event_counter.$proc$event_counter.v:26$6'.
Cleaned up 11 empty switches.

3.3.12. Executing OPT_EXPR pass (perform const folding).
Optimizing module event_counter.
<suppressed ~26 debug messages>

3.4. Executing FLATTEN pass (flatten design).

3.5. Executing TRIBUF pass.

3.6. Executing DEMINOUT pass (demote inout ports to input or output).

3.7. Executing OPT_EXPR pass (perform const folding).
Optimizing module event_counter.

3.8. Executing OPT_CLEAN pass (remove unused cells and wires).
Finding unused cells or wires in module \event_counter..
Removed 14 unused cells and 66 unused wires.
<suppressed ~16 debug messages>

3.9. Executing CHECK pass (checking for obvious problems).
Checking module event_counter...
Found and reported 0 problems.

3.10. Executing OPT pass (performing simple optimizations).

3.10.1. Executing OPT_EXPR pass (perform const folding).
Optimizing module event_counter.

3.10.2. Executing OPT_MERGE pass (detect identical cells).
Finding identical cells in module `\event_counter'.
Computing hashes of 48 cells of `\event_counter'.
Finding duplicate cells in `\event_counter'.
Removed a total of 0 cells.

3.10.3. Executing OPT_MUXTREE pass (detect dead branches in mux trees).
Running muxtree optimizer on module \event_counter..
  Creating internal representation of mux trees.
  Evaluating internal representation of mux trees.
  Analyzing evaluation results.
Removed 0 multiplexer ports.
<suppressed ~26 debug messages>

3.10.4. Executing OPT_REDUCE pass (consolidate $*mux and $reduce_* inputs).
  Optimizing cells in module \event_counter.
Performed a total of 0 changes.

3.10.5. Executing OPT_MERGE pass (detect identical cells).
Finding identical cells in module `\event_counter'.
Computing hashes of 48 cells of `\event_counter'.
Finding duplicate cells in `\event_counter'.
Removed a total of 0 cells.

3.10.6. Executing OPT_DFF pass (perform DFF optimizations).

3.10.7. Executing OPT_CLEAN pass (remove unused cells and wires).
Finding unused cells or wires in module \event_counter..

3.10.8. Executing OPT_EXPR pass (perform const folding).
Optimizing module event_counter.

3.10.9. Finished fast OPT passes. (There is nothing left to do.)

3.11. Executing FSM pass (extract and optimize FSM).

3.11.1. Executing FSM_DETECT pass (finding FSMs in design).

3.11.2. Executing FSM_EXTRACT pass (extracting FSM from design).

3.11.3. Executing FSM_OPT pass (simple optimizations of FSMs).

3.11.4. Executing OPT_CLEAN pass (remove unused cells and wires).
Finding unused cells or wires in module \event_counter..

3.11.5. Executing FSM_OPT pass (simple optimizations of FSMs).

3.11.6. Executing FSM_RECODE pass (re-assigning FSM state encoding).

3.11.7. Executing FSM_INFO pass (dumping all available information on FSM cells).

3.11.8. Executing FSM_MAP pass (mapping FSMs to basic logic).

3.12. Executing OPT pass (performing simple optimizations).

3.12.1. Executing OPT_EXPR pass (perform const folding).
Optimizing module event_counter.

3.12.2. Executing OPT_MERGE pass (detect identical cells).
Finding identical cells in module `\event_counter'.
Computing hashes of 48 cells of `\event_counter'.
Finding duplicate cells in `\event_counter'.
Removed a total of 0 cells.

3.12.3. Executing OPT_MUXTREE pass (detect dead branches in mux trees).
Running muxtree optimizer on module \event_counter..
  Creating internal representation of mux trees.
  Evaluating internal representation of mux trees.
  Analyzing evaluation results.
Removed 0 multiplexer ports.
<suppressed ~26 debug messages>

3.12.4. Executing OPT_REDUCE pass (consolidate $*mux and $reduce_* inputs).
  Optimizing cells in module \event_counter.
Performed a total of 0 changes.

3.12.5. Executing OPT_MERGE pass (detect identical cells).
Finding identical cells in module `\event_counter'.
Computing hashes of 48 cells of `\event_counter'.
Finding duplicate cells in `\event_counter'.
Removed a total of 0 cells.

3.12.6. Executing OPT_DFF pass (perform DFF optimizations).
Adding EN signal on $procdff$493 ($adff) from module event_counter (D = $0\counters[2][15:0], Q = \counters[2]).
Adding EN signal on $procdff$498 ($adff) from module event_counter (D = $0\counters[3][15:0], Q = \counters[3]).
Adding EN signal on $procdff$488 ($adff) from module event_counter (D = $0\counters[1][15:0], Q = \counters[1]).
Adding EN signal on $procdff$483 ($adff) from module event_counter (D = $0\counters[0][15:0], Q = \counters[0]).
Adding EN signal on $procdff$508 ($adff) from module event_counter (D = \counters[1], Q = \latched[1]).
Adding EN signal on $procdff$513 ($adff) from module event_counter (D = \counters[2], Q = \latched[2]).
Adding EN signal on $procdff$518 ($adff) from module event_counter (D = \counters[3], Q = \latched[3]).
Adding EN signal on $procdff$503 ($adff) from module event_counter (D = \counters[0], Q = \latched[0]).

3.12.7. Executing OPT_CLEAN pass (remove unused cells and wires).
Finding unused cells or wires in module \event_counter..
Removed 4 unused cells and 4 unused wires.
<suppressed ~5 debug messages>

3.12.8. Executing OPT_EXPR pass (perform const folding).
Optimizing module event_counter.
<suppressed ~8 debug messages>

3.12.9. Rerunning OPT passes. (Maybe there is more to do..)

3.12.10. Executing OPT_MUXTREE pass (detect dead branches in mux trees).
Running muxtree optimizer on module \event_counter..
  Creating internal representation of mux trees.
  Evaluating internal representation of mux trees.
  Analyzing evaluation results.
Removed 0 multiplexer ports.
<suppressed ~18 debug messages>

3.12.11. Executing OPT_REDUCE pass (consolidate $*mux and $reduce_* inputs).
  Optimizing cells in module \event_counter.
Performed a total of 0 changes.

3.12.12. Executing OPT_MERGE pass (detect identical cells).
Finding identical cells in module `\event_counter'.
Computing hashes of 56 cells of `\event_counter'.
Finding duplicate cells in `\event_counter'.
Removed a total of 0 cells.

3.12.13. Executing OPT_DFF pass (perform DFF optimizations).

3.12.14. Executing OPT_CLEAN pass (remove unused cells and wires).
Finding unused cells or wires in module \event_counter..

3.12.15. Executing OPT_EXPR pass (perform const folding).
Optimizing module event_counter.

3.12.16. Finished fast OPT passes. (There is nothing left to do.)

3.13. Executing WREDUCE pass (reducing word size of cells).
Removed top 1 bits (of 2) from port B of cell event_counter.$procmux$412_CMP0 ($eq).

3.14. Executing PEEPOPT pass (run peephole optimizers).

3.15. Executing OPT_CLEAN pass (remove unused cells and wires).
Finding unused cells or wires in module \event_counter..

3.16. Executing SHARE pass (SAT-based resource sharing).

3.17. Executing TECHMAP pass (map to technology primitives).

3.17.1. Executing Verilog-2005 frontend: C:\OSS-CA~1\OSS-CA~1\bin\../share/yosys/cmp2lut.v
Parsing Verilog input from `C:\OSS-CA~1\OSS-CA~1\bin\../share/yosys/cmp2lut.v' to AST representation.
Generating RTLIL representation for module `\_90_lut_cmp_'.
Successfully finished Verilog frontend.

3.17.2. Continuing TECHMAP pass.
No more expansions possible.
<suppressed ~36 debug messages>

3.18. Executing OPT_EXPR pass (perform const folding).
Optimizing module event_counter.

3.19. Executing OPT_CLEAN pass (remove unused cells and wires).
Finding unused cells or wires in module \event_counter..

3.20. Executing ALUMACC pass (create $alu and $macc cells).
Extracting $alu and $macc cells in module event_counter:
  creating $macc model for $add$event_counter.v:47$27 ($add).
  creating $macc model for $add$event_counter.v:47$23 ($add).
  creating $macc model for $add$event_counter.v:47$19 ($add).
  creating $macc model for $add$event_counter.v:47$15 ($add).
  creating $alu model for $macc $add$event_counter.v:47$15.
  creating $alu model for $macc $add$event_counter.v:47$19.
  creating $alu model for $macc $add$event_counter.v:47$23.
  creating $alu model for $macc $add$event_counter.v:47$27.
  creating $alu model for $lt$event_counter.v:46$26 ($lt): new $alu
  creating $alu model for $lt$event_counter.v:46$22 ($lt): new $alu
  creating $alu model for $lt$event_counter.v:46$18 ($lt): new $alu
  creating $alu model for $lt$event_counter.v:46$14 ($lt): new $alu
  creating $alu cell for $lt$event_counter.v:46$14: $auto$alumacc.cc:512:replace_alu$556
  creating $alu cell for $lt$event_counter.v:46$18: $auto$alumacc.cc:512:replace_alu$561
  creating $alu cell for $lt$event_counter.v:46$22: $auto$alumacc.cc:512:replace_alu$566
  creating $alu cell for $lt$event_counter.v:46$26: $auto$alumacc.cc:512:replace_alu$571
  creating $alu cell for $add$event_counter.v:47$27: $auto$alumacc.cc:512:replace_alu$576
  creating $alu cell for $add$event_counter.v:47$23: $auto$alumacc.cc:512:replace_alu$579
  creating $alu cell for $add$event_counter.v:47$19: $auto$alumacc.cc:512:replace_alu$582
  creating $alu cell for $add$event_counter.v:47$15: $auto$alumacc.cc:512:replace_alu$585
  created 8 $alu and 0 $macc cells.

3.21. Executing OPT pass (performing simple optimizations).

3.21.1. Executing OPT_EXPR pass (perform const folding).
Optimizing module event_counter.
<suppressed ~4 debug messages>

3.21.2. Executing OPT_MERGE pass (detect identical cells).
Finding identical cells in module `\event_counter'.
Computing hashes of 60 cells of `\event_counter'.
Finding duplicate cells in `\event_counter'.
Removed a total of 0 cells.

3.21.3. Executing OPT_MUXTREE pass (detect dead branches in mux trees).
Running muxtree optimizer on module \event_counter..
  Creating internal representation of mux trees.
  Evaluating internal representation of mux trees.
  Analyzing evaluation results.
Removed 0 multiplexer ports.
<suppressed ~18 debug messages>

3.21.4. Executing OPT_REDUCE pass (consolidate $*mux and $reduce_* inputs).
  Optimizing cells in module \event_counter.
Performed a total of 0 changes.

3.21.5. Executing OPT_MERGE pass (detect identical cells).
Finding identical cells in module `\event_counter'.
Computing hashes of 60 cells of `\event_counter'.
Finding duplicate cells in `\event_counter'.
Removed a total of 0 cells.

3.21.6. Executing OPT_DFF pass (perform DFF optimizations).

3.21.7. Executing OPT_CLEAN pass (remove unused cells and wires).
Finding unused cells or wires in module \event_counter..
Removed 0 unused cells and 4 unused wires.
<suppressed ~1 debug messages>

3.21.8. Executing OPT_EXPR pass (perform const folding).
Optimizing module event_counter.

3.21.9. Rerunning OPT passes. (Maybe there is more to do..)

3.21.10. Executing OPT_MUXTREE pass (detect dead branches in mux trees).
Running muxtree optimizer on module \event_counter..
  Creating internal representation of mux trees.
  Evaluating internal representation of mux trees.
  Analyzing evaluation results.
Removed 0 multiplexer ports.
<suppressed ~18 debug messages>

3.21.11. Executing OPT_REDUCE pass (consolidate $*mux and $reduce_* inputs).
  Optimizing cells in module \event_counter.
Performed a total of 0 changes.

3.21.12. Executing OPT_MERGE pass (detect identical cells).
Finding identical cells in module `\event_counter'.
Computing hashes of 60 cells of `\event_counter'.
Finding duplicate cells in `\event_counter'.
Removed a total of 0 cells.

3.21.13. Executing OPT_DFF pass (perform DFF optimizations).

3.21.14. Executing OPT_CLEAN pass (remove unused cells and wires).
Finding unused cells or wires in module \event_counter..

3.21.15. Executing OPT_EXPR pass (perform const folding).
Optimizing module event_counter.

3.21.16. Finished fast OPT passes. (There is nothing left to do.)

3.22. Executing MEMORY pass.

3.22.1. Executing OPT_MEM pass (optimize memories).
Performed a total of 0 transformations.

3.22.2. Executing OPT_MEM_PRIORITY pass (removing unnecessary memory write priority relations).
Performed a total of 0 transformations.

3.22.3. Executing OPT_MEM_FEEDBACK pass (finding memory read-to-write feedback paths).

3.22.4. Executing MEMORY_BMUX2ROM pass (converting muxes to ROMs).

3.22.5. Executing MEMORY_DFF pass (merging $dff cells to $memrd).

3.22.6. Executing OPT_CLEAN pass (remove unused cells and wires).
Finding unused cells or wires in module \event_counter..

3.22.7. Executing MEMORY_SHARE pass (consolidating $memrd/$memwr cells).

3.22.8. Executing OPT_MEM_WIDEN pass (optimize memories where all ports are wide).
Performed a total of 0 transformations.

3.22.9. Executing OPT_CLEAN pass (remove unused cells and wires).
Finding unused cells or wires in module \event_counter..

3.22.10. Executing MEMORY_COLLECT pass (generating $mem cells).

3.23. Executing OPT_CLEAN pass (remove unused cells and wires).
Finding unused cells or wires in module \event_counter..

3.24. Executing MEMORY_LIBMAP pass (mapping memories to cells).

3.25. Executing TECHMAP pass (map to technology primitives).

3.25.1. Executing Verilog-2005 frontend: C:\OSS-CA~1\OSS-CA~1\bin\../share/yosys/ice40/brams_map.v
Parsing Verilog input from `C:\OSS-CA~1\OSS-CA~1\bin\../share/yosys/ice40/brams_map.v' to AST representation.
Generating RTLIL representation for module `$__ICE40_RAM4K_'.
Successfully finished Verilog frontend.

3.25.2. Executing Verilog-2005 frontend: C:\OSS-CA~1\OSS-CA~1\bin\../share/yosys/ice40/spram_map.v
Parsing Verilog input from `C:\OSS-CA~1\OSS-CA~1\bin\../share/yosys/ice40/spram_map.v' to AST representation.
Generating RTLIL representation for module `$__ICE40_SPRAM_'.
Successfully finished Verilog frontend.

3.25.3. Continuing TECHMAP pass.
No more expansions possible.
<suppressed ~4 debug messages>

3.26. Executing ICE40_BRAMINIT pass.

3.27. Executing OPT pass (performing simple optimizations).

3.27.1. Executing OPT_EXPR pass (perform const folding).
Optimizing module event_counter.
<suppressed ~9 debug messages>

3.27.2. Executing OPT_MERGE pass (detect identical cells).
Finding identical cells in module `\event_counter'.
Computing hashes of 52 cells of `\event_counter'.
Finding duplicate cells in `\event_counter'.
Removed a total of 0 cells.

3.27.3. Executing OPT_DFF pass (perform DFF optimizations).

3.27.4. Executing OPT_CLEAN pass (remove unused cells and wires).
Finding unused cells or wires in module \event_counter..
Removed 1 unused cells and 9 unused wires.
<suppressed ~2 debug messages>

3.27.5. Finished fast OPT passes.

3.28. Executing MEMORY_MAP pass (converting memories to logic and flip-flops).

3.29. Executing OPT pass (performing simple optimizations).

3.29.1. Executing OPT_EXPR pass (perform const folding).
Optimizing module event_counter.

3.29.2. Executing OPT_MERGE pass (detect identical cells).
Finding identical cells in module `\event_counter'.
Computing hashes of 51 cells of `\event_counter'.
Finding duplicate cells in `\event_counter'.
Removed a total of 0 cells.

3.29.3. Executing OPT_MUXTREE pass (detect dead branches in mux trees).
Running muxtree optimizer on module \event_counter..
  Creating internal representation of mux trees.
  Evaluating internal representation of mux trees.
  Analyzing evaluation results.
Removed 0 multiplexer ports.
<suppressed ~10 debug messages>

3.29.4. Executing OPT_REDUCE pass (consolidate $*mux and $reduce_* inputs).
  Optimizing cells in module \event_counter.
Performed a total of 0 changes.

3.29.5. Executing OPT_MERGE pass (detect identical cells).
Finding identical cells in module `\event_counter'.
Computing hashes of 51 cells of `\event_counter'.
Finding duplicate cells in `\event_counter'.
Removed a total of 0 cells.

3.29.6. Executing OPT_DFF pass (perform DFF optimizations).

3.29.7. Executing OPT_CLEAN pass (remove unused cells and wires).
Finding unused cells or wires in module \event_counter..

3.29.8. Executing OPT_EXPR pass (perform const folding).
Optimizing module event_counter.

3.29.9. Finished fast OPT passes. (There is nothing left to do.)

3.30. Executing ICE40_WRAPCARRY pass (wrap carries).

3.31. Executing TECHMAP pass (map to technology primitives).

3.31.1. Executing Verilog-2005 frontend: C:\OSS-CA~1\OSS-CA~1\bin\../share/yosys/techmap.v
Parsing Verilog input from `C:\OSS-CA~1\OSS-CA~1\bin\../share/yosys/techmap.v' to AST representation.
Generating RTLIL representation for module `\_90_simplemap_bool_ops'.
Generating RTLIL representation for module `\_90_simplemap_reduce_ops'.
Generating RTLIL representation for module `\_90_simplemap_logic_ops'.
Generating RTLIL representation for module `\_90_simplemap_compare_ops'.
Generating RTLIL representation for module `\_90_simplemap_various'.
Generating RTLIL representation for module `\_90_simplemap_registers'.
Generating RTLIL representation for module `\_90_shift_ops_shr_shl_sshl_sshr'.
Generating RTLIL representation for module `\_90_shift_shiftx'.
Generating RTLIL representation for module `\_90_fa'.
Generating RTLIL representation for module `\_90_lcu_brent_kung'.
Generating RTLIL representation for module `\_90_alu'.
Generating RTLIL representation for module `\_90_macc'.
Generating RTLIL representation for module `\_90_alumacc'.
Generating RTLIL representation for module `$__div_mod_u'.
Generating RTLIL representation for module `$__div_mod_trunc'.
Generating RTLIL representation for module `\_90_div'.
Generating RTLIL representation for module `\_90_mod'.
Generating RTLIL representation for module `$__div_mod_floor'.
Generating RTLIL representation for module `\_90_divfloor'.
Generating RTLIL representation for module `\_90_modfloor'.
Generating RTLIL representation for module `\_90_pow'.
Generating RTLIL representation for module `\_90_pmux'.
Generating RTLIL representation for module `\_90_demux'.
Generating RTLIL representation for module `\_90_lut'.
Generating RTLIL representation for module `$connect'.
Generating RTLIL representation for module `$input_port'.
Successfully finished Verilog frontend.

3.31.2. Executing Verilog-2005 frontend: C:\OSS-CA~1\OSS-CA~1\bin\../share/yosys/ice40/arith_map.v
Parsing Verilog input from `C:\OSS-CA~1\OSS-CA~1\bin\../share/yosys/ice40/arith_map.v' to AST representation.
Generating RTLIL representation for module `\_80_ice40_alu'.
Successfully finished Verilog frontend.

3.31.3. Continuing TECHMAP pass.
Using template $paramod$2af30114e9bd4ccb04dad757b3f0a8f6bf0615b0\_80_ice40_alu for cells of type $alu.
Using extmapper simplemap for cells of type $not.
Using template $paramod$6df0329addda9228fcc2546de2aaf14ad26c98e1\_80_ice40_alu for cells of type $alu.
Using extmapper simplemap for cells of type $adffe.
Using extmapper simplemap for cells of type $reduce_and.
Using extmapper simplemap for cells of type $reduce_bool.
Using extmapper simplemap for cells of type $logic_not.
Using extmapper simplemap for cells of type $logic_and.
Using extmapper simplemap for cells of type $eq.
Using template $paramod$d5c1c4131927aec19f116e7a36372b1981bfcd7e\_90_pmux for cells of type $pmux.
Using extmapper simplemap for cells of type $mux.
Using extmapper simplemap for cells of type $adff.
Using extmapper simplemap for cells of type $xor.
Using extmapper simplemap for cells of type $pos.
Using extmapper simplemap for cells of type $reduce_or.
Using extmapper simplemap for cells of type $and.
No more expansions possible.
<suppressed ~240 debug messages>

3.32. Executing OPT pass (performing simple optimizations).

3.32.1. Executing OPT_EXPR pass (perform const folding).
Optimizing module event_counter.
<suppressed ~326 debug messages>

3.32.2. Executing OPT_MERGE pass (detect identical cells).
Finding identical cells in module `\event_counter'.
Computing hashes of 541 cells of `\event_counter'.
Finding duplicate cells in `\event_counter'.
Computing hashes of 535 cells of `\event_counter'.
Finding duplicate cells in `\event_counter'.
<suppressed ~18 debug messages>
Removed a total of 6 cells.

3.32.3. Executing OPT_DFF pass (perform DFF optimizations).

3.32.4. Executing OPT_CLEAN pass (remove unused cells and wires).
Finding unused cells or wires in module \event_counter..
Removed 64 unused cells and 211 unused wires.
<suppressed ~65 debug messages>

3.32.5. Finished fast OPT passes.

3.33. Executing ICE40_OPT pass (performing simple optimizations).

3.33.1. Running ICE40 specific optimizations.
Optimized $__ICE40_CARRY_WRAPPER cell back to logic (without SB_CARRY) event_counter.$auto$alumacc.cc:512:replace_alu$556.slice[0].carry: CO=\counters[0] [0]
Optimized $__ICE40_CARRY_WRAPPER cell back to logic (without SB_CARRY) event_counter.$auto$alumacc.cc:512:replace_alu$561.slice[0].carry: CO=\counters[1] [0]
Optimized $__ICE40_CARRY_WRAPPER cell back to logic (without SB_CARRY) event_counter.$auto$alumacc.cc:512:replace_alu$566.slice[0].carry: CO=\counters[2] [0]
Optimized $__ICE40_CARRY_WRAPPER cell back to logic (without SB_CARRY) event_counter.$auto$alumacc.cc:512:replace_alu$571.slice[0].carry: CO=\counters[3] [0]
Optimized $__ICE40_CARRY_WRAPPER cell back to logic (without SB_CARRY) event_counter.$auto$alumacc.cc:512:replace_alu$576.slice[0].carry: CO=\counters[3] [0]
Optimized $__ICE40_CARRY_WRAPPER cell back to logic (without SB_CARRY) event_counter.$auto$alumacc.cc:512:replace_alu$579.slice[0].carry: CO=\counters[2] [0]
Optimized $__ICE40_CARRY_WRAPPER cell back to logic (without SB_CARRY) event_counter.$auto$alumacc.cc:512:replace_alu$582.slice[0].carry: CO=\counters[1] [0]
Optimized $__ICE40_CARRY_WRAPPER cell back to logic (without SB_CARRY) event_counter.$auto$alumacc.cc:512:replace_alu$585.slice[0].carry: CO=\counters[0] [0]

3.33.2. Executing OPT_EXPR pass (perform const folding).
Optimizing module event_counter.

3.33.3. Executing OPT_MERGE pass (detect identical cells).
Finding identical cells in module `\event_counter'.
Computing hashes of 471 cells of `\event_counter'.
Finding duplicate cells in `\event_counter'.
Removed a total of 0 cells.

3.33.4. Executing OPT_DFF pass (perform DFF optimizations).

3.33.5. Executing OPT_CLEAN pass (remove unused cells and wires).
Finding unused cells or wires in module \event_counter..
Removed 4 unused cells and 0 unused wires.
<suppressed ~4 debug messages>

3.33.6. Rerunning OPT passes. (Removed registers in this run.)

3.33.7. Running ICE40 specific optimizations.

3.33.8. Executing OPT_EXPR pass (perform const folding).
Optimizing module event_counter.

3.33.9. Executing OPT_MERGE pass (detect identical cells).
Finding identical cells in module `\event_counter'.
Computing hashes of 467 cells of `\event_counter'.
Finding duplicate cells in `\event_counter'.
Removed a total of 0 cells.

3.33.10. Executing OPT_DFF pass (perform DFF optimizations).

3.33.11. Executing OPT_CLEAN pass (remove unused cells and wires).
Finding unused cells or wires in module \event_counter..

3.33.12. Finished OPT passes. (There is nothing left to do.)

3.34. Executing DFFLEGALIZE pass (convert FFs to types supported by the target).

3.35. Executing TECHMAP pass (map to technology primitives).

3.35.1. Executing Verilog-2005 frontend: C:\OSS-CA~1\OSS-CA~1\bin\../share/yosys/ice40/ff_map.v
Parsing Verilog input from `C:\OSS-CA~1\OSS-CA~1\bin\../share/yosys/ice40/ff_map.v' to AST representation.
Generating RTLIL representation for module `$_DFF_N_'.
Generating RTLIL representation for module `$_DFF_P_'.
Generating RTLIL representation for module `$_DFFE_NP_'.
Generating RTLIL representation for module `$_DFFE_PP_'.
Generating RTLIL representation for module `$_DFF_NP0_'.
Generating RTLIL representation for module `$_DFF_NP1_'.
Generating RTLIL representation for module `$_DFF_PP0_'.
Generating RTLIL representation for module `$_DFF_PP1_'.
Generating RTLIL representation for module `$_DFFE_NP0P_'.
Generating RTLIL representation for module `$_DFFE_NP1P_'.
Generating RTLIL representation for module `$_DFFE_PP0P_'.
Generating RTLIL representation for module `$_DFFE_PP1P_'.
Generating RTLIL representation for module `$_SDFF_NP0_'.
Generating RTLIL representation for module `$_SDFF_NP1_'.
Generating RTLIL representation for module `$_SDFF_PP0_'.
Generating RTLIL representation for module `$_SDFF_PP1_'.
Generating RTLIL representation for module `$_SDFFCE_NP0P_'.
Generating RTLIL representation for module `$_SDFFCE_NP1P_'.
Generating RTLIL representation for module `$_SDFFCE_PP0P_'.
Generating RTLIL representation for module `$_SDFFCE_PP1P_'.
Successfully finished Verilog frontend.

3.35.2. Continuing TECHMAP pass.
Using template $_DFF_PP0_ for cells of type $_DFF_PP0_.
Using template $_DFFE_PP0P_ for cells of type $_DFFE_PP0P_.
No more expansions possible.
<suppressed ~171 debug messages>

3.36. Executing OPT_EXPR pass (perform const folding).
Optimizing module event_counter.

3.37. Executing SIMPLEMAP pass (map simple cells to gate primitives).
Mapping event_counter.$auto$alumacc.cc:512:replace_alu$576.slice[0].carry ($lut).
Mapping event_counter.$auto$alumacc.cc:512:replace_alu$579.slice[0].carry ($lut).
Mapping event_counter.$auto$alumacc.cc:512:replace_alu$582.slice[0].carry ($lut).
Mapping event_counter.$auto$alumacc.cc:512:replace_alu$585.slice[0].carry ($lut).

3.38. Executing ICE40_OPT pass (performing simple optimizations).

3.38.1. Running ICE40 specific optimizations.

3.38.2. Executing OPT_EXPR pass (perform const folding).
Optimizing module event_counter.
<suppressed ~56 debug messages>

3.38.3. Executing OPT_MERGE pass (detect identical cells).
Finding identical cells in module `\event_counter'.
Computing hashes of 616 cells of `\event_counter'.
Finding duplicate cells in `\event_counter'.
Computing hashes of 468 cells of `\event_counter'.
Finding duplicate cells in `\event_counter'.
<suppressed ~444 debug messages>
Removed a total of 148 cells.

3.38.4. Executing OPT_DFF pass (perform DFF optimizations).

3.38.5. Executing OPT_CLEAN pass (remove unused cells and wires).
Finding unused cells or wires in module \event_counter..
Removed 0 unused cells and 1037 unused wires.
<suppressed ~1 debug messages>

3.38.6. Rerunning OPT passes. (Removed registers in this run.)

3.38.7. Running ICE40 specific optimizations.

3.38.8. Executing OPT_EXPR pass (perform const folding).
Optimizing module event_counter.

3.38.9. Executing OPT_MERGE pass (detect identical cells).
Finding identical cells in module `\event_counter'.
Computing hashes of 468 cells of `\event_counter'.
Finding duplicate cells in `\event_counter'.
Removed a total of 0 cells.

3.38.10. Executing OPT_DFF pass (perform DFF optimizations).

3.38.11. Executing OPT_CLEAN pass (remove unused cells and wires).
Finding unused cells or wires in module \event_counter..

3.38.12. Finished OPT passes. (There is nothing left to do.)

3.39. Executing TECHMAP pass (map to technology primitives).

3.39.1. Executing Verilog-2005 frontend: C:\OSS-CA~1\OSS-CA~1\bin\../share/yosys/ice40/latches_map.v
Parsing Verilog input from `C:\OSS-CA~1\OSS-CA~1\bin\../share/yosys/ice40/latches_map.v' to AST representation.
Generating RTLIL representation for module `$_DLATCH_N_'.
Generating RTLIL representation for module `$_DLATCH_P_'.
Successfully finished Verilog frontend.

3.39.2. Continuing TECHMAP pass.
No more expansions possible.
<suppressed ~4 debug messages>

3.40. Executing Verilog-2005 frontend: C:\OSS-CA~1\OSS-CA~1\bin\../share/yosys/ice40/abc9_model.v
Parsing Verilog input from `C:\OSS-CA~1\OSS-CA~1\bin\../share/yosys/ice40/abc9_model.v' to AST representation.
Generating RTLIL representation for module `$__ICE40_CARRY_WRAPPER'.
Successfully finished Verilog frontend.

3.41. Executing ABC9 pass.

3.41.1. Executing ABC9_OPS pass (helper functions for ABC9).

3.41.2. Executing ABC9_OPS pass (helper functions for ABC9).

3.41.3. Executing PROC pass (convert processes to netlists).

3.41.3.1. Executing PROC_CLEAN pass (remove empty switches from decision trees).
Cleaned up 0 empty switches.

3.41.3.2. Executing PROC_RMDEAD pass (remove dead branches from decision trees).
Marked 1 switch rules as full_case in process $proc$C:\OSS-CA~1\OSS-CA~1\bin\../share/yosys/ice40/cells_sim.v:662$220 in module SB_DFFER.
Removed a total of 0 dead cases.

3.41.3.3. Executing PROC_PRUNE pass (remove redundant assignments in processes).
Removed 0 redundant assignments.
Promoted 1 assignment to connection.

3.41.3.4. Executing PROC_INIT pass (extract init attributes).
Found init rule in `\SB_DFFER.$proc$C:\OSS-CA~1\OSS-CA~1\bin\../share/yosys/ice40/cells_sim.v:660$223'.
  Set init value: \Q = 1'0

3.41.3.5. Executing PROC_ARST pass (detect async resets in processes).
Found async reset \R in `\SB_DFFER.$proc$C:\OSS-CA~1\OSS-CA~1\bin\../share/yosys/ice40/cells_sim.v:662$220'.

3.41.3.6. Executing PROC_ROM pass (convert switches to ROMs).
Converted 0 switches.
<suppressed ~1 debug messages>

3.41.3.7. Executing PROC_MUX pass (convert decision trees to multiplexers).
Creating decoders for process `\SB_DFFER.$proc$C:\OSS-CA~1\OSS-CA~1\bin\../share/yosys/ice40/cells_sim.v:660$223'.
Creating decoders for process `\SB_DFFER.$proc$C:\OSS-CA~1\OSS-CA~1\bin\../share/yosys/ice40/cells_sim.v:662$220'.
     1/1: $0\Q[0:0]

3.41.3.8. Executing PROC_DLATCH pass (convert process syncs to latches).

3.41.3.9. Executing PROC_DFF pass (convert process syncs to FFs).
Creating register for signal `\SB_DFFER.\Q' using process `\SB_DFFER.$proc$C:\OSS-CA~1\OSS-CA~1\bin\../share/yosys/ice40/cells_sim.v:662$220'.
  created $adff cell `$procdff$2062' with positive edge clock and positive level reset.

3.41.3.10. Executing PROC_MEMWR pass (convert process memory writes to cells).

3.41.3.11. Executing PROC_CLEAN pass (remove empty switches from decision trees).
Removing empty process `SB_DFFER.$proc$C:\OSS-CA~1\OSS-CA~1\bin\../share/yosys/ice40/cells_sim.v:660$223'.
Found and cleaned up 1 empty switch in `\SB_DFFER.$proc$C:\OSS-CA~1\OSS-CA~1\bin\../share/yosys/ice40/cells_sim.v:662$220'.
Removing empty process `SB_DFFER.$proc$C:\OSS-CA~1\OSS-CA~1\bin\../share/yosys/ice40/cells_sim.v:662$220'.
Cleaned up 1 empty switch.

3.41.4. Executing PROC pass (convert processes to netlists).

3.41.4.1. Executing PROC_CLEAN pass (remove empty switches from decision trees).
Cleaned up 0 empty switches.

3.41.4.2. Executing PROC_RMDEAD pass (remove dead branches from decision trees).
Marked 1 switch rules as full_case in process $proc$C:\OSS-CA~1\OSS-CA~1\bin\../share/yosys/ice40/cells_sim.v:406$204 in module SB_DFFR.
Removed a total of 0 dead cases.

3.41.4.3. Executing PROC_PRUNE pass (remove redundant assignments in processes).
Removed 1 redundant assignment.
Promoted 1 assignment to connection.

3.41.4.4. Executing PROC_INIT pass (extract init attributes).
Found init rule in `\SB_DFFR.$proc$C:\OSS-CA~1\OSS-CA~1\bin\../share/yosys/ice40/cells_sim.v:404$206'.
  Set init value: \Q = 1'0

3.41.4.5. Executing PROC_ARST pass (detect async resets in processes).
Found async reset \R in `\SB_DFFR.$proc$C:\OSS-CA~1\OSS-CA~1\bin\../share/yosys/ice40/cells_sim.v:406$204'.

3.41.4.6. Executing PROC_ROM pass (convert switches to ROMs).
Converted 0 switches.

3.41.4.7. Executing PROC_MUX pass (convert decision trees to multiplexers).
Creating decoders for process `\SB_DFFR.$proc$C:\OSS-CA~1\OSS-CA~1\bin\../share/yosys/ice40/cells_sim.v:404$206'.
Creating decoders for process `\SB_DFFR.$proc$C:\OSS-CA~1\OSS-CA~1\bin\../share/yosys/ice40/cells_sim.v:406$204'.
     1/1: $0\Q[0:0]

3.41.4.8. Executing PROC_DLATCH pass (convert process syncs to latches).

3.41.4.9. Executing PROC_DFF pass (convert process syncs to FFs).
Creating register for signal `\SB_DFFR.\Q' using process `\SB_DFFR.$proc$C:\OSS-CA~1\OSS-CA~1\bin\../share/yosys/ice40/cells_sim.v:406$204'.
  created $adff cell `$procdff$2065' with positive edge clock and positive level reset.

3.41.4.10. Executing PROC_MEMWR pass (convert process memory writes to cells).

3.41.4.11. Executing PROC_CLEAN pass (remove empty switches from decision trees).
Removing empty process `SB_DFFR.$proc$C:\OSS-CA~1\OSS-CA~1\bin\../share/yosys/ice40/cells_sim.v:404$206'.
Removing empty process `SB_DFFR.$proc$C:\OSS-CA~1\OSS-CA~1\bin\../share/yosys/ice40/cells_sim.v:406$204'.
Cleaned up 0 empty switches.

3.41.5. Executing SCC pass (detecting logic loops).
Found 0 SCCs in module event_counter.
Found 0 SCCs.

3.41.6. Executing ABC9_OPS pass (helper functions for ABC9).

3.41.7. Executing TECHMAP pass (map to technology primitives).

3.41.7.1. Executing Verilog-2005 frontend: C:\OSS-CA~1\OSS-CA~1\bin\../share/yosys/techmap.v
Parsing Verilog input from `C:\OSS-CA~1\OSS-CA~1\bin\../share/yosys/techmap.v' to AST representation.
Generating RTLIL representation for module `\_90_simplemap_bool_ops'.
Generating RTLIL representation for module `\_90_simplemap_reduce_ops'.
Generating RTLIL representation for module `\_90_simplemap_logic_ops'.
Generating RTLIL representation for module `\_90_simplemap_compare_ops'.
Generating RTLIL representation for module `\_90_simplemap_various'.
Generating RTLIL representation for module `\_90_simplemap_registers'.
Generating RTLIL representation for module `\_90_shift_ops_shr_shl_sshl_sshr'.
Generating RTLIL representation for module `\_90_shift_shiftx'.
Generating RTLIL representation for module `\_90_fa'.
Generating RTLIL representation for module `\_90_lcu_brent_kung'.
Generating RTLIL representation for module `\_90_alu'.
Generating RTLIL representation for module `\_90_macc'.
Generating RTLIL representation for module `\_90_alumacc'.
Generating RTLIL representation for module `$__div_mod_u'.
Generating RTLIL representation for module `$__div_mod_trunc'.
Generating RTLIL representation for module `\_90_div'.
Generating RTLIL representation for module `\_90_mod'.
Generating RTLIL representation for module `$__div_mod_floor'.
Generating RTLIL representation for module `\_90_divfloor'.
Generating RTLIL representation for module `\_90_modfloor'.
Generating RTLIL representation for module `\_90_pow'.
Generating RTLIL representation for module `\_90_pmux'.
Generating RTLIL representation for module `\_90_demux'.
Generating RTLIL representation for module `\_90_lut'.
Generating RTLIL representation for module `$connect'.
Generating RTLIL representation for module `$input_port'.
Successfully finished Verilog frontend.

3.41.7.2. Continuing TECHMAP pass.
No more expansions possible.
<suppressed ~132 debug messages>

3.41.8. Executing OPT pass (performing simple optimizations).

3.41.8.1. Executing OPT_EXPR pass (perform const folding).
Optimizing module SB_DFFER.
Optimizing module SB_DFFR.

3.41.8.2. Executing OPT_MERGE pass (detect identical cells).
Finding identical cells in module `\SB_DFFER'.
Computing hashes of 2 cells of `\SB_DFFER'.
Finding duplicate cells in `\SB_DFFER'.
Finding identical cells in module `\SB_DFFR'.
Computing hashes of 2 cells of `\SB_DFFR'.
Finding duplicate cells in `\SB_DFFR'.
Removed a total of 0 cells.

3.41.8.3. Executing OPT_MUXTREE pass (detect dead branches in mux trees).
Running muxtree optimizer on module \SB_DFFER..
  Creating internal representation of mux trees.
  No muxes found in this module.
Running muxtree optimizer on module \SB_DFFR..
  Creating internal representation of mux trees.
  No muxes found in this module.
Removed 0 multiplexer ports.

3.41.8.4. Executing OPT_REDUCE pass (consolidate $*mux and $reduce_* inputs).
  Optimizing cells in module \SB_DFFER.
  Optimizing cells in module \SB_DFFR.
Performed a total of 0 changes.

3.41.8.5. Executing OPT_MERGE pass (detect identical cells).
Finding identical cells in module `\SB_DFFER'.
Computing hashes of 2 cells of `\SB_DFFER'.
Finding duplicate cells in `\SB_DFFER'.
Finding identical cells in module `\SB_DFFR'.
Computing hashes of 2 cells of `\SB_DFFR'.
Finding duplicate cells in `\SB_DFFR'.
Removed a total of 0 cells.

3.41.8.6. Executing OPT_DFF pass (perform DFF optimizations).

3.41.8.7. Executing OPT_CLEAN pass (remove unused cells and wires).
Finding unused cells or wires in module \SB_DFFER..
Finding unused cells or wires in module \SB_DFFR..

3.41.8.8. Executing OPT_EXPR pass (perform const folding).
Optimizing module SB_DFFER.
Optimizing module SB_DFFR.

3.41.8.9. Finished fast OPT passes. (There is nothing left to do.)

3.41.9. Executing TECHMAP pass (map to technology primitives).

3.41.9.1. Executing Verilog-2005 frontend: C:\OSS-CA~1\OSS-CA~1\bin\../share/yosys/abc9_map.v
Parsing Verilog input from `C:\OSS-CA~1\OSS-CA~1\bin\../share/yosys/abc9_map.v' to AST representation.
Successfully finished Verilog frontend.

3.41.9.2. Continuing TECHMAP pass.
Using template SB_DFFR for cells of type SB_DFFR.
Using template SB_DFFER for cells of type SB_DFFER.
No more expansions possible.
<suppressed ~153 debug messages>

3.41.10. Executing Verilog-2005 frontend: C:\OSS-CA~1\OSS-CA~1\bin\../share/yosys/abc9_model.v
Parsing Verilog input from `C:\OSS-CA~1\OSS-CA~1\bin\../share/yosys/abc9_model.v' to AST representation.
Generating RTLIL representation for module `$__ABC9_DELAY'.
Generating RTLIL representation for module `$__ABC9_SCC_BREAKER'.
Generating RTLIL representation for module `$__DFF_N__$abc9_flop'.
Generating RTLIL representation for module `$__DFF_P__$abc9_flop'.
Successfully finished Verilog frontend.

3.41.11. Executing ABC9_OPS pass (helper functions for ABC9).
<suppressed ~2 debug messages>

3.41.12. Executing ABC9_OPS pass (helper functions for ABC9).

3.41.13. Executing ABC9_OPS pass (helper functions for ABC9).
<suppressed ~2 debug messages>

3.41.14. Executing TECHMAP pass (map to technology primitives).

3.41.14.1. Executing Verilog-2005 frontend: C:\OSS-CA~1\OSS-CA~1\bin\../share/yosys/techmap.v
Parsing Verilog input from `C:\OSS-CA~1\OSS-CA~1\bin\../share/yosys/techmap.v' to AST representation.
Generating RTLIL representation for module `\_90_simplemap_bool_ops'.
Generating RTLIL representation for module `\_90_simplemap_reduce_ops'.
Generating RTLIL representation for module `\_90_simplemap_logic_ops'.
Generating RTLIL representation for module `\_90_simplemap_compare_ops'.
Generating RTLIL representation for module `\_90_simplemap_various'.
Generating RTLIL representation for module `\_90_simplemap_registers'.
Generating RTLIL representation for module `\_90_shift_ops_shr_shl_sshl_sshr'.
Generating RTLIL representation for module `\_90_shift_shiftx'.
Generating RTLIL representation for module `\_90_fa'.
Generating RTLIL representation for module `\_90_lcu_brent_kung'.
Generating RTLIL representation for module `\_90_alu'.
Generating RTLIL representation for module `\_90_macc'.
Generating RTLIL representation for module `\_90_alumacc'.
Generating RTLIL representation for module `$__div_mod_u'.
Generating RTLIL representation for module `$__div_mod_trunc'.
Generating RTLIL representation for module `\_90_div'.
Generating RTLIL representation for module `\_90_mod'.
Generating RTLIL representation for module `$__div_mod_floor'.
Generating RTLIL representation for module `\_90_divfloor'.
Generating RTLIL representation for module `\_90_modfloor'.
Generating RTLIL representation for module `\_90_pow'.
Generating RTLIL representation for module `\_90_pmux'.
Generating RTLIL representation for module `\_90_demux'.
Generating RTLIL representation for module `\_90_lut'.
Generating RTLIL representation for module `$connect'.
Generating RTLIL representation for module `$input_port'.
Successfully finished Verilog frontend.

3.41.14.2. Continuing TECHMAP pass.
Using template $paramod$__ICE40_CARRY_WRAPPER\LUT=16'0110100110010110\I3_IS_CI=1'1 for cells of type $paramod$__ICE40_CARRY_WRAPPER\LUT=16'0110100110010110\I3_IS_CI=1'1.
Using template $paramod\SB_LUT4\LUT_INIT=16'0110100110010110 for cells of type SB_LUT4.
Using template SB_CARRY for cells of type SB_CARRY.
Using extmapper simplemap for cells of type $mux.
Using extmapper simplemap for cells of type $logic_and.
Using extmapper simplemap for cells of type $logic_or.
No more expansions possible.
<suppressed ~151 debug messages>

3.41.15. Executing OPT pass (performing simple optimizations).

3.41.15.1. Executing OPT_EXPR pass (perform const folding).
Optimizing module event_counter.
<suppressed ~4 debug messages>

3.41.15.2. Executing OPT_MERGE pass (detect identical cells).
Finding identical cells in module `\event_counter'.
Computing hashes of 30 cells of `\event_counter'.
Finding duplicate cells in `\event_counter'.
Computing hashes of 20 cells of `\event_counter'.
Finding duplicate cells in `\event_counter'.
Computing hashes of 18 cells of `\event_counter'.
Finding duplicate cells in `\event_counter'.
<suppressed ~29 debug messages>
Removed a total of 12 cells.

3.41.15.3. Executing OPT_MUXTREE pass (detect dead branches in mux trees).
Running muxtree optimizer on module \event_counter..
  Creating internal representation of mux trees.
  No muxes found in this module.
Removed 0 multiplexer ports.

3.41.15.4. Executing OPT_REDUCE pass (consolidate $*mux and $reduce_* inputs).
  Optimizing cells in module \event_counter.
Performed a total of 0 changes.

3.41.15.5. Executing OPT_MERGE pass (detect identical cells).
Finding identical cells in module `\event_counter'.
Computing hashes of 18 cells of `\event_counter'.
Finding duplicate cells in `\event_counter'.
Removed a total of 0 cells.

3.41.15.6. Executing OPT_DFF pass (perform DFF optimizations).

3.41.15.7. Executing OPT_CLEAN pass (remove unused cells and wires).
Finding unused cells or wires in module \event_counter..
Removed 0 unused cells and 24 unused wires.
<suppressed ~1 debug messages>

3.41.15.8. Executing OPT_EXPR pass (perform const folding).
Optimizing module event_counter.

3.41.15.9. Rerunning OPT passes. (Maybe there is more to do..)

3.41.15.10. Executing OPT_MUXTREE pass (detect dead branches in mux trees).
Running muxtree optimizer on module \event_counter..
  Creating internal representation of mux trees.
  No muxes found in this module.
Removed 0 multiplexer ports.

3.41.15.11. Executing OPT_REDUCE pass (consolidate $*mux and $reduce_* inputs).
  Optimizing cells in module \event_counter.
Performed a total of 0 changes.

3.41.15.12. Executing OPT_MERGE pass (detect identical cells).
Finding identical cells in module `\event_counter'.
Computing hashes of 18 cells of `\event_counter'.
Finding duplicate cells in `\event_counter'.
Removed a total of 0 cells.

3.41.15.13. Executing OPT_DFF pass (perform DFF optimizations).

3.41.15.14. Executing OPT_CLEAN pass (remove unused cells and wires).
Finding unused cells or wires in module \event_counter..

3.41.15.15. Executing OPT_EXPR pass (perform const folding).
Optimizing module event_counter.

3.41.15.16. Finished fast OPT passes. (There is nothing left to do.)

3.41.16. Executing AIGMAP pass (map logic to AIG).
Module event_counter: replaced 7 cells with 43 new cells, skipped 11 cells.
  replaced 2 cell types:
       5 $_MUX_
       2 $_OR_
  not replaced 3 cell types:
       2 $_AND_
       1 $_NOT_
       8 $specify2

3.41.17. Executing AIGMAP pass (map logic to AIG).
Module event_counter: replaced 125 cells with 740 new cells, skipped 492 cells.
  replaced 2 cell types:
      80 $_MUX_
      45 $_OR_
  not replaced 7 cell types:
      56 $_AND_
      18 $_NOT_
      21 SB_DFFR
     128 SB_DFFER
      21 SB_DFFR_$abc9_byp
     128 SB_DFFER_$abc9_byp
     120 $paramod$__ICE40_CARRY_WRAPPER\LUT=16'0110100110010110\I3_IS_CI=1'1

3.41.17.1. Executing ABC9_OPS pass (helper functions for ABC9).

3.41.17.2. Executing ABC9_OPS pass (helper functions for ABC9).

3.41.17.3. Executing XAIGER backend.
<suppressed ~160 debug messages>
Extracted 341 AND gates and 1461 wires from module `event_counter' to a netlist network with 159 inputs and 166 outputs.

3.41.17.4. Executing ABC9_EXE pass (technology mapping using ABC9).

3.41.17.5. Executing ABC9.
Running ABC command: "<yosys-exe-dir>/yosys-abc" -s -f <abc-temp-dir>/abc.script 2>&1
ABC: ======== ABC command line "source <abc-temp-dir>/abc.script"
ABC: + read_lut <abc-temp-dir>/input.lut 
ABC: + read_box <abc-temp-dir>/input.box 
ABC: + &read <abc-temp-dir>/input.xaig 
ABC: + &ps 
ABC: <abc-temp-dir>/input : i/o =    159/    166  and =     213  lev =    6 (   0.16)  mem = 0.03 MB  box = 269  bb = 149
ABC: Warning: AIG with boxes has internal fanout in 0 complex flops and 8 carries.
ABC: + &scorr 
ABC: Warning: The network is combinational.
ABC: + &sweep 
ABC: + &dc2 
ABC: + &dch -f -r 
ABC: + &ps 
ABC: <abc-temp-dir>/input : i/o =    159/    166  and =     287  lev =    5 (   0.20)  mem = 0.02 MB  ch =   36  box = 209  bb = 149
ABC: cst =       0  cls =     20  lit =      36  unused =     659  proof =     0
ABC: Warning: AIG with boxes has internal fanout in 0 complex flops and 4 carries.
ABC: + &if -W 250 -v 
ABC: K = 4. Memory (bytes): Truth =    0. Cut =   64. Obj =  144. Set =  672. CutMin = no
ABC: Node =     287.  Ch =    20.  Total mem =    0.23 MB. Peak cut mem =    0.01 MB.
ABC: P:  Del = 3378.00.  Ar =     122.0.  Edge =      328.  Cut =     1260.  T =     0.00 sec
ABC: P:  Del = 3378.00.  Ar =     118.0.  Edge =      324.  Cut =     1260.  T =     0.00 sec
ABC: P:  Del = 3378.00.  Ar =     131.0.  Edge =      357.  Cut =     1260.  T =     0.00 sec
ABC: F:  Del = 3378.00.  Ar =     124.0.  Edge =      352.  Cut =     1264.  T =     0.00 sec
ABC: A:  Del = 3378.00.  Ar =     117.0.  Edge =      313.  Cut =     1262.  T =     0.00 sec
ABC: A:  Del = 3378.00.  Ar =     116.0.  Edge =      304.  Cut =     1264.  T =     0.00 sec
ABC: Total time =     0.00 sec
ABC: + &write -n <abc-temp-dir>/output.aig 
ABC: + &mfs 
ABC: The network is not changed by "&mfs".
ABC: + &ps -l 
ABC: <abc-temp-dir>/input : i/o =    159/    166  and =     266  lev =    5 (   0.20)  mem = 0.02 MB  box = 209  bb = 149
ABC: Mapping (K=4)  :  lut =    116  edge =     304  lev =    2 (0.13)  levB =   17  mem = 0.01 MB
ABC: LUT = 116 : 2=80 69.0 %  3=0 0.0 %  4=36 31.0 %  Ave = 2.62
ABC: Warning: AIG with boxes has internal fanout in 0 complex flops and 4 carries.
ABC: + &write -n <abc-temp-dir>/output.aig 
ABC: + &verify 
ABC: Networks are equivalent.  Time =     0.01 sec
ABC: + time 
ABC: elapse: 0.03 seconds, total: 0.03 seconds

3.41.17.6. Executing AIGER frontend.
<suppressed ~721 debug messages>
Removed 249 unused cells and 1522 unused wires.

3.41.17.7. Executing ABC9_OPS pass (helper functions for ABC9).
ABC RESULTS:              $lut cells:      117
ABC RESULTS:   \SB_DFFR_$abc9_byp cells:       21
ABC RESULTS:   \SB_DFFER_$abc9_byp cells:      128
ABC RESULTS:   $paramod$__ICE40_CARRY_WRAPPER\LUT=16'0110100110010110\I3_IS_CI=1'1 cells:       60
ABC RESULTS:           input signals:      155
ABC RESULTS:          output signals:       16
Removing temp directory.

3.41.18. Executing TECHMAP pass (map to technology primitives).

3.41.18.1. Executing Verilog-2005 frontend: C:\OSS-CA~1\OSS-CA~1\bin\../share/yosys/abc9_unmap.v
Parsing Verilog input from `C:\OSS-CA~1\OSS-CA~1\bin\../share/yosys/abc9_unmap.v' to AST representation.
Generating RTLIL representation for module `$__DFF_x__$abc9_flop'.
Generating RTLIL representation for module `$__ABC9_SCC_BREAKER'.
Successfully finished Verilog frontend.

3.41.18.2. Continuing TECHMAP pass.
Using template SB_DFFER_$abc9_byp for cells of type SB_DFFER_$abc9_byp.
Using template $paramod$__ICE40_CARRY_WRAPPER\LUT=16'0110100110010110\I3_IS_CI=1'1 for cells of type $paramod$__ICE40_CARRY_WRAPPER\LUT=16'0110100110010110\I3_IS_CI=1'1.
Using template SB_DFFR_$abc9_byp for cells of type SB_DFFR_$abc9_byp.
No more expansions possible.
<suppressed ~217 debug messages>

3.42. Executing ICE40_WRAPCARRY pass (wrap carries).

3.43. Executing TECHMAP pass (map to technology primitives).

3.43.1. Executing Verilog-2005 frontend: C:\OSS-CA~1\OSS-CA~1\bin\../share/yosys/ice40/ff_map.v
Parsing Verilog input from `C:\OSS-CA~1\OSS-CA~1\bin\../share/yosys/ice40/ff_map.v' to AST representation.
Generating RTLIL representation for module `$_DFF_N_'.
Generating RTLIL representation for module `$_DFF_P_'.
Generating RTLIL representation for module `$_DFFE_NP_'.
Generating RTLIL representation for module `$_DFFE_PP_'.
Generating RTLIL representation for module `$_DFF_NP0_'.
Generating RTLIL representation for module `$_DFF_NP1_'.
Generating RTLIL representation for module `$_DFF_PP0_'.
Generating RTLIL representation for module `$_DFF_PP1_'.
Generating RTLIL representation for module `$_DFFE_NP0P_'.
Generating RTLIL representation for module `$_DFFE_NP1P_'.
Generating RTLIL representation for module `$_DFFE_PP0P_'.
Generating RTLIL representation for module `$_DFFE_PP1P_'.
Generating RTLIL representation for module `$_SDFF_NP0_'.
Generating RTLIL representation for module `$_SDFF_NP1_'.
Generating RTLIL representation for module `$_SDFF_PP0_'.
Generating RTLIL representation for module `$_SDFF_PP1_'.
Generating RTLIL representation for module `$_SDFFCE_NP0P_'.
Generating RTLIL representation for module `$_SDFFCE_NP1P_'.
Generating RTLIL representation for module `$_SDFFCE_PP0P_'.
Generating RTLIL representation for module `$_SDFFCE_PP1P_'.
Successfully finished Verilog frontend.

3.43.2. Continuing TECHMAP pass.
No more expansions possible.
<suppressed ~22 debug messages>
Removed 20 unused cells and 3258 unused wires.

3.44. Executing OPT_LUT pass (optimize LUTs).
Discovering LUTs.
Number of LUTs:      177
  1-LUT                1
  2-LUT               80
  3-LUT               60
  4-LUT               36
  with \SB_CARRY    (#0)   60
  with \SB_CARRY    (#1)   60

Eliminating LUTs.
Number of LUTs:      177
  1-LUT                1
  2-LUT               80
  3-LUT               60
  4-LUT               36
  with \SB_CARRY    (#0)   60
  with \SB_CARRY    (#1)   60

Combining LUTs.
Number of LUTs:      117
  1-LUT                1
  2-LUT               20
  4-LUT               96
  with \SB_CARRY    (#0)   60
  with \SB_CARRY    (#1)   60

Eliminated 0 LUTs.
Combined 60 LUTs.
<suppressed ~1478 debug messages>

3.45. Executing TECHMAP pass (map to technology primitives).

3.45.1. Executing Verilog-2005 frontend: C:\OSS-CA~1\OSS-CA~1\bin\../share/yosys/ice40/cells_map.v
Parsing Verilog input from `C:\OSS-CA~1\OSS-CA~1\bin\../share/yosys/ice40/cells_map.v' to AST representation.
Generating RTLIL representation for module `$lut'.
Successfully finished Verilog frontend.

3.45.2. Continuing TECHMAP pass.
Using template $paramod$3ea5e1aff67d5158d4abe40f7c4e0ca909124912$lut for cells of type $lut.
Using template $paramod$3538781ccdac1cfa3ad11d05d3d609f1cfa2d6b0$lut for cells of type $lut.
Using template $paramod$abbf8bd3ea1e19ae98169872eb8a8aa046be4dbb$lut for cells of type $lut.
Using template $paramod$059875a5e23111636d511a929a2896c5c925e5c9$lut for cells of type $lut.
Using template $paramod$lut\WIDTH=32'00000000000000000000000000000010\LUT=4'0111 for cells of type $lut.
Using template $paramod$c958b3a888f937f082b94811ff62d71e32a2b4eb$lut for cells of type $lut.
Using template $paramod$00b8dd8b73561ad6988b03b6600fc178778f4822$lut for cells of type $lut.
Using template $paramod$3085bb83c254eeafa7ffb644c70b0e604d4413a6$lut for cells of type $lut.
Using template $paramod$8dd40deea49581a838ff870c116d34036dccb2e5$lut for cells of type $lut.
Using template $paramod$lut\WIDTH=32'00000000000000000000000000000001\LUT=2'01 for cells of type $lut.
Using template $paramod$lut\WIDTH=32'00000000000000000000000000000010\LUT=4'0001 for cells of type $lut.
No more expansions possible.
<suppressed ~263 debug messages>
Removed 0 unused cells and 342 unused wires.

3.46. Executing AUTONAME pass.
Renamed 448 objects in module event_counter (37 iterations).
<suppressed ~448 debug messages>

3.47. Executing HIERARCHY pass (managing design hierarchy).
Attribute `top' found on module `event_counter'. Setting top module to event_counter.

3.47.1. Analyzing design hierarchy..
Top module:  \event_counter

3.47.2. Analyzing design hierarchy..
Top module:  \event_counter
Removed 0 unused modules.

3.48. Printing statistics.

=== event_counter ===

        +----------Local Count, excluding submodules.
        | 
      136 wires
      429 wire bits
      136 public wires
      429 public wire bits
        8 ports
       27 port bits
      326 submodules
       60   SB_CARRY
      128   SB_DFFER
       21   SB_DFFR
      117   SB_LUT4

=== design hierarchy ===

        +----------Count including submodules.
        | 
        - event_counter

        +----------Count including submodules.
        | 
      136 wires
      429 wire bits
      136 public wires
      429 public wire bits
        8 ports
       27 port bits
        - memories
        - memory bits
        - processes
        - cells
      326 submodules
       60   SB_CARRY
      128   SB_DFFER
       21   SB_DFFR
      117   SB_LUT4

3.49. Executing CHECK pass (checking for obvious problems).
Checking module event_counter...
Found and reported 0 problems.

3.50. Executing JSON backend.

4. Printing statistics.

=== event_counter ===

        +----------Local Count, excluding submodules.
        | 
      136 wires
      429 wire bits
      136 public wires
      429 public wire bits
        8 ports
       27 port bits
      326 cells
       60   SB_CARRY
      128   SB_DFFER
       21   SB_DFFR
      117   SB_LUT4

Warnings: 2 unique messages, 2 total
End of script. Logfile hash: e8c66f90ba
Yosys 0.64+68 (git sha1 413169663-dirty, x86_64-w64-mingw32-g++ 13.2.1 -O3)
Time spent: 1% 25x opt_expr (0 sec), 1% 22x opt_clean (0 sec), ...

--- STDERR ---
