
================================================================================
*                         I/O PORTS REPORT
*
* Vivado v2023.2 (64-bit)
* Compiled on: Wed Jan 15 14:32:41 2025
*
* Design: blinky_top
* Device: xc7a35tcpg236-1
*
================================================================================

1. Port Summary
----------------

+----------+---+--------+----------+-----------+
| Port     | I | O      | Diff     | IO Bank   |
+----------+---+--------+----------+-----------+
| clk_in   | 1 | -      | -        | 0         |
| rst_n    | 1 | -      | -        | 1         |
| btn_in   | 2 | -      | -        | 1         |
| led_out  | - | 4      | -        | 0         |
+----------+---+--------+----------+-----------+

Total Inputs:  4
Total Outputs: 4
Total Diff Pairs: 0

2. Detailed I/O Pad Report
---------------------------

Port Name: clk_in
  Assigned Device Pin: E3
  I/O Bank:            0
  I/O Standard:        LVCMOS33
  I/O Pad:             LVCMOS33
  Drive Strength:      -
  Slew Rate:           -
  Pull-up Resistor:    -
  Termination:         -
  Actual I/O Standard: LVCMOS33
  I/O Delay:           Digital

Port Name: rst_n
  Assigned Device Pin: D9
  I/O Bank:            1
  I/O Standard:        LVCMOS33
  I/O Pad:             LVCMOS33
  Drive Strength:      -
  Pull-up Resistor:    TRUE
  I/O Delay:           Digital

Port Name: btn_in[0]
  Assigned Device Pin: C9
  I/O Bank:            1
  I/O Standard:        LVCMOS33
  I/O Pad:             LVCMOS33
  Drive Strength:      -
  Pull-up Resistor:    TRUE
  I/O Delay:           Digital

Port Name: btn_in[1]
  Assigned Device Pin: B9
  I/O Bank:            1
  I/O Standard:        LVCMOS33
  I/O Pad:             LVCMOS33
  Drive Strength:      -
  Pull-up Resistor:    TRUE
  I/O Delay:           Digital

Port Name: led_out[0]
  Assigned Device Pin: H17
  I/O Bank:            0
  I/O Standard:        LVCMOS33
  I/O Pad:             LVCMOS33
  Drive Strength:      12 mA
  Slew Rate:           SLOW
  I/O Delay:           Digital

Port Name: led_out[1]
  Assigned Device Pin: K15
  I/O Bank:            0
  I/O Standard:        LVCMOS33
  I/O Pad:             LVCMOS33
  Drive Strength:      12 mA
  Slew Rate:           SLOW
  I/O Delay:           Digital

Port Name: led_out[2]
  Assigned Device Pin: J13
  I/O Bank:            0
  I/O Standard:        LVCMOS33
  I/O Pad:             LVCMOS33
  Drive Strength:      12 mA
  Slew Rate:           SLOW
  I/O Delay:           Digital

Port Name: led_out[3]
  Assigned Device Pin: G17
  I/O Bank:            0
  I/O Standard:        LVCMOS33
  I/O Pad:             LVCMOS33
  Drive Strength:      12 mA
  Slew Rate:           SLOW
  I/O Delay:           Digital

3. I/O Bank Summary
-------------------

I/O Bank 0:
  I/O Standard(s): LVCMOS33
  Vcco Voltage: 3.3V
  Pins Assigned: 5 (clk_in, led_out[0..3])
  Total Pins:    54
  Utilization:   9.26%

I/O Bank 1:
  I/O Standard(s): LVCMOS33
  Vcco Voltage: 3.3V
  Pins Assigned: 3 (rst_n, btn_in[0..1])
  Total Pins:    52
  Utilization:   5.77%

4. Pin Assignment Statistics
-----------------------------

Total Assigned Pins: 8
Total Available Pins: 236
Pin Utilization: 3.39%

Pins by Standard:
  LVCMOS33: 8 (100%)

Pins by Bank:
  Bank 0: 5 (62.5%)
  Bank 1: 3 (37.5%)

5. Design I/O Conflicts
------------------------

No I/O conflicts detected.

All I/O assignments are valid and conflict-free.

6. I/O Timing Characteristics
------------------------------

Clock Input (clk_in @ E3):
  Input Delay:  0.00 ns (nominal)
  Setup Time:   1.20 ns
  Hold Time:    0.50 ns
  Frequency:    100 MHz

Reset Input (rst_n @ D9):
  Input Delay:  0.00 ns
  Setup Time:   1.50 ns
  Hold Time:    0.75 ns

Button Inputs (btn_in @ C9, B9):
  Input Delay:  0.00 ns
  Setup Time:   2.00 ns
  Hold Time:    1.00 ns

LED Outputs (led_out @ H17, K15, J13, G17):
  Output Delay:   2.10 ns (max)
  Output Enable Time: 2.50 ns (max)
  Edge Rate (SLOW): 4.00 ns (nominal)

End of I/O REPORT
