
================================================================================
*                        UTILIZATION DESIGN INFORMATION
*
* Vivado v2023.2 (64-bit)
* Compiled on: Wed Jan 15 14:32:41 2025
*
* Design: blinky_top
* Device: xc7a35tcpg236-1
*
================================================================================

1. Slice Logic
--------------

+----------------------------+------+-------+-----------+-------+
| Site Type                  | Used | Fixed | Available | Util% |
+----------------------------+------+-------+-----------+-------+
| Slice Registers            |   18 |     0 |     41440 |  0.04 |
|   as Flip Flops            |   18 |     0 |     41440 |  0.04 |
|   as Latches               |    0 |     0 |     41440 |  0.00 |
|   as Distributed RAM       |    0 |     0 |     41440 |  0.00 |
+----------------------------+------+-------+-----------+-------+
| Slice LUTs                 |   23 |     0 |     20720 |  0.11 |
|   as Logic                 |   23 |     0 |     20720 |  0.11 |
|   as Memory                |    0 |     0 |      5180 |  0.00 |
|   as SRL                   |    0 |     0 |      5180 |  0.00 |
+----------------------------+------+-------+-----------+-------+
| LUT as Logic only          |   23 |     0 |     20720 |  0.11 |
| LUT as Memory only         |    0 |     0 |      5180 |  0.00 |
+----------------------------+------+-------+-----------+-------+

2. Slice Logic Distribution
---------------------------

+------------------------------------------+------+-------+-----------+-------+
| Slice                                    | Used | Fixed | Available | Util% |
+------------------------------------------+------+-------+-----------+-------+
| Number of LUT Slices                     |   15 |     0 |     10360 |  0.14 |
| Number of Occupied Slices                |   16 |     0 |     10360 |  0.15 |
| Number of MUXes                          |    2 |     0 |     20720 |  0.01 |
| Number of Shift Registers                |    0 |     0 |      5180 |  0.00 |
+------------------------------------------+------+-------+-----------+-------+

3. Specific Feature Utilization
-------------------------------

+----------------------------+------+-------+-----------+-------+
| Site Type                  | Used | Fixed | Available | Util% |
+----------------------------+------+-------+-----------+-------+
| Block RAM                  |    0 |     0 |        50 |  0.00 |
| FIFO18/FIFO36              |    0 |     0 |        50 |  0.00 |
|   as FIFO18                |    0 |     0 |       100 |  0.00 |
|   as FIFO36                |    0 |     0 |        50 |  0.00 |
+----------------------------+------+-------+-----------+-------+
| RAMB18                     |    0 |     0 |        50 |  0.00 |
| RAMB36                     |    0 |     0 |        50 |  0.00 |
+----------------------------+------+-------+-----------+-------+

4. Primitives
--------------

+----------------------------+------+-------+-----------+-------+
| Primitives                 | Used | Fixed | Available | Util% |
+----------------------------+------+-------+-----------+-------+
| FDRE                       |   18 |     0 |     41440 |  0.04 |
| LUT6                       |   15 |     0 |     20720 |  0.07 |
| LUT5                       |    4 |     0 |     20720 |  0.02 |
| LUT4                       |    2 |     0 |     20720 |  0.01 |
| LUT3                       |    1 |     0 |     20720 |  0.00 |
| LUT2                       |    1 |     0 |     20720 |  0.00 |
| MUXF7                      |    0 |     0 |     10360 |  0.00 |
| CARRY4                     |    1 |     0 |      5180 |  0.02 |
+----------------------------+------+-------+-----------+-------+

5. Route-Through Cells
----------------------

+---+
| 0 |
+---+

6. Clock Buffers
---------------

+----------------------------+------+-------+-----------+-------+
| Clock Buffer               | Used | Fixed | Available | Util% |
+----------------------------+------+-------+-----------+-------+
| BUFGCTRL                   |    1 |     0 |        32 |  3.13 |
| BUFIO                      |    0 |     0 |        16 |  0.00 |
| BUFR                       |    0 |     0 |        16 |  0.00 |
+----------------------------+------+-------+-----------+-------+

7. Bonded I/O
--------------

+----------------------------+------+-------+-----------+-------+
| I/O Type                   | Used | Fixed | Available | Util% |
+----------------------------+------+-------+-----------+-------+
| LVCMOS33                   |    8 |     0 |       106 |  7.55 |
+----------------------------+------+-------+-----------+-------+

8. Placer Report
----------------

Design Summary
~~~~~~~~~~~~~~
Number of Macroinst cells: 0
Number of Slice registers: 18
Number of occupied Slices: 16
Number of MUXes: 2

Slice Logic Distribution Histogram
~~~~~~~~~~~~~~~~~~~~~~~~~~~~~~~~~~~

+--------+------+--------+--------+-------+
| Bin    | Used | Unused | Packed | Count |
+--------+------+--------+--------+-------+
| 1      |    8 |      3 |      4 |     8 |
| 2      |    4 |      2 |      2 |     4 |
| 3      |    2 |      1 |      1 |     2 |
| 4      |    1 |      0 |      1 |     1 |
| 6      |    1 |      0 |      1 |     1 |
| Total  |   16 |      6 |      9 |    16 |
+--------+------+--------+--------+-------+

Slice Logic per slicetype
~~~~~~~~~~~~~~~~~~~~~~~~~
+---+---+----+---+-------+
|Bin|Cnt| X  | Y | Count |
+---+---+----+---+-------+

SLICE_X10Y20 contains 3 LUTs, 2 FDRE
SLICE_X10Y21 contains 2 LUTs, 1 FDRE
SLICE_X11Y21 contains 2 LUTs, 1 CARRY4, 2 FDRE
SLICE_X11Y22 contains 1 LUT, 1 FDRE
SLICE_X11Y23 contains 2 LUTs, 2 FDRE
SLICE_X12Y24 contains 1 LUT, 1 FDRE
SLICE_X12Y25 contains 2 LUTs, 2 FDRE
SLICE_X13Y26 contains 2 LUTs, 2 FDRE
SLICE_X14Y27 contains 2 LUTs, 1 FDRE
SLICE_X15Y27 contains 2 LUTs, 1 FDRE

End of UTILIZATION REPORT
