
--- STDERR ---
Info: constrained 'clk' to bel 'X12/Y31/io1'
Info: constrained 'rst_n' to bel 'X13/Y31/io1'
Info: constrained 'ref_clk' to bel 'X8/Y0/io0'
Info: constrained 'fb_clk' to bel 'X9/Y0/io1'
Info: constrained 'up' to bel 'X19/Y31/io0'
Info: constrained 'down' to bel 'X19/Y31/io1'
Warning: IO 'phase_diff[15]' is unconstrained in PCF and will be automatically placed
Warning: IO 'phase_diff[14]' is unconstrained in PCF and will be automatically placed
Warning: IO 'phase_diff[13]' is unconstrained in PCF and will be automatically placed
Warning: IO 'phase_diff[12]' is unconstrained in PCF and will be automatically placed
Warning: IO 'phase_diff[11]' is unconstrained in PCF and will be automatically placed
Warning: IO 'phase_diff[10]' is unconstrained in PCF and will be automatically placed
Warning: IO 'phase_diff[9]' is unconstrained in PCF and will be automatically placed
Warning: IO 'phase_diff[8]' is unconstrained in PCF and will be automatically placed
Warning: IO 'phase_diff[7]' is unconstrained in PCF and will be automatically placed
Warning: IO 'phase_diff[6]' is unconstrained in PCF and will be automatically placed
Warning: IO 'phase_diff[5]' is unconstrained in PCF and will be automatically placed
Warning: IO 'phase_diff[4]' is unconstrained in PCF and will be automatically placed
Warning: IO 'phase_diff[3]' is unconstrained in PCF and will be automatically placed
Warning: IO 'phase_diff[2]' is unconstrained in PCF and will be automatically placed
Warning: IO 'phase_diff[1]' is unconstrained in PCF and will be automatically placed
Warning: IO 'phase_diff[0]' is unconstrained in PCF and will be automatically placed

Info: Packing constants..
Info: Packing IOs..
Info: Packing LUT-FFs..
Info:       68 LCs used as LUT4 only
Info:       48 LCs used as LUT4 and DFF
Info: Packing non-LUT FFs..
Info:        4 LCs used as DFF only
Info: Packing carries..
Info:        2 LCs used as CARRY only
Info: Packing indirect carry+LUT pairs...
Info:        1 LUTs merged into carry LCs
Info: Packing RAMs..
Info: Placing PLLs..
Info: Packing special functions..
Info: Packing PLLs..
Info: Promoting globals..
Info: promoting clk$SB_IO_IN (fanout 52)
Info: promoting rst_n_SB_LUT4_I3_O [reset] (fanout 52)
Info: promoting fb_clk_SB_LUT4_I2_O_SB_LUT4_I2_2_O [cen] (fanout 16)
Info: promoting fb_clk_SB_LUT4_I2_O_SB_LUT4_I2_1_O [cen] (fanout 16)
Info: promoting phase_diff_SB_DFFER_Q_E [cen] (fanout 16)
Info: Constraining chains...
Info:        3 LCs used to legalise carry chains.
Info: Checksum: 0x8a22bfb3

Info: Device utilisation:
Info: 	         ICESTORM_LC:     126/   5280     2%
Info: 	        ICESTORM_RAM:       0/     30     0%
Info: 	               SB_IO:      22/     39    56%
Info: 	               SB_GB:       5/      8    62%
Info: 	        ICESTORM_PLL:       0/      1     0%
Info: 	         SB_WARMBOOT:       0/      1     0%
Info: 	        ICESTORM_DSP:       0/      8     0%
Info: 	      ICESTORM_HFOSC:       0/      1     0%
Info: 	      ICESTORM_LFOSC:       0/      1     0%
Info: 	              SB_I2C:       0/      2     0%
Info: 	              SB_SPI:       0/      2     0%
Info: 	              IO_I3C:       0/      2     0%
Info: 	         SB_LEDDA_IP:       0/      1     0%
Info: 	         SB_RGBA_DRV:       0/      1     0%
Info: 	      ICESTORM_SPRAM:       0/      4     0%

Info: Placed 6 cells based on constraints.
Info: Creating initial analytic placement for 68 cells, random placement wirelen = 3075.
Info:     at initial placer iter 0, wirelen = 354
Info:     at initial placer iter 1, wirelen = 335
Info:     at initial placer iter 2, wirelen = 335
Info:     at initial placer iter 3, wirelen = 336
Info: Running main analytical placer, max placement attempts per cell = 10000.
Info:     at iteration #1, type ICESTORM_LC: wirelen solved = 335, spread = 667, legal = 687; time = 0.00s
Info:     at iteration #1, type SB_GB: wirelen solved = 667, spread = 680, legal = 721; time = 0.00s
Info:     at iteration #1, type ALL: wirelen solved = 333, spread = 643, legal = 679; time = 0.01s
Info:     at iteration #2, type ICESTORM_LC: wirelen solved = 347, spread = 649, legal = 704; time = 0.00s
Info:     at iteration #2, type SB_GB: wirelen solved = 691, spread = 698, legal = 703; time = 0.00s
Info:     at iteration #2, type ALL: wirelen solved = 327, spread = 631, legal = 721; time = 0.01s
Info:     at iteration #3, type ICESTORM_LC: wirelen solved = 347, spread = 631, legal = 620; time = 0.00s
Info:     at iteration #3, type SB_GB: wirelen solved = 604, spread = 611, legal = 619; time = 0.00s
Info:     at iteration #3, type ALL: wirelen solved = 326, spread = 647, legal = 727; time = 0.01s
Info:     at iteration #4, type ICESTORM_LC: wirelen solved = 339, spread = 684, legal = 719; time = 0.00s
Info:     at iteration #4, type SB_GB: wirelen solved = 703, spread = 709, legal = 719; time = 0.00s
Info:     at iteration #4, type ALL: wirelen solved = 323, spread = 612, legal = 673; time = 0.01s
Info:     at iteration #5, type ICESTORM_LC: wirelen solved = 358, spread = 657, legal = 674; time = 0.00s
Info:     at iteration #5, type SB_GB: wirelen solved = 655, spread = 662, legal = 679; time = 0.00s
Info:     at iteration #5, type ALL: wirelen solved = 368, spread = 624, legal = 679; time = 0.01s
Info:     at iteration #6, type ICESTORM_LC: wirelen solved = 362, spread = 647, legal = 662; time = 0.00s
Info:     at iteration #6, type SB_GB: wirelen solved = 644, spread = 650, legal = 668; time = 0.00s
Info:     at iteration #6, type ALL: wirelen solved = 380, spread = 689, legal = 741; time = 0.01s
Info:     at iteration #7, type ICESTORM_LC: wirelen solved = 374, spread = 707, legal = 720; time = 0.00s
Info:     at iteration #7, type SB_GB: wirelen solved = 698, spread = 704, legal = 720; time = 0.00s
Info:     at iteration #7, type ALL: wirelen solved = 334, spread = 672, legal = 738; time = 0.01s
Info:     at iteration #8, type ICESTORM_LC: wirelen solved = 425, spread = 809, legal = 822; time = 0.00s
Info:     at iteration #8, type SB_GB: wirelen solved = 802, spread = 804, legal = 822; time = 0.00s
Info:     at iteration #8, type ALL: wirelen solved = 384, spread = 645, legal = 715; time = 0.01s
Info:     at iteration #9, type ICESTORM_LC: wirelen solved = 405, spread = 731, legal = 745; time = 0.00s
Info:     at iteration #9, type SB_GB: wirelen solved = 722, spread = 730, legal = 749; time = 0.00s
Info:     at iteration #9, type ALL: wirelen solved = 349, spread = 609, legal = 678; time = 0.01s
Info: HeAP Placer Time: 0.08s
Info:   of which solving equations: 0.02s
Info:   of which spreading cells: 0.00s
Info:   of which strict legalisation: 0.05s

Info: Running simulated annealing placer for refinement.
Info:   at iteration #1: temp = 0.000000, timing cost = 35, wirelen = 673
Info:   at iteration #5: temp = 0.000000, timing cost = 26, wirelen = 582
Info:   at iteration #10: temp = 0.000000, timing cost = 24, wirelen = 568
Info:   at iteration #10: temp = 0.000000, timing cost = 20, wirelen = 573 
Info: SA placement time 0.01s

Info: Max frequency for clock 'clk$SB_IO_IN_$glb_clk': 47.27 MHz (PASS at 12.00 MHz)

Info: Max delay <async>                       -> posedge clk$SB_IO_IN_$glb_clk: 21.90 ns
Info: Max delay posedge clk$SB_IO_IN_$glb_clk -> <async>                      : 7.56 ns

Info: Slack histogram:
Info:  legend: * represents 1 endpoint(s)
Info:          + represents [1,1) endpoint(s)
Info: [ 62176,  63036) |**************** 
Info: [ 63036,  63896) | 
Info: [ 63896,  64756) | 
Info: [ 64756,  65616) | 
Info: [ 65616,  66476) |* 
Info: [ 66476,  67336) |******************** 
Info: [ 67336,  68196) |************ 
Info: [ 68196,  69056) |********************* 
Info: [ 69056,  69916) |******* 
Info: [ 69916,  70776) |******* 
Info: [ 70776,  71636) |********* 
Info: [ 71636,  72496) |*** 
Info: [ 72496,  73356) |* 
Info: [ 73356,  74216) |**** 
Info: [ 74216,  75076) |********* 
Info: [ 75076,  75936) |********************************************** 
Info: [ 75936,  76796) |******** 
Info: [ 76796,  77656) |************ 
Info: [ 77656,  78516) |******** 
Info: [ 78516,  79376) |********* 
Info: Checksum: 0x8dae37dc

Info: Routing..
Info: Setting up routing queue.
Info: Routing 417 arcs.
Info:            |   (re-)routed arcs  |   delta    | remaining|       time spent     |
Info:    IterCnt |  w/ripup   wo/ripup |  w/r  wo/r |      arcs| batch(sec) total(sec)|
Info:        463 |       45        365 |   45   365 |         0|       0.08       0.08|
Info: Routing complete.
Info: Router1 time 0.08s
Info: Checksum: 0x39b3cfc9

Info: Critical path report for clock 'clk$SB_IO_IN_$glb_clk' (posedge -> posedge):
Info:       type curr  total name
Info:   clk-to-q  1.39  1.39 Source fb_clk_SB_LUT4_I2_O_SB_LUT4_I0_8_LC.O
Info:    routing  2.95  4.34 Net fb_clk_SB_LUT4_I2_O_SB_LUT4_I0_8_I2 (7,2) -> (11,1)
Info:                          Sink phase_diff_SB_DFFER_Q_D_SB_LUT4_O_1_I2_SB_LUT4_O_1_I2_SB_LUT4_O_LC.I3
Info:                          Defined in:
Info:                               phase_detector.v:44.53-44.69
Info:                               C:\OSS-CA~1\OSS-CA~1\bin\../share/yosys/ice40/arith_map.v:62.5-70.4
Info:                               C:\OSS-CA~1\OSS-CA~1\bin\../share/yosys/ice40/cells_map.v:6.21-6.22
Info:      logic  0.87  5.22 Source phase_diff_SB_DFFER_Q_D_SB_LUT4_O_1_I2_SB_LUT4_O_1_I2_SB_LUT4_O_LC.O
Info:    routing  1.76  6.98 Net phase_diff_SB_DFFER_Q_D_SB_LUT4_O_1_I2_SB_LUT4_O_1_I2[2] (11,1) -> (10,1)
Info:                          Sink phase_diff_SB_DFFER_Q_D_SB_LUT4_O_1_I2_SB_LUT4_O_1_LC.I2
Info:                          Defined in:
Info:                               phase_detector.v:44.32-44.48
Info:                               C:\OSS-CA~1\OSS-CA~1\bin\../share/yosys/ice40/arith_map.v:62.5-70.4
Info:                               C:\OSS-CA~1\OSS-CA~1\bin\../share/yosys/ice40/cells_map.v:6.21-6.22
Info:      logic  0.61  7.59 Source phase_diff_SB_DFFER_Q_D_SB_LUT4_O_1_I2_SB_LUT4_O_1_LC.COUT
Info:    routing  0.00  7.59 Net phase_diff_SB_DFFER_Q_D_SB_LUT4_O_3_I2_SB_LUT4_O_I2[3] (10,1) -> (10,1)
Info:                          Sink phase_diff_SB_DFFER_Q_D_SB_LUT4_O_3_I2_SB_LUT4_O_LC.CIN
Info:                          Defined in:
Info:                               phase_detector.v:44.32-44.48
Info:                               C:\OSS-CA~1\OSS-CA~1\bin\../share/yosys/ice40/arith_map.v:62.5-70.4
Info:                               C:\OSS-CA~1\OSS-CA~1\bin\../share/yosys/ice40/abc9_model.v:4.9-4.11
Info:      logic  0.28  7.86 Source phase_diff_SB_DFFER_Q_D_SB_LUT4_O_3_I2_SB_LUT4_O_LC.COUT
Info:    routing  0.00  7.86 Net phase_diff_SB_DFFER_Q_D_SB_LUT4_O_5_I2_SB_LUT4_O_I2[3] (10,1) -> (10,1)
Info:                          Sink phase_diff_SB_DFFER_Q_D_SB_LUT4_O_5_I2_SB_LUT4_O_LC.CIN
Info:                          Defined in:
Info:                               phase_detector.v:44.32-44.48
Info:                               C:\OSS-CA~1\OSS-CA~1\bin\../share/yosys/ice40/arith_map.v:62.5-70.4
Info:                               C:\OSS-CA~1\OSS-CA~1\bin\../share/yosys/ice40/abc9_model.v:4.9-4.11
Info:      logic  0.28  8.14 Source phase_diff_SB_DFFER_Q_D_SB_LUT4_O_5_I2_SB_LUT4_O_LC.COUT
Info:    routing  0.00  8.14 Net phase_diff_SB_DFFER_Q_D_SB_LUT4_O_4_I2_SB_LUT4_O_I2[3] (10,1) -> (10,1)
Info:                          Sink phase_diff_SB_DFFER_Q_D_SB_LUT4_O_4_I2_SB_LUT4_O_LC.CIN
Info:                          Defined in:
Info:                               phase_detector.v:44.32-44.48
Info:                               C:\OSS-CA~1\OSS-CA~1\bin\../share/yosys/ice40/arith_map.v:62.5-70.4
Info:                               C:\OSS-CA~1\OSS-CA~1\bin\../share/yosys/ice40/abc9_model.v:4.9-4.11
Info:      logic  0.28  8.42 Source phase_diff_SB_DFFER_Q_D_SB_LUT4_O_4_I2_SB_LUT4_O_LC.COUT
Info:    routing  0.00  8.42 Net phase_diff_SB_DFFER_Q_D_SB_LUT4_O_9_I2_SB_LUT4_O_I2[3] (10,1) -> (10,1)
Info:                          Sink phase_diff_SB_DFFER_Q_D_SB_LUT4_O_9_I2_SB_LUT4_O_LC.CIN
Info:                          Defined in:
Info:                               phase_detector.v:44.32-44.48
Info:                               C:\OSS-CA~1\OSS-CA~1\bin\../share/yosys/ice40/arith_map.v:62.5-70.4
Info:                               C:\OSS-CA~1\OSS-CA~1\bin\../share/yosys/ice40/abc9_model.v:4.9-4.11
Info:      logic  0.28  8.70 Source phase_diff_SB_DFFER_Q_D_SB_LUT4_O_9_I2_SB_LUT4_O_LC.COUT
Info:    routing  0.56  9.25 Net phase_diff_SB_DFFER_Q_D_SB_LUT4_O_10_I2_SB_LUT4_O_1_I2[3] (10,1) -> (10,2)
Info:                          Sink phase_diff_SB_DFFER_Q_D_SB_LUT4_O_10_I2_SB_LUT4_O_1_LC.CIN
Info:                          Defined in:
Info:                               phase_detector.v:44.32-44.48
Info:                               C:\OSS-CA~1\OSS-CA~1\bin\../share/yosys/ice40/arith_map.v:62.5-70.4
Info:                               C:\OSS-CA~1\OSS-CA~1\bin\../share/yosys/ice40/abc9_model.v:4.9-4.11
Info:      logic  0.28  9.53 Source phase_diff_SB_DFFER_Q_D_SB_LUT4_O_10_I2_SB_LUT4_O_1_LC.COUT
Info:    routing  0.00  9.53 Net phase_diff_SB_DFFER_Q_D_SB_LUT4_O_11_I2_SB_LUT4_O_I2[3] (10,2) -> (10,2)
Info:                          Sink phase_diff_SB_DFFER_Q_D_SB_LUT4_O_11_I2_SB_LUT4_O_LC.CIN
Info:                          Defined in:
Info:                               phase_detector.v:44.32-44.48
Info:                               C:\OSS-CA~1\OSS-CA~1\bin\../share/yosys/ice40/arith_map.v:62.5-70.4
Info:                               C:\OSS-CA~1\OSS-CA~1\bin\../share/yosys/ice40/abc9_model.v:4.9-4.11
Info:      logic  0.28  9.81 Source phase_diff_SB_DFFER_Q_D_SB_LUT4_O_11_I2_SB_LUT4_O_LC.COUT
Info:    routing  0.00  9.81 Net phase_diff_SB_DFFER_Q_D_SB_LUT4_O_12_I2_SB_LUT4_O_I2[3] (10,2) -> (10,2)
Info:                          Sink phase_diff_SB_DFFER_Q_D_SB_LUT4_O_12_I2_SB_LUT4_O_LC.CIN
Info:                          Defined in:
Info:                               phase_detector.v:44.32-44.48
Info:                               C:\OSS-CA~1\OSS-CA~1\bin\../share/yosys/ice40/arith_map.v:62.5-70.4
Info:                               C:\OSS-CA~1\OSS-CA~1\bin\../share/yosys/ice40/abc9_model.v:4.9-4.11
Info:      logic  0.28  10.09 Source phase_diff_SB_DFFER_Q_D_SB_LUT4_O_12_I2_SB_LUT4_O_LC.COUT
Info:    routing  0.00  10.09 Net phase_diff_SB_DFFER_Q_D_SB_LUT4_O_13_I2_SB_LUT4_O_I2[3] (10,2) -> (10,2)
Info:                          Sink phase_diff_SB_DFFER_Q_D_SB_LUT4_O_13_I2_SB_LUT4_O_LC.CIN
Info:                          Defined in:
Info:                               phase_detector.v:44.32-44.48
Info:                               C:\OSS-CA~1\OSS-CA~1\bin\../share/yosys/ice40/arith_map.v:62.5-70.4
Info:                               C:\OSS-CA~1\OSS-CA~1\bin\../share/yosys/ice40/abc9_model.v:4.9-4.11
Info:      logic  0.28  10.37 Source phase_diff_SB_DFFER_Q_D_SB_LUT4_O_13_I2_SB_LUT4_O_LC.COUT
Info:    routing  0.00  10.37 Net phase_diff_SB_DFFER_Q_D_SB_LUT4_O_7_I2_SB_LUT4_O_1_I2[3] (10,2) -> (10,2)
Info:                          Sink phase_diff_SB_DFFER_Q_D_SB_LUT4_O_7_I2_SB_LUT4_O_1_LC.CIN
Info:                          Defined in:
Info:                               phase_detector.v:44.32-44.48
Info:                               C:\OSS-CA~1\OSS-CA~1\bin\../share/yosys/ice40/arith_map.v:62.5-70.4
Info:                               C:\OSS-CA~1\OSS-CA~1\bin\../share/yosys/ice40/abc9_model.v:4.9-4.11
Info:      logic  0.28  10.64 Source phase_diff_SB_DFFER_Q_D_SB_LUT4_O_7_I2_SB_LUT4_O_1_LC.COUT
Info:    routing  0.00  10.64 Net phase_diff_SB_DFFER_Q_D_SB_LUT4_O_8_I2_SB_LUT4_O_1_I2[3] (10,2) -> (10,2)
Info:                          Sink phase_diff_SB_DFFER_Q_D_SB_LUT4_O_8_I2_SB_LUT4_O_1_LC.CIN
Info:                          Defined in:
Info:                               phase_detector.v:44.32-44.48
Info:                               C:\OSS-CA~1\OSS-CA~1\bin\../share/yosys/ice40/arith_map.v:62.5-70.4
Info:                               C:\OSS-CA~1\OSS-CA~1\bin\../share/yosys/ice40/abc9_model.v:4.9-4.11
Info:      logic  0.28  10.92 Source phase_diff_SB_DFFER_Q_D_SB_LUT4_O_8_I2_SB_LUT4_O_1_LC.COUT
Info:    routing  0.00  10.92 Net phase_diff_SB_DFFER_Q_D_SB_LUT4_O_6_I2_SB_LUT4_O_1_I2[3] (10,2) -> (10,2)
Info:                          Sink phase_diff_SB_DFFER_Q_D_SB_LUT4_O_6_I2_SB_LUT4_O_1_LC.CIN
Info:                          Defined in:
Info:                               phase_detector.v:44.32-44.48
Info:                               C:\OSS-CA~1\OSS-CA~1\bin\../share/yosys/ice40/arith_map.v:62.5-70.4
Info:                               C:\OSS-CA~1\OSS-CA~1\bin\../share/yosys/ice40/abc9_model.v:4.9-4.11
Info:      logic  0.28  11.20 Source phase_diff_SB_DFFER_Q_D_SB_LUT4_O_6_I2_SB_LUT4_O_1_LC.COUT
Info:    routing  0.00  11.20 Net fb_clk_SB_LUT4_I2_O_SB_LUT4_I0_1_I2_SB_LUT4_I3_O[3] (10,2) -> (10,2)
Info:                          Sink phase_diff_SB_DFFER_Q_D_SB_LUT4_O_I2_SB_LUT4_O_LC.CIN
Info:                          Defined in:
Info:                               phase_detector.v:44.32-44.48
Info:                               C:\OSS-CA~1\OSS-CA~1\bin\../share/yosys/ice40/arith_map.v:62.5-70.4
Info:                               C:\OSS-CA~1\OSS-CA~1\bin\../share/yosys/ice40/abc9_model.v:4.9-4.11
Info:      logic  0.28  11.48 Source phase_diff_SB_DFFER_Q_D_SB_LUT4_O_I2_SB_LUT4_O_LC.COUT
Info:    routing  1.22  12.70 Net $nextpnr_ICESTORM_LC_1$I3 (10,2) -> (10,3)
Info:                          Sink $nextpnr_ICESTORM_LC_1.I3
Info:      logic  0.87  13.57 Source $nextpnr_ICESTORM_LC_1.O
Info:    routing  2.95  16.52 Net phase_diff_SB_DFFER_Q_D_SB_LUT4_O_10_I2[2] (10,3) -> (8,1)
Info:                          Sink phase_diff_SB_DFFER_Q_D_SB_LUT4_O_1_LC.I3
Info:                          Defined in:
Info:                               phase_detector.v:44.32-44.48
Info:                               C:\OSS-CA~1\OSS-CA~1\bin\../share/yosys/ice40/arith_map.v:62.5-70.4
Info:                               C:\OSS-CA~1\OSS-CA~1\bin\../share/yosys/ice40/abc9_model.v:4.9-4.11
Info:      setup  0.82  17.35 Source phase_diff_SB_DFFER_Q_D_SB_LUT4_O_1_LC.I3
Info: 7.91 ns logic, 9.44 ns routing

Info: Critical path report for cross-domain path '<async>' -> 'posedge clk$SB_IO_IN_$glb_clk':
Info:       type curr  total name
Info:     source  0.00  0.00 Source ref_clk$sb_io.D_IN_0
Info:    routing  3.60  3.60 Net ref_clk$SB_IO_IN (8,0) -> (9,6)
Info:                          Sink ref_clk_SB_LUT4_I2_LC.I2
Info:                          Defined in:
Info:                               C:\OSS-CA~1\OSS-CA~1\bin\../share/yosys/ice40/cells_map.v:6.21-6.22
Info:      logic  1.21  4.80 Source ref_clk_SB_LUT4_I2_LC.O
Info:    routing  1.76  6.57 Net ref_clk_SB_LUT4_I2_O (9,6) -> (10,5)
Info:                          Sink fb_clk_SB_LUT4_I2_O_SB_LUT4_I2_2_LC.I3
Info:                          Defined in:
Info:                               phase_detector.v:26.5-58.8
Info:                               C:\OSS-CA~1\OSS-CA~1\bin\../share/yosys/ice40/ff_map.v:14.63-14.116
Info:                               C:\OSS-CA~1\OSS-CA~1\bin\../share/yosys/ice40/cells_sim.v:656.8-656.9
Info:      logic  0.87  7.44 Source fb_clk_SB_LUT4_I2_O_SB_LUT4_I2_2_LC.O
Info:    routing  6.38  13.82 Net fb_clk_SB_LUT4_I2_O_SB_LUT4_I2_2_O (10,5) -> (13,31)
Info:                          Sink $gbuf_fb_clk_SB_LUT4_I2_O_SB_LUT4_I2_2_O_$glb_ce.USER_SIGNAL_TO_GLOBAL_BUFFER
Info:                          Defined in:
Info:                               phase_detector.v:26.5-58.8
Info:                               C:\OSS-CA~1\OSS-CA~1\bin\../share/yosys/ice40/ff_map.v:14.63-14.116
Info:                               C:\OSS-CA~1\OSS-CA~1\bin\../share/yosys/ice40/cells_sim.v:656.8-656.9
Info:      logic  1.59  15.40 Source $gbuf_fb_clk_SB_LUT4_I2_O_SB_LUT4_I2_2_O_$glb_ce.GLOBAL_BUFFER_OUTPUT
Info:    routing  0.70  16.11 Net fb_clk_SB_LUT4_I2_O_SB_LUT4_I2_2_O_$glb_ce (13,31) -> (7,3)
Info:                          Sink fb_clk_SB_LUT4_I2_O_SB_LUT4_I0_LC.CEN
Info:      setup  0.10  16.21 Source fb_clk_SB_LUT4_I2_O_SB_LUT4_I0_LC.CEN
Info: 3.77 ns logic, 12.44 ns routing

Info: Critical path report for cross-domain path 'posedge clk$SB_IO_IN_$glb_clk' -> '<async>':
Info:       type curr  total name
Info:   clk-to-q  1.39  1.39 Source up_SB_DFFER_Q_DFFLC.O
Info:    routing  6.74  8.12 Net up$SB_IO_OUT (11,8) -> (19,31)
Info:                          Sink up$sb_io.D_OUT_0
Info:                          Defined in:
Info:                               phase_detector.v:16.9-16.13
Info: 1.39 ns logic, 6.74 ns routing

Info: Max frequency for clock 'clk$SB_IO_IN_$glb_clk': 57.65 MHz (PASS at 12.00 MHz)

Info: Max delay <async>                       -> posedge clk$SB_IO_IN_$glb_clk: 16.21 ns
Info: Max delay posedge clk$SB_IO_IN_$glb_clk -> <async>                      : 8.12 ns

Info: Slack histogram:
Info:  legend: * represents 1 endpoint(s)
Info:          + represents [1,1) endpoint(s)
Info: [ 65987,  66656) |***** 
Info: [ 66656,  67325) |********* 
Info: [ 67325,  67994) |******************** 
Info: [ 67994,  68663) |***** 
Info: [ 68663,  69332) |***** 
Info: [ 69332,  70001) |*********************** 
Info: [ 70001,  70670) |*** 
Info: [ 70670,  71339) |********************** 
Info: [ 71339,  72008) |*** 
Info: [ 72008,  72677) |*** 
Info: [ 72677,  73346) |***** 
Info: [ 73346,  74015) |***** 
Info: [ 74015,  74684) |********* 
Info: [ 74684,  75353) |************************************* 
Info: [ 75353,  76022) |********* 
Info: [ 76022,  76691) |********* 
Info: [ 76691,  77360) |******** 
Info: [ 77360,  78029) |**** 
Info: [ 78029,  78698) |*** 
Info: [ 78698,  79367) |****** 
16 warnings, 0 errors

Info: Program finished normally.
