Info: *******************************************************************
Info: Running Quartus Prime Shell
    Info: Version 25.3.0 Build 109 09/24/2025 SC Pro Edition
    Info: Copyright (C) 2025  Altera Corporation. All rights reserved.
    Info: Your use of Altera Corporation's design tools, logic functions 
    Info: and other software and tools, and any partner logic 
    Info: functions, and any output files from any of the foregoing 
    Info: (including device programming or simulation files), and any 
    Info: associated documentation or information are expressly subject 
    Info: to the terms and conditions of the Altera Program License 
    Info: Subscription Agreement, the Altera Quartus Prime License Agreement,
    Info: the Altera IP License Agreement, or other applicable license
    Info: agreement, including, without limitation, that your use is for
    Info: the sole purpose of programming logic devices manufactured by
    Info: Altera and sold by Altera or its authorized distributors.  Please
    Info: refer to the Altera Software License Subscription Agreements 
    Info: on the Quartus Prime software download page.
    Info: Processing started: Fri Apr 24 13:21:14 2026
    Info: System process ID: 28716
Info: Command: quartus_sh -t run_flow.tcl
Info: *******************************************************************
Info: Running Quartus Prime Synthesis
    Info: Version 25.3.0 Build 109 09/24/2025 SC Pro Edition
    Info: Processing started: Fri Apr 24 13:21:15 2026
    Info: System process ID: 28652
Info: Command: quartus_syn --read_settings_files=on --write_settings_files=off pcie_endpoint -c pcie_endpoint --dni
Info: qis_default_flow_script.tcl version: #2
Info: Initializing Synthesis...
Info: Project = "pcie_endpoint"
Info: Revision = "pcie_endpoint"
Info (21958): Initialized Quartus Message Database
Info: Analyzing source files
Info: Elaborating from top-level entity "pcie_top"
Warning (13469): Verilog HDL assignment warning at tlp_handler.sv(79): truncated value with size 11 to match size of target (10) File: C:/Users/tcove/OneDrive/Desktop/Projects/CovertEDA-Examples/quartus/pcie_endpoint/.build/tlp_handler.sv Line: 79
Warning (24541): Verilog HDL warning at pcie_top.sv(82): actual bit length 16 differs from formal bit length 64 for port "tlp_address" File: C:/Users/tcove/OneDrive/Desktop/Projects/CovertEDA-Examples/quartus/pcie_endpoint/.build/pcie_top.sv Line: 82
Warning (16788): Net "tlp_data[63]" does not have a driver at pcie_top.sv(33) File: C:/Users/tcove/OneDrive/Desktop/Projects/CovertEDA-Examples/quartus/pcie_endpoint/.build/pcie_top.sv Line: 33
Warning (16788): Net "tlp_be[7]" does not have a driver at pcie_top.sv(34) File: C:/Users/tcove/OneDrive/Desktop/Projects/CovertEDA-Examples/quartus/pcie_endpoint/.build/pcie_top.sv Line: 34
Warning (16788): Net "tlp_valid" does not have a driver at pcie_top.sv(35) File: C:/Users/tcove/OneDrive/Desktop/Projects/CovertEDA-Examples/quartus/pcie_endpoint/.build/pcie_top.sv Line: 35
Warning (16788): Net "bar_address[15]" does not have a driver at pcie_top.sv(39) File: C:/Users/tcove/OneDrive/Desktop/Projects/CovertEDA-Examples/quartus/pcie_endpoint/.build/pcie_top.sv Line: 39
Info: Found 4 design entities
Info: There are 4 partitions after elaboration.
Info: DA report generation in native DNI mode
Info (21615): Running Design Assistant Rules for snapshot 'partitioned'
Info: No waiver waived any violations
Info (22360): Design Assistant Results: 3 of 3 enabled rules passed, and 0 rules was disabled, in snapshot 'partitioned'
Info (21622): Design Assistant Results: 0 of 3 Low severity rules issued violations in snapshot 'partitioned'
Warning (23762): Hierarchies were optimized away during sweep. For details, refer to " Hierarchies Optimized Away During Sweep " report.
Info: Synthesizing partition "root_partition"
Warning (13024): Output pins are stuck at VCC or GND
    Warning (13410): Pin "app_byte_en_out[0..7]" is stuck at GND File: C:/Users/tcove/OneDrive/Desktop/Projects/CovertEDA-Examples/quartus/pcie_endpoint/.build/pcie_top.sv Line: 19
    Warning (13410): Pin "app_data_out[0..63]" is stuck at GND File: C:/Users/tcove/OneDrive/Desktop/Projects/CovertEDA-Examples/quartus/pcie_endpoint/.build/pcie_top.sv Line: 18
    Warning (13410): Pin "app_ready" is stuck at VCC File: C:/Users/tcove/OneDrive/Desktop/Projects/CovertEDA-Examples/quartus/pcie_endpoint/.build/pcie_top.sv Line: 16
    Warning (13410): Pin "app_valid_out" is stuck at GND File: C:/Users/tcove/OneDrive/Desktop/Projects/CovertEDA-Examples/quartus/pcie_endpoint/.build/pcie_top.sv Line: 20
    Warning (13410): Pin "link_speed[0,2..7]" is stuck at GND File: C:/Users/tcove/OneDrive/Desktop/Projects/CovertEDA-Examples/quartus/pcie_endpoint/.build/pcie_top.sv Line: 27
    Warning (13410): Pin "link_speed[1]" is stuck at VCC File: C:/Users/tcove/OneDrive/Desktop/Projects/CovertEDA-Examples/quartus/pcie_endpoint/.build/pcie_top.sv Line: 27
    Warning (13410): Pin "pcie_link_up" is stuck at VCC File: C:/Users/tcove/OneDrive/Desktop/Projects/CovertEDA-Examples/quartus/pcie_endpoint/.build/pcie_top.sv Line: 26
    Warning (13410): Pin "pcie_tx[0..3]" is stuck at GND File: C:/Users/tcove/OneDrive/Desktop/Projects/CovertEDA-Examples/quartus/pcie_endpoint/.build/pcie_top.sv Line: 10
Info (17049): 5 registers lost all their fanouts during netlist optimizations.
Info (21057): Implemented 193 device resources after synthesis - the final resource count might be different
    Info (21058): Implemented 104 input pins
    Info (21059): Implemented 87 output pins
    Info (21061): Implemented 2 logic cells
Info: Successfully synthesized partition
Info: Saving post-synthesis snapshots for 1 partition(s)
Info: Quartus Prime Synthesis was successful. 0 errors, 9 warnings
    Info: Peak virtual memory: 802 megabytes
    Info: Processing ended: Fri Apr 24 13:21:24 2026
    Info: Elapsed time: 00:00:09
    Info: System process ID: 28652
Info (23030): Evaluation of Tcl script run_flow.tcl was successful
Info: Quartus Prime Shell was successful. 0 errors, 16 warnings
    Info: Peak virtual memory: 451 megabytes
    Info: Processing ended: Fri Apr 24 13:21:25 2026
    Info: Elapsed time: 00:00:11
    Info: System process ID: 28716

--- STDERR ---
