
--- STDERR ---
Warning: No PCF file specified; IO pins will be placed automatically

Info: Packing constants..
Info: Packing IOs..
Info: Packing LUT-FFs..
Info:        9 LCs used as LUT4 only
Info:       22 LCs used as LUT4 and DFF
Info: Packing non-LUT FFs..
Info:        0 LCs used as DFF only
Info: Packing carries..
Info:        1 LCs used as CARRY only
Info: Packing indirect carry+LUT pairs...
Info:        0 LUTs merged into carry LCs
Info: Packing RAMs..
Info: Placing PLLs..
Info: Packing special functions..
Info: Packing PLLs..
Info: Promoting globals..
Info: promoting rst_n_SB_LUT4_I3_O [reset] (fanout 22)
Info: promoting baud_clk (fanout 14)
Info: promoting clk$SB_IO_IN (fanout 8)
Info: Constraining chains...
Info:        2 LCs used to legalise carry chains.
Info: Checksum: 0x456a1942

Info: Device utilisation:
Info: 	         ICESTORM_LC:      36/   5280     0%
Info: 	        ICESTORM_RAM:       0/     30     0%
Info: 	               SB_IO:      13/     39    33%
Info: 	               SB_GB:       3/      8    37%
Info: 	        ICESTORM_PLL:       0/      1     0%
Info: 	         SB_WARMBOOT:       0/      1     0%
Info: 	        ICESTORM_DSP:       0/      8     0%
Info: 	      ICESTORM_HFOSC:       0/      1     0%
Info: 	      ICESTORM_LFOSC:       0/      1     0%
Info: 	              SB_I2C:       0/      2     0%
Info: 	              SB_SPI:       0/      2     0%
Info: 	              IO_I3C:       0/      2     0%
Info: 	         SB_LEDDA_IP:       0/      1     0%
Info: 	         SB_RGBA_DRV:       0/      1     0%
Info: 	      ICESTORM_SPRAM:       0/      4     0%

Info: Placed 0 cells based on constraints.
Info: Creating initial analytic placement for 28 cells, random placement wirelen = 878.
Info:     at initial placer iter 0, wirelen = 220
Info:     at initial placer iter 1, wirelen = 211
Info:     at initial placer iter 2, wirelen = 215
Info:     at initial placer iter 3, wirelen = 204
Info: Running main analytical placer, max placement attempts per cell = 10000.
Info:     at iteration #1, type ICESTORM_LC: wirelen solved = 208, spread = 235, legal = 240; time = 0.00s
Info:     at iteration #1, type SB_GB: wirelen solved = 238, spread = 242, legal = 258; time = 0.00s
Info:     at iteration #1, type ALL: wirelen solved = 207, spread = 234, legal = 262; time = 0.00s
Info:     at iteration #2, type ICESTORM_LC: wirelen solved = 223, spread = 262, legal = 262; time = 0.00s
Info:     at iteration #2, type SB_GB: wirelen solved = 255, spread = 255, legal = 262; time = 0.00s
Info:     at iteration #2, type ALL: wirelen solved = 214, spread = 241, legal = 262; time = 0.00s
Info: HeAP Placer Time: 0.00s
Info:   of which solving equations: 0.00s
Info:   of which spreading cells: 0.00s
Info:   of which strict legalisation: 0.00s

Info: Running simulated annealing placer for refinement.
Info:   at iteration #1: temp = 0.000000, timing cost = 36, wirelen = 262
Info:   at iteration #5: temp = 0.000000, timing cost = 31, wirelen = 216
Info:   at iteration #10: temp = 0.000000, timing cost = 31, wirelen = 212
Info:   at iteration #10: temp = 0.000000, timing cost = 31, wirelen = 212 
Info: SA placement time 0.01s

Info: Max frequency for clock 'clk$SB_IO_IN_$glb_clk': 99.35 MHz (PASS at 12.00 MHz)
Info: Max frequency for clock     'baud_clk_$glb_clk': 132.22 MHz (PASS at 12.00 MHz)

Info: Max delay <async>                   -> posedge baud_clk_$glb_clk    : 9.88 ns
Info: Max delay <async>                   -> posedge clk$SB_IO_IN_$glb_clk: 10.80 ns
Info: Max delay posedge baud_clk_$glb_clk -> <async>                      : 8.22 ns

Info: Slack histogram:
Info:  legend: * represents 1 endpoint(s)
Info:          + represents [1,1) endpoint(s)
Info: [ 73268,  73607) |*** 
Info: [ 73607,  73946) | 
Info: [ 73946,  74285) | 
Info: [ 74285,  74624) |* 
Info: [ 74624,  74963) | 
Info: [ 74963,  75302) | 
Info: [ 75302,  75641) | 
Info: [ 75641,  75980) |* 
Info: [ 75980,  76319) |** 
Info: [ 76319,  76658) |* 
Info: [ 76658,  76997) | 
Info: [ 76997,  77336) |**** 
Info: [ 77336,  77675) |********** 
Info: [ 77675,  78014) |*** 
Info: [ 78014,  78353) |**** 
Info: [ 78353,  78692) |*** 
Info: [ 78692,  79031) |************ 
Info: [ 79031,  79370) |********* 
Info: [ 79370,  79709) |***** 
Info: [ 79709,  80048) |* 
Info: Checksum: 0x4c36d889

Info: Routing..
Info: Setting up routing queue.
Info: Routing 128 arcs.
Info:            |   (re-)routed arcs  |   delta    | remaining|       time spent     |
Info:    IterCnt |  w/ripup   wo/ripup |  w/r  wo/r |      arcs| batch(sec) total(sec)|
Info:        129 |        1        121 |    1   121 |         0|       0.03       0.03|
Info: Routing complete.
Info: Router1 time 0.03s
Info: Checksum: 0x5a6de9db

Info: Critical path report for clock 'clk$SB_IO_IN_$glb_clk' (posedge -> posedge):
Info:       type curr  total name
Info:   clk-to-q  1.39  1.39 Source clk_SB_DFFR_C_Q_SB_LUT4_I2_O_SB_LUT4_O_LC.O
Info:    routing  1.76  3.15 Net clk_SB_DFFR_C_3_Q[2] (11,8) -> (11,7)
Info:                          Sink clk_SB_DFFR_C_2_Q_SB_LUT4_O_LC.I0
Info:                          Defined in:
Info:                               C:\OSS-CA~1\OSS-CA~1\bin\../share/yosys/ice40/cells_map.v:6.21-6.22
Info:      logic  1.28  4.43 Source clk_SB_DFFR_C_2_Q_SB_LUT4_O_LC.O
Info:    routing  1.76  6.20 Net clk_SB_DFFR_C_2_Q[3] (11,7) -> (11,7)
Info:                          Sink baud_inst.baud_clk_SB_DFFER_Q_E_SB_LUT4_O_LC.I3
Info:                          Defined in:
Info:                               C:\OSS-CA~1\OSS-CA~1\bin\../share/yosys/ice40/cells_map.v:6.21-6.22
Info:      logic  0.87  7.07 Source baud_inst.baud_clk_SB_DFFER_Q_E_SB_LUT4_O_LC.O
Info:    routing  1.76  8.83 Net baud_inst.baud_clk_SB_DFFER_Q_E[0] (11,7) -> (11,8)
Info:                          Sink clk_SB_DFFR_C_Q_SB_LUT4_I2_O_SB_LUT4_O_1_LC.I0
Info:                          Defined in:
Info:                               baud_gen.v:21.30-21.46
Info:                               C:\OSS-CA~1\OSS-CA~1\bin\../share/yosys/ice40/arith_map.v:62.5-70.4
Info:                               C:\OSS-CA~1\OSS-CA~1\bin\../share/yosys/ice40/cells_map.v:6.21-6.22
Info:      setup  1.23  10.06 Source clk_SB_DFFR_C_Q_SB_LUT4_I2_O_SB_LUT4_O_1_LC.I0
Info: 4.78 ns logic, 5.28 ns routing

Info: Critical path report for clock 'baud_clk_$glb_clk' (posedge -> posedge):
Info:       type curr  total name
Info:   clk-to-q  1.39  1.39 Source valid_SB_LUT4_I1_1_LC.O
Info:    routing  1.76  3.15 Net baud_inst.baud_clk_SB_DFFER_C_2_Q[3] (9,1) -> (9,1)
Info:                          Sink $nextpnr_ICESTORM_LC_0.I1
Info:                          Defined in:
Info:                               uart_tx.v:31.26-31.42
Info:                               C:\OSS-CA~1\OSS-CA~1\bin\../share/yosys/ice40/arith_map.v:62.5-70.4
Info:                               C:\OSS-CA~1\OSS-CA~1\bin\../share/yosys/ice40/abc9_model.v:8.8-8.10
Info:      logic  0.68  3.83 Source $nextpnr_ICESTORM_LC_0.COUT
Info:    routing  0.00  3.83 Net $nextpnr_ICESTORM_LC_0$O (9,1) -> (9,1)
Info:                          Sink baud_inst.baud_clk_SB_DFFER_C_2_Q_SB_CARRY_I1$CARRY.CIN
Info:      logic  0.28  4.10 Source baud_inst.baud_clk_SB_DFFER_C_2_Q_SB_CARRY_I1$CARRY.COUT
Info:    routing  0.66  4.77 Net valid_SB_LUT4_I1_I3_SB_LUT4_O_I3 (9,1) -> (9,1)
Info:                          Sink valid_SB_LUT4_I1_I3_SB_LUT4_O_LC.I3
Info:                          Defined in:
Info:                               uart_tx.v:31.26-31.42
Info:                               C:\OSS-CA~1\OSS-CA~1\bin\../share/yosys/ice40/arith_map.v:62.5-70.4
Info:                               C:\OSS-CA~1\OSS-CA~1\bin\../share/yosys/ice40/abc9_model.v:4.9-4.11
Info:      logic  0.87  5.64 Source valid_SB_LUT4_I1_I3_SB_LUT4_O_LC.O
Info:    routing  1.76  7.40 Net valid_SB_LUT4_I1_I3[2] (9,1) -> (9,1)
Info:                          Sink valid_SB_LUT4_I1_LC.I3
Info:                          Defined in:
Info:                               C:\OSS-CA~1\OSS-CA~1\bin\../share/yosys/ice40/cells_map.v:6.21-6.22
Info:      setup  0.82  8.23 Source valid_SB_LUT4_I1_LC.I3
Info: 4.04 ns logic, 4.18 ns routing

Info: Critical path report for cross-domain path '<async>' -> 'posedge baud_clk_$glb_clk':
Info:       type curr  total name
Info:     source  0.00  0.00 Source data_in[6]$sb_io.D_IN_0
Info:    routing  7.49  7.49 Net data_in[6]$SB_IO_IN (13,31) -> (11,2)
Info:                          Sink data_in_SB_LUT4_I1_6_LC.I1
Info:                          Defined in:
Info:                               uart_tx.v:7.18-7.22
Info:      setup  1.18  8.67 Source data_in_SB_LUT4_I1_6_LC.I1
Info: 1.18 ns logic, 7.49 ns routing

Info: Critical path report for cross-domain path '<async>' -> 'posedge clk$SB_IO_IN_$glb_clk':
Info:       type curr  total name
Info:     source  0.00  0.00 Source rst_n$sb_io.D_IN_0
Info:    routing  3.15  3.15 Net rst_n$SB_IO_IN (15,0) -> (13,1)
Info:                          Sink rst_n_SB_LUT4_I3_LC.I3
Info:                          Defined in:
Info:                               uart_tx.v:5.12-5.17
Info:      logic  0.87  4.02 Source rst_n_SB_LUT4_I3_LC.O
Info:    routing  1.10  5.12 Net rst_n_SB_LUT4_I3_O (13,1) -> (13,0)
Info:                          Sink $gbuf_rst_n_SB_LUT4_I3_O_$glb_sr.USER_SIGNAL_TO_GLOBAL_BUFFER
Info:      logic  1.59  6.71 Source $gbuf_rst_n_SB_LUT4_I3_O_$glb_sr.GLOBAL_BUFFER_OUTPUT
Info:    routing  0.63  7.35 Net rst_n_SB_LUT4_I3_O_$glb_sr (13,0) -> (12,7)
Info:                          Sink baud_inst.baud_clk_SB_DFFER_Q_D_SB_LUT4_O_LC.SR
Info:      setup  0.10  7.45 Source baud_inst.baud_clk_SB_DFFER_Q_D_SB_LUT4_O_LC.SR
Info: 2.56 ns logic, 4.88 ns routing

Info: Critical path report for cross-domain path 'posedge baud_clk_$glb_clk' -> '<async>':
Info:       type curr  total name
Info:   clk-to-q  1.39  1.39 Source valid_SB_LUT4_I1_2_LC.O
Info:    routing  2.95  4.34 Net data_in_SB_LUT4_I1_1_I2[3] (10,2) -> (12,1)
Info:                          Sink ready_SB_LUT4_O_LC.I3
Info:                          Defined in:
Info:                               C:\OSS-CA~1\OSS-CA~1\bin\../share/yosys/ice40/cells_map.v:6.21-6.22
Info:      logic  0.87  5.22 Source ready_SB_LUT4_O_LC.O
Info:    routing  3.49  8.71 Net ready$SB_IO_OUT (12,1) -> (17,0)
Info:                          Sink ready$sb_io.D_OUT_0
Info:                          Defined in:
Info:                               uart_tx.v:9.12-9.17
Info: 2.26 ns logic, 6.45 ns routing

Info: Max frequency for clock 'clk$SB_IO_IN_$glb_clk': 99.35 MHz (PASS at 12.00 MHz)
Info: Max frequency for clock     'baud_clk_$glb_clk': 121.58 MHz (PASS at 12.00 MHz)

Info: Max delay <async>                   -> posedge baud_clk_$glb_clk    : 8.67 ns
Info: Max delay <async>                   -> posedge clk$SB_IO_IN_$glb_clk: 7.45 ns
Info: Max delay posedge baud_clk_$glb_clk -> <async>                      : 8.71 ns

Info: Slack histogram:
Info:  legend: * represents 1 endpoint(s)
Info:          + represents [1,1) endpoint(s)
Info: [ 73268,  73573) |*** 
Info: [ 73573,  73878) | 
Info: [ 73878,  74183) | 
Info: [ 74183,  74488) |* 
Info: [ 74488,  74793) | 
Info: [ 74793,  75098) | 
Info: [ 75098,  75403) |* 
Info: [ 75403,  75708) | 
Info: [ 75708,  76013) | 
Info: [ 76013,  76318) |* 
Info: [ 76318,  76623) |* 
Info: [ 76623,  76928) |** 
Info: [ 76928,  77233) |** 
Info: [ 77233,  77538) |***************** 
Info: [ 77538,  77843) |** 
Info: [ 77843,  78148) |* 
Info: [ 78148,  78453) | 
Info: [ 78453,  78758) | 
Info: [ 78758,  79063) |*************** 
Info: [ 79063,  79368) |************* 
1 warning, 0 errors

Info: Program finished normally.
