
 /----------------------------------------------------------------------------\
 |  yosys -- Yosys Open SYnthesis Suite                                       |
 |  Copyright (C) 2012 - 2026  Claire Xenia Wolf <claire@yosyshq.com>         |
 |  Distributed under an ISC-like license, type "license" to see terms        |
 \----------------------------------------------------------------------------/
 Yosys 0.64+68 (git sha1 413169663-dirty, x86_64-w64-mingw32-g++ 13.2.1 -O3)

-- Executing script file `build.ys' --

1. Executing Verilog-2005 frontend: baud_gen.v
Parsing Verilog input from `baud_gen.v' to AST representation.
Generating RTLIL representation for module `\baud_gen'.
Successfully finished Verilog frontend.

2. Executing Verilog-2005 frontend: uart_top.v
Parsing Verilog input from `uart_top.v' to AST representation.
Generating RTLIL representation for module `\uart_top'.
Successfully finished Verilog frontend.

3. Executing Verilog-2005 frontend: uart_tx.v
Parsing Verilog input from `uart_tx.v' to AST representation.
Generating RTLIL representation for module `\uart_tx'.
Successfully finished Verilog frontend.

4. Executing HIERARCHY pass (managing design hierarchy).

4.1. Analyzing design hierarchy..
Top module:  \uart_top
Used module:     \uart_tx
Used module:     \baud_gen

4.2. Analyzing design hierarchy..
Top module:  \uart_top
Used module:     \uart_tx
Used module:     \baud_gen
Removed 0 unused modules.

5. Executing SYNTH_ICE40 pass.

5.1. Executing Verilog-2005 frontend: C:\OSS-CA~1\OSS-CA~1\bin\../share/yosys/ice40/cells_sim.v
Parsing Verilog input from `C:\OSS-CA~1\OSS-CA~1\bin\../share/yosys/ice40/cells_sim.v' to AST representation.
Generating RTLIL representation for module `\SB_IO'.
Generating RTLIL representation for module `\SB_GB_IO'.
Generating RTLIL representation for module `\SB_GB'.
Generating RTLIL representation for module `\SB_LUT4'.
Generating RTLIL representation for module `\SB_CARRY'.
Generating RTLIL representation for module `\SB_DFF'.
Generating RTLIL representation for module `\SB_DFFE'.
Generating RTLIL representation for module `\SB_DFFSR'.
Generating RTLIL representation for module `\SB_DFFR'.
Generating RTLIL representation for module `\SB_DFFSS'.
Generating RTLIL representation for module `\SB_DFFS'.
Generating RTLIL representation for module `\SB_DFFESR'.
Generating RTLIL representation for module `\SB_DFFER'.
Generating RTLIL representation for module `\SB_DFFESS'.
Generating RTLIL representation for module `\SB_DFFES'.
Generating RTLIL representation for module `\SB_DFFN'.
Generating RTLIL representation for module `\SB_DFFNE'.
Generating RTLIL representation for module `\SB_DFFNSR'.
Generating RTLIL representation for module `\SB_DFFNR'.
Generating RTLIL representation for module `\SB_DFFNSS'.
Generating RTLIL representation for module `\SB_DFFNS'.
Generating RTLIL representation for module `\SB_DFFNESR'.
Generating RTLIL representation for module `\SB_DFFNER'.
Generating RTLIL representation for module `\SB_DFFNESS'.
Generating RTLIL representation for module `\SB_DFFNES'.
Generating RTLIL representation for module `\SB_RAM40_4K'.
Generating RTLIL representation for module `\SB_RAM40_4KNR'.
Generating RTLIL representation for module `\SB_RAM40_4KNW'.
Generating RTLIL representation for module `\SB_RAM40_4KNRNW'.
Generating RTLIL representation for module `\ICESTORM_LC'.
Generating RTLIL representation for module `\SB_PLL40_CORE'.
Generating RTLIL representation for module `\SB_PLL40_PAD'.
Generating RTLIL representation for module `\SB_PLL40_2_PAD'.
Generating RTLIL representation for module `\SB_PLL40_2F_CORE'.
Generating RTLIL representation for module `\SB_PLL40_2F_PAD'.
Generating RTLIL representation for module `\SB_WARMBOOT'.
Generating RTLIL representation for module `\SB_SPRAM256KA'.
Generating RTLIL representation for module `\SB_HFOSC'.
Generating RTLIL representation for module `\SB_LFOSC'.
Generating RTLIL representation for module `\SB_RGBA_DRV'.
Generating RTLIL representation for module `\SB_LED_DRV_CUR'.
Generating RTLIL representation for module `\SB_RGB_DRV'.
Generating RTLIL representation for module `\SB_I2C'.
Generating RTLIL representation for module `\SB_SPI'.
Generating RTLIL representation for module `\SB_LEDDA_IP'.
Generating RTLIL representation for module `\SB_FILTER_50NS'.
Generating RTLIL representation for module `\SB_IO_I3C'.
Generating RTLIL representation for module `\SB_IO_OD'.
Generating RTLIL representation for module `\SB_MAC16'.
Generating RTLIL representation for module `\ICESTORM_RAM'.
Successfully finished Verilog frontend.

5.2. Executing HIERARCHY pass (managing design hierarchy).
Attribute `top' found on module `uart_top'. Setting top module to uart_top.

5.2.1. Analyzing design hierarchy..
Top module:  \uart_top
Used module:     \uart_tx
Used module:     \baud_gen

5.2.2. Analyzing design hierarchy..
Top module:  \uart_top
Used module:     \uart_tx
Used module:     \baud_gen
Removed 0 unused modules.

5.3. Executing PROC pass (convert processes to netlists).

5.3.1. Executing PROC_CLEAN pass (remove empty switches from decision trees).
Cleaned up 0 empty switches.

5.3.2. Executing PROC_RMDEAD pass (remove dead branches from decision trees).
Marked 2 switch rules as full_case in process $proc$uart_tx.v:20$8 in module uart_tx.
Marked 2 switch rules as full_case in process $proc$baud_gen.v:12$1 in module baud_gen.
Removed a total of 0 dead cases.

5.3.3. Executing PROC_PRUNE pass (remove redundant assignments in processes).
Removed 1 redundant assignment.
Promoted 0 assignments to connections.

5.3.4. Executing PROC_INIT pass (extract init attributes).

5.3.5. Executing PROC_ARST pass (detect async resets in processes).
Found async reset \rst_n in `\uart_tx.$proc$uart_tx.v:20$8'.
Found async reset \rst_n in `\baud_gen.$proc$baud_gen.v:12$1'.

5.3.6. Executing PROC_ROM pass (convert switches to ROMs).
Converted 0 switches.
<suppressed ~4 debug messages>

5.3.7. Executing PROC_MUX pass (convert decision trees to multiplexers).
Creating decoders for process `\uart_tx.$proc$uart_tx.v:20$8'.
     1/3: $0\transmitting[0:0]
     2/3: $0\bit_count[3:0]
     3/3: $0\shift_reg[9:0]
Creating decoders for process `\baud_gen.$proc$baud_gen.v:12$1'.
     1/2: $0\div_count[6:0]
     2/2: $0\baud_clk[0:0]

5.3.8. Executing PROC_DLATCH pass (convert process syncs to latches).

5.3.9. Executing PROC_DFF pass (convert process syncs to FFs).
Creating register for signal `\uart_tx.\shift_reg' using process `\uart_tx.$proc$uart_tx.v:20$8'.
  created $adff cell `$procdff$421' with positive edge clock and positive level reset.
Creating register for signal `\uart_tx.\bit_count' using process `\uart_tx.$proc$uart_tx.v:20$8'.
  created $adff cell `$procdff$426' with positive edge clock and positive level reset.
Creating register for signal `\uart_tx.\transmitting' using process `\uart_tx.$proc$uart_tx.v:20$8'.
  created $adff cell `$procdff$431' with positive edge clock and positive level reset.
Creating register for signal `\baud_gen.\baud_clk' using process `\baud_gen.$proc$baud_gen.v:12$1'.
  created $adff cell `$procdff$436' with positive edge clock and positive level reset.
Creating register for signal `\baud_gen.\div_count' using process `\baud_gen.$proc$baud_gen.v:12$1'.
  created $adff cell `$procdff$441' with positive edge clock and positive level reset.

5.3.10. Executing PROC_MEMWR pass (convert process memory writes to cells).

5.3.11. Executing PROC_CLEAN pass (remove empty switches from decision trees).
Found and cleaned up 3 empty switches in `\uart_tx.$proc$uart_tx.v:20$8'.
Removing empty process `uart_tx.$proc$uart_tx.v:20$8'.
Found and cleaned up 1 empty switch in `\baud_gen.$proc$baud_gen.v:12$1'.
Removing empty process `baud_gen.$proc$baud_gen.v:12$1'.
Cleaned up 4 empty switches.

5.3.12. Executing OPT_EXPR pass (perform const folding).
Optimizing module uart_tx.
<suppressed ~6 debug messages>
Optimizing module uart_top.
Optimizing module baud_gen.
<suppressed ~4 debug messages>

5.4. Executing FLATTEN pass (flatten design).
Deleting now unused module uart_tx.
Deleting now unused module baud_gen.
<suppressed ~2 debug messages>

5.5. Executing TRIBUF pass.

5.6. Executing DEMINOUT pass (demote inout ports to input or output).

5.7. Executing OPT_EXPR pass (perform const folding).
Optimizing module uart_top.

5.8. Executing OPT_CLEAN pass (remove unused cells and wires).
Finding unused cells or wires in module \uart_top..
Removed 7 unused cells and 31 unused wires.
<suppressed ~11 debug messages>

5.9. Executing CHECK pass (checking for obvious problems).
Checking module uart_top...
Found and reported 0 problems.

5.10. Executing OPT pass (performing simple optimizations).

5.10.1. Executing OPT_EXPR pass (perform const folding).
Optimizing module uart_top.

5.10.2. Executing OPT_MERGE pass (detect identical cells).
Finding identical cells in module `\uart_top'.
Computing hashes of 25 cells of `\uart_top'.
Finding duplicate cells in `\uart_top'.
Computing hashes of 24 cells of `\uart_top'.
Finding duplicate cells in `\uart_top'.
<suppressed ~3 debug messages>
Removed a total of 1 cells.

5.10.3. Executing OPT_MUXTREE pass (detect dead branches in mux trees).
Running muxtree optimizer on module \uart_top..
  Creating internal representation of mux trees.
  Evaluating internal representation of mux trees.
      Replacing known input bits on port A of cell $flatten\uart_tx_inst.$procmux$396: \uart_tx_inst.transmitting -> 1'0
      Replacing known input bits on port A of cell $flatten\uart_tx_inst.$procmux$394: \uart_tx_inst.transmitting -> 1'1
  Analyzing evaluation results.
Removed 0 multiplexer ports.
<suppressed ~16 debug messages>

5.10.4. Executing OPT_REDUCE pass (consolidate $*mux and $reduce_* inputs).
  Optimizing cells in module \uart_top.
Performed a total of 0 changes.

5.10.5. Executing OPT_MERGE pass (detect identical cells).
Finding identical cells in module `\uart_top'.
Computing hashes of 24 cells of `\uart_top'.
Finding duplicate cells in `\uart_top'.
Removed a total of 0 cells.

5.10.6. Executing OPT_DFF pass (perform DFF optimizations).

5.10.7. Executing OPT_CLEAN pass (remove unused cells and wires).
Finding unused cells or wires in module \uart_top..
Removed 0 unused cells and 1 unused wires.
<suppressed ~1 debug messages>

5.10.8. Executing OPT_EXPR pass (perform const folding).
Optimizing module uart_top.

5.10.9. Rerunning OPT passes. (Maybe there is more to do..)

5.10.10. Executing OPT_MUXTREE pass (detect dead branches in mux trees).
Running muxtree optimizer on module \uart_top..
  Creating internal representation of mux trees.
  Evaluating internal representation of mux trees.
  Analyzing evaluation results.
Removed 0 multiplexer ports.
<suppressed ~16 debug messages>

5.10.11. Executing OPT_REDUCE pass (consolidate $*mux and $reduce_* inputs).
  Optimizing cells in module \uart_top.
Performed a total of 0 changes.

5.10.12. Executing OPT_MERGE pass (detect identical cells).
Finding identical cells in module `\uart_top'.
Computing hashes of 24 cells of `\uart_top'.
Finding duplicate cells in `\uart_top'.
Removed a total of 0 cells.

5.10.13. Executing OPT_DFF pass (perform DFF optimizations).

5.10.14. Executing OPT_CLEAN pass (remove unused cells and wires).
Finding unused cells or wires in module \uart_top..

5.10.15. Executing OPT_EXPR pass (perform const folding).
Optimizing module uart_top.

5.10.16. Finished fast OPT passes. (There is nothing left to do.)

5.11. Executing FSM pass (extract and optimize FSM).

5.11.1. Executing FSM_DETECT pass (finding FSMs in design).

5.11.2. Executing FSM_EXTRACT pass (extracting FSM from design).

5.11.3. Executing FSM_OPT pass (simple optimizations of FSMs).

5.11.4. Executing OPT_CLEAN pass (remove unused cells and wires).
Finding unused cells or wires in module \uart_top..

5.11.5. Executing FSM_OPT pass (simple optimizations of FSMs).

5.11.6. Executing FSM_RECODE pass (re-assigning FSM state encoding).

5.11.7. Executing FSM_INFO pass (dumping all available information on FSM cells).

5.11.8. Executing FSM_MAP pass (mapping FSMs to basic logic).

5.12. Executing OPT pass (performing simple optimizations).

5.12.1. Executing OPT_EXPR pass (perform const folding).
Optimizing module uart_top.

5.12.2. Executing OPT_MERGE pass (detect identical cells).
Finding identical cells in module `\uart_top'.
Computing hashes of 24 cells of `\uart_top'.
Finding duplicate cells in `\uart_top'.
Removed a total of 0 cells.

5.12.3. Executing OPT_MUXTREE pass (detect dead branches in mux trees).
Running muxtree optimizer on module \uart_top..
  Creating internal representation of mux trees.
  Evaluating internal representation of mux trees.
  Analyzing evaluation results.
Removed 0 multiplexer ports.
<suppressed ~16 debug messages>

5.12.4. Executing OPT_REDUCE pass (consolidate $*mux and $reduce_* inputs).
  Optimizing cells in module \uart_top.
Performed a total of 0 changes.

5.12.5. Executing OPT_MERGE pass (detect identical cells).
Finding identical cells in module `\uart_top'.
Computing hashes of 24 cells of `\uart_top'.
Finding duplicate cells in `\uart_top'.
Removed a total of 0 cells.

5.12.6. Executing OPT_DFF pass (perform DFF optimizations).
Adding EN signal on $flatten\baud_inst.$procdff$436 ($adff) from module uart_top (D = $flatten\baud_inst.$not$baud_gen.v:19$4_Y, Q = \baud_inst.baud_clk).
Adding EN signal on $flatten\uart_tx_inst.$procdff$426 ($adff) from module uart_top (D = $flatten\uart_tx_inst.$0\bit_count[3:0], Q = \uart_tx_inst.bit_count).
Adding EN signal on $flatten\uart_tx_inst.$procdff$421 ($adff) from module uart_top (D = $flatten\uart_tx_inst.$0\shift_reg[9:0], Q = \uart_tx_inst.shift_reg).

5.12.7. Executing OPT_CLEAN pass (remove unused cells and wires).
Finding unused cells or wires in module \uart_top..
Removed 1 unused cells and 1 unused wires.
<suppressed ~2 debug messages>

5.12.8. Executing OPT_EXPR pass (perform const folding).
Optimizing module uart_top.
<suppressed ~2 debug messages>

5.12.9. Rerunning OPT passes. (Maybe there is more to do..)

5.12.10. Executing OPT_MUXTREE pass (detect dead branches in mux trees).
Running muxtree optimizer on module \uart_top..
  Creating internal representation of mux trees.
  Evaluating internal representation of mux trees.
  Analyzing evaluation results.
Removed 0 multiplexer ports.
<suppressed ~14 debug messages>

5.12.11. Executing OPT_REDUCE pass (consolidate $*mux and $reduce_* inputs).
  Optimizing cells in module \uart_top.
Performed a total of 0 changes.

5.12.12. Executing OPT_MERGE pass (detect identical cells).
Finding identical cells in module `\uart_top'.
Computing hashes of 25 cells of `\uart_top'.
Finding duplicate cells in `\uart_top'.
Computing hashes of 24 cells of `\uart_top'.
Finding duplicate cells in `\uart_top'.
<suppressed ~3 debug messages>
Removed a total of 1 cells.

5.12.13. Executing OPT_DFF pass (perform DFF optimizations).

5.12.14. Executing OPT_CLEAN pass (remove unused cells and wires).
Finding unused cells or wires in module \uart_top..
Removed 0 unused cells and 1 unused wires.
<suppressed ~1 debug messages>

5.12.15. Executing OPT_EXPR pass (perform const folding).
Optimizing module uart_top.

5.12.16. Rerunning OPT passes. (Maybe there is more to do..)

5.12.17. Executing OPT_MUXTREE pass (detect dead branches in mux trees).
Running muxtree optimizer on module \uart_top..
  Creating internal representation of mux trees.
  Evaluating internal representation of mux trees.
  Analyzing evaluation results.
Removed 0 multiplexer ports.
<suppressed ~14 debug messages>

5.12.18. Executing OPT_REDUCE pass (consolidate $*mux and $reduce_* inputs).
  Optimizing cells in module \uart_top.
Performed a total of 0 changes.

5.12.19. Executing OPT_MERGE pass (detect identical cells).
Finding identical cells in module `\uart_top'.
Computing hashes of 24 cells of `\uart_top'.
Finding duplicate cells in `\uart_top'.
Removed a total of 0 cells.

5.12.20. Executing OPT_DFF pass (perform DFF optimizations).

5.12.21. Executing OPT_CLEAN pass (remove unused cells and wires).
Finding unused cells or wires in module \uart_top..

5.12.22. Executing OPT_EXPR pass (perform const folding).
Optimizing module uart_top.

5.12.23. Finished fast OPT passes. (There is nothing left to do.)

5.13. Executing WREDUCE pass (reducing word size of cells).
Removed top 1 bits (of 7) from port B of cell uart_top.$flatten\baud_inst.$eq$baud_gen.v:17$3 ($eq).

5.14. Executing PEEPOPT pass (run peephole optimizers).

5.15. Executing OPT_CLEAN pass (remove unused cells and wires).
Finding unused cells or wires in module \uart_top..

5.16. Executing SHARE pass (SAT-based resource sharing).

5.17. Executing TECHMAP pass (map to technology primitives).

5.17.1. Executing Verilog-2005 frontend: C:\OSS-CA~1\OSS-CA~1\bin\../share/yosys/cmp2lut.v
Parsing Verilog input from `C:\OSS-CA~1\OSS-CA~1\bin\../share/yosys/cmp2lut.v' to AST representation.
Generating RTLIL representation for module `\_90_lut_cmp_'.
Successfully finished Verilog frontend.

5.17.2. Continuing TECHMAP pass.
No more expansions possible.
<suppressed ~6 debug messages>

5.18. Executing OPT_EXPR pass (perform const folding).
Optimizing module uart_top.

5.19. Executing OPT_CLEAN pass (remove unused cells and wires).
Finding unused cells or wires in module \uart_top..

5.20. Executing ALUMACC pass (create $alu and $macc cells).
Extracting $alu and $macc cells in module uart_top:
  creating $macc model for $flatten\uart_tx_inst.$add$uart_tx.v:31$12 ($add).
  creating $macc model for $flatten\baud_inst.$add$baud_gen.v:21$5 ($add).
  creating $alu model for $macc $flatten\baud_inst.$add$baud_gen.v:21$5.
  creating $alu model for $macc $flatten\uart_tx_inst.$add$uart_tx.v:31$12.
  creating $alu cell for $flatten\uart_tx_inst.$add$uart_tx.v:31$12: $auto$alumacc.cc:512:replace_alu$452
  creating $alu cell for $flatten\baud_inst.$add$baud_gen.v:21$5: $auto$alumacc.cc:512:replace_alu$455
  created 2 $alu and 0 $macc cells.

5.21. Executing OPT pass (performing simple optimizations).

5.21.1. Executing OPT_EXPR pass (perform const folding).
Optimizing module uart_top.

5.21.2. Executing OPT_MERGE pass (detect identical cells).
Finding identical cells in module `\uart_top'.
Computing hashes of 24 cells of `\uart_top'.
Finding duplicate cells in `\uart_top'.
Removed a total of 0 cells.

5.21.3. Executing OPT_MUXTREE pass (detect dead branches in mux trees).
Running muxtree optimizer on module \uart_top..
  Creating internal representation of mux trees.
  Evaluating internal representation of mux trees.
  Analyzing evaluation results.
Removed 0 multiplexer ports.
<suppressed ~14 debug messages>

5.21.4. Executing OPT_REDUCE pass (consolidate $*mux and $reduce_* inputs).
  Optimizing cells in module \uart_top.
Performed a total of 0 changes.

5.21.5. Executing OPT_MERGE pass (detect identical cells).
Finding identical cells in module `\uart_top'.
Computing hashes of 24 cells of `\uart_top'.
Finding duplicate cells in `\uart_top'.
Removed a total of 0 cells.

5.21.6. Executing OPT_DFF pass (perform DFF optimizations).

5.21.7. Executing OPT_CLEAN pass (remove unused cells and wires).
Finding unused cells or wires in module \uart_top..

5.21.8. Executing OPT_EXPR pass (perform const folding).
Optimizing module uart_top.

5.21.9. Finished fast OPT passes. (There is nothing left to do.)

5.22. Executing MEMORY pass.

5.22.1. Executing OPT_MEM pass (optimize memories).
Performed a total of 0 transformations.

5.22.2. Executing OPT_MEM_PRIORITY pass (removing unnecessary memory write priority relations).
Performed a total of 0 transformations.

5.22.3. Executing OPT_MEM_FEEDBACK pass (finding memory read-to-write feedback paths).

5.22.4. Executing MEMORY_BMUX2ROM pass (converting muxes to ROMs).

5.22.5. Executing MEMORY_DFF pass (merging $dff cells to $memrd).

5.22.6. Executing OPT_CLEAN pass (remove unused cells and wires).
Finding unused cells or wires in module \uart_top..

5.22.7. Executing MEMORY_SHARE pass (consolidating $memrd/$memwr cells).

5.22.8. Executing OPT_MEM_WIDEN pass (optimize memories where all ports are wide).
Performed a total of 0 transformations.

5.22.9. Executing OPT_CLEAN pass (remove unused cells and wires).
Finding unused cells or wires in module \uart_top..

5.22.10. Executing MEMORY_COLLECT pass (generating $mem cells).

5.23. Executing OPT_CLEAN pass (remove unused cells and wires).
Finding unused cells or wires in module \uart_top..

5.24. Executing MEMORY_LIBMAP pass (mapping memories to cells).

5.25. Executing TECHMAP pass (map to technology primitives).

5.25.1. Executing Verilog-2005 frontend: C:\OSS-CA~1\OSS-CA~1\bin\../share/yosys/ice40/brams_map.v
Parsing Verilog input from `C:\OSS-CA~1\OSS-CA~1\bin\../share/yosys/ice40/brams_map.v' to AST representation.
Generating RTLIL representation for module `$__ICE40_RAM4K_'.
Successfully finished Verilog frontend.

5.25.2. Executing Verilog-2005 frontend: C:\OSS-CA~1\OSS-CA~1\bin\../share/yosys/ice40/spram_map.v
Parsing Verilog input from `C:\OSS-CA~1\OSS-CA~1\bin\../share/yosys/ice40/spram_map.v' to AST representation.
Generating RTLIL representation for module `$__ICE40_SPRAM_'.
Successfully finished Verilog frontend.

5.25.3. Continuing TECHMAP pass.
No more expansions possible.
<suppressed ~4 debug messages>

5.26. Executing ICE40_BRAMINIT pass.

5.27. Executing OPT pass (performing simple optimizations).

5.27.1. Executing OPT_EXPR pass (perform const folding).
Optimizing module uart_top.
<suppressed ~2 debug messages>

5.27.2. Executing OPT_MERGE pass (detect identical cells).
Finding identical cells in module `\uart_top'.
Computing hashes of 22 cells of `\uart_top'.
Finding duplicate cells in `\uart_top'.
Removed a total of 0 cells.

5.27.3. Executing OPT_DFF pass (perform DFF optimizations).

5.27.4. Executing OPT_CLEAN pass (remove unused cells and wires).
Finding unused cells or wires in module \uart_top..
Removed 0 unused cells and 2 unused wires.
<suppressed ~1 debug messages>

5.27.5. Finished fast OPT passes.

5.28. Executing MEMORY_MAP pass (converting memories to logic and flip-flops).

5.29. Executing OPT pass (performing simple optimizations).

5.29.1. Executing OPT_EXPR pass (perform const folding).
Optimizing module uart_top.

5.29.2. Executing OPT_MERGE pass (detect identical cells).
Finding identical cells in module `\uart_top'.
Computing hashes of 22 cells of `\uart_top'.
Finding duplicate cells in `\uart_top'.
Removed a total of 0 cells.

5.29.3. Executing OPT_MUXTREE pass (detect dead branches in mux trees).
Running muxtree optimizer on module \uart_top..
  Creating internal representation of mux trees.
  Evaluating internal representation of mux trees.
  Analyzing evaluation results.
Removed 0 multiplexer ports.
<suppressed ~12 debug messages>

5.29.4. Executing OPT_REDUCE pass (consolidate $*mux and $reduce_* inputs).
  Optimizing cells in module \uart_top.
    Consolidated identical input bits for $mux cell $flatten\uart_tx_inst.$procmux$409:
      Old ports: A={ 1'1 \uart_tx_inst.shift_reg [9:1] }, B={ 1'1 \data_in 1'0 }, Y=$flatten\uart_tx_inst.$0\shift_reg[9:0]
      New ports: A=\uart_tx_inst.shift_reg [9:1], B={ \data_in 1'0 }, Y=$flatten\uart_tx_inst.$0\shift_reg[9:0] [8:0]
      New connections: $flatten\uart_tx_inst.$0\shift_reg[9:0] [9] = 1'1
  Optimizing cells in module \uart_top.
Performed a total of 1 changes.

5.29.5. Executing OPT_MERGE pass (detect identical cells).
Finding identical cells in module `\uart_top'.
Computing hashes of 22 cells of `\uart_top'.
Finding duplicate cells in `\uart_top'.
Removed a total of 0 cells.

5.29.6. Executing OPT_DFF pass (perform DFF optimizations).

5.29.7. Executing OPT_CLEAN pass (remove unused cells and wires).
Finding unused cells or wires in module \uart_top..

5.29.8. Executing OPT_EXPR pass (perform const folding).
Optimizing module uart_top.

5.29.9. Rerunning OPT passes. (Maybe there is more to do..)

5.29.10. Executing OPT_MUXTREE pass (detect dead branches in mux trees).
Running muxtree optimizer on module \uart_top..
  Creating internal representation of mux trees.
  Evaluating internal representation of mux trees.
  Analyzing evaluation results.
Removed 0 multiplexer ports.
<suppressed ~12 debug messages>

5.29.11. Executing OPT_REDUCE pass (consolidate $*mux and $reduce_* inputs).
  Optimizing cells in module \uart_top.
Performed a total of 0 changes.

5.29.12. Executing OPT_MERGE pass (detect identical cells).
Finding identical cells in module `\uart_top'.
Computing hashes of 22 cells of `\uart_top'.
Finding duplicate cells in `\uart_top'.
Removed a total of 0 cells.

5.29.13. Executing OPT_DFF pass (perform DFF optimizations).
Setting constant 1-bit at position 9 on $auto$ff.cc:337:slice$448 ($adffe) from module uart_top.

5.29.14. Executing OPT_CLEAN pass (remove unused cells and wires).
Finding unused cells or wires in module \uart_top..

5.29.15. Executing OPT_EXPR pass (perform const folding).
Optimizing module uart_top.

5.29.16. Rerunning OPT passes. (Maybe there is more to do..)

5.29.17. Executing OPT_MUXTREE pass (detect dead branches in mux trees).
Running muxtree optimizer on module \uart_top..
  Creating internal representation of mux trees.
  Evaluating internal representation of mux trees.
  Analyzing evaluation results.
Removed 0 multiplexer ports.
<suppressed ~12 debug messages>

5.29.18. Executing OPT_REDUCE pass (consolidate $*mux and $reduce_* inputs).
  Optimizing cells in module \uart_top.
Performed a total of 0 changes.

5.29.19. Executing OPT_MERGE pass (detect identical cells).
Finding identical cells in module `\uart_top'.
Computing hashes of 22 cells of `\uart_top'.
Finding duplicate cells in `\uart_top'.
Removed a total of 0 cells.

5.29.20. Executing OPT_DFF pass (perform DFF optimizations).

5.29.21. Executing OPT_CLEAN pass (remove unused cells and wires).
Finding unused cells or wires in module \uart_top..

5.29.22. Executing OPT_EXPR pass (perform const folding).
Optimizing module uart_top.

5.29.23. Finished fast OPT passes. (There is nothing left to do.)

5.30. Executing ICE40_WRAPCARRY pass (wrap carries).

5.31. Executing TECHMAP pass (map to technology primitives).

5.31.1. Executing Verilog-2005 frontend: C:\OSS-CA~1\OSS-CA~1\bin\../share/yosys/techmap.v
Parsing Verilog input from `C:\OSS-CA~1\OSS-CA~1\bin\../share/yosys/techmap.v' to AST representation.
Generating RTLIL representation for module `\_90_simplemap_bool_ops'.
Generating RTLIL representation for module `\_90_simplemap_reduce_ops'.
Generating RTLIL representation for module `\_90_simplemap_logic_ops'.
Generating RTLIL representation for module `\_90_simplemap_compare_ops'.
Generating RTLIL representation for module `\_90_simplemap_various'.
Generating RTLIL representation for module `\_90_simplemap_registers'.
Generating RTLIL representation for module `\_90_shift_ops_shr_shl_sshl_sshr'.
Generating RTLIL representation for module `\_90_shift_shiftx'.
Generating RTLIL representation for module `\_90_fa'.
Generating RTLIL representation for module `\_90_lcu_brent_kung'.
Generating RTLIL representation for module `\_90_alu'.
Generating RTLIL representation for module `\_90_macc'.
Generating RTLIL representation for module `\_90_alumacc'.
Generating RTLIL representation for module `$__div_mod_u'.
Generating RTLIL representation for module `$__div_mod_trunc'.
Generating RTLIL representation for module `\_90_div'.
Generating RTLIL representation for module `\_90_mod'.
Generating RTLIL representation for module `$__div_mod_floor'.
Generating RTLIL representation for module `\_90_divfloor'.
Generating RTLIL representation for module `\_90_modfloor'.
Generating RTLIL representation for module `\_90_pow'.
Generating RTLIL representation for module `\_90_pmux'.
Generating RTLIL representation for module `\_90_demux'.
Generating RTLIL representation for module `\_90_lut'.
Generating RTLIL representation for module `$connect'.
Generating RTLIL representation for module `$input_port'.
Successfully finished Verilog frontend.

5.31.2. Executing Verilog-2005 frontend: C:\OSS-CA~1\OSS-CA~1\bin\../share/yosys/ice40/arith_map.v
Parsing Verilog input from `C:\OSS-CA~1\OSS-CA~1\bin\../share/yosys/ice40/arith_map.v' to AST representation.
Generating RTLIL representation for module `\_80_ice40_alu'.
Successfully finished Verilog frontend.

5.31.3. Continuing TECHMAP pass.
Using extmapper simplemap for cells of type $adffe.
Using template $paramod$103b4016182df467cceab67bcf3e18e6361ec0fd\_80_ice40_alu for cells of type $alu.
Using template $paramod$32a7b7b86c07519b7537abc18e96f0331f97914d\_80_ice40_alu for cells of type $alu.
Using extmapper simplemap for cells of type $reduce_bool.
Using extmapper simplemap for cells of type $adff.
Using extmapper simplemap for cells of type $mux.
Using extmapper simplemap for cells of type $not.
Using extmapper simplemap for cells of type $eq.
Using extmapper simplemap for cells of type $logic_and.
Using extmapper simplemap for cells of type $logic_not.
Using extmapper simplemap for cells of type $xor.
Using extmapper simplemap for cells of type $pos.
No more expansions possible.
<suppressed ~145 debug messages>

5.32. Executing OPT pass (performing simple optimizations).

5.32.1. Executing OPT_EXPR pass (perform const folding).
Optimizing module uart_top.
<suppressed ~42 debug messages>

5.32.2. Executing OPT_MERGE pass (detect identical cells).
Finding identical cells in module `\uart_top'.
Computing hashes of 92 cells of `\uart_top'.
Finding duplicate cells in `\uart_top'.
Computing hashes of 84 cells of `\uart_top'.
Finding duplicate cells in `\uart_top'.
<suppressed ~24 debug messages>
Removed a total of 8 cells.

5.32.3. Executing OPT_DFF pass (perform DFF optimizations).

5.32.4. Executing OPT_CLEAN pass (remove unused cells and wires).
Finding unused cells or wires in module \uart_top..
Removed 6 unused cells and 41 unused wires.
<suppressed ~7 debug messages>

5.32.5. Finished fast OPT passes.

5.33. Executing ICE40_OPT pass (performing simple optimizations).

5.33.1. Running ICE40 specific optimizations.
Optimized $__ICE40_CARRY_WRAPPER cell back to logic (without SB_CARRY) uart_top.$auto$alumacc.cc:512:replace_alu$452.slice[0].carry: CO=\uart_tx_inst.bit_count [0]
Optimized $__ICE40_CARRY_WRAPPER cell back to logic (without SB_CARRY) uart_top.$auto$alumacc.cc:512:replace_alu$455.slice[0].carry: CO=\baud_inst.div_count [0]

5.33.2. Executing OPT_EXPR pass (perform const folding).
Optimizing module uart_top.

5.33.3. Executing OPT_MERGE pass (detect identical cells).
Finding identical cells in module `\uart_top'.
Computing hashes of 78 cells of `\uart_top'.
Finding duplicate cells in `\uart_top'.
Removed a total of 0 cells.

5.33.4. Executing OPT_DFF pass (perform DFF optimizations).

5.33.5. Executing OPT_CLEAN pass (remove unused cells and wires).
Finding unused cells or wires in module \uart_top..

5.33.6. Rerunning OPT passes. (Removed registers in this run.)

5.33.7. Running ICE40 specific optimizations.

5.33.8. Executing OPT_EXPR pass (perform const folding).
Optimizing module uart_top.

5.33.9. Executing OPT_MERGE pass (detect identical cells).
Finding identical cells in module `\uart_top'.
Computing hashes of 78 cells of `\uart_top'.
Finding duplicate cells in `\uart_top'.
Removed a total of 0 cells.

5.33.10. Executing OPT_DFF pass (perform DFF optimizations).

5.33.11. Executing OPT_CLEAN pass (remove unused cells and wires).
Finding unused cells or wires in module \uart_top..

5.33.12. Finished OPT passes. (There is nothing left to do.)

5.34. Executing DFFLEGALIZE pass (convert FFs to types supported by the target).

5.35. Executing TECHMAP pass (map to technology primitives).

5.35.1. Executing Verilog-2005 frontend: C:\OSS-CA~1\OSS-CA~1\bin\../share/yosys/ice40/ff_map.v
Parsing Verilog input from `C:\OSS-CA~1\OSS-CA~1\bin\../share/yosys/ice40/ff_map.v' to AST representation.
Generating RTLIL representation for module `$_DFF_N_'.
Generating RTLIL representation for module `$_DFF_P_'.
Generating RTLIL representation for module `$_DFFE_NP_'.
Generating RTLIL representation for module `$_DFFE_PP_'.
Generating RTLIL representation for module `$_DFF_NP0_'.
Generating RTLIL representation for module `$_DFF_NP1_'.
Generating RTLIL representation for module `$_DFF_PP0_'.
Generating RTLIL representation for module `$_DFF_PP1_'.
Generating RTLIL representation for module `$_DFFE_NP0P_'.
Generating RTLIL representation for module `$_DFFE_NP1P_'.
Generating RTLIL representation for module `$_DFFE_PP0P_'.
Generating RTLIL representation for module `$_DFFE_PP1P_'.
Generating RTLIL representation for module `$_SDFF_NP0_'.
Generating RTLIL representation for module `$_SDFF_NP1_'.
Generating RTLIL representation for module `$_SDFF_PP0_'.
Generating RTLIL representation for module `$_SDFF_PP1_'.
Generating RTLIL representation for module `$_SDFFCE_NP0P_'.
Generating RTLIL representation for module `$_SDFFCE_NP1P_'.
Generating RTLIL representation for module `$_SDFFCE_PP0P_'.
Generating RTLIL representation for module `$_SDFFCE_PP1P_'.
Successfully finished Verilog frontend.

5.35.2. Continuing TECHMAP pass.
Using template $_DFFE_PP0P_ for cells of type $_DFFE_PP0P_.
Using template $_DFF_PP0_ for cells of type $_DFF_PP0_.
Using template $_DFFE_PP1P_ for cells of type $_DFFE_PP1P_.
No more expansions possible.
<suppressed ~44 debug messages>

5.36. Executing OPT_EXPR pass (perform const folding).
Optimizing module uart_top.

5.37. Executing SIMPLEMAP pass (map simple cells to gate primitives).
Mapping uart_top.$auto$alumacc.cc:512:replace_alu$452.slice[0].carry ($lut).
Mapping uart_top.$auto$alumacc.cc:512:replace_alu$455.slice[0].carry ($lut).

5.38. Executing ICE40_OPT pass (performing simple optimizations).

5.38.1. Running ICE40 specific optimizations.

5.38.2. Executing OPT_EXPR pass (perform const folding).
Optimizing module uart_top.
<suppressed ~37 debug messages>

5.38.3. Executing OPT_MERGE pass (detect identical cells).
Finding identical cells in module `\uart_top'.
Computing hashes of 100 cells of `\uart_top'.
Finding duplicate cells in `\uart_top'.
Computing hashes of 77 cells of `\uart_top'.
Finding duplicate cells in `\uart_top'.
<suppressed ~69 debug messages>
Removed a total of 23 cells.

5.38.4. Executing OPT_DFF pass (perform DFF optimizations).

5.38.5. Executing OPT_CLEAN pass (remove unused cells and wires).
Finding unused cells or wires in module \uart_top..
Removed 0 unused cells and 153 unused wires.
<suppressed ~1 debug messages>

5.38.6. Rerunning OPT passes. (Removed registers in this run.)

5.38.7. Running ICE40 specific optimizations.

5.38.8. Executing OPT_EXPR pass (perform const folding).
Optimizing module uart_top.

5.38.9. Executing OPT_MERGE pass (detect identical cells).
Finding identical cells in module `\uart_top'.
Computing hashes of 77 cells of `\uart_top'.
Finding duplicate cells in `\uart_top'.
Removed a total of 0 cells.

5.38.10. Executing OPT_DFF pass (perform DFF optimizations).

5.38.11. Executing OPT_CLEAN pass (remove unused cells and wires).
Finding unused cells or wires in module \uart_top..

5.38.12. Finished OPT passes. (There is nothing left to do.)

5.39. Executing TECHMAP pass (map to technology primitives).

5.39.1. Executing Verilog-2005 frontend: C:\OSS-CA~1\OSS-CA~1\bin\../share/yosys/ice40/latches_map.v
Parsing Verilog input from `C:\OSS-CA~1\OSS-CA~1\bin\../share/yosys/ice40/latches_map.v' to AST representation.
Generating RTLIL representation for module `$_DLATCH_N_'.
Generating RTLIL representation for module `$_DLATCH_P_'.
Successfully finished Verilog frontend.

5.39.2. Continuing TECHMAP pass.
No more expansions possible.
<suppressed ~4 debug messages>

5.40. Executing Verilog-2005 frontend: C:\OSS-CA~1\OSS-CA~1\bin\../share/yosys/ice40/abc9_model.v
Parsing Verilog input from `C:\OSS-CA~1\OSS-CA~1\bin\../share/yosys/ice40/abc9_model.v' to AST representation.
Generating RTLIL representation for module `$__ICE40_CARRY_WRAPPER'.
Successfully finished Verilog frontend.

5.41. Executing ABC9 pass.

5.41.1. Executing ABC9_OPS pass (helper functions for ABC9).

5.41.2. Executing ABC9_OPS pass (helper functions for ABC9).

5.41.3. Executing PROC pass (convert processes to netlists).

5.41.3.1. Executing PROC_CLEAN pass (remove empty switches from decision trees).
Cleaned up 0 empty switches.

5.41.3.2. Executing PROC_RMDEAD pass (remove dead branches from decision trees).
Marked 1 switch rules as full_case in process $proc$C:\OSS-CA~1\OSS-CA~1\bin\../share/yosys/ice40/cells_sim.v:803$216 in module SB_DFFES.
Removed a total of 0 dead cases.

5.41.3.3. Executing PROC_PRUNE pass (remove redundant assignments in processes).
Removed 0 redundant assignments.
Promoted 1 assignment to connection.

5.41.3.4. Executing PROC_INIT pass (extract init attributes).
Found init rule in `\SB_DFFES.$proc$C:\OSS-CA~1\OSS-CA~1\bin\../share/yosys/ice40/cells_sim.v:801$219'.
  Set init value: \Q = 1'0

5.41.3.5. Executing PROC_ARST pass (detect async resets in processes).
Found async reset \S in `\SB_DFFES.$proc$C:\OSS-CA~1\OSS-CA~1\bin\../share/yosys/ice40/cells_sim.v:803$216'.

5.41.3.6. Executing PROC_ROM pass (convert switches to ROMs).
Converted 0 switches.
<suppressed ~1 debug messages>

5.41.3.7. Executing PROC_MUX pass (convert decision trees to multiplexers).
Creating decoders for process `\SB_DFFES.$proc$C:\OSS-CA~1\OSS-CA~1\bin\../share/yosys/ice40/cells_sim.v:801$219'.
Creating decoders for process `\SB_DFFES.$proc$C:\OSS-CA~1\OSS-CA~1\bin\../share/yosys/ice40/cells_sim.v:803$216'.
     1/1: $0\Q[0:0]

5.41.3.8. Executing PROC_DLATCH pass (convert process syncs to latches).

5.41.3.9. Executing PROC_DFF pass (convert process syncs to FFs).
Creating register for signal `\SB_DFFES.\Q' using process `\SB_DFFES.$proc$C:\OSS-CA~1\OSS-CA~1\bin\../share/yosys/ice40/cells_sim.v:803$216'.
  created $adff cell `$procdff$819' with positive edge clock and positive level reset.

5.41.3.10. Executing PROC_MEMWR pass (convert process memory writes to cells).

5.41.3.11. Executing PROC_CLEAN pass (remove empty switches from decision trees).
Removing empty process `SB_DFFES.$proc$C:\OSS-CA~1\OSS-CA~1\bin\../share/yosys/ice40/cells_sim.v:801$219'.
Found and cleaned up 1 empty switch in `\SB_DFFES.$proc$C:\OSS-CA~1\OSS-CA~1\bin\../share/yosys/ice40/cells_sim.v:803$216'.
Removing empty process `SB_DFFES.$proc$C:\OSS-CA~1\OSS-CA~1\bin\../share/yosys/ice40/cells_sim.v:803$216'.
Cleaned up 1 empty switch.

5.41.4. Executing PROC pass (convert processes to netlists).

5.41.4.1. Executing PROC_CLEAN pass (remove empty switches from decision trees).
Cleaned up 0 empty switches.

5.41.4.2. Executing PROC_RMDEAD pass (remove dead branches from decision trees).
Marked 1 switch rules as full_case in process $proc$C:\OSS-CA~1\OSS-CA~1\bin\../share/yosys/ice40/cells_sim.v:662$205 in module SB_DFFER.
Removed a total of 0 dead cases.

5.41.4.3. Executing PROC_PRUNE pass (remove redundant assignments in processes).
Removed 0 redundant assignments.
Promoted 1 assignment to connection.

5.41.4.4. Executing PROC_INIT pass (extract init attributes).
Found init rule in `\SB_DFFER.$proc$C:\OSS-CA~1\OSS-CA~1\bin\../share/yosys/ice40/cells_sim.v:660$208'.
  Set init value: \Q = 1'0

5.41.4.5. Executing PROC_ARST pass (detect async resets in processes).
Found async reset \R in `\SB_DFFER.$proc$C:\OSS-CA~1\OSS-CA~1\bin\../share/yosys/ice40/cells_sim.v:662$205'.

5.41.4.6. Executing PROC_ROM pass (convert switches to ROMs).
Converted 0 switches.
<suppressed ~1 debug messages>

5.41.4.7. Executing PROC_MUX pass (convert decision trees to multiplexers).
Creating decoders for process `\SB_DFFER.$proc$C:\OSS-CA~1\OSS-CA~1\bin\../share/yosys/ice40/cells_sim.v:660$208'.
Creating decoders for process `\SB_DFFER.$proc$C:\OSS-CA~1\OSS-CA~1\bin\../share/yosys/ice40/cells_sim.v:662$205'.
     1/1: $0\Q[0:0]

5.41.4.8. Executing PROC_DLATCH pass (convert process syncs to latches).

5.41.4.9. Executing PROC_DFF pass (convert process syncs to FFs).
Creating register for signal `\SB_DFFER.\Q' using process `\SB_DFFER.$proc$C:\OSS-CA~1\OSS-CA~1\bin\../share/yosys/ice40/cells_sim.v:662$205'.
  created $adff cell `$procdff$824' with positive edge clock and positive level reset.

5.41.4.10. Executing PROC_MEMWR pass (convert process memory writes to cells).

5.41.4.11. Executing PROC_CLEAN pass (remove empty switches from decision trees).
Removing empty process `SB_DFFER.$proc$C:\OSS-CA~1\OSS-CA~1\bin\../share/yosys/ice40/cells_sim.v:660$208'.
Found and cleaned up 1 empty switch in `\SB_DFFER.$proc$C:\OSS-CA~1\OSS-CA~1\bin\../share/yosys/ice40/cells_sim.v:662$205'.
Removing empty process `SB_DFFER.$proc$C:\OSS-CA~1\OSS-CA~1\bin\../share/yosys/ice40/cells_sim.v:662$205'.
Cleaned up 1 empty switch.

5.41.5. Executing PROC pass (convert processes to netlists).

5.41.5.1. Executing PROC_CLEAN pass (remove empty switches from decision trees).
Cleaned up 0 empty switches.

5.41.5.2. Executing PROC_RMDEAD pass (remove dead branches from decision trees).
Marked 1 switch rules as full_case in process $proc$C:\OSS-CA~1\OSS-CA~1\bin\../share/yosys/ice40/cells_sim.v:406$189 in module SB_DFFR.
Removed a total of 0 dead cases.

5.41.5.3. Executing PROC_PRUNE pass (remove redundant assignments in processes).
Removed 1 redundant assignment.
Promoted 1 assignment to connection.

5.41.5.4. Executing PROC_INIT pass (extract init attributes).
Found init rule in `\SB_DFFR.$proc$C:\OSS-CA~1\OSS-CA~1\bin\../share/yosys/ice40/cells_sim.v:404$191'.
  Set init value: \Q = 1'0

5.41.5.5. Executing PROC_ARST pass (detect async resets in processes).
Found async reset \R in `\SB_DFFR.$proc$C:\OSS-CA~1\OSS-CA~1\bin\../share/yosys/ice40/cells_sim.v:406$189'.

5.41.5.6. Executing PROC_ROM pass (convert switches to ROMs).
Converted 0 switches.

5.41.5.7. Executing PROC_MUX pass (convert decision trees to multiplexers).
Creating decoders for process `\SB_DFFR.$proc$C:\OSS-CA~1\OSS-CA~1\bin\../share/yosys/ice40/cells_sim.v:404$191'.
Creating decoders for process `\SB_DFFR.$proc$C:\OSS-CA~1\OSS-CA~1\bin\../share/yosys/ice40/cells_sim.v:406$189'.
     1/1: $0\Q[0:0]

5.41.5.8. Executing PROC_DLATCH pass (convert process syncs to latches).

5.41.5.9. Executing PROC_DFF pass (convert process syncs to FFs).
Creating register for signal `\SB_DFFR.\Q' using process `\SB_DFFR.$proc$C:\OSS-CA~1\OSS-CA~1\bin\../share/yosys/ice40/cells_sim.v:406$189'.
  created $adff cell `$procdff$827' with positive edge clock and positive level reset.

5.41.5.10. Executing PROC_MEMWR pass (convert process memory writes to cells).

5.41.5.11. Executing PROC_CLEAN pass (remove empty switches from decision trees).
Removing empty process `SB_DFFR.$proc$C:\OSS-CA~1\OSS-CA~1\bin\../share/yosys/ice40/cells_sim.v:404$191'.
Removing empty process `SB_DFFR.$proc$C:\OSS-CA~1\OSS-CA~1\bin\../share/yosys/ice40/cells_sim.v:406$189'.
Cleaned up 0 empty switches.

5.41.6. Executing SCC pass (detecting logic loops).
Found 0 SCCs in module uart_top.
Found 0 SCCs.

5.41.7. Executing ABC9_OPS pass (helper functions for ABC9).

5.41.8. Executing TECHMAP pass (map to technology primitives).

5.41.8.1. Executing Verilog-2005 frontend: C:\OSS-CA~1\OSS-CA~1\bin\../share/yosys/techmap.v
Parsing Verilog input from `C:\OSS-CA~1\OSS-CA~1\bin\../share/yosys/techmap.v' to AST representation.
Generating RTLIL representation for module `\_90_simplemap_bool_ops'.
Generating RTLIL representation for module `\_90_simplemap_reduce_ops'.
Generating RTLIL representation for module `\_90_simplemap_logic_ops'.
Generating RTLIL representation for module `\_90_simplemap_compare_ops'.
Generating RTLIL representation for module `\_90_simplemap_various'.
Generating RTLIL representation for module `\_90_simplemap_registers'.
Generating RTLIL representation for module `\_90_shift_ops_shr_shl_sshl_sshr'.
Generating RTLIL representation for module `\_90_shift_shiftx'.
Generating RTLIL representation for module `\_90_fa'.
Generating RTLIL representation for module `\_90_lcu_brent_kung'.
Generating RTLIL representation for module `\_90_alu'.
Generating RTLIL representation for module `\_90_macc'.
Generating RTLIL representation for module `\_90_alumacc'.
Generating RTLIL representation for module `$__div_mod_u'.
Generating RTLIL representation for module `$__div_mod_trunc'.
Generating RTLIL representation for module `\_90_div'.
Generating RTLIL representation for module `\_90_mod'.
Generating RTLIL representation for module `$__div_mod_floor'.
Generating RTLIL representation for module `\_90_divfloor'.
Generating RTLIL representation for module `\_90_modfloor'.
Generating RTLIL representation for module `\_90_pow'.
Generating RTLIL representation for module `\_90_pmux'.
Generating RTLIL representation for module `\_90_demux'.
Generating RTLIL representation for module `\_90_lut'.
Generating RTLIL representation for module `$connect'.
Generating RTLIL representation for module `$input_port'.
Successfully finished Verilog frontend.

5.41.8.2. Continuing TECHMAP pass.
No more expansions possible.
<suppressed ~133 debug messages>

5.41.9. Executing OPT pass (performing simple optimizations).

5.41.9.1. Executing OPT_EXPR pass (perform const folding).
Optimizing module SB_DFFES.
Optimizing module SB_DFFER.
Optimizing module SB_DFFR.

5.41.9.2. Executing OPT_MERGE pass (detect identical cells).
Finding identical cells in module `\SB_DFFES'.
Computing hashes of 2 cells of `\SB_DFFES'.
Finding duplicate cells in `\SB_DFFES'.
Finding identical cells in module `\SB_DFFER'.
Computing hashes of 2 cells of `\SB_DFFER'.
Finding duplicate cells in `\SB_DFFER'.
Finding identical cells in module `\SB_DFFR'.
Computing hashes of 2 cells of `\SB_DFFR'.
Finding duplicate cells in `\SB_DFFR'.
Removed a total of 0 cells.

5.41.9.3. Executing OPT_MUXTREE pass (detect dead branches in mux trees).
Running muxtree optimizer on module \SB_DFFES..
  Creating internal representation of mux trees.
  No muxes found in this module.
Running muxtree optimizer on module \SB_DFFER..
  Creating internal representation of mux trees.
  No muxes found in this module.
Running muxtree optimizer on module \SB_DFFR..
  Creating internal representation of mux trees.
  No muxes found in this module.
Removed 0 multiplexer ports.

5.41.9.4. Executing OPT_REDUCE pass (consolidate $*mux and $reduce_* inputs).
  Optimizing cells in module \SB_DFFES.
  Optimizing cells in module \SB_DFFER.
  Optimizing cells in module \SB_DFFR.
Performed a total of 0 changes.

5.41.9.5. Executing OPT_MERGE pass (detect identical cells).
Finding identical cells in module `\SB_DFFES'.
Computing hashes of 2 cells of `\SB_DFFES'.
Finding duplicate cells in `\SB_DFFES'.
Finding identical cells in module `\SB_DFFER'.
Computing hashes of 2 cells of `\SB_DFFER'.
Finding duplicate cells in `\SB_DFFER'.
Finding identical cells in module `\SB_DFFR'.
Computing hashes of 2 cells of `\SB_DFFR'.
Finding duplicate cells in `\SB_DFFR'.
Removed a total of 0 cells.

5.41.9.6. Executing OPT_DFF pass (perform DFF optimizations).

5.41.9.7. Executing OPT_CLEAN pass (remove unused cells and wires).
Finding unused cells or wires in module \SB_DFFES..
Finding unused cells or wires in module \SB_DFFER..
Finding unused cells or wires in module \SB_DFFR..

5.41.9.8. Executing OPT_EXPR pass (perform const folding).
Optimizing module SB_DFFES.
Optimizing module SB_DFFER.
Optimizing module SB_DFFR.

5.41.9.9. Finished fast OPT passes. (There is nothing left to do.)

5.41.10. Executing TECHMAP pass (map to technology primitives).

5.41.10.1. Executing Verilog-2005 frontend: C:\OSS-CA~1\OSS-CA~1\bin\../share/yosys/abc9_map.v
Parsing Verilog input from `C:\OSS-CA~1\OSS-CA~1\bin\../share/yosys/abc9_map.v' to AST representation.
Successfully finished Verilog frontend.

5.41.10.2. Continuing TECHMAP pass.
Using template SB_DFFER for cells of type SB_DFFER.
Using template SB_DFFR for cells of type SB_DFFR.
Using template SB_DFFES for cells of type SB_DFFES.
No more expansions possible.
<suppressed ~27 debug messages>

5.41.11. Executing Verilog-2005 frontend: C:\OSS-CA~1\OSS-CA~1\bin\../share/yosys/abc9_model.v
Parsing Verilog input from `C:\OSS-CA~1\OSS-CA~1\bin\../share/yosys/abc9_model.v' to AST representation.
Generating RTLIL representation for module `$__ABC9_DELAY'.
Generating RTLIL representation for module `$__ABC9_SCC_BREAKER'.
Generating RTLIL representation for module `$__DFF_N__$abc9_flop'.
Generating RTLIL representation for module `$__DFF_P__$abc9_flop'.
Successfully finished Verilog frontend.

5.41.12. Executing ABC9_OPS pass (helper functions for ABC9).
<suppressed ~2 debug messages>

5.41.13. Executing ABC9_OPS pass (helper functions for ABC9).

5.41.14. Executing ABC9_OPS pass (helper functions for ABC9).
<suppressed ~2 debug messages>

5.41.15. Executing TECHMAP pass (map to technology primitives).

5.41.15.1. Executing Verilog-2005 frontend: C:\OSS-CA~1\OSS-CA~1\bin\../share/yosys/techmap.v
Parsing Verilog input from `C:\OSS-CA~1\OSS-CA~1\bin\../share/yosys/techmap.v' to AST representation.
Generating RTLIL representation for module `\_90_simplemap_bool_ops'.
Generating RTLIL representation for module `\_90_simplemap_reduce_ops'.
Generating RTLIL representation for module `\_90_simplemap_logic_ops'.
Generating RTLIL representation for module `\_90_simplemap_compare_ops'.
Generating RTLIL representation for module `\_90_simplemap_various'.
Generating RTLIL representation for module `\_90_simplemap_registers'.
Generating RTLIL representation for module `\_90_shift_ops_shr_shl_sshl_sshr'.
Generating RTLIL representation for module `\_90_shift_shiftx'.
Generating RTLIL representation for module `\_90_fa'.
Generating RTLIL representation for module `\_90_lcu_brent_kung'.
Generating RTLIL representation for module `\_90_alu'.
Generating RTLIL representation for module `\_90_macc'.
Generating RTLIL representation for module `\_90_alumacc'.
Generating RTLIL representation for module `$__div_mod_u'.
Generating RTLIL representation for module `$__div_mod_trunc'.
Generating RTLIL representation for module `\_90_div'.
Generating RTLIL representation for module `\_90_mod'.
Generating RTLIL representation for module `$__div_mod_floor'.
Generating RTLIL representation for module `\_90_divfloor'.
Generating RTLIL representation for module `\_90_modfloor'.
Generating RTLIL representation for module `\_90_pow'.
Generating RTLIL representation for module `\_90_pmux'.
Generating RTLIL representation for module `\_90_demux'.
Generating RTLIL representation for module `\_90_lut'.
Generating RTLIL representation for module `$connect'.
Generating RTLIL representation for module `$input_port'.
Successfully finished Verilog frontend.

5.41.15.2. Continuing TECHMAP pass.
Using template $paramod$__ICE40_CARRY_WRAPPER\LUT=16'0110100110010110\I3_IS_CI=1'1 for cells of type $paramod$__ICE40_CARRY_WRAPPER\LUT=16'0110100110010110\I3_IS_CI=1'1.
Using template $paramod\SB_LUT4\LUT_INIT=16'0110100110010110 for cells of type SB_LUT4.
Using template SB_CARRY for cells of type SB_CARRY.
Using extmapper simplemap for cells of type $mux.
Using extmapper simplemap for cells of type $logic_and.
Using extmapper simplemap for cells of type $logic_or.
No more expansions possible.
<suppressed ~152 debug messages>

5.41.16. Executing OPT pass (performing simple optimizations).

5.41.16.1. Executing OPT_EXPR pass (perform const folding).
Optimizing module uart_top.
<suppressed ~4 debug messages>

5.41.16.2. Executing OPT_MERGE pass (detect identical cells).
Finding identical cells in module `\uart_top'.
Computing hashes of 30 cells of `\uart_top'.
Finding duplicate cells in `\uart_top'.
Computing hashes of 20 cells of `\uart_top'.
Finding duplicate cells in `\uart_top'.
Computing hashes of 18 cells of `\uart_top'.
Finding duplicate cells in `\uart_top'.
<suppressed ~29 debug messages>
Removed a total of 12 cells.

5.41.16.3. Executing OPT_MUXTREE pass (detect dead branches in mux trees).
Running muxtree optimizer on module \uart_top..
  Creating internal representation of mux trees.
  No muxes found in this module.
Removed 0 multiplexer ports.

5.41.16.4. Executing OPT_REDUCE pass (consolidate $*mux and $reduce_* inputs).
  Optimizing cells in module \uart_top.
Performed a total of 0 changes.

5.41.16.5. Executing OPT_MERGE pass (detect identical cells).
Finding identical cells in module `\uart_top'.
Computing hashes of 18 cells of `\uart_top'.
Finding duplicate cells in `\uart_top'.
Removed a total of 0 cells.

5.41.16.6. Executing OPT_DFF pass (perform DFF optimizations).

5.41.16.7. Executing OPT_CLEAN pass (remove unused cells and wires).
Finding unused cells or wires in module \uart_top..
Removed 0 unused cells and 24 unused wires.
<suppressed ~1 debug messages>

5.41.16.8. Executing OPT_EXPR pass (perform const folding).
Optimizing module uart_top.

5.41.16.9. Rerunning OPT passes. (Maybe there is more to do..)

5.41.16.10. Executing OPT_MUXTREE pass (detect dead branches in mux trees).
Running muxtree optimizer on module \uart_top..
  Creating internal representation of mux trees.
  No muxes found in this module.
Removed 0 multiplexer ports.

5.41.16.11. Executing OPT_REDUCE pass (consolidate $*mux and $reduce_* inputs).
  Optimizing cells in module \uart_top.
Performed a total of 0 changes.

5.41.16.12. Executing OPT_MERGE pass (detect identical cells).
Finding identical cells in module `\uart_top'.
Computing hashes of 18 cells of `\uart_top'.
Finding duplicate cells in `\uart_top'.
Removed a total of 0 cells.

5.41.16.13. Executing OPT_DFF pass (perform DFF optimizations).

5.41.16.14. Executing OPT_CLEAN pass (remove unused cells and wires).
Finding unused cells or wires in module \uart_top..

5.41.16.15. Executing OPT_EXPR pass (perform const folding).
Optimizing module uart_top.

5.41.16.16. Finished fast OPT passes. (There is nothing left to do.)

5.41.17. Executing AIGMAP pass (map logic to AIG).
Module uart_top: replaced 7 cells with 43 new cells, skipped 11 cells.
  replaced 2 cell types:
       5 $_MUX_
       2 $_OR_
  not replaced 3 cell types:
       2 $_AND_
       1 $_NOT_
       8 $specify2

5.41.18. Executing AIGMAP pass (map logic to AIG).
Module uart_top: replaced 25 cells with 142 new cells, skipped 74 cells.
  replaced 2 cell types:
      14 $_MUX_
      11 $_OR_
  not replaced 10 cell types:
       9 $_AND_
      10 $_NOT_
       2 $scopeinfo
       8 SB_DFFR
       5 SB_DFFER
       9 SB_DFFES
       8 SB_DFFR_$abc9_byp
       5 SB_DFFER_$abc9_byp
       9 SB_DFFES_$abc9_byp
       9 $paramod$__ICE40_CARRY_WRAPPER\LUT=16'0110100110010110\I3_IS_CI=1'1

5.41.18.1. Executing ABC9_OPS pass (helper functions for ABC9).

5.41.18.2. Executing ABC9_OPS pass (helper functions for ABC9).

5.41.18.3. Executing XAIGER backend.
<suppressed ~33 debug messages>
Extracted 62 AND gates and 254 wires from module `uart_top' to a netlist network with 33 inputs and 28 outputs.

5.41.18.4. Executing ABC9_EXE pass (technology mapping using ABC9).

5.41.18.5. Executing ABC9.
Running ABC command: "<yosys-exe-dir>/yosys-abc" -s -f <abc-temp-dir>/abc.script 2>&1
ABC: ======== ABC command line "source <abc-temp-dir>/abc.script"
ABC: + read_lut <abc-temp-dir>/input.lut 
ABC: + read_box <abc-temp-dir>/input.box 
ABC: + &read <abc-temp-dir>/input.xaig 
ABC: + &ps 
ABC: <abc-temp-dir>/input : i/o =     33/     28  and =      50  lev =    4 (   0.62)  mem = 0.00 MB  box = 31  bb = 22
ABC: Warning: AIG with boxes has internal fanout in 0 complex flops and 2 carries.
ABC: + &scorr 
ABC: Warning: The network is combinational.
ABC: + &sweep 
ABC: + &dc2 
ABC: + &dch -f -r 
ABC: + &ps 
ABC: <abc-temp-dir>/input : i/o =     33/     28  and =      76  lev =    4 (   0.47)  mem = 0.00 MB  ch =   10  box = 31  bb = 22
ABC: cst =       0  cls =     10  lit =      10  unused =     129  proof =     0
ABC: Warning: AIG with boxes has internal fanout in 0 complex flops and 2 carries.
ABC: + &if -W 250 -v 
ABC: K = 4. Memory (bytes): Truth =    0. Cut =   64. Obj =  144. Set =  672. CutMin = no
ABC: Node =      76.  Ch =    10.  Total mem =    0.04 MB. Peak cut mem =    0.00 MB.
ABC: P:  Del = 2090.00.  Ar =      27.0.  Edge =       86.  Cut =      257.  T =     0.00 sec
ABC: P:  Del = 2090.00.  Ar =      26.0.  Edge =       85.  Cut =      257.  T =     0.00 sec
ABC: P:  Del = 2430.00.  Ar =      22.0.  Edge =       71.  Cut =      265.  T =     0.00 sec
ABC: F:  Del = 2430.00.  Ar =      22.0.  Edge =       71.  Cut =      265.  T =     0.00 sec
ABC: A:  Del = 2430.00.  Ar =      22.0.  Edge =       71.  Cut =      265.  T =     0.00 sec
ABC: A:  Del = 2430.00.  Ar =      22.0.  Edge =       71.  Cut =      265.  T =     0.00 sec
ABC: Total time =     0.00 sec
ABC: + &write -n <abc-temp-dir>/output.aig 
ABC: + &mfs 
ABC: The network is not changed by "&mfs".
ABC: + &ps -l 
ABC: <abc-temp-dir>/input : i/o =     33/     28  and =      58  lev =    4 (   0.47)  mem = 0.00 MB  box = 31  bb = 22
ABC: Mapping (K=4)  :  lut =     22  edge =      71  lev =    3 (0.24)  levB =    7  mem = 0.00 MB
ABC: LUT = 22 : 2=5 22.7 %  3=7 31.8 %  4=10 45.5 %  Ave = 3.23
ABC: Warning: AIG with boxes has internal fanout in 0 complex flops and 2 carries.
ABC: + &write -n <abc-temp-dir>/output.aig 
ABC: + &verify 
ABC: Networks are equivalent.  Time =     0.01 sec
ABC: + time 
ABC: elapse: 0.02 seconds, total: 0.02 seconds

5.41.18.6. Executing AIGER frontend.
<suppressed ~133 debug messages>
Removed 75 unused cells and 286 unused wires.

5.41.18.7. Executing ABC9_OPS pass (helper functions for ABC9).
ABC RESULTS:              $lut cells:       26
ABC RESULTS:   \SB_DFFR_$abc9_byp cells:        8
ABC RESULTS:   \SB_DFFER_$abc9_byp cells:        5
ABC RESULTS:   \SB_DFFES_$abc9_byp cells:        9
ABC RESULTS:   $paramod$__ICE40_CARRY_WRAPPER\LUT=16'0110100110010110\I3_IS_CI=1'1 cells:        9
ABC RESULTS:           input signals:       26
ABC RESULTS:          output signals:       11
Removing temp directory.

5.41.19. Executing TECHMAP pass (map to technology primitives).

5.41.19.1. Executing Verilog-2005 frontend: C:\OSS-CA~1\OSS-CA~1\bin\../share/yosys/abc9_unmap.v
Parsing Verilog input from `C:\OSS-CA~1\OSS-CA~1\bin\../share/yosys/abc9_unmap.v' to AST representation.
Generating RTLIL representation for module `$__DFF_x__$abc9_flop'.
Generating RTLIL representation for module `$__ABC9_SCC_BREAKER'.
Successfully finished Verilog frontend.

5.41.19.2. Continuing TECHMAP pass.
Using template SB_DFFES_$abc9_byp for cells of type SB_DFFES_$abc9_byp.
Using template SB_DFFER_$abc9_byp for cells of type SB_DFFER_$abc9_byp.
Using template SB_DFFR_$abc9_byp for cells of type SB_DFFR_$abc9_byp.
Using template $paramod$__ICE40_CARRY_WRAPPER\LUT=16'0110100110010110\I3_IS_CI=1'1 for cells of type $paramod$__ICE40_CARRY_WRAPPER\LUT=16'0110100110010110\I3_IS_CI=1'1.
No more expansions possible.
<suppressed ~40 debug messages>

5.42. Executing ICE40_WRAPCARRY pass (wrap carries).

5.43. Executing TECHMAP pass (map to technology primitives).

5.43.1. Executing Verilog-2005 frontend: C:\OSS-CA~1\OSS-CA~1\bin\../share/yosys/ice40/ff_map.v
Parsing Verilog input from `C:\OSS-CA~1\OSS-CA~1\bin\../share/yosys/ice40/ff_map.v' to AST representation.
Generating RTLIL representation for module `$_DFF_N_'.
Generating RTLIL representation for module `$_DFF_P_'.
Generating RTLIL representation for module `$_DFFE_NP_'.
Generating RTLIL representation for module `$_DFFE_PP_'.
Generating RTLIL representation for module `$_DFF_NP0_'.
Generating RTLIL representation for module `$_DFF_NP1_'.
Generating RTLIL representation for module `$_DFF_PP0_'.
Generating RTLIL representation for module `$_DFF_PP1_'.
Generating RTLIL representation for module `$_DFFE_NP0P_'.
Generating RTLIL representation for module `$_DFFE_NP1P_'.
Generating RTLIL representation for module `$_DFFE_PP0P_'.
Generating RTLIL representation for module `$_DFFE_PP1P_'.
Generating RTLIL representation for module `$_SDFF_NP0_'.
Generating RTLIL representation for module `$_SDFF_NP1_'.
Generating RTLIL representation for module `$_SDFF_PP0_'.
Generating RTLIL representation for module `$_SDFF_PP1_'.
Generating RTLIL representation for module `$_SDFFCE_NP0P_'.
Generating RTLIL representation for module `$_SDFFCE_NP1P_'.
Generating RTLIL representation for module `$_SDFFCE_PP0P_'.
Generating RTLIL representation for module `$_SDFFCE_PP1P_'.
Successfully finished Verilog frontend.

5.43.2. Continuing TECHMAP pass.
No more expansions possible.
<suppressed ~22 debug messages>
Removed 13 unused cells and 533 unused wires.

5.44. Executing OPT_LUT pass (optimize LUTs).
Discovering LUTs.
Number of LUTs:       35
  1-LUT                4
  2-LUT                7
  3-LUT               14
  4-LUT               10
  with \SB_CARRY    (#0)    7
  with \SB_CARRY    (#1)    7

Eliminating LUTs.
Number of LUTs:       35
  1-LUT                4
  2-LUT                7
  3-LUT               14
  4-LUT               10
  with \SB_CARRY    (#0)    7
  with \SB_CARRY    (#1)    7

Combining LUTs.
Number of LUTs:       31
  1-LUT                4
  2-LUT                3
  3-LUT               10
  4-LUT               14
  with \SB_CARRY    (#0)    7
  with \SB_CARRY    (#1)    7

Eliminated 0 LUTs.
Combined 4 LUTs.
<suppressed ~166 debug messages>

5.45. Executing TECHMAP pass (map to technology primitives).

5.45.1. Executing Verilog-2005 frontend: C:\OSS-CA~1\OSS-CA~1\bin\../share/yosys/ice40/cells_map.v
Parsing Verilog input from `C:\OSS-CA~1\OSS-CA~1\bin\../share/yosys/ice40/cells_map.v' to AST representation.
Generating RTLIL representation for module `$lut'.
Successfully finished Verilog frontend.

5.45.2. Continuing TECHMAP pass.
Using template $paramod$fd904e9e35cfd343a9df248824bd3f1408724879$lut for cells of type $lut.
Using template $paramod$272652f6c6fbe9a75eff76e45cc7e2788835518b$lut for cells of type $lut.
Using template $paramod$6d6beead1425af15cf78b27fd9b11b41b5d4bce8$lut for cells of type $lut.
Using template $paramod$a59507d273cd827eb6c46c37820d50a1b717efdf$lut for cells of type $lut.
Using template $paramod$81222ef5610a5fda47edb055a14a06ce3f531e9d$lut for cells of type $lut.
Using template $paramod$110856bf697c7a158dbc358990e269a0288aaec9$lut for cells of type $lut.
Using template $paramod$lut\WIDTH=32'00000000000000000000000000000011\LUT=8'11111101 for cells of type $lut.
Using template $paramod$lut\WIDTH=32'00000000000000000000000000000010\LUT=4'1011 for cells of type $lut.
Using template $paramod$lut\WIDTH=32'00000000000000000000000000000010\LUT=4'1110 for cells of type $lut.
Using template $paramod$f9813472aa48e533b3838c6f2316dc2e78c66111$lut for cells of type $lut.
Using template $paramod$lut\WIDTH=32'00000000000000000000000000000011\LUT=8'00101110 for cells of type $lut.
Using template $paramod$lut\WIDTH=32'00000000000000000000000000000001\LUT=2'01 for cells of type $lut.
Using template $paramod$lut\WIDTH=32'00000000000000000000000000000011\LUT=8'11000100 for cells of type $lut.
Using template $paramod$lut\WIDTH=32'00000000000000000000000000000011\LUT=8'00001101 for cells of type $lut.
Using template $paramod$lut\WIDTH=32'00000000000000000000000000000011\LUT=8'11010000 for cells of type $lut.
No more expansions possible.
<suppressed ~229 debug messages>
Removed 0 unused cells and 68 unused wires.

5.46. Executing AUTONAME pass.
Renamed 98 objects in module uart_top (34 iterations).
<suppressed ~98 debug messages>

5.47. Executing HIERARCHY pass (managing design hierarchy).
Attribute `top' found on module `uart_top'. Setting top module to uart_top.

5.47.1. Analyzing design hierarchy..
Top module:  \uart_top

5.47.2. Analyzing design hierarchy..
Top module:  \uart_top
Removed 0 unused modules.

5.48. Printing statistics.

=== uart_top ===

        +----------Local Count, excluding submodules.
        | 
       56 wires
      153 wire bits
       56 public wires
      153 public wire bits
        6 ports
       13 port bits
        2 cells
        2   $scopeinfo
       60 submodules
        7   SB_CARRY
        5   SB_DFFER
        9   SB_DFFES
        8   SB_DFFR
       31   SB_LUT4

=== design hierarchy ===

        +----------Count including submodules.
        | 
        2 uart_top

        +----------Count including submodules.
        | 
       56 wires
      153 wire bits
       56 public wires
      153 public wire bits
        6 ports
       13 port bits
        - memories
        - memory bits
        - processes
        2 cells
        2   $scopeinfo
       60 submodules
        7   SB_CARRY
        5   SB_DFFER
        9   SB_DFFES
        8   SB_DFFR
       31   SB_LUT4

5.49. Executing CHECK pass (checking for obvious problems).
Checking module uart_top...
Found and reported 0 problems.

5.50. Executing JSON backend.

6. Printing statistics.

=== uart_top ===

        +----------Local Count, excluding submodules.
        | 
       56 wires
      153 wire bits
       56 public wires
      153 public wire bits
        6 ports
       13 port bits
       62 cells
        2   $scopeinfo
        7   SB_CARRY
        5   SB_DFFER
        9   SB_DFFES
        8   SB_DFFR
       31   SB_LUT4

End of script. Logfile hash: 9e191142e1
Yosys 0.64+68 (git sha1 413169663-dirty, x86_64-w64-mingw32-g++ 13.2.1 -O3)
Time spent: 1% 28x opt_expr (0 sec), 1% 25x read_verilog (0 sec), ...

--- STDERR ---
