
 /----------------------------------------------------------------------------\
 |  yosys -- Yosys Open SYnthesis Suite                                       |
 |  Copyright (C) 2012 - 2026  Claire Xenia Wolf <claire@yosyshq.com>         |
 |  Distributed under an ISC-like license, type "license" to see terms        |
 \----------------------------------------------------------------------------/
 Yosys 0.64+68 (git sha1 413169663-dirty, x86_64-w64-mingw32-g++ 13.2.1 -O3)

-- Executing script file `build.ys' --

1. Executing Verilog-2005 frontend: color_rom.v
Parsing Verilog input from `color_rom.v' to AST representation.
Generating RTLIL representation for module `\color_rom'.
Successfully finished Verilog frontend.

2. Executing Verilog-2005 frontend: gamma_lut.v
Parsing Verilog input from `gamma_lut.v' to AST representation.
Generating RTLIL representation for module `\gamma_lut'.
Successfully finished Verilog frontend.

3. Executing Verilog-2005 frontend: ws2812_top.v
Parsing Verilog input from `ws2812_top.v' to AST representation.
Generating RTLIL representation for module `\ws2812_top'.
ws2812_top.v:23: Warning: Identifier `\addr' is implicitly declared.
Successfully finished Verilog frontend.

4. Executing Verilog-2005 frontend: ws2812_tx.v
Parsing Verilog input from `ws2812_tx.v' to AST representation.
Generating RTLIL representation for module `\ws2812_tx'.
Successfully finished Verilog frontend.

5. Executing HIERARCHY pass (managing design hierarchy).

5.1. Analyzing design hierarchy..
Top module:  \ws2812_top
Used module:     \color_rom
Used module:     \ws2812_tx

5.2. Analyzing design hierarchy..
Top module:  \ws2812_top
Used module:     \color_rom
Used module:     \ws2812_tx
Removing unused module `\gamma_lut'.
Removed 1 unused modules.
Warning: Resizing cell port ws2812_top.rom_inst.addr from 1 bits to 8 bits.

6. Executing SYNTH_ICE40 pass.

6.1. Executing Verilog-2005 frontend: C:\OSS-CA~1\OSS-CA~1\bin\../share/yosys/ice40/cells_sim.v
Parsing Verilog input from `C:\OSS-CA~1\OSS-CA~1\bin\../share/yosys/ice40/cells_sim.v' to AST representation.
Generating RTLIL representation for module `\SB_IO'.
Generating RTLIL representation for module `\SB_GB_IO'.
Generating RTLIL representation for module `\SB_GB'.
Generating RTLIL representation for module `\SB_LUT4'.
Generating RTLIL representation for module `\SB_CARRY'.
Generating RTLIL representation for module `\SB_DFF'.
Generating RTLIL representation for module `\SB_DFFE'.
Generating RTLIL representation for module `\SB_DFFSR'.
Generating RTLIL representation for module `\SB_DFFR'.
Generating RTLIL representation for module `\SB_DFFSS'.
Generating RTLIL representation for module `\SB_DFFS'.
Generating RTLIL representation for module `\SB_DFFESR'.
Generating RTLIL representation for module `\SB_DFFER'.
Generating RTLIL representation for module `\SB_DFFESS'.
Generating RTLIL representation for module `\SB_DFFES'.
Generating RTLIL representation for module `\SB_DFFN'.
Generating RTLIL representation for module `\SB_DFFNE'.
Generating RTLIL representation for module `\SB_DFFNSR'.
Generating RTLIL representation for module `\SB_DFFNR'.
Generating RTLIL representation for module `\SB_DFFNSS'.
Generating RTLIL representation for module `\SB_DFFNS'.
Generating RTLIL representation for module `\SB_DFFNESR'.
Generating RTLIL representation for module `\SB_DFFNER'.
Generating RTLIL representation for module `\SB_DFFNESS'.
Generating RTLIL representation for module `\SB_DFFNES'.
Generating RTLIL representation for module `\SB_RAM40_4K'.
Generating RTLIL representation for module `\SB_RAM40_4KNR'.
Generating RTLIL representation for module `\SB_RAM40_4KNW'.
Generating RTLIL representation for module `\SB_RAM40_4KNRNW'.
Generating RTLIL representation for module `\ICESTORM_LC'.
Generating RTLIL representation for module `\SB_PLL40_CORE'.
Generating RTLIL representation for module `\SB_PLL40_PAD'.
Generating RTLIL representation for module `\SB_PLL40_2_PAD'.
Generating RTLIL representation for module `\SB_PLL40_2F_CORE'.
Generating RTLIL representation for module `\SB_PLL40_2F_PAD'.
Generating RTLIL representation for module `\SB_WARMBOOT'.
Generating RTLIL representation for module `\SB_SPRAM256KA'.
Generating RTLIL representation for module `\SB_HFOSC'.
Generating RTLIL representation for module `\SB_LFOSC'.
Generating RTLIL representation for module `\SB_RGBA_DRV'.
Generating RTLIL representation for module `\SB_LED_DRV_CUR'.
Generating RTLIL representation for module `\SB_RGB_DRV'.
Generating RTLIL representation for module `\SB_I2C'.
Generating RTLIL representation for module `\SB_SPI'.
Generating RTLIL representation for module `\SB_LEDDA_IP'.
Generating RTLIL representation for module `\SB_FILTER_50NS'.
Generating RTLIL representation for module `\SB_IO_I3C'.
Generating RTLIL representation for module `\SB_IO_OD'.
Generating RTLIL representation for module `\SB_MAC16'.
Generating RTLIL representation for module `\ICESTORM_RAM'.
Successfully finished Verilog frontend.

6.2. Executing HIERARCHY pass (managing design hierarchy).
Attribute `top' found on module `ws2812_top'. Setting top module to ws2812_top.

6.2.1. Analyzing design hierarchy..
Top module:  \ws2812_top
Used module:     \color_rom
Used module:     \ws2812_tx

6.2.2. Analyzing design hierarchy..
Top module:  \ws2812_top
Used module:     \color_rom
Used module:     \ws2812_tx
Removed 0 unused modules.

6.3. Executing PROC pass (convert processes to netlists).

6.3.1. Executing PROC_CLEAN pass (remove empty switches from decision trees).
Cleaned up 0 empty switches.

6.3.2. Executing PROC_RMDEAD pass (remove dead branches from decision trees).
Marked 1 switch rules as full_case in process $proc$ws2812_tx.v:48$35 in module ws2812_tx.
Marked 2 switch rules as full_case in process $proc$ws2812_tx.v:23$27 in module ws2812_tx.
Removed a total of 0 dead cases.

6.3.3. Executing PROC_PRUNE pass (remove redundant assignments in processes).
Removed 0 redundant assignments.
Promoted 8 assignments to connections.

6.3.4. Executing PROC_INIT pass (extract init attributes).

6.3.5. Executing PROC_ARST pass (detect async resets in processes).
Found async reset \rst_n in `\ws2812_tx.$proc$ws2812_tx.v:23$27'.

6.3.6. Executing PROC_ROM pass (convert switches to ROMs).
Converted 0 switches.
<suppressed ~5 debug messages>

6.3.7. Executing PROC_MUX pass (convert decision trees to multiplexers).
Creating decoders for process `\ws2812_tx.$proc$ws2812_tx.v:48$35'.
     1/1: $1\out_bit[0:0]
Creating decoders for process `\ws2812_tx.$proc$ws2812_tx.v:23$27'.
     1/4: $0\transmitting[0:0]
     2/4: $0\cycle_count[4:0]
     3/4: $0\bit_count[5:0]
     4/4: $0\color_shift[23:0]
Creating decoders for process `\color_rom.$proc$color_rom.v:13$15'.
Creating decoders for process `\color_rom.$proc$color_rom.v:22$7'.

6.3.8. Executing PROC_DLATCH pass (convert process syncs to latches).
No latch inferred for signal `\ws2812_tx.\out_bit' from process `\ws2812_tx.$proc$ws2812_tx.v:48$35'.
No latch inferred for signal `\color_rom.$memwr$\rom$color_rom.v:14$1_EN' from process `\color_rom.$proc$color_rom.v:13$15'.
No latch inferred for signal `\color_rom.$memwr$\rom$color_rom.v:15$2_EN' from process `\color_rom.$proc$color_rom.v:13$15'.
No latch inferred for signal `\color_rom.$memwr$\rom$color_rom.v:16$3_EN' from process `\color_rom.$proc$color_rom.v:13$15'.
No latch inferred for signal `\color_rom.$memwr$\rom$color_rom.v:17$4_EN' from process `\color_rom.$proc$color_rom.v:13$15'.
No latch inferred for signal `\color_rom.$memwr$\rom$color_rom.v:18$5_EN' from process `\color_rom.$proc$color_rom.v:13$15'.
No latch inferred for signal `\color_rom.$memwr$\rom$color_rom.v:19$6_EN' from process `\color_rom.$proc$color_rom.v:13$15'.

6.3.9. Executing PROC_DFF pass (convert process syncs to FFs).
Creating register for signal `\ws2812_tx.\color_shift' using process `\ws2812_tx.$proc$ws2812_tx.v:23$27'.
  created $dff cell `$procdff$457' with positive edge clock.
Creating register for signal `\ws2812_tx.\bit_count' using process `\ws2812_tx.$proc$ws2812_tx.v:23$27'.
  created $adff cell `$procdff$462' with positive edge clock and positive level reset.
Creating register for signal `\ws2812_tx.\cycle_count' using process `\ws2812_tx.$proc$ws2812_tx.v:23$27'.
  created $adff cell `$procdff$467' with positive edge clock and positive level reset.
Creating register for signal `\ws2812_tx.\transmitting' using process `\ws2812_tx.$proc$ws2812_tx.v:23$27'.
  created $adff cell `$procdff$472' with positive edge clock and positive level reset.
Creating register for signal `\color_rom.\color_reg' using process `\color_rom.$proc$color_rom.v:22$7'.
  created $dff cell `$procdff$473' with positive edge clock.

6.3.10. Executing PROC_MEMWR pass (convert process memory writes to cells).

6.3.11. Executing PROC_CLEAN pass (remove empty switches from decision trees).
Found and cleaned up 1 empty switch in `\ws2812_tx.$proc$ws2812_tx.v:48$35'.
Removing empty process `ws2812_tx.$proc$ws2812_tx.v:48$35'.
Found and cleaned up 4 empty switches in `\ws2812_tx.$proc$ws2812_tx.v:23$27'.
Removing empty process `ws2812_tx.$proc$ws2812_tx.v:23$27'.
Removing empty process `color_rom.$proc$color_rom.v:13$15'.
Removing empty process `color_rom.$proc$color_rom.v:22$7'.
Cleaned up 5 empty switches.

6.3.12. Executing OPT_EXPR pass (perform const folding).
Optimizing module ws2812_top.
Optimizing module ws2812_tx.
<suppressed ~8 debug messages>
Optimizing module color_rom.

6.4. Executing FLATTEN pass (flatten design).
Deleting now unused module ws2812_tx.
Deleting now unused module color_rom.
<suppressed ~2 debug messages>

6.5. Executing TRIBUF pass.

6.6. Executing DEMINOUT pass (demote inout ports to input or output).

6.7. Executing OPT_EXPR pass (perform const folding).
Optimizing module ws2812_top.
<suppressed ~5 debug messages>

6.8. Executing OPT_CLEAN pass (remove unused cells and wires).
Finding unused cells or wires in module \ws2812_top..
Removed 6 unused cells and 46 unused wires.
<suppressed ~7 debug messages>

6.9. Executing CHECK pass (checking for obvious problems).
Checking module ws2812_top...
Warning: Wire ws2812_top.\rom_inst.addr [0] is used but has no driver.
Found and reported 1 problems.

6.10. Executing OPT pass (performing simple optimizations).

6.10.1. Executing OPT_EXPR pass (perform const folding).
Optimizing module ws2812_top.

6.10.2. Executing OPT_MERGE pass (detect identical cells).
Finding identical cells in module `\ws2812_top'.
Computing hashes of 35 cells of `\ws2812_top'.
Finding duplicate cells in `\ws2812_top'.
Removed a total of 0 cells.

6.10.3. Executing OPT_MUXTREE pass (detect dead branches in mux trees).
Running muxtree optimizer on module \ws2812_top..
  Creating internal representation of mux trees.
  Evaluating internal representation of mux trees.
      Replacing known input bits on port A of cell $flatten\tx_inst.$procmux$425: \tx_inst.transmitting -> 1'0
      Replacing known input bits on port A of cell $flatten\tx_inst.$procmux$423: \tx_inst.transmitting -> 1'1
      Replacing known input bits on port A of cell $flatten\tx_inst.$procmux$421: \tx_inst.transmitting -> 1'1
  Analyzing evaluation results.
    dead port 2/2 on $mux $flatten\tx_inst.$procmux$425.
    dead port 2/2 on $mux $flatten\tx_inst.$procmux$432.
    dead port 2/2 on $mux $flatten\tx_inst.$procmux$439.
    dead port 2/2 on $mux $flatten\tx_inst.$procmux$446.
Removed 4 multiplexer ports.
<suppressed ~21 debug messages>

6.10.4. Executing OPT_REDUCE pass (consolidate $*mux and $reduce_* inputs).
  Optimizing cells in module \ws2812_top.
Performed a total of 0 changes.

6.10.5. Executing OPT_MERGE pass (detect identical cells).
Finding identical cells in module `\ws2812_top'.
Computing hashes of 31 cells of `\ws2812_top'.
Finding duplicate cells in `\ws2812_top'.
Removed a total of 0 cells.

6.10.6. Executing OPT_DFF pass (perform DFF optimizations).

6.10.7. Executing OPT_CLEAN pass (remove unused cells and wires).
Finding unused cells or wires in module \ws2812_top..
Removed 0 unused cells and 4 unused wires.
<suppressed ~1 debug messages>

6.10.8. Executing OPT_EXPR pass (perform const folding).
Optimizing module ws2812_top.

6.10.9. Rerunning OPT passes. (Maybe there is more to do..)

6.10.10. Executing OPT_MUXTREE pass (detect dead branches in mux trees).
Running muxtree optimizer on module \ws2812_top..
  Creating internal representation of mux trees.
  Evaluating internal representation of mux trees.
  Analyzing evaluation results.
Removed 0 multiplexer ports.
<suppressed ~17 debug messages>

6.10.11. Executing OPT_REDUCE pass (consolidate $*mux and $reduce_* inputs).
  Optimizing cells in module \ws2812_top.
Performed a total of 0 changes.

6.10.12. Executing OPT_MERGE pass (detect identical cells).
Finding identical cells in module `\ws2812_top'.
Computing hashes of 31 cells of `\ws2812_top'.
Finding duplicate cells in `\ws2812_top'.
Removed a total of 0 cells.

6.10.13. Executing OPT_DFF pass (perform DFF optimizations).

6.10.14. Executing OPT_CLEAN pass (remove unused cells and wires).
Finding unused cells or wires in module \ws2812_top..

6.10.15. Executing OPT_EXPR pass (perform const folding).
Optimizing module ws2812_top.

6.10.16. Finished fast OPT passes. (There is nothing left to do.)

6.11. Executing FSM pass (extract and optimize FSM).

6.11.1. Executing FSM_DETECT pass (finding FSMs in design).

6.11.2. Executing FSM_EXTRACT pass (extracting FSM from design).

6.11.3. Executing FSM_OPT pass (simple optimizations of FSMs).

6.11.4. Executing OPT_CLEAN pass (remove unused cells and wires).
Finding unused cells or wires in module \ws2812_top..

6.11.5. Executing FSM_OPT pass (simple optimizations of FSMs).

6.11.6. Executing FSM_RECODE pass (re-assigning FSM state encoding).

6.11.7. Executing FSM_INFO pass (dumping all available information on FSM cells).

6.11.8. Executing FSM_MAP pass (mapping FSMs to basic logic).

6.12. Executing OPT pass (performing simple optimizations).

6.12.1. Executing OPT_EXPR pass (perform const folding).
Optimizing module ws2812_top.

6.12.2. Executing OPT_MERGE pass (detect identical cells).
Finding identical cells in module `\ws2812_top'.
Computing hashes of 31 cells of `\ws2812_top'.
Finding duplicate cells in `\ws2812_top'.
Removed a total of 0 cells.

6.12.3. Executing OPT_MUXTREE pass (detect dead branches in mux trees).
Running muxtree optimizer on module \ws2812_top..
  Creating internal representation of mux trees.
  Evaluating internal representation of mux trees.
  Analyzing evaluation results.
Removed 0 multiplexer ports.
<suppressed ~17 debug messages>

6.12.4. Executing OPT_REDUCE pass (consolidate $*mux and $reduce_* inputs).
  Optimizing cells in module \ws2812_top.
Performed a total of 0 changes.

6.12.5. Executing OPT_MERGE pass (detect identical cells).
Finding identical cells in module `\ws2812_top'.
Computing hashes of 31 cells of `\ws2812_top'.
Finding duplicate cells in `\ws2812_top'.
Removed a total of 0 cells.

6.12.6. Executing OPT_DFF pass (perform DFF optimizations).
Adding EN signal on $flatten\tx_inst.$procdff$462 ($adff) from module ws2812_top (D = $flatten\tx_inst.$0\bit_count[5:0], Q = \tx_inst.bit_count).
Adding EN signal on $flatten\tx_inst.$procdff$457 ($dff) from module ws2812_top (D = $flatten\tx_inst.$0\color_shift[23:0], Q = \tx_inst.color_shift).

6.12.7. Executing OPT_CLEAN pass (remove unused cells and wires).
Finding unused cells or wires in module \ws2812_top..
Removed 1 unused cells and 1 unused wires.
<suppressed ~2 debug messages>

6.12.8. Executing OPT_EXPR pass (perform const folding).
Optimizing module ws2812_top.

6.12.9. Rerunning OPT passes. (Maybe there is more to do..)

6.12.10. Executing OPT_MUXTREE pass (detect dead branches in mux trees).
Running muxtree optimizer on module \ws2812_top..
  Creating internal representation of mux trees.
  Evaluating internal representation of mux trees.
  Analyzing evaluation results.
Removed 0 multiplexer ports.
<suppressed ~16 debug messages>

6.12.11. Executing OPT_REDUCE pass (consolidate $*mux and $reduce_* inputs).
  Optimizing cells in module \ws2812_top.
Performed a total of 0 changes.

6.12.12. Executing OPT_MERGE pass (detect identical cells).
Finding identical cells in module `\ws2812_top'.
Computing hashes of 33 cells of `\ws2812_top'.
Finding duplicate cells in `\ws2812_top'.
Computing hashes of 32 cells of `\ws2812_top'.
Finding duplicate cells in `\ws2812_top'.
<suppressed ~3 debug messages>
Removed a total of 1 cells.

6.12.13. Executing OPT_DFF pass (perform DFF optimizations).

6.12.14. Executing OPT_CLEAN pass (remove unused cells and wires).
Finding unused cells or wires in module \ws2812_top..
Removed 0 unused cells and 1 unused wires.
<suppressed ~1 debug messages>

6.12.15. Executing OPT_EXPR pass (perform const folding).
Optimizing module ws2812_top.

6.12.16. Rerunning OPT passes. (Maybe there is more to do..)

6.12.17. Executing OPT_MUXTREE pass (detect dead branches in mux trees).
Running muxtree optimizer on module \ws2812_top..
  Creating internal representation of mux trees.
  Evaluating internal representation of mux trees.
  Analyzing evaluation results.
Removed 0 multiplexer ports.
<suppressed ~16 debug messages>

6.12.18. Executing OPT_REDUCE pass (consolidate $*mux and $reduce_* inputs).
  Optimizing cells in module \ws2812_top.
Performed a total of 0 changes.

6.12.19. Executing OPT_MERGE pass (detect identical cells).
Finding identical cells in module `\ws2812_top'.
Computing hashes of 32 cells of `\ws2812_top'.
Finding duplicate cells in `\ws2812_top'.
Removed a total of 0 cells.

6.12.20. Executing OPT_DFF pass (perform DFF optimizations).

6.12.21. Executing OPT_CLEAN pass (remove unused cells and wires).
Finding unused cells or wires in module \ws2812_top..

6.12.22. Executing OPT_EXPR pass (perform const folding).
Optimizing module ws2812_top.

6.12.23. Finished fast OPT passes. (There is nothing left to do.)

6.13. Executing WREDUCE pass (reducing word size of cells).
Removed top 24 address bits (of 32) from memory init port ws2812_top.$flatten\rom_inst.$meminit$\rom$color_rom.v:18$13 (rom_inst.rom).
Removed top 24 address bits (of 32) from memory init port ws2812_top.$flatten\rom_inst.$meminit$\rom$color_rom.v:17$12 (rom_inst.rom).
Removed top 24 address bits (of 32) from memory init port ws2812_top.$flatten\rom_inst.$meminit$\rom$color_rom.v:16$11 (rom_inst.rom).
Removed top 24 address bits (of 32) from memory init port ws2812_top.$flatten\rom_inst.$meminit$\rom$color_rom.v:15$10 (rom_inst.rom).
Removed top 24 address bits (of 32) from memory init port ws2812_top.$flatten\rom_inst.$meminit$\rom$color_rom.v:14$9 (rom_inst.rom).
Removed top 24 address bits (of 32) from memory init port ws2812_top.$flatten\rom_inst.$meminit$\rom$color_rom.v:19$14 (rom_inst.rom).
Removed top 2 bits (of 5) from port B of cell ws2812_top.$flatten\tx_inst.$lt$ws2812_tx.v:49$36 ($lt).
Removed top 1 bits (of 6) from port B of cell ws2812_top.$flatten\tx_inst.$eq$ws2812_tx.v:41$34 ($eq).
Removed top 1 bits (of 5) from port B of cell ws2812_top.$flatten\tx_inst.$eq$ws2812_tx.v:36$32 ($eq).

6.14. Executing PEEPOPT pass (run peephole optimizers).

6.15. Executing OPT_CLEAN pass (remove unused cells and wires).
Finding unused cells or wires in module \ws2812_top..

6.16. Executing SHARE pass (SAT-based resource sharing).

6.17. Executing TECHMAP pass (map to technology primitives).

6.17.1. Executing Verilog-2005 frontend: C:\OSS-CA~1\OSS-CA~1\bin\../share/yosys/cmp2lut.v
Parsing Verilog input from `C:\OSS-CA~1\OSS-CA~1\bin\../share/yosys/cmp2lut.v' to AST representation.
Generating RTLIL representation for module `\_90_lut_cmp_'.
Successfully finished Verilog frontend.

6.17.2. Continuing TECHMAP pass.
No more expansions possible.
<suppressed ~36 debug messages>

6.18. Executing OPT_EXPR pass (perform const folding).
Optimizing module ws2812_top.

6.19. Executing OPT_CLEAN pass (remove unused cells and wires).
Finding unused cells or wires in module \ws2812_top..

6.20. Executing ALUMACC pass (create $alu and $macc cells).
Extracting $alu and $macc cells in module ws2812_top:
  creating $macc model for $flatten\tx_inst.$add$ws2812_tx.v:34$31 ($add).
  creating $macc model for $flatten\tx_inst.$add$ws2812_tx.v:38$33 ($add).
  creating $alu model for $macc $flatten\tx_inst.$add$ws2812_tx.v:38$33.
  creating $alu model for $macc $flatten\tx_inst.$add$ws2812_tx.v:34$31.
  creating $alu model for $flatten\tx_inst.$lt$ws2812_tx.v:49$36 ($lt): new $alu
  creating $alu cell for $flatten\tx_inst.$lt$ws2812_tx.v:49$36: $auto$alumacc.cc:512:replace_alu$486
  creating $alu cell for $flatten\tx_inst.$add$ws2812_tx.v:34$31: $auto$alumacc.cc:512:replace_alu$491
  creating $alu cell for $flatten\tx_inst.$add$ws2812_tx.v:38$33: $auto$alumacc.cc:512:replace_alu$494
  created 3 $alu and 0 $macc cells.

6.21. Executing OPT pass (performing simple optimizations).

6.21.1. Executing OPT_EXPR pass (perform const folding).
Optimizing module ws2812_top.
<suppressed ~1 debug messages>

6.21.2. Executing OPT_MERGE pass (detect identical cells).
Finding identical cells in module `\ws2812_top'.
Computing hashes of 33 cells of `\ws2812_top'.
Finding duplicate cells in `\ws2812_top'.
Removed a total of 0 cells.

6.21.3. Executing OPT_MUXTREE pass (detect dead branches in mux trees).
Running muxtree optimizer on module \ws2812_top..
  Creating internal representation of mux trees.
  Evaluating internal representation of mux trees.
  Analyzing evaluation results.
Removed 0 multiplexer ports.
<suppressed ~16 debug messages>

6.21.4. Executing OPT_REDUCE pass (consolidate $*mux and $reduce_* inputs).
  Optimizing cells in module \ws2812_top.
Performed a total of 0 changes.

6.21.5. Executing OPT_MERGE pass (detect identical cells).
Finding identical cells in module `\ws2812_top'.
Computing hashes of 33 cells of `\ws2812_top'.
Finding duplicate cells in `\ws2812_top'.
Removed a total of 0 cells.

6.21.6. Executing OPT_DFF pass (perform DFF optimizations).

6.21.7. Executing OPT_CLEAN pass (remove unused cells and wires).
Finding unused cells or wires in module \ws2812_top..
Removed 1 unused cells and 2 unused wires.
<suppressed ~2 debug messages>

6.21.8. Executing OPT_EXPR pass (perform const folding).
Optimizing module ws2812_top.

6.21.9. Rerunning OPT passes. (Maybe there is more to do..)

6.21.10. Executing OPT_MUXTREE pass (detect dead branches in mux trees).
Running muxtree optimizer on module \ws2812_top..
  Creating internal representation of mux trees.
  Evaluating internal representation of mux trees.
  Analyzing evaluation results.
Removed 0 multiplexer ports.
<suppressed ~16 debug messages>

6.21.11. Executing OPT_REDUCE pass (consolidate $*mux and $reduce_* inputs).
  Optimizing cells in module \ws2812_top.
Performed a total of 0 changes.

6.21.12. Executing OPT_MERGE pass (detect identical cells).
Finding identical cells in module `\ws2812_top'.
Computing hashes of 32 cells of `\ws2812_top'.
Finding duplicate cells in `\ws2812_top'.
Removed a total of 0 cells.

6.21.13. Executing OPT_DFF pass (perform DFF optimizations).

6.21.14. Executing OPT_CLEAN pass (remove unused cells and wires).
Finding unused cells or wires in module \ws2812_top..

6.21.15. Executing OPT_EXPR pass (perform const folding).
Optimizing module ws2812_top.

6.21.16. Finished fast OPT passes. (There is nothing left to do.)

6.22. Executing MEMORY pass.

6.22.1. Executing OPT_MEM pass (optimize memories).
Performed a total of 0 transformations.

6.22.2. Executing OPT_MEM_PRIORITY pass (removing unnecessary memory write priority relations).
Performed a total of 0 transformations.

6.22.3. Executing OPT_MEM_FEEDBACK pass (finding memory read-to-write feedback paths).

6.22.4. Executing MEMORY_BMUX2ROM pass (converting muxes to ROMs).

6.22.5. Executing MEMORY_DFF pass (merging $dff cells to $memrd).
Checking read port `\rom_inst.rom'[0] in module `\ws2812_top': merging output FF to cell.

6.22.6. Executing OPT_CLEAN pass (remove unused cells and wires).
Finding unused cells or wires in module \ws2812_top..
Removed 1 unused cells and 25 unused wires.
<suppressed ~2 debug messages>

6.22.7. Executing MEMORY_SHARE pass (consolidating $memrd/$memwr cells).

6.22.8. Executing OPT_MEM_WIDEN pass (optimize memories where all ports are wide).
Performed a total of 0 transformations.

6.22.9. Executing OPT_CLEAN pass (remove unused cells and wires).
Finding unused cells or wires in module \ws2812_top..

6.22.10. Executing MEMORY_COLLECT pass (generating $mem cells).

6.23. Executing OPT_CLEAN pass (remove unused cells and wires).
Finding unused cells or wires in module \ws2812_top..

6.24. Executing MEMORY_LIBMAP pass (mapping memories to cells).
mapping memory ws2812_top.rom_inst.rom via $__ICE40_RAM4K_
<suppressed ~52 debug messages>

6.25. Executing TECHMAP pass (map to technology primitives).

6.25.1. Executing Verilog-2005 frontend: C:\OSS-CA~1\OSS-CA~1\bin\../share/yosys/ice40/brams_map.v
Parsing Verilog input from `C:\OSS-CA~1\OSS-CA~1\bin\../share/yosys/ice40/brams_map.v' to AST representation.
Generating RTLIL representation for module `$__ICE40_RAM4K_'.
Successfully finished Verilog frontend.

6.25.2. Executing Verilog-2005 frontend: C:\OSS-CA~1\OSS-CA~1\bin\../share/yosys/ice40/spram_map.v
Parsing Verilog input from `C:\OSS-CA~1\OSS-CA~1\bin\../share/yosys/ice40/spram_map.v' to AST representation.
Generating RTLIL representation for module `$__ICE40_SPRAM_'.
Successfully finished Verilog frontend.

6.25.3. Continuing TECHMAP pass.
Using template $paramod$4f5b2ad06d61df7e84a7a280ce86178c6dfa157f$__ICE40_RAM4K_ for cells of type $__ICE40_RAM4K_.
Using template $paramod$9b7e158521a0305a1589bbda464ff6d2cdb3f67f$__ICE40_RAM4K_ for cells of type $__ICE40_RAM4K_.
No more expansions possible.
<suppressed ~48 debug messages>

6.26. Executing ICE40_BRAMINIT pass.

6.27. Executing OPT pass (performing simple optimizations).

6.27.1. Executing OPT_EXPR pass (perform const folding).
Optimizing module ws2812_top.
<suppressed ~32 debug messages>

6.27.2. Executing OPT_MERGE pass (detect identical cells).
Finding identical cells in module `\ws2812_top'.
Computing hashes of 26 cells of `\ws2812_top'.
Finding duplicate cells in `\ws2812_top'.
Removed a total of 0 cells.

6.27.3. Executing OPT_DFF pass (perform DFF optimizations).

6.27.4. Executing OPT_CLEAN pass (remove unused cells and wires).
Finding unused cells or wires in module \ws2812_top..
Removed 2 unused cells and 33 unused wires.
<suppressed ~3 debug messages>

6.27.5. Finished fast OPT passes.

6.28. Executing MEMORY_MAP pass (converting memories to logic and flip-flops).

6.29. Executing OPT pass (performing simple optimizations).

6.29.1. Executing OPT_EXPR pass (perform const folding).
Optimizing module ws2812_top.

6.29.2. Executing OPT_MERGE pass (detect identical cells).
Finding identical cells in module `\ws2812_top'.
Computing hashes of 24 cells of `\ws2812_top'.
Finding duplicate cells in `\ws2812_top'.
Removed a total of 0 cells.

6.29.3. Executing OPT_MUXTREE pass (detect dead branches in mux trees).
Running muxtree optimizer on module \ws2812_top..
  Creating internal representation of mux trees.
  Evaluating internal representation of mux trees.
  Analyzing evaluation results.
Removed 0 multiplexer ports.
<suppressed ~14 debug messages>

6.29.4. Executing OPT_REDUCE pass (consolidate $*mux and $reduce_* inputs).
  Optimizing cells in module \ws2812_top.
Performed a total of 0 changes.

6.29.5. Executing OPT_MERGE pass (detect identical cells).
Finding identical cells in module `\ws2812_top'.
Computing hashes of 24 cells of `\ws2812_top'.
Finding duplicate cells in `\ws2812_top'.
Removed a total of 0 cells.

6.29.6. Executing OPT_DFF pass (perform DFF optimizations).
Adding SRST signal on $auto$ff.cc:337:slice$479 ($dffe) from module ws2812_top (D = \rom_inst.color_reg [0], Q = \tx_inst.color_shift [0], rval = 1'0).

6.29.7. Executing OPT_CLEAN pass (remove unused cells and wires).
Finding unused cells or wires in module \ws2812_top..

6.29.8. Executing OPT_EXPR pass (perform const folding).
Optimizing module ws2812_top.

6.29.9. Rerunning OPT passes. (Maybe there is more to do..)

6.29.10. Executing OPT_MUXTREE pass (detect dead branches in mux trees).
Running muxtree optimizer on module \ws2812_top..
  Creating internal representation of mux trees.
  Evaluating internal representation of mux trees.
  Analyzing evaluation results.
Removed 0 multiplexer ports.
<suppressed ~14 debug messages>

6.29.11. Executing OPT_REDUCE pass (consolidate $*mux and $reduce_* inputs).
  Optimizing cells in module \ws2812_top.
Performed a total of 0 changes.

6.29.12. Executing OPT_MERGE pass (detect identical cells).
Finding identical cells in module `\ws2812_top'.
Computing hashes of 25 cells of `\ws2812_top'.
Finding duplicate cells in `\ws2812_top'.
Removed a total of 0 cells.

6.29.13. Executing OPT_DFF pass (perform DFF optimizations).

6.29.14. Executing OPT_CLEAN pass (remove unused cells and wires).
Finding unused cells or wires in module \ws2812_top..

6.29.15. Executing OPT_EXPR pass (perform const folding).
Optimizing module ws2812_top.

6.29.16. Finished fast OPT passes. (There is nothing left to do.)

6.30. Executing ICE40_WRAPCARRY pass (wrap carries).

6.31. Executing TECHMAP pass (map to technology primitives).

6.31.1. Executing Verilog-2005 frontend: C:\OSS-CA~1\OSS-CA~1\bin\../share/yosys/techmap.v
Parsing Verilog input from `C:\OSS-CA~1\OSS-CA~1\bin\../share/yosys/techmap.v' to AST representation.
Generating RTLIL representation for module `\_90_simplemap_bool_ops'.
Generating RTLIL representation for module `\_90_simplemap_reduce_ops'.
Generating RTLIL representation for module `\_90_simplemap_logic_ops'.
Generating RTLIL representation for module `\_90_simplemap_compare_ops'.
Generating RTLIL representation for module `\_90_simplemap_various'.
Generating RTLIL representation for module `\_90_simplemap_registers'.
Generating RTLIL representation for module `\_90_shift_ops_shr_shl_sshl_sshr'.
Generating RTLIL representation for module `\_90_shift_shiftx'.
Generating RTLIL representation for module `\_90_fa'.
Generating RTLIL representation for module `\_90_lcu_brent_kung'.
Generating RTLIL representation for module `\_90_alu'.
Generating RTLIL representation for module `\_90_macc'.
Generating RTLIL representation for module `\_90_alumacc'.
Generating RTLIL representation for module `$__div_mod_u'.
Generating RTLIL representation for module `$__div_mod_trunc'.
Generating RTLIL representation for module `\_90_div'.
Generating RTLIL representation for module `\_90_mod'.
Generating RTLIL representation for module `$__div_mod_floor'.
Generating RTLIL representation for module `\_90_divfloor'.
Generating RTLIL representation for module `\_90_modfloor'.
Generating RTLIL representation for module `\_90_pow'.
Generating RTLIL representation for module `\_90_pmux'.
Generating RTLIL representation for module `\_90_demux'.
Generating RTLIL representation for module `\_90_lut'.
Generating RTLIL representation for module `$connect'.
Generating RTLIL representation for module `$input_port'.
Successfully finished Verilog frontend.

6.31.2. Executing Verilog-2005 frontend: C:\OSS-CA~1\OSS-CA~1\bin\../share/yosys/ice40/arith_map.v
Parsing Verilog input from `C:\OSS-CA~1\OSS-CA~1\bin\../share/yosys/ice40/arith_map.v' to AST representation.
Generating RTLIL representation for module `\_80_ice40_alu'.
Successfully finished Verilog frontend.

6.31.3. Continuing TECHMAP pass.
Using extmapper simplemap for cells of type $dffe.
Using extmapper simplemap for cells of type $sdffce.
Using template $paramod$32efbfac1c4dc57230cf86180788fdfd12e3b511\_80_ice40_alu for cells of type $alu.
Using template $paramod$672a140277c71df8314410f22acc08d55222c3c7\_80_ice40_alu for cells of type $alu.
Using template $paramod$b8c0a997bce700f23568a5ada79cc6781d1f5ca0\_80_ice40_alu for cells of type $alu.
Using extmapper simplemap for cells of type $reduce_and.
Using extmapper simplemap for cells of type $ne.
Using extmapper simplemap for cells of type $adffe.
Using extmapper simplemap for cells of type $adff.
Using extmapper simplemap for cells of type $mux.
Using extmapper simplemap for cells of type $eq.
Using extmapper simplemap for cells of type $xor.
Using extmapper simplemap for cells of type $not.
Using extmapper simplemap for cells of type $pos.
No more expansions possible.
<suppressed ~170 debug messages>

6.32. Executing OPT pass (performing simple optimizations).

6.32.1. Executing OPT_EXPR pass (perform const folding).
Optimizing module ws2812_top.
<suppressed ~52 debug messages>

6.32.2. Executing OPT_MERGE pass (detect identical cells).
Finding identical cells in module `\ws2812_top'.
Computing hashes of 134 cells of `\ws2812_top'.
Finding duplicate cells in `\ws2812_top'.
Computing hashes of 123 cells of `\ws2812_top'.
Finding duplicate cells in `\ws2812_top'.
<suppressed ~33 debug messages>
Removed a total of 11 cells.

6.32.3. Executing OPT_DFF pass (perform DFF optimizations).

6.32.4. Executing OPT_CLEAN pass (remove unused cells and wires).
Finding unused cells or wires in module \ws2812_top..
Removed 6 unused cells and 61 unused wires.
<suppressed ~7 debug messages>

6.32.5. Finished fast OPT passes.

6.33. Executing ICE40_OPT pass (performing simple optimizations).

6.33.1. Running ICE40 specific optimizations.
Optimized $__ICE40_CARRY_WRAPPER cell back to logic (without SB_CARRY) ws2812_top.$auto$alumacc.cc:512:replace_alu$486.slice[0].carry: CO=\tx_inst.cycle_count [2]
Optimized $__ICE40_CARRY_WRAPPER cell back to logic (without SB_CARRY) ws2812_top.$auto$alumacc.cc:512:replace_alu$491.slice[0].carry: CO=\tx_inst.cycle_count [0]
Optimized $__ICE40_CARRY_WRAPPER cell back to logic (without SB_CARRY) ws2812_top.$auto$alumacc.cc:512:replace_alu$494.slice[0].carry: CO=\tx_inst.bit_count [0]

6.33.2. Executing OPT_EXPR pass (perform const folding).
Optimizing module ws2812_top.

6.33.3. Executing OPT_MERGE pass (detect identical cells).
Finding identical cells in module `\ws2812_top'.
Computing hashes of 117 cells of `\ws2812_top'.
Finding duplicate cells in `\ws2812_top'.
Removed a total of 0 cells.

6.33.4. Executing OPT_DFF pass (perform DFF optimizations).

6.33.5. Executing OPT_CLEAN pass (remove unused cells and wires).
Finding unused cells or wires in module \ws2812_top..
Removed 1 unused cells and 0 unused wires.
<suppressed ~1 debug messages>

6.33.6. Rerunning OPT passes. (Removed registers in this run.)

6.33.7. Running ICE40 specific optimizations.

6.33.8. Executing OPT_EXPR pass (perform const folding).
Optimizing module ws2812_top.

6.33.9. Executing OPT_MERGE pass (detect identical cells).
Finding identical cells in module `\ws2812_top'.
Computing hashes of 116 cells of `\ws2812_top'.
Finding duplicate cells in `\ws2812_top'.
Removed a total of 0 cells.

6.33.10. Executing OPT_DFF pass (perform DFF optimizations).

6.33.11. Executing OPT_CLEAN pass (remove unused cells and wires).
Finding unused cells or wires in module \ws2812_top..

6.33.12. Finished OPT passes. (There is nothing left to do.)

6.34. Executing DFFLEGALIZE pass (convert FFs to types supported by the target).

6.35. Executing TECHMAP pass (map to technology primitives).

6.35.1. Executing Verilog-2005 frontend: C:\OSS-CA~1\OSS-CA~1\bin\../share/yosys/ice40/ff_map.v
Parsing Verilog input from `C:\OSS-CA~1\OSS-CA~1\bin\../share/yosys/ice40/ff_map.v' to AST representation.
Generating RTLIL representation for module `$_DFF_N_'.
Generating RTLIL representation for module `$_DFF_P_'.
Generating RTLIL representation for module `$_DFFE_NP_'.
Generating RTLIL representation for module `$_DFFE_PP_'.
Generating RTLIL representation for module `$_DFF_NP0_'.
Generating RTLIL representation for module `$_DFF_NP1_'.
Generating RTLIL representation for module `$_DFF_PP0_'.
Generating RTLIL representation for module `$_DFF_PP1_'.
Generating RTLIL representation for module `$_DFFE_NP0P_'.
Generating RTLIL representation for module `$_DFFE_NP1P_'.
Generating RTLIL representation for module `$_DFFE_PP0P_'.
Generating RTLIL representation for module `$_DFFE_PP1P_'.
Generating RTLIL representation for module `$_SDFF_NP0_'.
Generating RTLIL representation for module `$_SDFF_NP1_'.
Generating RTLIL representation for module `$_SDFF_PP0_'.
Generating RTLIL representation for module `$_SDFF_PP1_'.
Generating RTLIL representation for module `$_SDFFCE_NP0P_'.
Generating RTLIL representation for module `$_SDFFCE_NP1P_'.
Generating RTLIL representation for module `$_SDFFCE_PP0P_'.
Generating RTLIL representation for module `$_SDFFCE_PP1P_'.
Successfully finished Verilog frontend.

6.35.2. Continuing TECHMAP pass.
Using template $_DFF_PP0_ for cells of type $_DFF_PP0_.
Using template $_DFFE_PP0P_ for cells of type $_DFFE_PP0P_.
Using template $_SDFFCE_PP0P_ for cells of type $_SDFFCE_PP0P_.
Using template $_DFFE_PP_ for cells of type $_DFFE_PP_.
No more expansions possible.
<suppressed ~58 debug messages>

6.36. Executing OPT_EXPR pass (perform const folding).
Optimizing module ws2812_top.

6.37. Executing SIMPLEMAP pass (map simple cells to gate primitives).
Mapping ws2812_top.$auto$alumacc.cc:512:replace_alu$491.slice[0].carry ($lut).
Mapping ws2812_top.$auto$alumacc.cc:512:replace_alu$494.slice[0].carry ($lut).

6.38. Executing ICE40_OPT pass (performing simple optimizations).

6.38.1. Running ICE40 specific optimizations.

6.38.2. Executing OPT_EXPR pass (perform const folding).
Optimizing module ws2812_top.
<suppressed ~46 debug messages>

6.38.3. Executing OPT_MERGE pass (detect identical cells).
Finding identical cells in module `\ws2812_top'.
Computing hashes of 128 cells of `\ws2812_top'.
Finding duplicate cells in `\ws2812_top'.
Computing hashes of 115 cells of `\ws2812_top'.
Finding duplicate cells in `\ws2812_top'.
<suppressed ~39 debug messages>
Removed a total of 13 cells.

6.38.4. Executing OPT_DFF pass (perform DFF optimizations).

6.38.5. Executing OPT_CLEAN pass (remove unused cells and wires).
Finding unused cells or wires in module \ws2812_top..
Removed 0 unused cells and 206 unused wires.
<suppressed ~1 debug messages>

6.38.6. Rerunning OPT passes. (Removed registers in this run.)

6.38.7. Running ICE40 specific optimizations.

6.38.8. Executing OPT_EXPR pass (perform const folding).
Optimizing module ws2812_top.

6.38.9. Executing OPT_MERGE pass (detect identical cells).
Finding identical cells in module `\ws2812_top'.
Computing hashes of 115 cells of `\ws2812_top'.
Finding duplicate cells in `\ws2812_top'.
Removed a total of 0 cells.

6.38.10. Executing OPT_DFF pass (perform DFF optimizations).

6.38.11. Executing OPT_CLEAN pass (remove unused cells and wires).
Finding unused cells or wires in module \ws2812_top..

6.38.12. Finished OPT passes. (There is nothing left to do.)

6.39. Executing TECHMAP pass (map to technology primitives).

6.39.1. Executing Verilog-2005 frontend: C:\OSS-CA~1\OSS-CA~1\bin\../share/yosys/ice40/latches_map.v
Parsing Verilog input from `C:\OSS-CA~1\OSS-CA~1\bin\../share/yosys/ice40/latches_map.v' to AST representation.
Generating RTLIL representation for module `$_DLATCH_N_'.
Generating RTLIL representation for module `$_DLATCH_P_'.
Successfully finished Verilog frontend.

6.39.2. Continuing TECHMAP pass.
No more expansions possible.
<suppressed ~4 debug messages>

6.40. Executing Verilog-2005 frontend: C:\OSS-CA~1\OSS-CA~1\bin\../share/yosys/ice40/abc9_model.v
Parsing Verilog input from `C:\OSS-CA~1\OSS-CA~1\bin\../share/yosys/ice40/abc9_model.v' to AST representation.
Generating RTLIL representation for module `$__ICE40_CARRY_WRAPPER'.
Successfully finished Verilog frontend.

6.41. Executing ABC9 pass.

6.41.1. Executing ABC9_OPS pass (helper functions for ABC9).

6.41.2. Executing ABC9_OPS pass (helper functions for ABC9).

6.41.3. Executing PROC pass (convert processes to netlists).

6.41.3.1. Executing PROC_CLEAN pass (remove empty switches from decision trees).
Cleaned up 0 empty switches.

6.41.3.2. Executing PROC_RMDEAD pass (remove dead branches from decision trees).
Marked 1 switch rules as full_case in process $proc$C:\OSS-CA~1\OSS-CA~1\bin\../share/yosys/ice40/cells_sim.v:662$229 in module SB_DFFER.
Removed a total of 0 dead cases.

6.41.3.3. Executing PROC_PRUNE pass (remove redundant assignments in processes).
Removed 0 redundant assignments.
Promoted 1 assignment to connection.

6.41.3.4. Executing PROC_INIT pass (extract init attributes).
Found init rule in `\SB_DFFER.$proc$C:\OSS-CA~1\OSS-CA~1\bin\../share/yosys/ice40/cells_sim.v:660$232'.
  Set init value: \Q = 1'0

6.41.3.5. Executing PROC_ARST pass (detect async resets in processes).
Found async reset \R in `\SB_DFFER.$proc$C:\OSS-CA~1\OSS-CA~1\bin\../share/yosys/ice40/cells_sim.v:662$229'.

6.41.3.6. Executing PROC_ROM pass (convert switches to ROMs).
Converted 0 switches.
<suppressed ~1 debug messages>

6.41.3.7. Executing PROC_MUX pass (convert decision trees to multiplexers).
Creating decoders for process `\SB_DFFER.$proc$C:\OSS-CA~1\OSS-CA~1\bin\../share/yosys/ice40/cells_sim.v:660$232'.
Creating decoders for process `\SB_DFFER.$proc$C:\OSS-CA~1\OSS-CA~1\bin\../share/yosys/ice40/cells_sim.v:662$229'.
     1/1: $0\Q[0:0]

6.41.3.8. Executing PROC_DLATCH pass (convert process syncs to latches).

6.41.3.9. Executing PROC_DFF pass (convert process syncs to FFs).
Creating register for signal `\SB_DFFER.\Q' using process `\SB_DFFER.$proc$C:\OSS-CA~1\OSS-CA~1\bin\../share/yosys/ice40/cells_sim.v:662$229'.
  created $adff cell `$procdff$982' with positive edge clock and positive level reset.

6.41.3.10. Executing PROC_MEMWR pass (convert process memory writes to cells).

6.41.3.11. Executing PROC_CLEAN pass (remove empty switches from decision trees).
Removing empty process `SB_DFFER.$proc$C:\OSS-CA~1\OSS-CA~1\bin\../share/yosys/ice40/cells_sim.v:660$232'.
Found and cleaned up 1 empty switch in `\SB_DFFER.$proc$C:\OSS-CA~1\OSS-CA~1\bin\../share/yosys/ice40/cells_sim.v:662$229'.
Removing empty process `SB_DFFER.$proc$C:\OSS-CA~1\OSS-CA~1\bin\../share/yosys/ice40/cells_sim.v:662$229'.
Cleaned up 1 empty switch.

6.41.4. Executing PROC pass (convert processes to netlists).

6.41.4.1. Executing PROC_CLEAN pass (remove empty switches from decision trees).
Cleaned up 0 empty switches.

6.41.4.2. Executing PROC_RMDEAD pass (remove dead branches from decision trees).
Marked 1 switch rules as full_case in process $proc$C:\OSS-CA~1\OSS-CA~1\bin\../share/yosys/ice40/cells_sim.v:406$213 in module SB_DFFR.
Removed a total of 0 dead cases.

6.41.4.3. Executing PROC_PRUNE pass (remove redundant assignments in processes).
Removed 1 redundant assignment.
Promoted 1 assignment to connection.

6.41.4.4. Executing PROC_INIT pass (extract init attributes).
Found init rule in `\SB_DFFR.$proc$C:\OSS-CA~1\OSS-CA~1\bin\../share/yosys/ice40/cells_sim.v:404$215'.
  Set init value: \Q = 1'0

6.41.4.5. Executing PROC_ARST pass (detect async resets in processes).
Found async reset \R in `\SB_DFFR.$proc$C:\OSS-CA~1\OSS-CA~1\bin\../share/yosys/ice40/cells_sim.v:406$213'.

6.41.4.6. Executing PROC_ROM pass (convert switches to ROMs).
Converted 0 switches.

6.41.4.7. Executing PROC_MUX pass (convert decision trees to multiplexers).
Creating decoders for process `\SB_DFFR.$proc$C:\OSS-CA~1\OSS-CA~1\bin\../share/yosys/ice40/cells_sim.v:404$215'.
Creating decoders for process `\SB_DFFR.$proc$C:\OSS-CA~1\OSS-CA~1\bin\../share/yosys/ice40/cells_sim.v:406$213'.
     1/1: $0\Q[0:0]

6.41.4.8. Executing PROC_DLATCH pass (convert process syncs to latches).

6.41.4.9. Executing PROC_DFF pass (convert process syncs to FFs).
Creating register for signal `\SB_DFFR.\Q' using process `\SB_DFFR.$proc$C:\OSS-CA~1\OSS-CA~1\bin\../share/yosys/ice40/cells_sim.v:406$213'.
  created $adff cell `$procdff$985' with positive edge clock and positive level reset.

6.41.4.10. Executing PROC_MEMWR pass (convert process memory writes to cells).

6.41.4.11. Executing PROC_CLEAN pass (remove empty switches from decision trees).
Removing empty process `SB_DFFR.$proc$C:\OSS-CA~1\OSS-CA~1\bin\../share/yosys/ice40/cells_sim.v:404$215'.
Removing empty process `SB_DFFR.$proc$C:\OSS-CA~1\OSS-CA~1\bin\../share/yosys/ice40/cells_sim.v:406$213'.
Cleaned up 0 empty switches.

6.41.5. Executing SCC pass (detecting logic loops).
Found 0 SCCs in module ws2812_top.
Found 0 SCCs.

6.41.6. Executing ABC9_OPS pass (helper functions for ABC9).

6.41.7. Executing TECHMAP pass (map to technology primitives).

6.41.7.1. Executing Verilog-2005 frontend: C:\OSS-CA~1\OSS-CA~1\bin\../share/yosys/techmap.v
Parsing Verilog input from `C:\OSS-CA~1\OSS-CA~1\bin\../share/yosys/techmap.v' to AST representation.
Generating RTLIL representation for module `\_90_simplemap_bool_ops'.
Generating RTLIL representation for module `\_90_simplemap_reduce_ops'.
Generating RTLIL representation for module `\_90_simplemap_logic_ops'.
Generating RTLIL representation for module `\_90_simplemap_compare_ops'.
Generating RTLIL representation for module `\_90_simplemap_various'.
Generating RTLIL representation for module `\_90_simplemap_registers'.
Generating RTLIL representation for module `\_90_shift_ops_shr_shl_sshl_sshr'.
Generating RTLIL representation for module `\_90_shift_shiftx'.
Generating RTLIL representation for module `\_90_fa'.
Generating RTLIL representation for module `\_90_lcu_brent_kung'.
Generating RTLIL representation for module `\_90_alu'.
Generating RTLIL representation for module `\_90_macc'.
Generating RTLIL representation for module `\_90_alumacc'.
Generating RTLIL representation for module `$__div_mod_u'.
Generating RTLIL representation for module `$__div_mod_trunc'.
Generating RTLIL representation for module `\_90_div'.
Generating RTLIL representation for module `\_90_mod'.
Generating RTLIL representation for module `$__div_mod_floor'.
Generating RTLIL representation for module `\_90_divfloor'.
Generating RTLIL representation for module `\_90_modfloor'.
Generating RTLIL representation for module `\_90_pow'.
Generating RTLIL representation for module `\_90_pmux'.
Generating RTLIL representation for module `\_90_demux'.
Generating RTLIL representation for module `\_90_lut'.
Generating RTLIL representation for module `$connect'.
Generating RTLIL representation for module `$input_port'.
Successfully finished Verilog frontend.

6.41.7.2. Continuing TECHMAP pass.
No more expansions possible.
<suppressed ~134 debug messages>

6.41.8. Executing OPT pass (performing simple optimizations).

6.41.8.1. Executing OPT_EXPR pass (perform const folding).
Optimizing module SB_DFFER.
Optimizing module SB_DFFR.

6.41.8.2. Executing OPT_MERGE pass (detect identical cells).
Finding identical cells in module `\SB_DFFER'.
Computing hashes of 2 cells of `\SB_DFFER'.
Finding duplicate cells in `\SB_DFFER'.
Finding identical cells in module `\SB_DFFR'.
Computing hashes of 2 cells of `\SB_DFFR'.
Finding duplicate cells in `\SB_DFFR'.
Removed a total of 0 cells.

6.41.8.3. Executing OPT_MUXTREE pass (detect dead branches in mux trees).
Running muxtree optimizer on module \SB_DFFER..
  Creating internal representation of mux trees.
  No muxes found in this module.
Running muxtree optimizer on module \SB_DFFR..
  Creating internal representation of mux trees.
  No muxes found in this module.
Removed 0 multiplexer ports.

6.41.8.4. Executing OPT_REDUCE pass (consolidate $*mux and $reduce_* inputs).
  Optimizing cells in module \SB_DFFER.
  Optimizing cells in module \SB_DFFR.
Performed a total of 0 changes.

6.41.8.5. Executing OPT_MERGE pass (detect identical cells).
Finding identical cells in module `\SB_DFFER'.
Computing hashes of 2 cells of `\SB_DFFER'.
Finding duplicate cells in `\SB_DFFER'.
Finding identical cells in module `\SB_DFFR'.
Computing hashes of 2 cells of `\SB_DFFR'.
Finding duplicate cells in `\SB_DFFR'.
Removed a total of 0 cells.

6.41.8.6. Executing OPT_DFF pass (perform DFF optimizations).

6.41.8.7. Executing OPT_CLEAN pass (remove unused cells and wires).
Finding unused cells or wires in module \SB_DFFER..
Finding unused cells or wires in module \SB_DFFR..

6.41.8.8. Executing OPT_EXPR pass (perform const folding).
Optimizing module SB_DFFER.
Optimizing module SB_DFFR.

6.41.8.9. Finished fast OPT passes. (There is nothing left to do.)

6.41.9. Executing TECHMAP pass (map to technology primitives).

6.41.9.1. Executing Verilog-2005 frontend: C:\OSS-CA~1\OSS-CA~1\bin\../share/yosys/abc9_map.v
Parsing Verilog input from `C:\OSS-CA~1\OSS-CA~1\bin\../share/yosys/abc9_map.v' to AST representation.
Successfully finished Verilog frontend.

6.41.9.2. Continuing TECHMAP pass.
Using template SB_DFFR for cells of type SB_DFFR.
Using template SB_DFFER for cells of type SB_DFFER.
No more expansions possible.
<suppressed ~16 debug messages>

6.41.10. Executing Verilog-2005 frontend: C:\OSS-CA~1\OSS-CA~1\bin\../share/yosys/abc9_model.v
Parsing Verilog input from `C:\OSS-CA~1\OSS-CA~1\bin\../share/yosys/abc9_model.v' to AST representation.
Generating RTLIL representation for module `$__ABC9_DELAY'.
Generating RTLIL representation for module `$__ABC9_SCC_BREAKER'.
Generating RTLIL representation for module `$__DFF_N__$abc9_flop'.
Generating RTLIL representation for module `$__DFF_P__$abc9_flop'.
Successfully finished Verilog frontend.

6.41.11. Executing ABC9_OPS pass (helper functions for ABC9).
<suppressed ~143 debug messages>

6.41.12. Executing ABC9_OPS pass (helper functions for ABC9).

6.41.13. Executing ABC9_OPS pass (helper functions for ABC9).
<suppressed ~2 debug messages>

6.41.14. Executing TECHMAP pass (map to technology primitives).

6.41.14.1. Executing Verilog-2005 frontend: C:\OSS-CA~1\OSS-CA~1\bin\../share/yosys/techmap.v
Parsing Verilog input from `C:\OSS-CA~1\OSS-CA~1\bin\../share/yosys/techmap.v' to AST representation.
Generating RTLIL representation for module `\_90_simplemap_bool_ops'.
Generating RTLIL representation for module `\_90_simplemap_reduce_ops'.
Generating RTLIL representation for module `\_90_simplemap_logic_ops'.
Generating RTLIL representation for module `\_90_simplemap_compare_ops'.
Generating RTLIL representation for module `\_90_simplemap_various'.
Generating RTLIL representation for module `\_90_simplemap_registers'.
Generating RTLIL representation for module `\_90_shift_ops_shr_shl_sshl_sshr'.
Generating RTLIL representation for module `\_90_shift_shiftx'.
Generating RTLIL representation for module `\_90_fa'.
Generating RTLIL representation for module `\_90_lcu_brent_kung'.
Generating RTLIL representation for module `\_90_alu'.
Generating RTLIL representation for module `\_90_macc'.
Generating RTLIL representation for module `\_90_alumacc'.
Generating RTLIL representation for module `$__div_mod_u'.
Generating RTLIL representation for module `$__div_mod_trunc'.
Generating RTLIL representation for module `\_90_div'.
Generating RTLIL representation for module `\_90_mod'.
Generating RTLIL representation for module `$__div_mod_floor'.
Generating RTLIL representation for module `\_90_divfloor'.
Generating RTLIL representation for module `\_90_modfloor'.
Generating RTLIL representation for module `\_90_pow'.
Generating RTLIL representation for module `\_90_pmux'.
Generating RTLIL representation for module `\_90_demux'.
Generating RTLIL representation for module `\_90_lut'.
Generating RTLIL representation for module `$connect'.
Generating RTLIL representation for module `$input_port'.
Successfully finished Verilog frontend.

6.41.14.2. Continuing TECHMAP pass.
Using template $paramod$__ICE40_CARRY_WRAPPER\LUT=16'0110100110010110\I3_IS_CI=1'1 for cells of type $paramod$__ICE40_CARRY_WRAPPER\LUT=16'0110100110010110\I3_IS_CI=1'1.
Using template $paramod\SB_LUT4\LUT_INIT=16'0110100110010110 for cells of type SB_LUT4.
Using template SB_CARRY for cells of type SB_CARRY.
Using extmapper simplemap for cells of type $mux.
Using extmapper simplemap for cells of type $logic_and.
Using extmapper simplemap for cells of type $logic_or.
No more expansions possible.
<suppressed ~161 debug messages>

6.41.15. Executing OPT pass (performing simple optimizations).

6.41.15.1. Executing OPT_EXPR pass (perform const folding).
Optimizing module ws2812_top.
<suppressed ~4 debug messages>

6.41.15.2. Executing OPT_MERGE pass (detect identical cells).
Finding identical cells in module `\ws2812_top'.
Computing hashes of 30 cells of `\ws2812_top'.
Finding duplicate cells in `\ws2812_top'.
Computing hashes of 20 cells of `\ws2812_top'.
Finding duplicate cells in `\ws2812_top'.
Computing hashes of 18 cells of `\ws2812_top'.
Finding duplicate cells in `\ws2812_top'.
<suppressed ~29 debug messages>
Removed a total of 12 cells.

6.41.15.3. Executing OPT_MUXTREE pass (detect dead branches in mux trees).
Running muxtree optimizer on module \ws2812_top..
  Creating internal representation of mux trees.
  No muxes found in this module.
Removed 0 multiplexer ports.

6.41.15.4. Executing OPT_REDUCE pass (consolidate $*mux and $reduce_* inputs).
  Optimizing cells in module \ws2812_top.
Performed a total of 0 changes.

6.41.15.5. Executing OPT_MERGE pass (detect identical cells).
Finding identical cells in module `\ws2812_top'.
Computing hashes of 18 cells of `\ws2812_top'.
Finding duplicate cells in `\ws2812_top'.
Removed a total of 0 cells.

6.41.15.6. Executing OPT_DFF pass (perform DFF optimizations).

6.41.15.7. Executing OPT_CLEAN pass (remove unused cells and wires).
Finding unused cells or wires in module \ws2812_top..
Removed 0 unused cells and 24 unused wires.
<suppressed ~1 debug messages>

6.41.15.8. Executing OPT_EXPR pass (perform const folding).
Optimizing module ws2812_top.

6.41.15.9. Rerunning OPT passes. (Maybe there is more to do..)

6.41.15.10. Executing OPT_MUXTREE pass (detect dead branches in mux trees).
Running muxtree optimizer on module \ws2812_top..
  Creating internal representation of mux trees.
  No muxes found in this module.
Removed 0 multiplexer ports.

6.41.15.11. Executing OPT_REDUCE pass (consolidate $*mux and $reduce_* inputs).
  Optimizing cells in module \ws2812_top.
Performed a total of 0 changes.

6.41.15.12. Executing OPT_MERGE pass (detect identical cells).
Finding identical cells in module `\ws2812_top'.
Computing hashes of 18 cells of `\ws2812_top'.
Finding duplicate cells in `\ws2812_top'.
Removed a total of 0 cells.

6.41.15.13. Executing OPT_DFF pass (perform DFF optimizations).

6.41.15.14. Executing OPT_CLEAN pass (remove unused cells and wires).
Finding unused cells or wires in module \ws2812_top..

6.41.15.15. Executing OPT_EXPR pass (perform const folding).
Optimizing module ws2812_top.

6.41.15.16. Finished fast OPT passes. (There is nothing left to do.)

6.41.16. Executing AIGMAP pass (map logic to AIG).
Module ws2812_top: replaced 7 cells with 43 new cells, skipped 11 cells.
  replaced 2 cell types:
       5 $_MUX_
       2 $_OR_
  not replaced 3 cell types:
       2 $_AND_
       1 $_NOT_
       8 $specify2

6.41.17. Executing AIGMAP pass (map logic to AIG).
Module ws2812_top: replaced 36 cells with 219 new cells, skipped 232 cells.
  replaced 2 cell types:
      25 $_MUX_
      11 $_OR_
  not replaced 20 cell types:
      18 $_AND_
      10 $_NOT_
       2 $scopeinfo
      23 SB_DFFE
       6 SB_DFFR
       1 SB_DFFESR
       6 SB_DFFER
       2 $paramod$__ABC9_DELAY\DELAY=32'00000000000000000000000010000101
      32 $paramod$__ABC9_DELAY\DELAY=32'00000000000000000000000010100001
      22 $paramod$__ABC9_DELAY\DELAY=32'00000000000000000000000011100000
       2 $paramod$__ABC9_DELAY\DELAY=32'00000000000000000000000001100010
       4 $paramod$__ABC9_DELAY\DELAY=32'00000000000000000000000100001011
      32 $paramod$__ABC9_DELAY\DELAY=32'00000000000000000000000100010010
      23 $paramod$__ABC9_DELAY\DELAY=32'00000000000000000000000011001011
      24 $paramod$__ABC9_DELAY\DELAY=32'00000000000000000000000000010101
       6 SB_DFFR_$abc9_byp
       6 SB_DFFER_$abc9_byp
       1 $paramod$7c7bcb32b66176d429097ac3042a848e0339e515\SB_RAM40_4K
       1 $paramod$5d26b19a70281700a6958e65ba2798cf66fab7b8\SB_RAM40_4K
      11 $paramod$__ICE40_CARRY_WRAPPER\LUT=16'0110100110010110\I3_IS_CI=1'1

6.41.17.1. Executing ABC9_OPS pass (helper functions for ABC9).

6.41.17.2. Executing ABC9_OPS pass (helper functions for ABC9).

6.41.17.3. Executing XAIGER backend.
<suppressed ~79 debug messages>
Extracted 104 AND gates and 512 wires from module `ws2812_top' to a netlist network with 62 inputs and 157 outputs.

6.41.17.4. Executing ABC9_EXE pass (technology mapping using ABC9).

6.41.17.5. Executing ABC9.
Running ABC command: "<yosys-exe-dir>/yosys-abc" -s -f <abc-temp-dir>/abc.script 2>&1
ABC: ======== ABC command line "source <abc-temp-dir>/abc.script"
ABC: + read_lut <abc-temp-dir>/input.lut 
ABC: + read_box <abc-temp-dir>/input.box 
ABC: + &read <abc-temp-dir>/input.xaig 
ABC: + &ps 
ABC: <abc-temp-dir>/input : i/o =     62/    157  and =     101  lev =    6 (   0.25)  mem = 0.01 MB  box = 164  bb = 153
ABC: Warning: AIG with boxes has internal fanout in 0 complex flops and 4 carries.
ABC: + &scorr 
ABC: Warning: The network is combinational.
ABC: + &sweep 
ABC: + &dc2 
ABC: + &dch -f -r 
ABC: + &ps 
ABC: <abc-temp-dir>/input : i/o =     62/    157  and =     169  lev =    5 (   0.21)  mem = 0.01 MB  ch =   25  box = 164  bb = 153
ABC: cst =       0  cls =     25  lit =      25  unused =     356  proof =     0
ABC: Warning: AIG with boxes has internal fanout in 0 complex flops and 4 carries.
ABC: + &if -W 250 -v 
ABC: K = 4. Memory (bytes): Truth =    0. Cut =   64. Obj =  144. Set =  672. CutMin = no
ABC: Node =     169.  Ch =    25.  Total mem =    0.12 MB. Peak cut mem =    0.00 MB.
ABC: P:  Del = 2090.00.  Ar =      42.0.  Edge =      122.  Cut =      353.  T =     0.00 sec
ABC: P:  Del = 2090.00.  Ar =      42.0.  Edge =      122.  Cut =      349.  T =     0.00 sec
ABC: P:  Del = 2926.00.  Ar =      42.0.  Edge =      114.  Cut =      349.  T =     0.00 sec
ABC: F:  Del = 2947.00.  Ar =      42.0.  Edge =      114.  Cut =      353.  T =     0.00 sec
ABC: A:  Del = 2947.00.  Ar =      42.0.  Edge =      114.  Cut =      353.  T =     0.00 sec
ABC: A:  Del = 2947.00.  Ar =      42.0.  Edge =      114.  Cut =      353.  T =     0.00 sec
ABC: Total time =     0.00 sec
ABC: + &write -n <abc-temp-dir>/output.aig 
ABC: + &mfs 
ABC: The network is not changed by "&mfs".
ABC: + &ps -l 
ABC: <abc-temp-dir>/input : i/o =     62/    157  and =      95  lev =    5 (   0.21)  mem = 0.01 MB  box = 164  bb = 153
ABC: Mapping (K=4)  :  lut =     42  edge =     114  lev =    4 (0.14)  levB =    7  mem = 0.00 MB
ABC: LUT = 42 : 2=14 33.3 %  3=26 61.9 %  4=2 4.8 %  Ave = 2.71
ABC: Warning: AIG with boxes has internal fanout in 0 complex flops and 4 carries.
ABC: + &write -n <abc-temp-dir>/output.aig 
ABC: + &verify 
ABC: Networks are equivalent.  Time =     0.01 sec
ABC: + time 
ABC: elapse: 0.02 seconds, total: 0.02 seconds

6.41.17.6. Executing AIGER frontend.
<suppressed ~449 debug messages>
Removed 108 unused cells and 734 unused wires.

6.41.17.7. Executing ABC9_OPS pass (helper functions for ABC9).
ABC RESULTS:              $lut cells:       43
ABC RESULTS:   \SB_DFFR_$abc9_byp cells:        6
ABC RESULTS:   \SB_DFFER_$abc9_byp cells:        6
ABC RESULTS:   $paramod$__ICE40_CARRY_WRAPPER\LUT=16'0110100110010110\I3_IS_CI=1'1 cells:       11
ABC RESULTS:           input signals:       16
ABC RESULTS:          output signals:      148
Removing temp directory.

6.41.18. Executing TECHMAP pass (map to technology primitives).

6.41.18.1. Executing Verilog-2005 frontend: C:\OSS-CA~1\OSS-CA~1\bin\../share/yosys/abc9_unmap.v
Parsing Verilog input from `C:\OSS-CA~1\OSS-CA~1\bin\../share/yosys/abc9_unmap.v' to AST representation.
Generating RTLIL representation for module `$__DFF_x__$abc9_flop'.
Generating RTLIL representation for module `$__ABC9_SCC_BREAKER'.
Successfully finished Verilog frontend.

6.41.18.2. Continuing TECHMAP pass.
Using template SB_DFFER_$abc9_byp for cells of type SB_DFFER_$abc9_byp.
Using template $paramod$7c7bcb32b66176d429097ac3042a848e0339e515\SB_RAM40_4K for cells of type $paramod$7c7bcb32b66176d429097ac3042a848e0339e515\SB_RAM40_4K.
Using template $paramod$5d26b19a70281700a6958e65ba2798cf66fab7b8\SB_RAM40_4K for cells of type $paramod$5d26b19a70281700a6958e65ba2798cf66fab7b8\SB_RAM40_4K.
Using template SB_DFFR_$abc9_byp for cells of type SB_DFFR_$abc9_byp.
Using template $paramod$__ICE40_CARRY_WRAPPER\LUT=16'0110100110010110\I3_IS_CI=1'1 for cells of type $paramod$__ICE40_CARRY_WRAPPER\LUT=16'0110100110010110\I3_IS_CI=1'1.
No more expansions possible.
<suppressed ~35 debug messages>

6.42. Executing ICE40_WRAPCARRY pass (wrap carries).

6.43. Executing TECHMAP pass (map to technology primitives).

6.43.1. Executing Verilog-2005 frontend: C:\OSS-CA~1\OSS-CA~1\bin\../share/yosys/ice40/ff_map.v
Parsing Verilog input from `C:\OSS-CA~1\OSS-CA~1\bin\../share/yosys/ice40/ff_map.v' to AST representation.
Generating RTLIL representation for module `$_DFF_N_'.
Generating RTLIL representation for module `$_DFF_P_'.
Generating RTLIL representation for module `$_DFFE_NP_'.
Generating RTLIL representation for module `$_DFFE_PP_'.
Generating RTLIL representation for module `$_DFF_NP0_'.
Generating RTLIL representation for module `$_DFF_NP1_'.
Generating RTLIL representation for module `$_DFF_PP0_'.
Generating RTLIL representation for module `$_DFF_PP1_'.
Generating RTLIL representation for module `$_DFFE_NP0P_'.
Generating RTLIL representation for module `$_DFFE_NP1P_'.
Generating RTLIL representation for module `$_DFFE_PP0P_'.
Generating RTLIL representation for module `$_DFFE_PP1P_'.
Generating RTLIL representation for module `$_SDFF_NP0_'.
Generating RTLIL representation for module `$_SDFF_NP1_'.
Generating RTLIL representation for module `$_SDFF_PP0_'.
Generating RTLIL representation for module `$_SDFF_PP1_'.
Generating RTLIL representation for module `$_SDFFCE_NP0P_'.
Generating RTLIL representation for module `$_SDFFCE_NP1P_'.
Generating RTLIL representation for module `$_SDFFCE_PP0P_'.
Generating RTLIL representation for module `$_SDFFCE_PP1P_'.
Successfully finished Verilog frontend.

6.43.2. Continuing TECHMAP pass.
No more expansions possible.
<suppressed ~22 debug messages>
Removed 29 unused cells and 865 unused wires.

6.44. Executing OPT_LUT pass (optimize LUTs).
Discovering LUTs.
Number of LUTs:       52
  1-LUT                1
  2-LUT               16
  3-LUT               33
  4-LUT                2
  with \SB_CARRY    (#0)    7
  with \SB_CARRY    (#1)    7

Eliminating LUTs.
Number of LUTs:       52
  1-LUT                1
  2-LUT               16
  3-LUT               33
  4-LUT                2
  with \SB_CARRY    (#0)    7
  with \SB_CARRY    (#1)    7

Combining LUTs.
Number of LUTs:       43
  1-LUT                1
  2-LUT                5
  3-LUT               28
  4-LUT                9
  with \SB_CARRY    (#0)    7
  with \SB_CARRY    (#1)    7

Eliminated 0 LUTs.
Combined 9 LUTs.
<suppressed ~262 debug messages>

6.45. Executing TECHMAP pass (map to technology primitives).

6.45.1. Executing Verilog-2005 frontend: C:\OSS-CA~1\OSS-CA~1\bin\../share/yosys/ice40/cells_map.v
Parsing Verilog input from `C:\OSS-CA~1\OSS-CA~1\bin\../share/yosys/ice40/cells_map.v' to AST representation.
Generating RTLIL representation for module `$lut'.
Successfully finished Verilog frontend.

6.45.2. Continuing TECHMAP pass.
Using template $paramod$9d707d218adbd63b6f9a0c79d7ee037306fb6296$lut for cells of type $lut.
Using template $paramod$lut\WIDTH=32'00000000000000000000000000000011\LUT=8'00001000 for cells of type $lut.
Using template $paramod$lut\WIDTH=32'00000000000000000000000000000011\LUT=8'01000000 for cells of type $lut.
Using template $paramod$lut\WIDTH=32'00000000000000000000000000000010\LUT=4'1101 for cells of type $lut.
Using template $paramod$a59507d273cd827eb6c46c37820d50a1b717efdf$lut for cells of type $lut.
Using template $paramod$lut\WIDTH=32'00000000000000000000000000000011\LUT=8'11001010 for cells of type $lut.
Using template $paramod$571404c0889eaf57f492cb5e37f8acb5df5852f9$lut for cells of type $lut.
Using template $paramod$c28a8b7ce0535d090c4cfb52e9c74affd52b110c$lut for cells of type $lut.
Using template $paramod$lut\WIDTH=32'00000000000000000000000000000010\LUT=4'0111 for cells of type $lut.
Using template $paramod$lut\WIDTH=32'00000000000000000000000000000001\LUT=2'01 for cells of type $lut.
Using template $paramod$lut\WIDTH=32'00000000000000000000000000000010\LUT=4'1000 for cells of type $lut.
Using template $paramod$lut\WIDTH=32'00000000000000000000000000000010\LUT=4'0100 for cells of type $lut.
No more expansions possible.
<suppressed ~202 debug messages>
Removed 0 unused cells and 97 unused wires.

6.46. Executing AUTONAME pass.
Renamed 141 objects in module ws2812_top (35 iterations).
<suppressed ~141 debug messages>

6.47. Executing HIERARCHY pass (managing design hierarchy).
Attribute `top' found on module `ws2812_top'. Setting top module to ws2812_top.

6.47.1. Analyzing design hierarchy..
Top module:  \ws2812_top

6.47.2. Analyzing design hierarchy..
Top module:  \ws2812_top
Removed 0 unused modules.

6.48. Printing statistics.

=== ws2812_top ===

        +----------Local Count, excluding submodules.
        | 
       70 wires
      244 wire bits
       70 public wires
      244 public wire bits
        3 ports
        3 port bits
        4 cells
        2   $scopeinfo
        2   SB_RAM40_4K
       88 submodules
        9   SB_CARRY
       23   SB_DFFE
        6   SB_DFFER
        1   SB_DFFESR
        6   SB_DFFR
       43   SB_LUT4

=== design hierarchy ===

        +----------Count including submodules.
        | 
        4 ws2812_top

        +----------Count including submodules.
        | 
       70 wires
      244 wire bits
       70 public wires
      244 public wire bits
        3 ports
        3 port bits
        - memories
        - memory bits
        - processes
        4 cells
        2   $scopeinfo
        2   SB_RAM40_4K
       88 submodules
        9   SB_CARRY
       23   SB_DFFE
        6   SB_DFFER
        1   SB_DFFESR
        6   SB_DFFR
       43   SB_LUT4

6.49. Executing CHECK pass (checking for obvious problems).
Checking module ws2812_top...
Found and reported 0 problems.

6.50. Executing JSON backend.

7. Printing statistics.

=== ws2812_top ===

        +----------Local Count, excluding submodules.
        | 
       70 wires
      244 wire bits
       70 public wires
      244 public wire bits
        3 ports
        3 port bits
       92 cells
        2   $scopeinfo
        9   SB_CARRY
       23   SB_DFFE
        6   SB_DFFER
        1   SB_DFFESR
        6   SB_DFFR
       43   SB_LUT4
        2   SB_RAM40_4K

Warnings: 3 unique messages, 3 total
End of script. Logfile hash: 60061be8e8
Yosys 0.64+68 (git sha1 413169663-dirty, x86_64-w64-mingw32-g++ 13.2.1 -O3)
Time spent: 1% 28x opt_expr (0 sec), 1% 27x read_verilog (0 sec), ...

--- STDERR ---
