
================================================================================
*                        UTILIZATION DESIGN INFORMATION
*
* Vivado v2023.2 (64-bit)
* Design: pwm_top
* Device: xc7z020clg400-1
* Compiled on: Wed Jan 15 16:12:44 2025
*
================================================================================

1. Slice Logic
--------------

+----------------------------+------+-------+-----------+-------+
| Site Type                  | Used | Fixed | Available | Util% |
+----------------------------+------+-------+-----------+-------+
| Slice Registers            |  156 |     0 |     44800 |  0.35 |
|   as Flip Flops            |  156 |     0 |     44800 |  0.35 |
|   as Latches               |    0 |     0 |     44800 |  0.00 |
|   as Distributed RAM       |    0 |     0 |     44800 |  0.00 |
+----------------------------+------+-------+-----------+-------+
| Slice LUTs                 |  189 |     0 |     22400 |  0.84 |
|   as Logic                 |  189 |     0 |     22400 |  0.84 |
|   as Memory                |    0 |     0 |      5600 |  0.00 |
|   as SRL                   |    0 |     0 |      5600 |  0.00 |
+----------------------------+------+-------+-----------+-------+
| LUT as Logic only          |  189 |     0 |     22400 |  0.84 |
| LUT as Memory only         |    0 |     0 |      5600 |  0.00 |
+----------------------------+------+-------+-----------+-------+

2. Slice Logic Distribution
---------------------------

+------------------------------------------+------+-------+-----------+-------+
| Slice                                    | Used | Fixed | Available | Util% |
+------------------------------------------+------+-------+-----------+-------+
| Number of LUT Slices                     |  112 |     0 |     11200 |  1.00 |
| Number of Occupied Slices                |  134 |     0 |     11200 |  1.20 |
| Number of MUXes                          |    6 |     0 |     22400 |  0.03 |
+------------------------------------------+------+-------+-----------+-------+

3. Memory
---------

+----------------------------+------+-------+-----------+-------+
| Site Type                  | Used | Fixed | Available | Util% |
+----------------------------+------+-------+-----------+-------+
| Block RAM                  |    0 |     0 |        60 |  0.00 |
+----------------------------+------+-------+-----------+-------+

4. Primitives
--------------

+----------------------------+------+-------+-----------+-------+
| Primitives                 | Used | Fixed | Available | Util% |
+----------------------------+------+-------+-----------+-------+
| FDRE                       |  156 |     0 |     44800 |  0.35 |
| LUT6                       |  112 |     0 |     22400 |  0.50 |
| LUT5                       |   45 |     0 |     22400 |  0.20 |
| LUT4                       |   28 |     0 |     22400 |  0.12 |
| LUT3                       |    4 |     0 |     22400 |  0.02 |
| CARRY4                     |    2 |     0 |      5600 |  0.04 |
+----------------------------+------+-------+-----------+-------+

5. Clock Buffers
---------------

+----------------------------+------+-------+-----------+-------+
| Clock Buffer               | Used | Fixed | Available | Util% |
+----------------------------+------+-------+-----------+-------+
| BUFGCTRL                   |    1 |     0 |        32 |  3.13 |
+----------------------------+------+-------+-----------+-------+

6. Bonded I/O
--------------

+----------------------------+------+-------+-----------+-------+
| I/O Type                   | Used | Fixed | Available | Util% |
+----------------------------+------+-------+-----------+-------+
| LVCMOS33                   |    4 |     0 |       250 |  1.60 |
+----------------------------+------+-------+-----------+-------+

End of UTILIZATION REPORT
