Copyright 1986-2022 Xilinx, Inc. All Rights Reserved. Copyright 2022-2025 Advanced Micro Devices, Inc. All Rights Reserved.
--------------------------------------------------------------------------------------------------------------------------------------------------
| Tool Version : Vivado v.2025.2 (win64) Build 6299465 Fri Nov 14 19:35:11 GMT 2025
| Date         : Sun Apr 19 13:35:40 2026
| Host         : tcovert running 64-bit major release  (build 9200)
| Command      : report_timing_summary -file C:/Users/tcove/OneDrive/Desktop/Projects/CovertEDA-Examples/vivado_reports/vga_controller_timing.rpt
| Design       : vga_controller
| Device       : 7a35ti-csg324
| Speed File   : -1L  PRODUCTION 1.23 2018-06-13
| Design State : Synthesized
--------------------------------------------------------------------------------------------------------------------------------------------------

Timing Summary Report

------------------------------------------------------------------------------------------------
| Timer Settings
| --------------
------------------------------------------------------------------------------------------------

  Enable Multi Corner Analysis               :  Yes
  Enable Pessimism Removal                   :  Yes
  Pessimism Removal Resolution               :  Nearest Common Node
  Enable Input Delay Default Clock           :  No
  Enable Preset / Clear Arcs                 :  No
  Disable Flight Delays                      :  No
  Ignore I/O Paths                           :  No
  Timing Early Launch at Borrowing Latches   :  No
  Borrow Time for Max Delay Exceptions       :  Yes
  Merge Timing Exceptions                    :  Yes
  Inter-SLR Compensation                     :  Conservative

  Corner  Analyze    Analyze    
  Name    Max Paths  Min Paths  
  ------  ---------  ---------  
  Slow    Yes        Yes        
  Fast    Yes        Yes        


------------------------------------------------------------------------------------------------
| Report Methodology
| ------------------
------------------------------------------------------------------------------------------------

No report available as report_methodology has not been run prior. Run report_methodology on the current design for the summary of methodology violations.



check_timing report

Table of Contents
-----------------
1. checking no_clock (0)
2. checking constant_clock (0)
3. checking pulse_width_clock (0)
4. checking unconstrained_internal_endpoints (0)
5. checking no_input_delay (1)
6. checking no_output_delay (0)
7. checking multiple_clock (0)
8. checking generated_clocks (0)
9. checking loops (0)
10. checking partial_input_delay (0)
11. checking partial_output_delay (0)
12. checking latch_loops (0)

1. checking no_clock (0)
------------------------
 There are 0 register/latch pins with no clock.


2. checking constant_clock (0)
------------------------------
 There are 0 register/latch pins with constant_clock.


3. checking pulse_width_clock (0)
---------------------------------
 There are 0 register/latch pins which need pulse_width check


4. checking unconstrained_internal_endpoints (0)
------------------------------------------------
 There are 0 pins that are not constrained for maximum delay.

 There are 0 pins that are not constrained for maximum delay due to constant clock.


5. checking no_input_delay (1)
------------------------------
 There are 0 input ports with no input delay specified.

 There is 1 input port with no input delay but user has a false path constraint. (MEDIUM)


6. checking no_output_delay (0)
-------------------------------
 There are 0 ports with no output delay specified.

 There are 0 ports with no output delay but user has a false path constraint

 There are 0 ports with no output delay but with a timing clock defined on it or propagating through it


7. checking multiple_clock (0)
------------------------------
 There are 0 register/latch pins with multiple clocks.


8. checking generated_clocks (0)
--------------------------------
 There are 0 generated clocks that are not connected to a clock source.


9. checking loops (0)
---------------------
 There are 0 combinational loops in the design.


10. checking partial_input_delay (0)
------------------------------------
 There are 0 input ports with partial input delay specified.


11. checking partial_output_delay (0)
-------------------------------------
 There are 0 ports with partial output delay specified.


12. checking latch_loops (0)
----------------------------
 There are 0 combinational latch loops in the design through latch input



------------------------------------------------------------------------------------------------
| Design Timing Summary
| ---------------------
------------------------------------------------------------------------------------------------

    WNS(ns)      TNS(ns)  TNS Failing Endpoints  TNS Total Endpoints      WHS(ns)      THS(ns)  THS Failing Endpoints  THS Total Endpoints     WPWS(ns)     TPWS(ns)  TPWS Failing Endpoints  TPWS Total Endpoints  
    -------      -------  ---------------------  -------------------      -------      -------  ---------------------  -------------------     --------     --------  ----------------------  --------------------  
     29.106        0.000                      0                   50        0.144        0.000                      0                   50       19.361        0.000                       0                    26  


All user specified timing constraints are met.


------------------------------------------------------------------------------------------------
| Clock Summary
| -------------
------------------------------------------------------------------------------------------------

Clock    Waveform(ns)       Period(ns)      Frequency(MHz)
-----    ------------       ----------      --------------
pix_clk  {0.000 19.861}     39.722          25.175          


------------------------------------------------------------------------------------------------
| Intra Clock Table
| -----------------
------------------------------------------------------------------------------------------------

Clock             WNS(ns)      TNS(ns)  TNS Failing Endpoints  TNS Total Endpoints      WHS(ns)      THS(ns)  THS Failing Endpoints  THS Total Endpoints     WPWS(ns)     TPWS(ns)  TPWS Failing Endpoints  TPWS Total Endpoints  
-----             -------      -------  ---------------------  -------------------      -------      -------  ---------------------  -------------------     --------     --------  ----------------------  --------------------  
pix_clk            29.106        0.000                      0                   50        0.144        0.000                      0                   50       19.361        0.000                       0                    26  


------------------------------------------------------------------------------------------------
| Inter Clock Table
| -----------------
------------------------------------------------------------------------------------------------

From Clock    To Clock          WNS(ns)      TNS(ns)  TNS Failing Endpoints  TNS Total Endpoints      WHS(ns)      THS(ns)  THS Failing Endpoints  THS Total Endpoints  
----------    --------          -------      -------  ---------------------  -------------------      -------      -------  ---------------------  -------------------  


------------------------------------------------------------------------------------------------
| Other Path Groups Table
| -----------------------
------------------------------------------------------------------------------------------------

Path Group    From Clock    To Clock          WNS(ns)      TNS(ns)  TNS Failing Endpoints  TNS Total Endpoints      WHS(ns)      THS(ns)  THS Failing Endpoints  THS Total Endpoints  
----------    ----------    --------          -------      -------  ---------------------  -------------------      -------      -------  ---------------------  -------------------  


------------------------------------------------------------------------------------------------
| Timing Details
| --------------
------------------------------------------------------------------------------------------------


---------------------------------------------------------------------------------------------------
From Clock:  pix_clk
  To Clock:  pix_clk

Setup :            0  Failing Endpoints,  Worst Slack       29.106ns,  Total Violation        0.000ns
Hold  :            0  Failing Endpoints,  Worst Slack        0.144ns,  Total Violation        0.000ns
PW    :            0  Failing Endpoints,  Worst Slack       19.361ns,  Total Violation        0.000ns
---------------------------------------------------------------------------------------------------


Max Delay Paths
--------------------------------------------------------------------------------------
Slack (MET) :             29.106ns  (required time - arrival time)
  Source:                 v_cnt_reg[9]/C
                            (rising edge-triggered cell FDCE clocked by pix_clk  {rise@0.000ns fall@19.861ns period=39.722ns})
  Destination:            active
                            (output port clocked by pix_clk  {rise@0.000ns fall@19.861ns period=39.722ns})
  Path Group:             pix_clk
  Path Type:              Max at Slow Process Corner
  Requirement:            39.722ns  (pix_clk rise@39.722ns - pix_clk rise@0.000ns)
  Data Path Delay:        5.612ns  (logic 3.511ns (62.566%)  route 2.101ns (37.434%))
  Logic Levels:           3  (LUT4=1 LUT5=1 OBUF=1)
  Output Delay:           2.000ns
  Clock Path Skew:        -2.969ns (DCD - SCD + CPR)
    Destination Clock Delay (DCD):    0.000ns = ( 39.722 - 39.722 ) 
    Source Clock Delay      (SCD):    2.969ns
    Clock Pessimism Removal (CPR):    0.000ns
  Clock Uncertainty:      0.035ns  ((TSJ^2 + TIJ^2)^1/2 + DJ) / 2 + PE
    Total System Jitter     (TSJ):    0.071ns
    Total Input Jitter      (TIJ):    0.000ns
    Discrete Jitter          (DJ):    0.000ns
    Phase Error              (PE):    0.000ns

    Location             Delay type                Incr(ns)  Path(ns)    Netlist Resource(s)
  -------------------------------------------------------------------    -------------------
                         (clock pix_clk rise edge)    0.000     0.000 r  
    E3                                                0.000     0.000 r  clk (IN)
                         net (fo=0)                   0.000     0.000    clk
    E3                   IBUF (Prop_ibuf_I_O)         1.489     1.489 r  clk_IBUF_inst/O
                         net (fo=1, unplaced)         0.800     2.289    clk_IBUF
                         BUFG (Prop_bufg_I_O)         0.096     2.385 r  clk_IBUF_BUFG_inst/O
                         net (fo=25, unplaced)        0.584     2.969    clk_IBUF_BUFG
                         FDCE                                         r  v_cnt_reg[9]/C
  -------------------------------------------------------------------    -------------------
                         FDCE (Prop_fdce_C_Q)         0.456     3.425 f  v_cnt_reg[9]/Q
                         net (fo=5, unplaced)         0.834     4.259    v_cnt_reg_n_0_[9]
                         LUT5 (Prop_lut5_I0_O)        0.295     4.554 r  active_OBUF_inst_i_2/O
                         net (fo=3, unplaced)         0.467     5.021    active_OBUF_inst_i_2_n_0
                         LUT4 (Prop_lut4_I3_O)        0.124     5.145 r  active_OBUF_inst_i_1/O
                         net (fo=1, unplaced)         0.800     5.944    active_OBUF
                         OBUF (Prop_obuf_I_O)         2.636     8.580 r  active_OBUF_inst/O
                         net (fo=0)                   0.000     8.580    active
                                                                      r  active (OUT)
  -------------------------------------------------------------------    -------------------

                         (clock pix_clk rise edge)   39.722    39.722 r  
                         clock pessimism              0.000    39.722    
                         clock uncertainty           -0.035    39.687    
                         output delay                -2.000    37.687    
  -------------------------------------------------------------------
                         required time                         37.687    
                         arrival time                          -8.580    
  -------------------------------------------------------------------
                         slack                                 29.106    





Min Delay Paths
--------------------------------------------------------------------------------------
Slack (MET) :             0.144ns  (arrival time - required time)
  Source:                 h_cnt_reg[3]/C
                            (rising edge-triggered cell FDCE clocked by pix_clk  {rise@0.000ns fall@19.861ns period=39.722ns})
  Destination:            h_cnt_reg[4]/D
                            (rising edge-triggered cell FDCE clocked by pix_clk  {rise@0.000ns fall@19.861ns period=39.722ns})
  Path Group:             pix_clk
  Path Type:              Hold (Min at Fast Process Corner)
  Requirement:            0.000ns  (pix_clk rise@0.000ns - pix_clk rise@0.000ns)
  Data Path Delay:        0.380ns  (logic 0.239ns (62.860%)  route 0.141ns (37.140%))
  Logic Levels:           1  (LUT5=1)
  Clock Path Skew:        0.145ns (DCD - SCD - CPR)
    Destination Clock Delay (DCD):    1.087ns
    Source Clock Delay      (SCD):    0.734ns
    Clock Pessimism Removal (CPR):    0.209ns

    Location             Delay type                Incr(ns)  Path(ns)    Netlist Resource(s)
  -------------------------------------------------------------------    -------------------
                         (clock pix_clk rise edge)    0.000     0.000 r  
    E3                                                0.000     0.000 r  clk (IN)
                         net (fo=0)                   0.000     0.000    clk
    E3                   IBUF (Prop_ibuf_I_O)         0.257     0.257 r  clk_IBUF_inst/O
                         net (fo=1, unplaced)         0.337     0.594    clk_IBUF
                         BUFG (Prop_bufg_I_O)         0.026     0.620 r  clk_IBUF_BUFG_inst/O
                         net (fo=25, unplaced)        0.114     0.734    clk_IBUF_BUFG
                         FDCE                                         r  h_cnt_reg[3]/C
  -------------------------------------------------------------------    -------------------
                         FDCE (Prop_fdce_C_Q)         0.141     0.875 r  h_cnt_reg[3]/Q
                         net (fo=4, unplaced)         0.141     1.016    h_cnt_reg_n_0_[3]
                         LUT5 (Prop_lut5_I4_O)        0.098     1.114 r  h_cnt[4]_i_1/O
                         net (fo=1, unplaced)         0.000     1.114    h_cnt[4]_i_1_n_0
                         FDCE                                         r  h_cnt_reg[4]/D
  -------------------------------------------------------------------    -------------------

                         (clock pix_clk rise edge)    0.000     0.000 r  
    E3                                                0.000     0.000 r  clk (IN)
                         net (fo=0)                   0.000     0.000    clk
    E3                   IBUF (Prop_ibuf_I_O)         0.445     0.445 r  clk_IBUF_inst/O
                         net (fo=1, unplaced)         0.355     0.799    clk_IBUF
                         BUFG (Prop_bufg_I_O)         0.029     0.828 r  clk_IBUF_BUFG_inst/O
                         net (fo=25, unplaced)        0.259     1.087    clk_IBUF_BUFG
                         FDCE                                         r  h_cnt_reg[4]/C
                         clock pessimism             -0.209     0.879    
                         FDCE (Hold_fdce_C_D)         0.091     0.970    h_cnt_reg[4]
  -------------------------------------------------------------------
                         required time                         -0.970    
                         arrival time                           1.114    
  -------------------------------------------------------------------
                         slack                                  0.144    





Pulse Width Checks
--------------------------------------------------------------------------------------
Clock Name:         pix_clk
Waveform(ns):       { 0.000 19.861 }
Period(ns):         39.722
Sources:            { clk }

Check Type        Corner  Lib Pin  Reference Pin  Required(ns)  Actual(ns)  Slack(ns)  Location  Pin
Min Period        n/a     BUFG/I   n/a            2.155         39.722      37.567               clk_IBUF_BUFG_inst/I
Low Pulse Width   Slow    FDCE/C   n/a            0.500         19.861      19.361               b_out_reg[3]/C
High Pulse Width  Slow    FDCE/C   n/a            0.500         19.861      19.361               b_out_reg[3]/C



