================================================================================
                      Lattice Radiant Utilization Report
                        uart_controller Project
================================================================================

Design: uart_top
Device: LIFCL-40-7BG400I
Date: 2026-03-21 14:35:45

================================================================================
                         DESIGN SUMMARY
================================================================================

Resource Type          | Used | Total | Util%  | Status
-----------------------|------|-------|--------|--------
LUT4                   | 387  | 2560  | 15.1%  | ✓ OK
DFF                    | 256  | 2560  | 10.0%  | ✓ OK
Adder                  |   8  |  640  |  1.3%  | ✓ OK
Comparator             |   6  |  640  |  0.9%  | ✓ OK
Multiplexer            |  18  | 1280  |  1.4%  | ✓ OK
                       |      |       |        |
EBR (18K blocks)       |   0  |  10   |  0.0%  | ✓ OK
DSP (18x18)            |   0  |  10   |  0.0%  | ✓ OK
PLL                    |   1  |   2   | 50.0%  | ✓ OK
                       |      |       |        |
IO Pads                |   6  |  160  |  3.8%  | ✓ OK

================================================================================
                      LOGIC ELEMENT BREAKDOWN
================================================================================

By Function:
  Baud Rate Generator   :  48 LUTs, 32 DFFs
  UART RX Module        : 156 LUTs, 96 DFFs
  UART TX Module        : 148 LUTs, 96 DFFs
  Control Logic         :  35 LUTs, 32 DFFs

Total: 387 LUTs, 256 DFFs

================================================================================
                      MEMORY ELEMENTS
================================================================================

Distributed RAM: 0 blocks
EBR (18Kb):      0 blocks

Total Memory Used: 0 bits
Memory Utilization: 0%

================================================================================
                      POWER ANALYSIS SUMMARY
================================================================================

Power Estimation (at 25°C):

Static Power:        16.2 mW
Dynamic Power:        8.6 mW
                    --------
Total Power:         24.8 mW

Power Breakdown by Voltage Rail:
  1.0V Core Rail:  18.4 mW (74%)
  3.3V I/O Rail:   6.4 mW (26%)

================================================================================
End of Utilization Report
================================================================================
