
 /----------------------------------------------------------------------------\
 |  yosys -- Yosys Open SYnthesis Suite                                       |
 |  Copyright (C) 2012 - 2026  Claire Xenia Wolf <claire@yosyshq.com>         |
 |  Distributed under an ISC-like license, type "license" to see terms        |
 \----------------------------------------------------------------------------/
 Yosys 0.64+68 (git sha1 413169663-dirty, x86_64-w64-mingw32-g++ 13.2.1 -O3)

-- Executing script file `build.ys' --

1. Executing Verilog-2005 frontend: dds_generator.v
Parsing Verilog input from `dds_generator.v' to AST representation.
Generating RTLIL representation for module `\dds_generator'.
Successfully finished Verilog frontend.

2. Executing HIERARCHY pass (managing design hierarchy).

2.1. Analyzing design hierarchy..
Top module:  \dds_generator

2.2. Analyzing design hierarchy..
Top module:  \dds_generator
Removed 0 unused modules.

3. Executing SYNTH_ICE40 pass.

3.1. Executing Verilog-2005 frontend: C:\OSS-CA~1\OSS-CA~1\bin\../share/yosys/ice40/cells_sim.v
Parsing Verilog input from `C:\OSS-CA~1\OSS-CA~1\bin\../share/yosys/ice40/cells_sim.v' to AST representation.
Generating RTLIL representation for module `\SB_IO'.
Generating RTLIL representation for module `\SB_GB_IO'.
Generating RTLIL representation for module `\SB_GB'.
Generating RTLIL representation for module `\SB_LUT4'.
Generating RTLIL representation for module `\SB_CARRY'.
Generating RTLIL representation for module `\SB_DFF'.
Generating RTLIL representation for module `\SB_DFFE'.
Generating RTLIL representation for module `\SB_DFFSR'.
Generating RTLIL representation for module `\SB_DFFR'.
Generating RTLIL representation for module `\SB_DFFSS'.
Generating RTLIL representation for module `\SB_DFFS'.
Generating RTLIL representation for module `\SB_DFFESR'.
Generating RTLIL representation for module `\SB_DFFER'.
Generating RTLIL representation for module `\SB_DFFESS'.
Generating RTLIL representation for module `\SB_DFFES'.
Generating RTLIL representation for module `\SB_DFFN'.
Generating RTLIL representation for module `\SB_DFFNE'.
Generating RTLIL representation for module `\SB_DFFNSR'.
Generating RTLIL representation for module `\SB_DFFNR'.
Generating RTLIL representation for module `\SB_DFFNSS'.
Generating RTLIL representation for module `\SB_DFFNS'.
Generating RTLIL representation for module `\SB_DFFNESR'.
Generating RTLIL representation for module `\SB_DFFNER'.
Generating RTLIL representation for module `\SB_DFFNESS'.
Generating RTLIL representation for module `\SB_DFFNES'.
Generating RTLIL representation for module `\SB_RAM40_4K'.
Generating RTLIL representation for module `\SB_RAM40_4KNR'.
Generating RTLIL representation for module `\SB_RAM40_4KNW'.
Generating RTLIL representation for module `\SB_RAM40_4KNRNW'.
Generating RTLIL representation for module `\ICESTORM_LC'.
Generating RTLIL representation for module `\SB_PLL40_CORE'.
Generating RTLIL representation for module `\SB_PLL40_PAD'.
Generating RTLIL representation for module `\SB_PLL40_2_PAD'.
Generating RTLIL representation for module `\SB_PLL40_2F_CORE'.
Generating RTLIL representation for module `\SB_PLL40_2F_PAD'.
Generating RTLIL representation for module `\SB_WARMBOOT'.
Generating RTLIL representation for module `\SB_SPRAM256KA'.
Generating RTLIL representation for module `\SB_HFOSC'.
Generating RTLIL representation for module `\SB_LFOSC'.
Generating RTLIL representation for module `\SB_RGBA_DRV'.
Generating RTLIL representation for module `\SB_LED_DRV_CUR'.
Generating RTLIL representation for module `\SB_RGB_DRV'.
Generating RTLIL representation for module `\SB_I2C'.
Generating RTLIL representation for module `\SB_SPI'.
Generating RTLIL representation for module `\SB_LEDDA_IP'.
Generating RTLIL representation for module `\SB_FILTER_50NS'.
Generating RTLIL representation for module `\SB_IO_I3C'.
Generating RTLIL representation for module `\SB_IO_OD'.
Generating RTLIL representation for module `\SB_MAC16'.
Generating RTLIL representation for module `\ICESTORM_RAM'.
Successfully finished Verilog frontend.

3.2. Executing HIERARCHY pass (managing design hierarchy).
Attribute `top' found on module `dds_generator'. Setting top module to dds_generator.

3.2.1. Analyzing design hierarchy..
Top module:  \dds_generator

3.2.2. Analyzing design hierarchy..
Top module:  \dds_generator
Removed 0 unused modules.

3.3. Executing PROC pass (convert processes to netlists).

3.3.1. Executing PROC_CLEAN pass (remove empty switches from decision trees).
Cleaned up 0 empty switches.

3.3.2. Executing PROC_RMDEAD pass (remove dead branches from decision trees).
Marked 2 switch rules as full_case in process $proc$dds_generator.v:28$3 in module dds_generator.
Removed a total of 0 dead cases.

3.3.3. Executing PROC_PRUNE pass (remove redundant assignments in processes).
Removed 3 redundant assignments.
Promoted 0 assignments to connections.

3.3.4. Executing PROC_INIT pass (extract init attributes).

3.3.5. Executing PROC_ARST pass (detect async resets in processes).
Found async reset \rst_n in `\dds_generator.$proc$dds_generator.v:28$3'.

3.3.6. Executing PROC_ROM pass (convert switches to ROMs).
Converted 0 switches.
<suppressed ~1 debug messages>

3.3.7. Executing PROC_MUX pass (convert decision trees to multiplexers).
Creating decoders for process `\dds_generator.$proc$dds_generator.v:28$3'.
     1/3: $0\output_r[7:0]
     2/3: $0\valid_r[0:0]
     3/3: $0\phase_acc[15:0]

3.3.8. Executing PROC_DLATCH pass (convert process syncs to latches).

3.3.9. Executing PROC_DFF pass (convert process syncs to FFs).
Creating register for signal `\dds_generator.\phase_acc' using process `\dds_generator.$proc$dds_generator.v:28$3'.
  created $adff cell `$procdff$398' with positive edge clock and positive level reset.
Creating register for signal `\dds_generator.\output_r' using process `\dds_generator.$proc$dds_generator.v:28$3'.
  created $adff cell `$procdff$403' with positive edge clock and positive level reset.
Creating register for signal `\dds_generator.\valid_r' using process `\dds_generator.$proc$dds_generator.v:28$3'.
  created $adff cell `$procdff$408' with positive edge clock and positive level reset.

3.3.10. Executing PROC_MEMWR pass (convert process memory writes to cells).

3.3.11. Executing PROC_CLEAN pass (remove empty switches from decision trees).
Found and cleaned up 1 empty switch in `\dds_generator.$proc$dds_generator.v:28$3'.
Removing empty process `dds_generator.$proc$dds_generator.v:28$3'.
Cleaned up 1 empty switch.

3.3.12. Executing OPT_EXPR pass (perform const folding).
Optimizing module dds_generator.
<suppressed ~7 debug messages>

3.4. Executing FLATTEN pass (flatten design).

3.5. Executing TRIBUF pass.

3.6. Executing DEMINOUT pass (demote inout ports to input or output).

3.7. Executing OPT_EXPR pass (perform const folding).
Optimizing module dds_generator.

3.8. Executing OPT_CLEAN pass (remove unused cells and wires).
Finding unused cells or wires in module \dds_generator..
Removed 4 unused cells and 11 unused wires.
<suppressed ~5 debug messages>

3.9. Executing CHECK pass (checking for obvious problems).
Checking module dds_generator...
Found and reported 0 problems.

3.10. Executing OPT pass (performing simple optimizations).

3.10.1. Executing OPT_EXPR pass (perform const folding).
Optimizing module dds_generator.

3.10.2. Executing OPT_MERGE pass (detect identical cells).
Finding identical cells in module `\dds_generator'.
Computing hashes of 14 cells of `\dds_generator'.
Finding duplicate cells in `\dds_generator'.
Removed a total of 0 cells.

3.10.3. Executing OPT_MUXTREE pass (detect dead branches in mux trees).
Running muxtree optimizer on module \dds_generator..
  Creating internal representation of mux trees.
  Evaluating internal representation of mux trees.
  Analyzing evaluation results.
Removed 0 multiplexer ports.
<suppressed ~5 debug messages>

3.10.4. Executing OPT_REDUCE pass (consolidate $*mux and $reduce_* inputs).
  Optimizing cells in module \dds_generator.
Performed a total of 0 changes.

3.10.5. Executing OPT_MERGE pass (detect identical cells).
Finding identical cells in module `\dds_generator'.
Computing hashes of 14 cells of `\dds_generator'.
Finding duplicate cells in `\dds_generator'.
Removed a total of 0 cells.

3.10.6. Executing OPT_DFF pass (perform DFF optimizations).

3.10.7. Executing OPT_CLEAN pass (remove unused cells and wires).
Finding unused cells or wires in module \dds_generator..

3.10.8. Executing OPT_EXPR pass (perform const folding).
Optimizing module dds_generator.

3.10.9. Finished fast OPT passes. (There is nothing left to do.)

3.11. Executing FSM pass (extract and optimize FSM).

3.11.1. Executing FSM_DETECT pass (finding FSMs in design).

3.11.2. Executing FSM_EXTRACT pass (extracting FSM from design).

3.11.3. Executing FSM_OPT pass (simple optimizations of FSMs).

3.11.4. Executing OPT_CLEAN pass (remove unused cells and wires).
Finding unused cells or wires in module \dds_generator..

3.11.5. Executing FSM_OPT pass (simple optimizations of FSMs).

3.11.6. Executing FSM_RECODE pass (re-assigning FSM state encoding).

3.11.7. Executing FSM_INFO pass (dumping all available information on FSM cells).

3.11.8. Executing FSM_MAP pass (mapping FSMs to basic logic).

3.12. Executing OPT pass (performing simple optimizations).

3.12.1. Executing OPT_EXPR pass (perform const folding).
Optimizing module dds_generator.

3.12.2. Executing OPT_MERGE pass (detect identical cells).
Finding identical cells in module `\dds_generator'.
Computing hashes of 14 cells of `\dds_generator'.
Finding duplicate cells in `\dds_generator'.
Removed a total of 0 cells.

3.12.3. Executing OPT_MUXTREE pass (detect dead branches in mux trees).
Running muxtree optimizer on module \dds_generator..
  Creating internal representation of mux trees.
  Evaluating internal representation of mux trees.
  Analyzing evaluation results.
Removed 0 multiplexer ports.
<suppressed ~5 debug messages>

3.12.4. Executing OPT_REDUCE pass (consolidate $*mux and $reduce_* inputs).
  Optimizing cells in module \dds_generator.
Performed a total of 0 changes.

3.12.5. Executing OPT_MERGE pass (detect identical cells).
Finding identical cells in module `\dds_generator'.
Computing hashes of 14 cells of `\dds_generator'.
Finding duplicate cells in `\dds_generator'.
Removed a total of 0 cells.

3.12.6. Executing OPT_DFF pass (perform DFF optimizations).

3.12.7. Executing OPT_CLEAN pass (remove unused cells and wires).
Finding unused cells or wires in module \dds_generator..

3.12.8. Executing OPT_EXPR pass (perform const folding).
Optimizing module dds_generator.

3.12.9. Finished fast OPT passes. (There is nothing left to do.)

3.13. Executing WREDUCE pass (reducing word size of cells).
Removed top 2 bits (of 8) from port B of cell dds_generator.$lt$dds_generator.v:41$7 ($lt).
Removed top 1 bits (of 2) from port B of cell dds_generator.$procmux$392_CMP0 ($eq).

3.14. Executing PEEPOPT pass (run peephole optimizers).

3.15. Executing OPT_CLEAN pass (remove unused cells and wires).
Finding unused cells or wires in module \dds_generator..

3.16. Executing SHARE pass (SAT-based resource sharing).

3.17. Executing TECHMAP pass (map to technology primitives).

3.17.1. Executing Verilog-2005 frontend: C:\OSS-CA~1\OSS-CA~1\bin\../share/yosys/cmp2lut.v
Parsing Verilog input from `C:\OSS-CA~1\OSS-CA~1\bin\../share/yosys/cmp2lut.v' to AST representation.
Generating RTLIL representation for module `\_90_lut_cmp_'.
Successfully finished Verilog frontend.

3.17.2. Continuing TECHMAP pass.
No more expansions possible.
<suppressed ~36 debug messages>

3.18. Executing OPT_EXPR pass (perform const folding).
Optimizing module dds_generator.

3.19. Executing OPT_CLEAN pass (remove unused cells and wires).
Finding unused cells or wires in module \dds_generator..

3.20. Executing ALUMACC pass (create $alu and $macc cells).
Extracting $alu and $macc cells in module dds_generator:
  creating $macc model for $add$dds_generator.v:34$5 ($add).
  creating $alu model for $macc $add$dds_generator.v:34$5.
  creating $alu model for $lt$dds_generator.v:41$7 ($lt): new $alu
  creating $alu cell for $lt$dds_generator.v:41$7: $auto$alumacc.cc:512:replace_alu$411
  creating $alu cell for $add$dds_generator.v:34$5: $auto$alumacc.cc:512:replace_alu$416
  created 2 $alu and 0 $macc cells.

3.21. Executing OPT pass (performing simple optimizations).

3.21.1. Executing OPT_EXPR pass (perform const folding).
Optimizing module dds_generator.
<suppressed ~1 debug messages>

3.21.2. Executing OPT_MERGE pass (detect identical cells).
Finding identical cells in module `\dds_generator'.
Computing hashes of 15 cells of `\dds_generator'.
Finding duplicate cells in `\dds_generator'.
Removed a total of 0 cells.

3.21.3. Executing OPT_MUXTREE pass (detect dead branches in mux trees).
Running muxtree optimizer on module \dds_generator..
  Creating internal representation of mux trees.
  Evaluating internal representation of mux trees.
  Analyzing evaluation results.
Removed 0 multiplexer ports.
<suppressed ~5 debug messages>

3.21.4. Executing OPT_REDUCE pass (consolidate $*mux and $reduce_* inputs).
  Optimizing cells in module \dds_generator.
Performed a total of 0 changes.

3.21.5. Executing OPT_MERGE pass (detect identical cells).
Finding identical cells in module `\dds_generator'.
Computing hashes of 15 cells of `\dds_generator'.
Finding duplicate cells in `\dds_generator'.
Removed a total of 0 cells.

3.21.6. Executing OPT_DFF pass (perform DFF optimizations).

3.21.7. Executing OPT_CLEAN pass (remove unused cells and wires).
Finding unused cells or wires in module \dds_generator..
Removed 1 unused cells and 2 unused wires.
<suppressed ~2 debug messages>

3.21.8. Executing OPT_EXPR pass (perform const folding).
Optimizing module dds_generator.

3.21.9. Rerunning OPT passes. (Maybe there is more to do..)

3.21.10. Executing OPT_MUXTREE pass (detect dead branches in mux trees).
Running muxtree optimizer on module \dds_generator..
  Creating internal representation of mux trees.
  Evaluating internal representation of mux trees.
  Analyzing evaluation results.
Removed 0 multiplexer ports.
<suppressed ~5 debug messages>

3.21.11. Executing OPT_REDUCE pass (consolidate $*mux and $reduce_* inputs).
  Optimizing cells in module \dds_generator.
Performed a total of 0 changes.

3.21.12. Executing OPT_MERGE pass (detect identical cells).
Finding identical cells in module `\dds_generator'.
Computing hashes of 14 cells of `\dds_generator'.
Finding duplicate cells in `\dds_generator'.
Removed a total of 0 cells.

3.21.13. Executing OPT_DFF pass (perform DFF optimizations).

3.21.14. Executing OPT_CLEAN pass (remove unused cells and wires).
Finding unused cells or wires in module \dds_generator..

3.21.15. Executing OPT_EXPR pass (perform const folding).
Optimizing module dds_generator.

3.21.16. Finished fast OPT passes. (There is nothing left to do.)

3.22. Executing MEMORY pass.

3.22.1. Executing OPT_MEM pass (optimize memories).
Performed a total of 0 transformations.

3.22.2. Executing OPT_MEM_PRIORITY pass (removing unnecessary memory write priority relations).
Performed a total of 0 transformations.

3.22.3. Executing OPT_MEM_FEEDBACK pass (finding memory read-to-write feedback paths).

3.22.4. Executing MEMORY_BMUX2ROM pass (converting muxes to ROMs).

3.22.5. Executing MEMORY_DFF pass (merging $dff cells to $memrd).

3.22.6. Executing OPT_CLEAN pass (remove unused cells and wires).
Finding unused cells or wires in module \dds_generator..

3.22.7. Executing MEMORY_SHARE pass (consolidating $memrd/$memwr cells).

3.22.8. Executing OPT_MEM_WIDEN pass (optimize memories where all ports are wide).
Performed a total of 0 transformations.

3.22.9. Executing OPT_CLEAN pass (remove unused cells and wires).
Finding unused cells or wires in module \dds_generator..

3.22.10. Executing MEMORY_COLLECT pass (generating $mem cells).

3.23. Executing OPT_CLEAN pass (remove unused cells and wires).
Finding unused cells or wires in module \dds_generator..

3.24. Executing MEMORY_LIBMAP pass (mapping memories to cells).

3.25. Executing TECHMAP pass (map to technology primitives).

3.25.1. Executing Verilog-2005 frontend: C:\OSS-CA~1\OSS-CA~1\bin\../share/yosys/ice40/brams_map.v
Parsing Verilog input from `C:\OSS-CA~1\OSS-CA~1\bin\../share/yosys/ice40/brams_map.v' to AST representation.
Generating RTLIL representation for module `$__ICE40_RAM4K_'.
Successfully finished Verilog frontend.

3.25.2. Executing Verilog-2005 frontend: C:\OSS-CA~1\OSS-CA~1\bin\../share/yosys/ice40/spram_map.v
Parsing Verilog input from `C:\OSS-CA~1\OSS-CA~1\bin\../share/yosys/ice40/spram_map.v' to AST representation.
Generating RTLIL representation for module `$__ICE40_SPRAM_'.
Successfully finished Verilog frontend.

3.25.3. Continuing TECHMAP pass.
No more expansions possible.
<suppressed ~4 debug messages>

3.26. Executing ICE40_BRAMINIT pass.

3.27. Executing OPT pass (performing simple optimizations).

3.27.1. Executing OPT_EXPR pass (perform const folding).
Optimizing module dds_generator.
<suppressed ~2 debug messages>

3.27.2. Executing OPT_MERGE pass (detect identical cells).
Finding identical cells in module `\dds_generator'.
Computing hashes of 19 cells of `\dds_generator'.
Finding duplicate cells in `\dds_generator'.
Removed a total of 0 cells.

3.27.3. Executing OPT_DFF pass (perform DFF optimizations).

3.27.4. Executing OPT_CLEAN pass (remove unused cells and wires).
Finding unused cells or wires in module \dds_generator..
Removed 6 unused cells and 6 unused wires.
<suppressed ~7 debug messages>

3.27.5. Finished fast OPT passes.

3.28. Executing MEMORY_MAP pass (converting memories to logic and flip-flops).

3.29. Executing OPT pass (performing simple optimizations).

3.29.1. Executing OPT_EXPR pass (perform const folding).
Optimizing module dds_generator.

3.29.2. Executing OPT_MERGE pass (detect identical cells).
Finding identical cells in module `\dds_generator'.
Computing hashes of 13 cells of `\dds_generator'.
Finding duplicate cells in `\dds_generator'.
Removed a total of 0 cells.

3.29.3. Executing OPT_MUXTREE pass (detect dead branches in mux trees).
Running muxtree optimizer on module \dds_generator..
  Creating internal representation of mux trees.
  Evaluating internal representation of mux trees.
  Analyzing evaluation results.
Removed 0 multiplexer ports.
<suppressed ~5 debug messages>

3.29.4. Executing OPT_REDUCE pass (consolidate $*mux and $reduce_* inputs).
  Optimizing cells in module \dds_generator.
    Consolidated identical input bits for $mux cell $ternary$dds_generator.v:41$8:
      Old ports: A=8'11111111, B=8'00000000, Y=$ternary$dds_generator.v:41$8_Y
      New ports: A=1'1, B=1'0, Y=$ternary$dds_generator.v:41$8_Y [0]
      New connections: $ternary$dds_generator.v:41$8_Y [7:1] = { $ternary$dds_generator.v:41$8_Y [0] $ternary$dds_generator.v:41$8_Y [0] $ternary$dds_generator.v:41$8_Y [0] $ternary$dds_generator.v:41$8_Y [0] $ternary$dds_generator.v:41$8_Y [0] $ternary$dds_generator.v:41$8_Y [0] $ternary$dds_generator.v:41$8_Y [0] }
    Consolidated identical input bits for $mux cell $ternary$dds_generator.v:40$6:
      Old ports: A=8'00000000, B=8'11111111, Y=$ternary$dds_generator.v:40$6_Y
      New ports: A=1'0, B=1'1, Y=$ternary$dds_generator.v:40$6_Y [0]
      New connections: $ternary$dds_generator.v:40$6_Y [7:1] = { $ternary$dds_generator.v:40$6_Y [0] $ternary$dds_generator.v:40$6_Y [0] $ternary$dds_generator.v:40$6_Y [0] $ternary$dds_generator.v:40$6_Y [0] $ternary$dds_generator.v:40$6_Y [0] $ternary$dds_generator.v:40$6_Y [0] $ternary$dds_generator.v:40$6_Y [0] }
  Optimizing cells in module \dds_generator.
Performed a total of 2 changes.

3.29.5. Executing OPT_MERGE pass (detect identical cells).
Finding identical cells in module `\dds_generator'.
Computing hashes of 13 cells of `\dds_generator'.
Finding duplicate cells in `\dds_generator'.
Removed a total of 0 cells.

3.29.6. Executing OPT_DFF pass (perform DFF optimizations).

3.29.7. Executing OPT_CLEAN pass (remove unused cells and wires).
Finding unused cells or wires in module \dds_generator..

3.29.8. Executing OPT_EXPR pass (perform const folding).
Optimizing module dds_generator.

3.29.9. Rerunning OPT passes. (Maybe there is more to do..)

3.29.10. Executing OPT_MUXTREE pass (detect dead branches in mux trees).
Running muxtree optimizer on module \dds_generator..
  Creating internal representation of mux trees.
  Evaluating internal representation of mux trees.
  Analyzing evaluation results.
Removed 0 multiplexer ports.
<suppressed ~5 debug messages>

3.29.11. Executing OPT_REDUCE pass (consolidate $*mux and $reduce_* inputs).
  Optimizing cells in module \dds_generator.
Performed a total of 0 changes.

3.29.12. Executing OPT_MERGE pass (detect identical cells).
Finding identical cells in module `\dds_generator'.
Computing hashes of 13 cells of `\dds_generator'.
Finding duplicate cells in `\dds_generator'.
Removed a total of 0 cells.

3.29.13. Executing OPT_DFF pass (perform DFF optimizations).

3.29.14. Executing OPT_CLEAN pass (remove unused cells and wires).
Finding unused cells or wires in module \dds_generator..

3.29.15. Executing OPT_EXPR pass (perform const folding).
Optimizing module dds_generator.

3.29.16. Finished fast OPT passes. (There is nothing left to do.)

3.30. Executing ICE40_WRAPCARRY pass (wrap carries).

3.31. Executing TECHMAP pass (map to technology primitives).

3.31.1. Executing Verilog-2005 frontend: C:\OSS-CA~1\OSS-CA~1\bin\../share/yosys/techmap.v
Parsing Verilog input from `C:\OSS-CA~1\OSS-CA~1\bin\../share/yosys/techmap.v' to AST representation.
Generating RTLIL representation for module `\_90_simplemap_bool_ops'.
Generating RTLIL representation for module `\_90_simplemap_reduce_ops'.
Generating RTLIL representation for module `\_90_simplemap_logic_ops'.
Generating RTLIL representation for module `\_90_simplemap_compare_ops'.
Generating RTLIL representation for module `\_90_simplemap_various'.
Generating RTLIL representation for module `\_90_simplemap_registers'.
Generating RTLIL representation for module `\_90_shift_ops_shr_shl_sshl_sshr'.
Generating RTLIL representation for module `\_90_shift_shiftx'.
Generating RTLIL representation for module `\_90_fa'.
Generating RTLIL representation for module `\_90_lcu_brent_kung'.
Generating RTLIL representation for module `\_90_alu'.
Generating RTLIL representation for module `\_90_macc'.
Generating RTLIL representation for module `\_90_alumacc'.
Generating RTLIL representation for module `$__div_mod_u'.
Generating RTLIL representation for module `$__div_mod_trunc'.
Generating RTLIL representation for module `\_90_div'.
Generating RTLIL representation for module `\_90_mod'.
Generating RTLIL representation for module `$__div_mod_floor'.
Generating RTLIL representation for module `\_90_divfloor'.
Generating RTLIL representation for module `\_90_modfloor'.
Generating RTLIL representation for module `\_90_pow'.
Generating RTLIL representation for module `\_90_pmux'.
Generating RTLIL representation for module `\_90_demux'.
Generating RTLIL representation for module `\_90_lut'.
Generating RTLIL representation for module `$connect'.
Generating RTLIL representation for module `$input_port'.
Successfully finished Verilog frontend.

3.31.2. Executing Verilog-2005 frontend: C:\OSS-CA~1\OSS-CA~1\bin\../share/yosys/ice40/arith_map.v
Parsing Verilog input from `C:\OSS-CA~1\OSS-CA~1\bin\../share/yosys/ice40/arith_map.v' to AST representation.
Generating RTLIL representation for module `\_80_ice40_alu'.
Successfully finished Verilog frontend.

3.31.3. Continuing TECHMAP pass.
Using template $paramod$6df0329addda9228fcc2546de2aaf14ad26c98e1\_80_ice40_alu for cells of type $alu.
Using template $paramod$b8c0a997bce700f23568a5ada79cc6781d1f5ca0\_80_ice40_alu for cells of type $alu.
Using extmapper simplemap for cells of type $not.
Using extmapper simplemap for cells of type $mux.
Using extmapper simplemap for cells of type $eq.
Using template $paramod$645fe0cc96ae5edb83bff90cc2c78f4a20ca3e3c\_90_pmux for cells of type $pmux.
Using extmapper simplemap for cells of type $adff.
Using extmapper simplemap for cells of type $xor.
Using extmapper simplemap for cells of type $pos.
Using extmapper simplemap for cells of type $reduce_or.
Using extmapper simplemap for cells of type $and.
No more expansions possible.
<suppressed ~164 debug messages>

3.32. Executing OPT pass (performing simple optimizations).

3.32.1. Executing OPT_EXPR pass (perform const folding).
Optimizing module dds_generator.
<suppressed ~32 debug messages>

3.32.2. Executing OPT_MERGE pass (detect identical cells).
Finding identical cells in module `\dds_generator'.
Computing hashes of 155 cells of `\dds_generator'.
Finding duplicate cells in `\dds_generator'.
Computing hashes of 129 cells of `\dds_generator'.
Finding duplicate cells in `\dds_generator'.
Computing hashes of 122 cells of `\dds_generator'.
Finding duplicate cells in `\dds_generator'.
<suppressed ~99 debug messages>
Removed a total of 33 cells.

3.32.3. Executing OPT_DFF pass (perform DFF optimizations).

3.32.4. Executing OPT_CLEAN pass (remove unused cells and wires).
Finding unused cells or wires in module \dds_generator..
Removed 24 unused cells and 84 unused wires.
<suppressed ~25 debug messages>

3.32.5. Finished fast OPT passes.

3.33. Executing ICE40_OPT pass (performing simple optimizations).

3.33.1. Running ICE40 specific optimizations.
Optimized $__ICE40_CARRY_WRAPPER cell back to logic (without SB_CARRY) dds_generator.$auto$alumacc.cc:512:replace_alu$411.slice[0].carry: CO=\phase_acc [13]

3.33.2. Executing OPT_EXPR pass (perform const folding).
Optimizing module dds_generator.

3.33.3. Executing OPT_MERGE pass (detect identical cells).
Finding identical cells in module `\dds_generator'.
Computing hashes of 98 cells of `\dds_generator'.
Finding duplicate cells in `\dds_generator'.
Removed a total of 0 cells.

3.33.4. Executing OPT_DFF pass (perform DFF optimizations).

3.33.5. Executing OPT_CLEAN pass (remove unused cells and wires).
Finding unused cells or wires in module \dds_generator..
Removed 1 unused cells and 0 unused wires.
<suppressed ~1 debug messages>

3.33.6. Rerunning OPT passes. (Removed registers in this run.)

3.33.7. Running ICE40 specific optimizations.

3.33.8. Executing OPT_EXPR pass (perform const folding).
Optimizing module dds_generator.

3.33.9. Executing OPT_MERGE pass (detect identical cells).
Finding identical cells in module `\dds_generator'.
Computing hashes of 97 cells of `\dds_generator'.
Finding duplicate cells in `\dds_generator'.
Removed a total of 0 cells.

3.33.10. Executing OPT_DFF pass (perform DFF optimizations).

3.33.11. Executing OPT_CLEAN pass (remove unused cells and wires).
Finding unused cells or wires in module \dds_generator..

3.33.12. Finished OPT passes. (There is nothing left to do.)

3.34. Executing DFFLEGALIZE pass (convert FFs to types supported by the target).

3.35. Executing TECHMAP pass (map to technology primitives).

3.35.1. Executing Verilog-2005 frontend: C:\OSS-CA~1\OSS-CA~1\bin\../share/yosys/ice40/ff_map.v
Parsing Verilog input from `C:\OSS-CA~1\OSS-CA~1\bin\../share/yosys/ice40/ff_map.v' to AST representation.
Generating RTLIL representation for module `$_DFF_N_'.
Generating RTLIL representation for module `$_DFF_P_'.
Generating RTLIL representation for module `$_DFFE_NP_'.
Generating RTLIL representation for module `$_DFFE_PP_'.
Generating RTLIL representation for module `$_DFF_NP0_'.
Generating RTLIL representation for module `$_DFF_NP1_'.
Generating RTLIL representation for module `$_DFF_PP0_'.
Generating RTLIL representation for module `$_DFF_PP1_'.
Generating RTLIL representation for module `$_DFFE_NP0P_'.
Generating RTLIL representation for module `$_DFFE_NP1P_'.
Generating RTLIL representation for module `$_DFFE_PP0P_'.
Generating RTLIL representation for module `$_DFFE_PP1P_'.
Generating RTLIL representation for module `$_SDFF_NP0_'.
Generating RTLIL representation for module `$_SDFF_NP1_'.
Generating RTLIL representation for module `$_SDFF_PP0_'.
Generating RTLIL representation for module `$_SDFF_PP1_'.
Generating RTLIL representation for module `$_SDFFCE_NP0P_'.
Generating RTLIL representation for module `$_SDFFCE_NP1P_'.
Generating RTLIL representation for module `$_SDFFCE_PP0P_'.
Generating RTLIL representation for module `$_SDFFCE_PP1P_'.
Successfully finished Verilog frontend.

3.35.2. Continuing TECHMAP pass.
Using template $_DFF_PP0_ for cells of type $_DFF_PP0_.
No more expansions possible.
<suppressed ~47 debug messages>

3.36. Executing OPT_EXPR pass (perform const folding).
Optimizing module dds_generator.

3.37. Executing SIMPLEMAP pass (map simple cells to gate primitives).

3.38. Executing ICE40_OPT pass (performing simple optimizations).

3.38.1. Running ICE40 specific optimizations.

3.38.2. Executing OPT_EXPR pass (perform const folding).
Optimizing module dds_generator.

3.38.3. Executing OPT_MERGE pass (detect identical cells).
Finding identical cells in module `\dds_generator'.
Computing hashes of 122 cells of `\dds_generator'.
Finding duplicate cells in `\dds_generator'.
Computing hashes of 98 cells of `\dds_generator'.
Finding duplicate cells in `\dds_generator'.
<suppressed ~72 debug messages>
Removed a total of 24 cells.

3.38.4. Executing OPT_DFF pass (perform DFF optimizations).

3.38.5. Executing OPT_CLEAN pass (remove unused cells and wires).
Finding unused cells or wires in module \dds_generator..
Removed 0 unused cells and 149 unused wires.
<suppressed ~1 debug messages>

3.38.6. Rerunning OPT passes. (Removed registers in this run.)

3.38.7. Running ICE40 specific optimizations.

3.38.8. Executing OPT_EXPR pass (perform const folding).
Optimizing module dds_generator.

3.38.9. Executing OPT_MERGE pass (detect identical cells).
Finding identical cells in module `\dds_generator'.
Computing hashes of 98 cells of `\dds_generator'.
Finding duplicate cells in `\dds_generator'.
Removed a total of 0 cells.

3.38.10. Executing OPT_DFF pass (perform DFF optimizations).

3.38.11. Executing OPT_CLEAN pass (remove unused cells and wires).
Finding unused cells or wires in module \dds_generator..

3.38.12. Finished OPT passes. (There is nothing left to do.)

3.39. Executing TECHMAP pass (map to technology primitives).

3.39.1. Executing Verilog-2005 frontend: C:\OSS-CA~1\OSS-CA~1\bin\../share/yosys/ice40/latches_map.v
Parsing Verilog input from `C:\OSS-CA~1\OSS-CA~1\bin\../share/yosys/ice40/latches_map.v' to AST representation.
Generating RTLIL representation for module `$_DLATCH_N_'.
Generating RTLIL representation for module `$_DLATCH_P_'.
Successfully finished Verilog frontend.

3.39.2. Continuing TECHMAP pass.
No more expansions possible.
<suppressed ~4 debug messages>

3.40. Executing Verilog-2005 frontend: C:\OSS-CA~1\OSS-CA~1\bin\../share/yosys/ice40/abc9_model.v
Parsing Verilog input from `C:\OSS-CA~1\OSS-CA~1\bin\../share/yosys/ice40/abc9_model.v' to AST representation.
Generating RTLIL representation for module `$__ICE40_CARRY_WRAPPER'.
Successfully finished Verilog frontend.

3.41. Executing ABC9 pass.

3.41.1. Executing ABC9_OPS pass (helper functions for ABC9).

3.41.2. Executing ABC9_OPS pass (helper functions for ABC9).

3.41.3. Executing PROC pass (convert processes to netlists).

3.41.3.1. Executing PROC_CLEAN pass (remove empty switches from decision trees).
Cleaned up 0 empty switches.

3.41.3.2. Executing PROC_RMDEAD pass (remove dead branches from decision trees).
Marked 1 switch rules as full_case in process $proc$C:\OSS-CA~1\OSS-CA~1\bin\../share/yosys/ice40/cells_sim.v:406$184 in module SB_DFFR.
Removed a total of 0 dead cases.

3.41.3.3. Executing PROC_PRUNE pass (remove redundant assignments in processes).
Removed 1 redundant assignment.
Promoted 1 assignment to connection.

3.41.3.4. Executing PROC_INIT pass (extract init attributes).
Found init rule in `\SB_DFFR.$proc$C:\OSS-CA~1\OSS-CA~1\bin\../share/yosys/ice40/cells_sim.v:404$186'.
  Set init value: \Q = 1'0

3.41.3.5. Executing PROC_ARST pass (detect async resets in processes).
Found async reset \R in `\SB_DFFR.$proc$C:\OSS-CA~1\OSS-CA~1\bin\../share/yosys/ice40/cells_sim.v:406$184'.

3.41.3.6. Executing PROC_ROM pass (convert switches to ROMs).
Converted 0 switches.

3.41.3.7. Executing PROC_MUX pass (convert decision trees to multiplexers).
Creating decoders for process `\SB_DFFR.$proc$C:\OSS-CA~1\OSS-CA~1\bin\../share/yosys/ice40/cells_sim.v:404$186'.
Creating decoders for process `\SB_DFFR.$proc$C:\OSS-CA~1\OSS-CA~1\bin\../share/yosys/ice40/cells_sim.v:406$184'.
     1/1: $0\Q[0:0]

3.41.3.8. Executing PROC_DLATCH pass (convert process syncs to latches).

3.41.3.9. Executing PROC_DFF pass (convert process syncs to FFs).
Creating register for signal `\SB_DFFR.\Q' using process `\SB_DFFR.$proc$C:\OSS-CA~1\OSS-CA~1\bin\../share/yosys/ice40/cells_sim.v:406$184'.
  created $adff cell `$procdff$844' with positive edge clock and positive level reset.

3.41.3.10. Executing PROC_MEMWR pass (convert process memory writes to cells).

3.41.3.11. Executing PROC_CLEAN pass (remove empty switches from decision trees).
Removing empty process `SB_DFFR.$proc$C:\OSS-CA~1\OSS-CA~1\bin\../share/yosys/ice40/cells_sim.v:404$186'.
Removing empty process `SB_DFFR.$proc$C:\OSS-CA~1\OSS-CA~1\bin\../share/yosys/ice40/cells_sim.v:406$184'.
Cleaned up 0 empty switches.

3.41.4. Executing SCC pass (detecting logic loops).
Found 0 SCCs in module dds_generator.
Found 0 SCCs.

3.41.5. Executing ABC9_OPS pass (helper functions for ABC9).

3.41.6. Executing TECHMAP pass (map to technology primitives).

3.41.6.1. Executing Verilog-2005 frontend: C:\OSS-CA~1\OSS-CA~1\bin\../share/yosys/techmap.v
Parsing Verilog input from `C:\OSS-CA~1\OSS-CA~1\bin\../share/yosys/techmap.v' to AST representation.
Generating RTLIL representation for module `\_90_simplemap_bool_ops'.
Generating RTLIL representation for module `\_90_simplemap_reduce_ops'.
Generating RTLIL representation for module `\_90_simplemap_logic_ops'.
Generating RTLIL representation for module `\_90_simplemap_compare_ops'.
Generating RTLIL representation for module `\_90_simplemap_various'.
Generating RTLIL representation for module `\_90_simplemap_registers'.
Generating RTLIL representation for module `\_90_shift_ops_shr_shl_sshl_sshr'.
Generating RTLIL representation for module `\_90_shift_shiftx'.
Generating RTLIL representation for module `\_90_fa'.
Generating RTLIL representation for module `\_90_lcu_brent_kung'.
Generating RTLIL representation for module `\_90_alu'.
Generating RTLIL representation for module `\_90_macc'.
Generating RTLIL representation for module `\_90_alumacc'.
Generating RTLIL representation for module `$__div_mod_u'.
Generating RTLIL representation for module `$__div_mod_trunc'.
Generating RTLIL representation for module `\_90_div'.
Generating RTLIL representation for module `\_90_mod'.
Generating RTLIL representation for module `$__div_mod_floor'.
Generating RTLIL representation for module `\_90_divfloor'.
Generating RTLIL representation for module `\_90_modfloor'.
Generating RTLIL representation for module `\_90_pow'.
Generating RTLIL representation for module `\_90_pmux'.
Generating RTLIL representation for module `\_90_demux'.
Generating RTLIL representation for module `\_90_lut'.
Generating RTLIL representation for module `$connect'.
Generating RTLIL representation for module `$input_port'.
Successfully finished Verilog frontend.

3.41.6.2. Continuing TECHMAP pass.
No more expansions possible.
<suppressed ~131 debug messages>

3.41.7. Executing OPT pass (performing simple optimizations).

3.41.7.1. Executing OPT_EXPR pass (perform const folding).
Optimizing module SB_DFFR.

3.41.7.2. Executing OPT_MERGE pass (detect identical cells).
Finding identical cells in module `\SB_DFFR'.
Computing hashes of 2 cells of `\SB_DFFR'.
Finding duplicate cells in `\SB_DFFR'.
Removed a total of 0 cells.

3.41.7.3. Executing OPT_MUXTREE pass (detect dead branches in mux trees).
Running muxtree optimizer on module \SB_DFFR..
  Creating internal representation of mux trees.
  No muxes found in this module.
Removed 0 multiplexer ports.

3.41.7.4. Executing OPT_REDUCE pass (consolidate $*mux and $reduce_* inputs).
  Optimizing cells in module \SB_DFFR.
Performed a total of 0 changes.

3.41.7.5. Executing OPT_MERGE pass (detect identical cells).
Finding identical cells in module `\SB_DFFR'.
Computing hashes of 2 cells of `\SB_DFFR'.
Finding duplicate cells in `\SB_DFFR'.
Removed a total of 0 cells.

3.41.7.6. Executing OPT_DFF pass (perform DFF optimizations).

3.41.7.7. Executing OPT_CLEAN pass (remove unused cells and wires).
Finding unused cells or wires in module \SB_DFFR..

3.41.7.8. Executing OPT_EXPR pass (perform const folding).
Optimizing module SB_DFFR.

3.41.7.9. Finished fast OPT passes. (There is nothing left to do.)

3.41.8. Executing TECHMAP pass (map to technology primitives).

3.41.8.1. Executing Verilog-2005 frontend: C:\OSS-CA~1\OSS-CA~1\bin\../share/yosys/abc9_map.v
Parsing Verilog input from `C:\OSS-CA~1\OSS-CA~1\bin\../share/yosys/abc9_map.v' to AST representation.
Successfully finished Verilog frontend.

3.41.8.2. Continuing TECHMAP pass.
Using template SB_DFFR for cells of type SB_DFFR.
No more expansions possible.
<suppressed ~28 debug messages>

3.41.9. Executing Verilog-2005 frontend: C:\OSS-CA~1\OSS-CA~1\bin\../share/yosys/abc9_model.v
Parsing Verilog input from `C:\OSS-CA~1\OSS-CA~1\bin\../share/yosys/abc9_model.v' to AST representation.
Generating RTLIL representation for module `$__ABC9_DELAY'.
Generating RTLIL representation for module `$__ABC9_SCC_BREAKER'.
Generating RTLIL representation for module `$__DFF_N__$abc9_flop'.
Generating RTLIL representation for module `$__DFF_P__$abc9_flop'.
Successfully finished Verilog frontend.

3.41.10. Executing ABC9_OPS pass (helper functions for ABC9).
<suppressed ~2 debug messages>

3.41.11. Executing ABC9_OPS pass (helper functions for ABC9).

3.41.12. Executing ABC9_OPS pass (helper functions for ABC9).
<suppressed ~2 debug messages>

3.41.13. Executing TECHMAP pass (map to technology primitives).

3.41.13.1. Executing Verilog-2005 frontend: C:\OSS-CA~1\OSS-CA~1\bin\../share/yosys/techmap.v
Parsing Verilog input from `C:\OSS-CA~1\OSS-CA~1\bin\../share/yosys/techmap.v' to AST representation.
Generating RTLIL representation for module `\_90_simplemap_bool_ops'.
Generating RTLIL representation for module `\_90_simplemap_reduce_ops'.
Generating RTLIL representation for module `\_90_simplemap_logic_ops'.
Generating RTLIL representation for module `\_90_simplemap_compare_ops'.
Generating RTLIL representation for module `\_90_simplemap_various'.
Generating RTLIL representation for module `\_90_simplemap_registers'.
Generating RTLIL representation for module `\_90_shift_ops_shr_shl_sshl_sshr'.
Generating RTLIL representation for module `\_90_shift_shiftx'.
Generating RTLIL representation for module `\_90_fa'.
Generating RTLIL representation for module `\_90_lcu_brent_kung'.
Generating RTLIL representation for module `\_90_alu'.
Generating RTLIL representation for module `\_90_macc'.
Generating RTLIL representation for module `\_90_alumacc'.
Generating RTLIL representation for module `$__div_mod_u'.
Generating RTLIL representation for module `$__div_mod_trunc'.
Generating RTLIL representation for module `\_90_div'.
Generating RTLIL representation for module `\_90_mod'.
Generating RTLIL representation for module `$__div_mod_floor'.
Generating RTLIL representation for module `\_90_divfloor'.
Generating RTLIL representation for module `\_90_modfloor'.
Generating RTLIL representation for module `\_90_pow'.
Generating RTLIL representation for module `\_90_pmux'.
Generating RTLIL representation for module `\_90_demux'.
Generating RTLIL representation for module `\_90_lut'.
Generating RTLIL representation for module `$connect'.
Generating RTLIL representation for module `$input_port'.
Successfully finished Verilog frontend.

3.41.13.2. Continuing TECHMAP pass.
Using template $paramod$__ICE40_CARRY_WRAPPER\LUT=16'0110100110010110\I3_IS_CI=1'1 for cells of type $paramod$__ICE40_CARRY_WRAPPER\LUT=16'0110100110010110\I3_IS_CI=1'1.
Using template $paramod\SB_LUT4\LUT_INIT=16'0110100110010110 for cells of type SB_LUT4.
Using template SB_CARRY for cells of type SB_CARRY.
Using extmapper simplemap for cells of type $mux.
Using extmapper simplemap for cells of type $logic_and.
Using extmapper simplemap for cells of type $logic_or.
No more expansions possible.
<suppressed ~150 debug messages>

3.41.14. Executing OPT pass (performing simple optimizations).

3.41.14.1. Executing OPT_EXPR pass (perform const folding).
Optimizing module dds_generator.
<suppressed ~4 debug messages>

3.41.14.2. Executing OPT_MERGE pass (detect identical cells).
Finding identical cells in module `\dds_generator'.
Computing hashes of 30 cells of `\dds_generator'.
Finding duplicate cells in `\dds_generator'.
Computing hashes of 20 cells of `\dds_generator'.
Finding duplicate cells in `\dds_generator'.
Computing hashes of 18 cells of `\dds_generator'.
Finding duplicate cells in `\dds_generator'.
<suppressed ~29 debug messages>
Removed a total of 12 cells.

3.41.14.3. Executing OPT_MUXTREE pass (detect dead branches in mux trees).
Running muxtree optimizer on module \dds_generator..
  Creating internal representation of mux trees.
  No muxes found in this module.
Removed 0 multiplexer ports.

3.41.14.4. Executing OPT_REDUCE pass (consolidate $*mux and $reduce_* inputs).
  Optimizing cells in module \dds_generator.
Performed a total of 0 changes.

3.41.14.5. Executing OPT_MERGE pass (detect identical cells).
Finding identical cells in module `\dds_generator'.
Computing hashes of 18 cells of `\dds_generator'.
Finding duplicate cells in `\dds_generator'.
Removed a total of 0 cells.

3.41.14.6. Executing OPT_DFF pass (perform DFF optimizations).

3.41.14.7. Executing OPT_CLEAN pass (remove unused cells and wires).
Finding unused cells or wires in module \dds_generator..
Removed 0 unused cells and 24 unused wires.
<suppressed ~1 debug messages>

3.41.14.8. Executing OPT_EXPR pass (perform const folding).
Optimizing module dds_generator.

3.41.14.9. Rerunning OPT passes. (Maybe there is more to do..)

3.41.14.10. Executing OPT_MUXTREE pass (detect dead branches in mux trees).
Running muxtree optimizer on module \dds_generator..
  Creating internal representation of mux trees.
  No muxes found in this module.
Removed 0 multiplexer ports.

3.41.14.11. Executing OPT_REDUCE pass (consolidate $*mux and $reduce_* inputs).
  Optimizing cells in module \dds_generator.
Performed a total of 0 changes.

3.41.14.12. Executing OPT_MERGE pass (detect identical cells).
Finding identical cells in module `\dds_generator'.
Computing hashes of 18 cells of `\dds_generator'.
Finding duplicate cells in `\dds_generator'.
Removed a total of 0 cells.

3.41.14.13. Executing OPT_DFF pass (perform DFF optimizations).

3.41.14.14. Executing OPT_CLEAN pass (remove unused cells and wires).
Finding unused cells or wires in module \dds_generator..

3.41.14.15. Executing OPT_EXPR pass (perform const folding).
Optimizing module dds_generator.

3.41.14.16. Finished fast OPT passes. (There is nothing left to do.)

3.41.15. Executing AIGMAP pass (map logic to AIG).
Module dds_generator: replaced 7 cells with 43 new cells, skipped 11 cells.
  replaced 2 cell types:
       5 $_MUX_
       2 $_OR_
  not replaced 3 cell types:
       2 $_AND_
       1 $_NOT_
       8 $specify2

3.41.16. Executing AIGMAP pass (map logic to AIG).
Module dds_generator: replaced 30 cells with 168 new cells, skipped 93 cells.
  replaced 2 cell types:
      16 $_MUX_
      14 $_OR_
  not replaced 5 cell types:
      10 $_AND_
      15 $_NOT_
      25 SB_DFFR
      25 SB_DFFR_$abc9_byp
      18 $paramod$__ICE40_CARRY_WRAPPER\LUT=16'0110100110010110\I3_IS_CI=1'1

3.41.16.1. Executing ABC9_OPS pass (helper functions for ABC9).

3.41.16.2. Executing ABC9_OPS pass (helper functions for ABC9).

3.41.16.3. Executing XAIGER backend.
<suppressed ~36 debug messages>
Extracted 72 AND gates and 326 wires from module `dds_generator' to a netlist network with 45 inputs and 34 outputs.

3.41.16.4. Executing ABC9_EXE pass (technology mapping using ABC9).

3.41.16.5. Executing ABC9.
Running ABC command: "<yosys-exe-dir>/yosys-abc" -s -f <abc-temp-dir>/abc.script 2>&1
ABC: ======== ABC command line "source <abc-temp-dir>/abc.script"
ABC: + read_lut <abc-temp-dir>/input.lut 
ABC: + read_box <abc-temp-dir>/input.box 
ABC: + &read <abc-temp-dir>/input.xaig 
ABC: + &ps 
ABC: <abc-temp-dir>/input : i/o =     45/     34  and =      72  lev =    6 (   0.28)  mem = 0.01 MB  box = 43  bb = 25
ABC: Warning: AIG with boxes has internal fanout in 0 complex flops and 1 carries.
ABC: + &scorr 
ABC: Warning: The network is combinational.
ABC: + &sweep 
ABC: + &dc2 
ABC: + &dch -f -r 
ABC: + &ps 
ABC: <abc-temp-dir>/input : i/o =     45/     34  and =      97  lev =    5 (   0.23)  mem = 0.01 MB  ch =   17  box = 43  bb = 25
ABC: cst =       0  cls =      9  lit =      17  unused =     177  proof =     0
ABC: Warning: AIG with boxes has internal fanout in 0 complex flops and 1 carries.
ABC: + &if -W 250 -v 
ABC: K = 4. Memory (bytes): Truth =    0. Cut =   64. Obj =  144. Set =  672. CutMin = no
ABC: Node =      97.  Ch =     9.  Total mem =    0.06 MB. Peak cut mem =    0.01 MB.
ABC: P:  Del = 2910.00.  Ar =      25.0.  Edge =       85.  Cut =      649.  T =     0.00 sec
ABC: P:  Del = 2910.00.  Ar =      19.0.  Edge =       73.  Cut =      588.  T =     0.00 sec
ABC: P:  Del = 2910.00.  Ar =      18.0.  Edge =       68.  Cut =      599.  T =     0.00 sec
ABC: F:  Del = 2910.00.  Ar =      18.0.  Edge =       68.  Cut =      596.  T =     0.00 sec
ABC: A:  Del = 2910.00.  Ar =      18.0.  Edge =       68.  Cut =      598.  T =     0.00 sec
ABC: A:  Del = 2910.00.  Ar =      18.0.  Edge =       68.  Cut =      598.  T =     0.00 sec
ABC: Total time =     0.00 sec
ABC: + &write -n <abc-temp-dir>/output.aig 
ABC: + &mfs 
ABC: The network is not changed by "&mfs".
ABC: + &ps -l 
ABC: <abc-temp-dir>/input : i/o =     45/     34  and =      68  lev =    5 (   0.23)  mem = 0.01 MB  box = 43  bb = 25
ABC: Mapping (K=4)  :  lut =     18  edge =      68  lev =    2 (0.09)  levB =   17  mem = 0.00 MB
ABC: LUT = 18 : 2=2 11.1 %  3=0 0.0 %  4=16 88.9 %  Ave = 3.78
ABC: Warning: AIG with boxes has internal fanout in 0 complex flops and 1 carries.
ABC: + &write -n <abc-temp-dir>/output.aig 
ABC: + &verify 
ABC: Networks are equivalent.  Time =     0.01 sec
ABC: + time 
ABC: elapse: 0.02 seconds, total: 0.02 seconds

3.41.16.6. Executing AIGER frontend.
<suppressed ~169 debug messages>
Removed 98 unused cells and 403 unused wires.

3.41.16.7. Executing ABC9_OPS pass (helper functions for ABC9).
ABC RESULTS:              $lut cells:       19
ABC RESULTS:   \SB_DFFR_$abc9_byp cells:       25
ABC RESULTS:   $paramod$__ICE40_CARRY_WRAPPER\LUT=16'0110100110010110\I3_IS_CI=1'1 cells:       18
ABC RESULTS:           input signals:       29
ABC RESULTS:          output signals:        5
Removing temp directory.

3.41.17. Executing TECHMAP pass (map to technology primitives).

3.41.17.1. Executing Verilog-2005 frontend: C:\OSS-CA~1\OSS-CA~1\bin\../share/yosys/abc9_unmap.v
Parsing Verilog input from `C:\OSS-CA~1\OSS-CA~1\bin\../share/yosys/abc9_unmap.v' to AST representation.
Generating RTLIL representation for module `$__DFF_x__$abc9_flop'.
Generating RTLIL representation for module `$__ABC9_SCC_BREAKER'.
Successfully finished Verilog frontend.

3.41.17.2. Continuing TECHMAP pass.
Using template SB_DFFR_$abc9_byp for cells of type SB_DFFR_$abc9_byp.
Using template $paramod$__ICE40_CARRY_WRAPPER\LUT=16'0110100110010110\I3_IS_CI=1'1 for cells of type $paramod$__ICE40_CARRY_WRAPPER\LUT=16'0110100110010110\I3_IS_CI=1'1.
No more expansions possible.
<suppressed ~50 debug messages>

3.42. Executing ICE40_WRAPCARRY pass (wrap carries).

3.43. Executing TECHMAP pass (map to technology primitives).

3.43.1. Executing Verilog-2005 frontend: C:\OSS-CA~1\OSS-CA~1\bin\../share/yosys/ice40/ff_map.v
Parsing Verilog input from `C:\OSS-CA~1\OSS-CA~1\bin\../share/yosys/ice40/ff_map.v' to AST representation.
Generating RTLIL representation for module `$_DFF_N_'.
Generating RTLIL representation for module `$_DFF_P_'.
Generating RTLIL representation for module `$_DFFE_NP_'.
Generating RTLIL representation for module `$_DFFE_PP_'.
Generating RTLIL representation for module `$_DFF_NP0_'.
Generating RTLIL representation for module `$_DFF_NP1_'.
Generating RTLIL representation for module `$_DFF_PP0_'.
Generating RTLIL representation for module `$_DFF_PP1_'.
Generating RTLIL representation for module `$_DFFE_NP0P_'.
Generating RTLIL representation for module `$_DFFE_NP1P_'.
Generating RTLIL representation for module `$_DFFE_PP0P_'.
Generating RTLIL representation for module `$_DFFE_PP1P_'.
Generating RTLIL representation for module `$_SDFF_NP0_'.
Generating RTLIL representation for module `$_SDFF_NP1_'.
Generating RTLIL representation for module `$_SDFF_PP0_'.
Generating RTLIL representation for module `$_SDFF_PP1_'.
Generating RTLIL representation for module `$_SDFFCE_NP0P_'.
Generating RTLIL representation for module `$_SDFFCE_NP1P_'.
Generating RTLIL representation for module `$_SDFFCE_PP0P_'.
Generating RTLIL representation for module `$_SDFFCE_PP1P_'.
Successfully finished Verilog frontend.

3.43.2. Continuing TECHMAP pass.
No more expansions possible.
<suppressed ~22 debug messages>
Removed 11 unused cells and 639 unused wires.

3.44. Executing OPT_LUT pass (optimize LUTs).
Discovering LUTs.
Number of LUTs:       35
  1-LUT                1
  2-LUT                2
  3-LUT               16
  4-LUT               16
  with \SB_CARRY    (#0)   15
  with \SB_CARRY    (#1)   16

Eliminating LUTs.
Number of LUTs:       35
  1-LUT                1
  2-LUT                2
  3-LUT               16
  4-LUT               16
  with \SB_CARRY    (#0)   15
  with \SB_CARRY    (#1)   16

Combining LUTs.
Number of LUTs:       35
  1-LUT                1
  2-LUT                2
  3-LUT               16
  4-LUT               16
  with \SB_CARRY    (#0)   15
  with \SB_CARRY    (#1)   16

Eliminated 0 LUTs.
Combined 0 LUTs.
<suppressed ~171 debug messages>

3.45. Executing TECHMAP pass (map to technology primitives).

3.45.1. Executing Verilog-2005 frontend: C:\OSS-CA~1\OSS-CA~1\bin\../share/yosys/ice40/cells_map.v
Parsing Verilog input from `C:\OSS-CA~1\OSS-CA~1\bin\../share/yosys/ice40/cells_map.v' to AST representation.
Generating RTLIL representation for module `$lut'.
Successfully finished Verilog frontend.

3.45.2. Continuing TECHMAP pass.
Using template $paramod$fd904e9e35cfd343a9df248824bd3f1408724879$lut for cells of type $lut.
Using template $paramod$161491d8314cab9d5d32db4aa31f31f4ef4f6dc6$lut for cells of type $lut.
Using template $paramod$lut\WIDTH=32'00000000000000000000000000000010\LUT=4'0001 for cells of type $lut.
Using template $paramod$6842b8b2a2a38d0fdb35de972b4ce1a464745b17$lut for cells of type $lut.
Using template $paramod$722bfd9af0ae56ca9d1d12a221cb5ede16461f26$lut for cells of type $lut.
Using template $paramod$88f0794a6a7d0205ab638822d510d6c8df7db2c6$lut for cells of type $lut.
Using template $paramod$lut\WIDTH=32'00000000000000000000000000000010\LUT=4'1110 for cells of type $lut.
Using template $paramod$lut\WIDTH=32'00000000000000000000000000000001\LUT=2'01 for cells of type $lut.
No more expansions possible.
<suppressed ~142 debug messages>
Removed 0 unused cells and 72 unused wires.

3.46. Executing AUTONAME pass.
Renamed 121 objects in module dds_generator (20 iterations).
<suppressed ~121 debug messages>

3.47. Executing HIERARCHY pass (managing design hierarchy).
Attribute `top' found on module `dds_generator'. Setting top module to dds_generator.

3.47.1. Analyzing design hierarchy..
Top module:  \dds_generator

3.47.2. Analyzing design hierarchy..
Top module:  \dds_generator
Removed 0 unused modules.

3.48. Printing statistics.

=== dds_generator ===

        +----------Local Count, excluding submodules.
        | 
       52 wires
      171 wire bits
       52 public wires
      171 public wire bits
        6 ports
       29 port bits
       77 submodules
       17   SB_CARRY
       25   SB_DFFR
       35   SB_LUT4

=== design hierarchy ===

        +----------Count including submodules.
        | 
        - dds_generator

        +----------Count including submodules.
        | 
       52 wires
      171 wire bits
       52 public wires
      171 public wire bits
        6 ports
       29 port bits
        - memories
        - memory bits
        - processes
        - cells
       77 submodules
       17   SB_CARRY
       25   SB_DFFR
       35   SB_LUT4

3.49. Executing CHECK pass (checking for obvious problems).
Checking module dds_generator...
Found and reported 0 problems.

3.50. Executing JSON backend.

4. Printing statistics.

=== dds_generator ===

        +----------Local Count, excluding submodules.
        | 
       52 wires
      171 wire bits
       52 public wires
      171 public wire bits
        6 ports
       29 port bits
       77 cells
       17   SB_CARRY
       25   SB_DFFR
       35   SB_LUT4

End of script. Logfile hash: 773b3f74a8
Yosys 0.64+68 (git sha1 413169663-dirty, x86_64-w64-mingw32-g++ 13.2.1 -O3)
Time spent: 1% 25x opt_expr (0 sec), 1% 22x opt_clean (0 sec), ...

--- STDERR ---
